# ***Ebeam    Eprime  Theta     x        Q2      Sig_Born     Sig_Born_In  Sig_Born_QE  Sig_Rad      Sig_Rad_EL   Sig_Rad_QE   Sig_Rad_DIS  C_cor
    5.0140   2.8140  15.3076   0.2425   1.0011  0.18672E+03  0.18670E+03  0.25356E-01  0.19903E+03  0.38300E-01  0.52839E+01  0.19371E+03  0.10000E+01
    5.0140   2.8140  15.9455   0.2630   1.0858  0.15425E+03  0.15423E+03  0.24277E-01  0.16303E+03  0.24296E-01  0.40715E+01  0.15894E+03  0.10000E+01
    5.0140   2.8140  16.5595   0.2835   1.1704  0.12849E+03  0.12847E+03  0.23318E-01  0.13472E+03  0.15755E-01  0.31790E+01  0.13153E+03  0.10000E+01
    5.0140   2.8140  17.1521   0.3040   1.2550  0.10778E+03  0.10776E+03  0.22269E-01  0.11215E+03  0.10422E-01  0.25182E+01  0.10962E+03  0.10000E+01
    5.0140   2.8140  17.7255   0.3245   1.3397  0.91025E+02  0.91003E+02  0.21740E-01  0.94004E+02  0.69813E-02  0.20161E+01  0.91981E+02  0.10000E+01
    5.0140   2.8140  18.2815   0.3450   1.4243  0.77372E+02  0.77352E+02  0.20795E-01  0.79268E+02  0.47235E-02  0.16307E+01  0.77633E+02  0.10000E+01
    5.0140   2.8140  18.8216   0.3655   1.5089  0.65546E+02  0.65526E+02  0.19955E-01  0.66750E+02  0.32298E-02  0.13304E+01  0.65416E+02  0.10000E+01
    5.0140   2.8140  19.3472   0.3860   1.5936  0.55715E+02  0.55696E+02  0.19432E-01  0.56436E+02  0.22296E-02  0.10962E+01  0.55338E+02  0.10000E+01
    5.0140   2.8140  19.8594   0.4065   1.6782  0.47619E+02  0.47600E+02  0.18587E-01  0.47970E+02  0.15598E-02  0.90919E+00  0.47059E+02  0.10000E+01
    5.0140   2.8140  20.3592   0.4270   1.7628  0.41021E+02  0.41003E+02  0.18267E-01  0.41061E+02  0.11048E-02  0.76051E+00  0.40300E+02  0.10000E+01
    5.0140   2.8140  20.8475   0.4475   1.8475  0.35677E+02  0.35659E+02  0.17638E-01  0.35423E+02  0.79249E-03  0.64008E+00  0.34782E+02  0.10000E+01
    5.0140   2.8140  21.3251   0.4680   1.9321  0.31220E+02  0.31203E+02  0.17131E-01  0.30704E+02  0.57410E-03  0.54266E+00  0.30161E+02  0.10000E+01
    5.0140   2.8140  21.7927   0.4885   2.0167  0.27403E+02  0.27386E+02  0.16803E-01  0.26661E+02  0.41707E-03  0.46355E+00  0.26197E+02  0.10000E+01
    5.0140   2.8140  22.2510   0.5090   2.1013  0.23963E+02  0.23947E+02  0.16545E-01  0.23055E+02  0.30136E-03  0.39828E+00  0.22657E+02  0.10000E+01
    5.0140   2.8140  22.7005   0.5295   2.1860  0.20599E+02  0.20582E+02  0.16531E-01  0.19637E+02  0.21914E-03  0.34446E+00  0.19292E+02  0.10000E+01
    5.0140   2.8140  23.1417   0.5500   2.2706  0.17096E+02  0.17079E+02  0.16421E-01  0.16264E+02  0.16095E-03  0.30011E+00  0.15964E+02  0.10000E+01
    5.0140   2.5640  16.1978   0.2220   1.0206  0.14435E+03  0.14434E+03  0.11964E-01  0.15727E+03  0.46775E-01  0.45226E+01  0.15270E+03  0.10000E+01
    5.0140   2.5640  16.9345   0.2425   1.1149  0.11894E+03  0.11893E+03  0.11488E-01  0.12809E+03  0.28776E-01  0.33972E+01  0.12466E+03  0.10000E+01
    5.0140   2.5640  17.6412   0.2630   1.2091  0.98713E+02  0.98702E+02  0.10993E-01  0.10515E+03  0.18156E-01  0.26003E+01  0.10253E+03  0.10000E+01
    5.0140   2.5640  18.3215   0.2835   1.3034  0.81811E+02  0.81800E+02  0.10503E-01  0.86454E+02  0.11720E-01  0.20158E+01  0.84427E+02  0.10000E+01
    5.0140   2.5640  18.9783   0.3040   1.3976  0.68178E+02  0.68168E+02  0.10121E-01  0.71544E+02  0.76929E-02  0.15864E+01  0.69950E+02  0.10000E+01
    5.0140   2.5640  19.6139   0.3245   1.4919  0.57234E+02  0.57224E+02  0.97028E-02  0.59636E+02  0.51109E-02  0.12600E+01  0.58370E+02  0.10000E+01
    5.0140   2.5640  20.2303   0.3450   1.5862  0.48315E+02  0.48306E+02  0.93182E-02  0.49993E+02  0.34306E-02  0.10111E+01  0.48978E+02  0.10000E+01
    5.0140   2.5640  20.8291   0.3655   1.6804  0.41012E+02  0.41003E+02  0.89126E-02  0.42134E+02  0.23278E-02  0.81846E+00  0.41313E+02  0.10000E+01
    5.0140   2.5640  21.4120   0.3860   1.7746  0.34959E+02  0.34950E+02  0.86577E-02  0.35641E+02  0.15967E-02  0.66763E+00  0.34972E+02  0.10000E+01
    5.0140   2.5640  21.9801   0.4065   1.8689  0.29559E+02  0.29551E+02  0.83155E-02  0.29993E+02  0.11085E-02  0.54926E+00  0.29443E+02  0.10000E+01
    5.0140   2.5640  22.5346   0.4270   1.9631  0.25128E+02  0.25120E+02  0.81218E-02  0.25374E+02  0.77948E-03  0.45482E+00  0.24919E+02  0.10000E+01
    5.0140   2.5640  23.0765   0.4475   2.0574  0.21477E+02  0.21469E+02  0.77974E-02  0.21569E+02  0.55443E-03  0.37946E+00  0.21189E+02  0.10000E+01
    5.0140   2.5640  23.6065   0.4680   2.1516  0.18396E+02  0.18389E+02  0.75973E-02  0.18384E+02  0.39725E-03  0.31804E+00  0.18065E+02  0.10000E+01
    5.0140   2.5640  24.1256   0.4885   2.2459  0.15902E+02  0.15895E+02  0.74798E-02  0.15787E+02  0.28360E-03  0.26863E+00  0.15518E+02  0.10000E+01
    5.0140   2.5640  24.6344   0.5090   2.3401  0.13871E+02  0.13864E+02  0.73112E-02  0.13654E+02  0.20302E-03  0.22837E+00  0.13426E+02  0.10000E+01
    5.0140   2.5640  25.1336   0.5295   2.4344  0.12190E+02  0.12183E+02  0.72680E-02  0.11870E+02  0.14648E-03  0.19532E+00  0.11674E+02  0.10000E+01
    5.0140   2.5640  25.6236   0.5500   2.5286  0.10669E+02  0.10662E+02  0.72242E-02  0.10265E+02  0.10687E-03  0.16798E+00  0.10097E+02  0.10000E+01
    5.0140   2.3540  16.7857   0.2015   1.0058  0.12395E+03  0.12394E+03  0.66424E-02  0.13793E+03  0.64294E-01  0.44949E+01  0.13337E+03  0.10000E+01
    5.0140   2.3540  17.6253   0.2220   1.1081  0.10042E+03  0.10041E+03  0.64177E-02  0.11046E+03  0.38371E-01  0.33072E+01  0.10712E+03  0.10000E+01
    5.0140   2.3540  18.4279   0.2425   1.2105  0.82240E+02  0.82234E+02  0.61415E-02  0.89511E+02  0.23526E-01  0.24771E+01  0.87010E+02  0.10000E+01
    5.0140   2.3540  19.1981   0.2630   1.3128  0.68019E+02  0.68013E+02  0.58429E-02  0.73290E+02  0.14783E-01  0.18851E+01  0.71390E+02  0.10000E+01
    5.0140   2.3540  19.9396   0.2835   1.4151  0.56810E+02  0.56804E+02  0.55757E-02  0.60588E+02  0.94968E-02  0.14582E+01  0.59121E+02  0.10000E+01
    5.0140   2.3540  20.6556   0.3040   1.5174  0.47550E+02  0.47545E+02  0.53270E-02  0.50241E+02  0.61996E-02  0.11383E+01  0.49097E+02  0.10000E+01
    5.0140   2.3540  21.3486   0.3245   1.6198  0.39681E+02  0.39676E+02  0.51622E-02  0.41652E+02  0.40966E-02  0.89982E+00  0.40748E+02  0.10000E+01
    5.0140   2.3540  22.0208   0.3450   1.7221  0.33312E+02  0.33307E+02  0.49500E-02  0.34743E+02  0.27353E-02  0.71685E+00  0.34023E+02  0.10000E+01
    5.0140   2.3540  22.6740   0.3655   1.8244  0.28128E+02  0.28123E+02  0.47437E-02  0.29144E+02  0.18458E-02  0.57750E+00  0.28565E+02  0.10000E+01
    5.0140   2.3540  23.3099   0.3860   1.9268  0.23865E+02  0.23860E+02  0.45938E-02  0.24561E+02  0.12590E-02  0.46780E+00  0.24092E+02  0.10000E+01
    5.0140   2.3540  23.9298   0.4065   2.0291  0.20355E+02  0.20351E+02  0.43960E-02  0.20792E+02  0.86959E-03  0.38214E+00  0.20409E+02  0.10000E+01
    5.0140   2.3540  24.5349   0.4270   2.1314  0.17247E+02  0.17242E+02  0.42220E-02  0.17517E+02  0.60778E-03  0.31390E+00  0.17203E+02  0.10000E+01
    5.0140   2.3540  25.1263   0.4475   2.2337  0.14582E+02  0.14578E+02  0.41359E-02  0.14754E+02  0.42967E-03  0.25989E+00  0.14493E+02  0.10000E+01
    5.0140   2.3540  25.7050   0.4680   2.3361  0.12442E+02  0.12438E+02  0.39795E-02  0.12520E+02  0.30577E-03  0.21617E+00  0.12303E+02  0.10000E+01
    5.0140   2.3540  26.2718   0.4885   2.4384  0.10612E+02  0.10608E+02  0.38830E-02  0.10628E+02  0.21654E-03  0.18093E+00  0.10447E+02  0.10000E+01
    5.0140   2.3540  26.8275   0.5090   2.5407  0.90958E+01  0.90920E+01  0.38295E-02  0.90625E+01  0.15411E-03  0.15240E+00  0.89100E+01  0.10000E+01
    5.0140   2.3540  27.3727   0.5295   2.6430  0.78675E+01  0.78638E+01  0.37626E-02  0.77852E+01  0.11062E-03  0.12915E+00  0.76559E+01  0.10000E+01
    5.0140   2.3540  27.9081   0.5500   2.7454  0.68763E+01  0.68726E+01  0.37562E-02  0.67387E+01  0.80300E-04  0.11005E+00  0.66285E+01  0.10000E+01
    5.0140   2.1940  17.9111   0.2015   1.0663  0.95118E+02  0.95113E+02  0.42221E-02  0.10670E+03  0.56521E-01  0.36514E+01  0.10299E+03  0.10000E+01
    5.0140   2.1940  18.8081   0.2220   1.1748  0.76972E+02  0.76968E+02  0.40438E-02  0.85325E+02  0.33661E-01  0.26856E+01  0.82606E+02  0.10000E+01
    5.0140   2.1940  19.6655   0.2425   1.2833  0.62917E+02  0.62914E+02  0.38675E-02  0.68998E+02  0.20576E-01  0.20086E+01  0.66969E+02  0.10000E+01
    5.0140   2.1940  20.4885   0.2630   1.3918  0.51875E+02  0.51871E+02  0.37242E-02  0.56333E+02  0.12890E-01  0.15242E+01  0.54796E+02  0.10000E+01
    5.0140   2.1940  21.2810   0.2835   1.5002  0.43114E+02  0.43111E+02  0.35713E-02  0.46380E+02  0.82479E-02  0.11696E+01  0.45202E+02  0.10000E+01
    5.0140   2.1940  22.0463   0.3040   1.6087  0.36132E+02  0.36129E+02  0.34001E-02  0.38505E+02  0.53655E-02  0.91460E+00  0.37585E+02  0.10000E+01
    5.0140   2.1940  22.7871   0.3245   1.7172  0.30392E+02  0.30389E+02  0.32414E-02  0.32086E+02  0.35335E-02  0.71801E+00  0.31364E+02  0.10000E+01
    5.0140   2.1940  23.5058   0.3450   1.8257  0.25429E+02  0.25426E+02  0.31212E-02  0.26676E+02  0.23514E-02  0.57127E+00  0.26102E+02  0.10000E+01
    5.0140   2.1940  24.2044   0.3655   1.9342  0.21372E+02  0.21369E+02  0.29843E-02  0.22286E+02  0.15811E-02  0.45804E+00  0.21826E+02  0.10000E+01
    5.0140   2.1940  24.8844   0.3860   2.0426  0.18062E+02  0.18059E+02  0.28461E-02  0.18715E+02  0.10750E-02  0.36972E+00  0.18344E+02  0.10000E+01
    5.0140   2.1940  25.5476   0.4065   2.1511  0.15334E+02  0.15331E+02  0.27414E-02  0.15784E+02  0.73924E-03  0.30063E+00  0.15483E+02  0.10000E+01
    5.0140   2.1940  26.1950   0.4270   2.2596  0.13081E+02  0.13078E+02  0.26629E-02  0.13364E+02  0.51464E-03  0.24576E+00  0.13117E+02  0.10000E+01
    5.0140   2.1940  26.8279   0.4475   2.3681  0.11054E+02  0.11052E+02  0.25670E-02  0.11237E+02  0.36232E-03  0.20204E+00  0.11034E+02  0.10000E+01
    5.0140   2.1940  27.4473   0.4680   2.4766  0.93403E+01  0.93378E+01  0.24794E-02  0.94580E+01  0.25670E-03  0.16712E+00  0.92906E+01  0.10000E+01
    5.0140   2.1940  28.0540   0.4885   2.5851  0.79601E+01  0.79577E+01  0.24294E-02  0.80173E+01  0.18125E-03  0.13900E+00  0.78781E+01  0.10000E+01
    5.0140   2.1940  28.6489   0.5090   2.6935  0.67824E+01  0.67800E+01  0.23725E-02  0.67975E+01  0.12856E-03  0.11640E+00  0.66809E+01  0.10000E+01
    5.0140   2.1940  29.2327   0.5295   2.8020  0.57921E+01  0.57897E+01  0.23612E-02  0.57777E+01  0.91991E-04  0.97773E-01  0.56798E+01  0.10000E+01
    5.0140   2.1940  29.8061   0.5500   2.9105  0.49986E+01  0.49963E+01  0.23280E-02  0.49521E+01  0.66538E-04  0.82822E-01  0.48692E+01  0.10000E+01
    5.0140   2.0540  17.9753   0.1810   1.0054  0.94692E+02  0.94689E+02  0.30127E-02  0.10862E+03  0.89041E-01  0.43523E+01  0.10418E+03  0.10000E+01
    5.0140   2.0540  18.9749   0.2015   1.1192  0.75686E+02  0.75683E+02  0.28666E-02  0.85610E+02  0.51141E-01  0.31154E+01  0.82443E+02  0.10000E+01
    5.0140   2.0540  19.9261   0.2220   1.2331  0.61233E+02  0.61230E+02  0.27721E-02  0.68404E+02  0.30405E-01  0.22824E+01  0.66091E+02  0.10000E+01
    5.0140   2.0540  20.8356   0.2425   1.3470  0.50024E+02  0.50022E+02  0.26445E-02  0.55262E+02  0.18529E-01  0.17026E+01  0.53541E+02  0.10000E+01
    5.0140   2.0540  21.7087   0.2630   1.4608  0.41196E+02  0.41194E+02  0.25194E-02  0.45055E+02  0.11578E-01  0.12914E+01  0.43752E+02  0.10000E+01
    5.0140   2.0540  22.5496   0.2835   1.5747  0.34166E+02  0.34164E+02  0.23947E-02  0.37019E+02  0.73813E-02  0.99162E+00  0.36020E+02  0.10000E+01
    5.0140   2.0540  23.3617   0.3040   1.6886  0.28524E+02  0.28522E+02  0.22735E-02  0.30635E+02  0.47895E-02  0.77234E+00  0.29858E+02  0.10000E+01
    5.0140   2.0540  24.1480   0.3245   1.8025  0.23990E+02  0.23988E+02  0.21944E-02  0.25530E+02  0.31460E-02  0.60614E+00  0.24921E+02  0.10000E+01
    5.0140   2.0540  24.9110   0.3450   1.9163  0.20220E+02  0.20218E+02  0.20924E-02  0.21328E+02  0.20884E-02  0.47854E+00  0.20847E+02  0.10000E+01
    5.0140   2.0540  25.6526   0.3655   2.0302  0.16944E+02  0.16942E+02  0.20018E-02  0.17766E+02  0.14007E-02  0.38288E+00  0.17382E+02  0.10000E+01
    5.0140   2.0540  26.3748   0.3860   2.1441  0.14264E+02  0.14262E+02  0.19312E-02  0.14867E+02  0.94884E-03  0.30744E+00  0.14559E+02  0.10000E+01
    5.0140   2.0540  27.0791   0.4065   2.2579  0.12067E+02  0.12065E+02  0.18568E-02  0.12500E+02  0.65066E-03  0.24922E+00  0.12250E+02  0.10000E+01
    5.0140   2.0540  27.7669   0.4270   2.3718  0.10253E+02  0.10252E+02  0.17774E-02  0.10551E+02  0.45138E-03  0.20317E+00  0.10347E+02  0.10000E+01
    5.0140   2.0540  28.4393   0.4475   2.4857  0.87364E+01  0.87347E+01  0.17067E-02  0.89230E+01  0.31669E-03  0.16602E+00  0.87566E+01  0.10000E+01
    5.0140   2.0540  29.0975   0.4680   2.5995  0.73523E+01  0.73506E+01  0.16692E-02  0.74803E+01  0.22381E-03  0.13667E+00  0.73434E+01  0.10000E+01
    5.0140   2.0540  29.7423   0.4885   2.7134  0.62185E+01  0.62169E+01  0.16222E-02  0.63008E+01  0.15792E-03  0.11332E+00  0.61873E+01  0.10000E+01
    5.0140   2.0540  30.3747   0.5090   2.8273  0.52986E+01  0.52970E+01  0.15941E-02  0.53389E+01  0.11176E-03  0.94320E-01  0.52444E+01  0.10000E+01
    5.0140   2.0540  30.9954   0.5295   2.9411  0.45034E+01  0.45018E+01  0.15683E-02  0.45164E+01  0.79775E-04  0.78805E-01  0.44375E+01  0.10000E+01
    5.0140   2.0540  31.6050   0.5500   3.0550  0.38454E+01  0.38438E+01  0.15454E-02  0.38371E+01  0.57540E-04  0.66199E-01  0.37708E+01  0.10000E+01
    5.0140   2.0140  18.2777   0.1810   1.0190  0.88736E+02  0.88733E+02  0.27165E-02  0.10207E+03  0.86768E-01  0.41706E+01  0.97809E+02  0.10000E+01
    5.0140   2.0140  19.2944   0.2015   1.1344  0.70925E+02  0.70922E+02  0.26208E-02  0.80412E+02  0.49815E-01  0.29855E+01  0.77377E+02  0.10000E+01
    5.0140   2.0140  20.2620   0.2220   1.2498  0.57381E+02  0.57379E+02  0.24942E-02  0.64260E+02  0.29596E-01  0.21890E+01  0.62042E+02  0.10000E+01
    5.0140   2.0140  21.1872   0.2425   1.3652  0.46874E+02  0.46872E+02  0.23599E-02  0.51903E+02  0.18020E-01  0.16317E+01  0.50253E+02  0.10000E+01
    5.0140   2.0140  22.0754   0.2630   1.4806  0.38596E+02  0.38594E+02  0.22474E-02  0.42304E+02  0.11251E-01  0.12366E+01  0.41056E+02  0.10000E+01
    5.0140   2.0140  22.9308   0.2835   1.5960  0.31999E+02  0.31997E+02  0.21336E-02  0.34744E+02  0.71659E-02  0.94846E+00  0.33789E+02  0.10000E+01
    5.0140   2.0140  23.7571   0.3040   1.7114  0.26697E+02  0.26695E+02  0.20541E-02  0.28734E+02  0.46460E-02  0.73824E+00  0.27992E+02  0.10000E+01
    5.0140   2.0140  24.5571   0.3245   1.8268  0.22428E+02  0.22426E+02  0.19533E-02  0.23924E+02  0.30497E-02  0.57891E+00  0.23342E+02  0.10000E+01
    5.0140   2.0140  25.3334   0.3450   1.9422  0.18929E+02  0.18927E+02  0.18635E-02  0.20007E+02  0.20233E-02  0.45730E+00  0.19547E+02  0.10000E+01
    5.0140   2.0140  26.0881   0.3655   2.0576  0.15878E+02  0.15876E+02  0.17823E-02  0.16673E+02  0.13561E-02  0.36419E+00  0.16308E+02  0.10000E+01
    5.0140   2.0140  26.8230   0.3860   2.1730  0.13348E+02  0.13347E+02  0.17293E-02  0.13938E+02  0.91778E-03  0.29347E+00  0.13643E+02  0.10000E+01
    5.0140   2.0140  27.5397   0.4065   2.2884  0.11282E+02  0.11280E+02  0.16509E-02  0.11708E+02  0.62888E-03  0.23736E+00  0.11470E+02  0.10000E+01
    5.0140   2.0140  28.2396   0.4270   2.4038  0.95756E+01  0.95740E+01  0.15900E-02  0.98731E+01  0.43583E-03  0.19322E+00  0.96795E+01  0.10000E+01
    5.0140   2.0140  28.9240   0.4475   2.5193  0.81623E+01  0.81608E+01  0.15471E-02  0.83528E+01  0.30552E-03  0.15791E+00  0.81946E+01  0.10000E+01
    5.0140   2.0140  29.5939   0.4680   2.6347  0.68771E+01  0.68756E+01  0.14913E-02  0.70063E+01  0.21577E-03  0.12973E+00  0.68763E+01  0.10000E+01
    5.0140   2.0140  30.2502   0.4885   2.7501  0.58047E+01  0.58032E+01  0.14491E-02  0.58909E+01  0.15228E-03  0.10723E+00  0.57836E+01  0.10000E+01
    5.0140   2.0140  30.8939   0.5090   2.8655  0.49369E+01  0.49355E+01  0.14234E-02  0.49840E+01  0.10770E-03  0.89217E-01  0.48947E+01  0.10000E+01
    5.0140   2.0140  31.5258   0.5295   2.9809  0.42005E+01  0.41991E+01  0.13987E-02  0.42185E+01  0.76834E-04  0.74415E-01  0.41440E+01  0.10000E+01
    5.0140   2.0140  32.1464   0.5500   3.0963  0.35737E+01  0.35723E+01  0.13779E-02  0.35730E+01  0.55374E-04  0.62366E-01  0.35106E+01  0.10000E+01
    5.0140   1.8440  19.6484   0.1810   1.0767  0.67359E+02  0.67357E+02  0.17476E-02  0.78501E+02  0.78540E-01  0.35314E+01  0.74891E+02  0.10000E+01
    5.0140   1.8440  20.7429   0.2015   1.1986  0.53844E+02  0.53842E+02  0.16541E-02  0.61816E+02  0.45035E-01  0.25271E+01  0.59244E+02  0.10000E+01
    5.0140   1.8440  21.7848   0.2220   1.3206  0.43569E+02  0.43567E+02  0.15647E-02  0.49347E+02  0.26661E-01  0.18521E+01  0.47468E+02  0.10000E+01
    5.0140   1.8440  22.7813   0.2425   1.4425  0.35595E+02  0.35594E+02  0.15113E-02  0.39849E+02  0.16180E-01  0.13819E+01  0.38451E+02  0.10000E+01
    5.0140   1.8440  23.7382   0.2630   1.5645  0.29305E+02  0.29304E+02  0.14246E-02  0.32454E+02  0.10065E-01  0.10447E+01  0.31399E+02  0.10000E+01
    5.0140   1.8440  24.6600   0.2835   1.6864  0.24279E+02  0.24278E+02  0.13568E-02  0.26625E+02  0.63803E-02  0.80084E+00  0.25818E+02  0.10000E+01
    5.0140   1.8440  25.5505   0.3040   1.8084  0.20223E+02  0.20222E+02  0.12859E-02  0.21979E+02  0.41251E-02  0.62170E+00  0.21353E+02  0.10000E+01
    5.0140   1.8440  26.4130   0.3245   1.9303  0.16932E+02  0.16930E+02  0.12304E-02  0.18245E+02  0.27017E-02  0.48580E+00  0.17756E+02  0.10000E+01
    5.0140   1.8440  27.2502   0.3450   2.0523  0.14255E+02  0.14254E+02  0.11869E-02  0.15229E+02  0.17880E-02  0.38343E+00  0.14844E+02  0.10000E+01
    5.0140   1.8440  28.0642   0.3655   2.1742  0.12055E+02  0.12054E+02  0.11330E-02  0.12763E+02  0.11955E-02  0.30477E+00  0.12457E+02  0.10000E+01
    5.0140   1.8440  28.8571   0.3860   2.2962  0.10122E+02  0.10121E+02  0.10748E-02  0.10649E+02  0.80659E-03  0.24377E+00  0.10404E+02  0.10000E+01
    5.0140   1.8440  29.6305   0.4065   2.4181  0.85157E+01  0.85147E+01  0.10306E-02  0.89090E+01  0.55071E-03  0.19650E+00  0.87119E+01  0.10000E+01
    5.0140   1.8440  30.3860   0.4270   2.5401  0.71978E+01  0.71968E+01  0.99709E-03  0.74848E+01  0.38003E-03  0.15911E+00  0.73253E+01  0.10000E+01
    5.0140   1.8440  31.1249   0.4475   2.6620  0.61093E+01  0.61083E+01  0.95989E-03  0.63114E+01  0.26549E-03  0.12962E+00  0.61815E+01  0.10000E+01
    5.0140   1.8440  31.8484   0.4680   2.7840  0.51949E+01  0.51940E+01  0.92707E-03  0.53275E+01  0.18703E-03  0.10592E+00  0.52214E+01  0.10000E+01
    5.0140   1.8440  32.5574   0.4885   2.9059  0.43614E+01  0.43605E+01  0.91015E-03  0.44563E+01  0.13241E-03  0.87103E-01  0.43691E+01  0.10000E+01
    5.0140   1.8440  33.2529   0.5090   3.0278  0.36812E+01  0.36803E+01  0.88009E-03  0.37458E+01  0.93490E-04  0.72022E-01  0.36737E+01  0.10000E+01
    5.0140   1.8440  33.9358   0.5295   3.1498  0.31252E+01  0.31243E+01  0.86211E-03  0.31632E+01  0.66555E-04  0.59799E-01  0.31034E+01  0.10000E+01
    5.0140   1.8440  34.6068   0.5500   3.2717  0.26530E+01  0.26522E+01  0.85968E-03  0.26712E+01  0.47707E-04  0.49728E-01  0.26214E+01  0.10000E+01
    5.0140   1.7440  20.5293   0.1810   1.1107  0.57265E+02  0.57263E+02  0.13498E-02  0.67337E+02  0.74651E-01  0.32395E+01  0.64023E+02  0.10000E+01
    5.0140   1.7440  21.6741   0.2015   1.2365  0.45780E+02  0.45779E+02  0.12741E-02  0.53007E+02  0.42765E-01  0.23217E+01  0.50643E+02  0.10000E+01
    5.0140   1.7440  22.7639   0.2220   1.3623  0.37050E+02  0.37049E+02  0.12127E-02  0.42311E+02  0.25266E-01  0.17010E+01  0.40585E+02  0.10000E+01
    5.0140   1.7440  23.8064   0.2425   1.4880  0.30276E+02  0.30275E+02  0.11510E-02  0.34145E+02  0.15314E-01  0.12627E+01  0.32867E+02  0.10000E+01
    5.0140   1.7440  24.8076   0.2630   1.6138  0.24930E+02  0.24929E+02  0.10920E-02  0.27806E+02  0.95003E-02  0.95818E+00  0.26838E+02  0.10000E+01
    5.0140   1.7440  25.7724   0.2835   1.7396  0.20654E+02  0.20653E+02  0.10391E-02  0.22802E+02  0.60102E-02  0.73338E+00  0.22062E+02  0.10000E+01
    5.0140   1.7440  26.7045   0.3040   1.8654  0.17199E+02  0.17198E+02  0.98445E-03  0.18813E+02  0.38756E-02  0.56913E+00  0.18240E+02  0.10000E+01
    5.0140   1.7440  27.6075   0.3245   1.9912  0.14386E+02  0.14385E+02  0.94671E-03  0.15600E+02  0.25338E-02  0.44473E+00  0.15152E+02  0.10000E+01
    5.0140   1.7440  28.4840   0.3450   2.1170  0.12089E+02  0.12088E+02  0.89934E-03  0.13000E+02  0.16765E-02  0.35076E+00  0.12648E+02  0.10000E+01
    5.0140   1.7440  29.3365   0.3655   2.2428  0.10217E+02  0.10216E+02  0.85778E-03  0.10890E+02  0.11197E-02  0.27821E+00  0.10611E+02  0.10000E+01
    5.0140   1.7440  30.1670   0.3860   2.3686  0.86218E+01  0.86209E+01  0.82360E-03  0.91168E+01  0.75465E-03  0.22244E+00  0.88936E+01  0.10000E+01
    5.0140   1.7440  30.9772   0.4065   2.4944  0.72371E+01  0.72364E+01  0.79407E-03  0.76116E+01  0.51411E-03  0.17913E+00  0.74320E+01  0.10000E+01
    5.0140   1.7440  31.7689   0.4270   2.6202  0.61031E+01  0.61023E+01  0.75685E-03  0.63806E+01  0.35398E-03  0.14457E+00  0.62356E+01  0.10000E+01
    5.0140   1.7440  32.5432   0.4475   2.7460  0.51665E+01  0.51658E+01  0.72949E-03  0.53678E+01  0.24676E-03  0.11727E+00  0.52503E+01  0.10000E+01
    5.0140   1.7440  33.3015   0.4680   2.8718  0.43940E+01  0.43932E+01  0.71250E-03  0.45319E+01  0.17362E-03  0.95840E-01  0.44359E+01  0.10000E+01
    5.0140   1.7440  34.0447   0.4885   2.9976  0.37002E+01  0.36995E+01  0.68872E-03  0.37971E+01  0.12295E-03  0.78442E-01  0.37185E+01  0.10000E+01
    5.0140   1.7440  34.7740   0.5090   3.1234  0.31105E+01  0.31098E+01  0.67041E-03  0.31798E+01  0.87037E-04  0.64577E-01  0.31152E+01  0.10000E+01
    5.0140   1.7440  35.4902   0.5295   3.2492  0.26297E+01  0.26290E+01  0.66036E-03  0.26758E+01  0.61933E-04  0.53384E-01  0.26223E+01  0.10000E+01
    5.0140   1.7440  36.1940   0.5500   3.3750  0.22338E+01  0.22332E+01  0.65245E-03  0.22597E+01  0.44429E-04  0.44339E-01  0.22153E+01  0.10000E+01
    5.0140   1.6440  20.2099   0.1605   1.0150  0.61796E+02  0.61795E+02  0.10987E-02  0.74759E+02  0.13025E+00  0.43034E+01  0.70325E+02  0.10000E+01
    5.0140   1.6440  21.4762   0.1810   1.1446  0.48648E+02  0.48647E+02  0.10528E-02  0.57781E+02  0.71375E-01  0.29986E+01  0.54711E+02  0.10000E+01
    5.0140   1.6440  22.6751   0.2015   1.2743  0.38899E+02  0.38898E+02  0.99106E-03  0.45469E+02  0.40870E-01  0.21491E+01  0.43279E+02  0.10000E+01
    5.0140   1.6440  23.8167   0.2220   1.4039  0.31487E+02  0.31486E+02  0.93338E-03  0.36282E+02  0.24087E-01  0.15735E+01  0.34684E+02  0.10000E+01
    5.0140   1.6440  24.9089   0.2425   1.5336  0.25736E+02  0.25735E+02  0.88523E-03  0.29274E+02  0.14585E-01  0.11723E+01  0.28087E+02  0.10000E+01
    5.0140   1.6440  25.9580   0.2630   1.6632  0.21197E+02  0.21196E+02  0.83987E-03  0.23832E+02  0.90208E-02  0.88577E+00  0.22937E+02  0.10000E+01
    5.0140   1.6440  26.9691   0.2835   1.7928  0.17564E+02  0.17563E+02  0.79742E-03  0.19539E+02  0.56981E-02  0.67841E+00  0.18855E+02  0.10000E+01
    5.0140   1.6440  27.9463   0.3040   1.9225  0.14625E+02  0.14624E+02  0.76518E-03  0.16113E+02  0.36628E-02  0.52502E+00  0.15584E+02  0.10000E+01
    5.0140   1.6440  28.8930   0.3245   2.0521  0.12229E+02  0.12228E+02  0.72460E-03  0.13354E+02  0.23926E-02  0.41089E+00  0.12940E+02  0.10000E+01
    5.0140   1.6440  29.8121   0.3450   2.1818  0.10265E+02  0.10264E+02  0.68738E-03  0.11115E+02  0.15821E-02  0.32300E+00  0.10790E+02  0.10000E+01
    5.0140   1.6440  30.7063   0.3655   2.3114  0.86560E+01  0.86554E+01  0.65915E-03  0.92944E+01  0.10559E-02  0.25659E+00  0.90368E+01  0.10000E+01
    5.0140   1.6440  31.5775   0.3860   2.4410  0.73284E+01  0.73278E+01  0.63222E-03  0.77990E+01  0.71112E-03  0.20496E+00  0.75933E+01  0.10000E+01
    5.0140   1.6440  32.4277   0.4065   2.5707  0.61587E+01  0.61581E+01  0.60457E-03  0.65131E+01  0.48342E-03  0.16473E+00  0.63479E+01  0.10000E+01
    5.0140   1.6440  33.2584   0.4270   2.7003  0.51812E+01  0.51806E+01  0.58037E-03  0.54481E+01  0.33235E-03  0.13268E+00  0.53151E+01  0.10000E+01
    5.0140   1.6440  34.0712   0.4475   2.8300  0.43767E+01  0.43761E+01  0.56237E-03  0.45745E+01  0.23110E-03  0.10759E+00  0.44667E+01  0.10000E+01
    5.0140   1.6440  34.8673   0.4680   2.9596  0.37118E+01  0.37113E+01  0.54160E-03  0.38535E+01  0.16229E-03  0.87579E-01  0.37658E+01  0.10000E+01
    5.0140   1.6440  35.6478   0.4885   3.0892  0.31426E+01  0.31421E+01  0.52605E-03  0.32407E+01  0.11495E-03  0.71598E-01  0.31690E+01  0.10000E+01
    5.0140   1.6440  36.4138   0.5090   3.2189  0.26332E+01  0.26326E+01  0.51166E-03  0.27056E+01  0.81770E-04  0.58762E-01  0.26468E+01  0.10000E+01
    5.0140   1.6440  37.1661   0.5295   3.3485  0.22188E+01  0.22183E+01  0.50299E-03  0.22699E+01  0.58203E-04  0.48414E-01  0.22214E+01  0.10000E+01
    5.0140   1.6440  37.9057   0.5500   3.4782  0.18788E+01  0.18783E+01  0.49693E-03  0.19116E+01  0.41708E-04  0.40073E-01  0.18715E+01  0.10000E+01
    5.0140   1.5540  21.0722   0.1605   1.0421  0.53291E+02  0.53290E+02  0.87920E-03  0.65172E+02  0.12615E+00  0.40335E+01  0.61012E+02  0.10000E+01
    5.0140   1.5540  22.3939   0.1810   1.1752  0.41962E+02  0.41961E+02  0.83348E-03  0.50348E+02  0.68948E-01  0.28127E+01  0.47466E+02  0.10000E+01
    5.0140   1.5540  23.6453   0.2015   1.3083  0.33562E+02  0.33561E+02  0.78279E-03  0.39598E+02  0.39455E-01  0.20108E+01  0.37548E+02  0.10000E+01
    5.0140   1.5540  24.8373   0.2220   1.4414  0.27172E+02  0.27172E+02  0.73804E-03  0.31593E+02  0.23205E-01  0.14756E+01  0.30094E+02  0.10000E+01
    5.0140   1.5540  25.9779   0.2425   1.5745  0.22214E+02  0.22213E+02  0.69879E-03  0.25487E+02  0.14038E-01  0.11020E+01  0.24371E+02  0.10000E+01
    5.0140   1.5540  27.0737   0.2630   1.7076  0.18300E+02  0.18299E+02  0.67173E-03  0.20740E+02  0.86496E-02  0.83320E+00  0.19898E+02  0.10000E+01
    5.0140   1.5540  28.1300   0.2835   1.8407  0.15167E+02  0.15167E+02  0.63660E-03  0.17005E+02  0.54619E-02  0.63863E+00  0.16361E+02  0.10000E+01
    5.0140   1.5540  29.1510   0.3040   1.9738  0.12631E+02  0.12631E+02  0.60173E-03  0.14020E+02  0.34999E-02  0.49404E+00  0.13522E+02  0.10000E+01
    5.0140   1.5540  30.1404   0.3245   2.1069  0.10560E+02  0.10560E+02  0.57284E-03  0.11614E+02  0.22848E-02  0.38648E+00  0.11225E+02  0.10000E+01
    5.0140   1.5540  31.1012   0.3450   2.2400  0.88599E+01  0.88593E+01  0.54281E-03  0.96602E+01  0.15095E-02  0.30391E+00  0.93548E+01  0.10000E+01
    5.0140   1.5540  32.0360   0.3655   2.3731  0.74604E+01  0.74599E+01  0.51981E-03  0.80671E+01  0.10077E-02  0.24118E+00  0.78249E+01  0.10000E+01
    5.0140   1.5540  32.9470   0.3860   2.5062  0.63124E+01  0.63119E+01  0.49812E-03  0.67658E+01  0.67841E-03  0.19231E+00  0.65728E+01  0.10000E+01
    5.0140   1.5540  33.8362   0.4065   2.6393  0.53280E+01  0.53275E+01  0.47306E-03  0.56662E+01  0.46081E-03  0.15417E+00  0.55116E+01  0.10000E+01
    5.0140   1.5540  34.7053   0.4270   2.7724  0.44733E+01  0.44729E+01  0.45399E-03  0.47314E+01  0.31621E-03  0.12447E+00  0.46066E+01  0.10000E+01
    5.0140   1.5540  35.5557   0.4475   2.9055  0.37718E+01  0.37714E+01  0.43959E-03  0.39655E+01  0.21939E-03  0.10059E+00  0.38647E+01  0.10000E+01
    5.0140   1.5540  36.3889   0.4680   3.0386  0.31914E+01  0.31910E+01  0.42549E-03  0.33340E+01  0.15383E-03  0.81775E-01  0.32521E+01  0.10000E+01
    5.0140   1.5540  37.2059   0.4885   3.1717  0.27081E+01  0.27077E+01  0.41003E-03  0.28080E+01  0.10891E-03  0.66596E-01  0.27413E+01  0.10000E+01
    5.0140   1.5540  38.0078   0.5090   3.3048  0.22687E+01  0.22683E+01  0.40393E-03  0.23429E+01  0.77765E-04  0.54576E-01  0.22883E+01  0.10000E+01
    5.0140   1.5540  38.7957   0.5295   3.4380  0.19063E+01  0.19059E+01  0.39350E-03  0.19602E+01  0.55521E-04  0.44785E-01  0.19154E+01  0.10000E+01
    5.0140   1.5540  39.5703   0.5500   3.5711  0.16086E+01  0.16082E+01  0.38877E-03  0.16461E+01  0.39782E-04  0.36980E-01  0.16090E+01  0.10000E+01
    5.0140   1.4640  22.0020   0.1605   1.0692  0.45885E+02  0.45885E+02  0.70359E-03  0.56809E+02  0.12286E+00  0.38096E+01  0.52877E+02  0.10000E+01
    5.0140   1.4640  23.3836   0.1810   1.2058  0.36142E+02  0.36141E+02  0.66055E-03  0.43862E+02  0.67124E-01  0.26540E+01  0.41141E+02  0.10000E+01
    5.0140   1.4640  24.6920   0.2015   1.3423  0.28915E+02  0.28915E+02  0.62079E-03  0.34491E+02  0.38299E-01  0.19064E+01  0.32546E+02  0.10000E+01
    5.0140   1.4640  25.9385   0.2220   1.4789  0.23417E+02  0.23416E+02  0.58865E-03  0.27507E+02  0.22513E-01  0.13973E+01  0.26087E+02  0.10000E+01
    5.0140   1.4640  27.1315   0.2425   1.6155  0.19148E+02  0.19148E+02  0.56001E-03  0.22184E+02  0.13589E-01  0.10432E+01  0.21128E+02  0.10000E+01
    5.0140   1.4640  28.2779   0.2630   1.7520  0.15779E+02  0.15778E+02  0.52971E-03  0.18052E+02  0.83736E-02  0.78901E+00  0.17254E+02  0.10000E+01
    5.0140   1.4640  29.3832   0.2835   1.8886  0.13081E+02  0.13080E+02  0.50100E-03  0.14795E+02  0.52664E-02  0.60457E+00  0.14185E+02  0.10000E+01
    5.0140   1.4640  30.4518   0.3040   2.0252  0.10896E+02  0.10896E+02  0.47651E-03  0.12196E+02  0.33694E-02  0.46833E+00  0.11725E+02  0.10000E+01
    5.0140   1.4640  31.4876   0.3245   2.1617  0.91105E+01  0.91100E+01  0.44978E-03  0.10100E+02  0.21939E-02  0.36650E+00  0.97316E+01  0.10000E+01
    5.0140   1.4640  32.4936   0.3450   2.2983  0.76418E+01  0.76414E+01  0.43180E-03  0.83974E+01  0.14491E-02  0.28815E+00  0.81078E+01  0.10000E+01
    5.0140   1.4640  33.4727   0.3655   2.4349  0.64292E+01  0.64288E+01  0.41007E-03  0.70053E+01  0.96748E-03  0.22854E+00  0.67758E+01  0.10000E+01
    5.0140   1.4640  34.4270   0.3860   2.5714  0.54306E+01  0.54303E+01  0.39016E-03  0.58670E+01  0.65143E-03  0.18205E+00  0.56843E+01  0.10000E+01
    5.0140   1.4640  35.3588   0.4065   2.7080  0.45992E+01  0.45988E+01  0.37290E-03  0.49247E+01  0.44246E-03  0.14589E+00  0.47784E+01  0.10000E+01
    5.0140   1.4640  36.2696   0.4270   2.8446  0.38624E+01  0.38620E+01  0.36218E-03  0.41110E+01  0.30307E-03  0.11760E+00  0.39931E+01  0.10000E+01
    5.0140   1.4640  37.1611   0.4475   2.9811  0.32503E+01  0.32500E+01  0.34595E-03  0.34402E+01  0.20998E-03  0.95061E-01  0.33449E+01  0.10000E+01
    5.0140   1.4640  38.0347   0.4680   3.1177  0.27448E+01  0.27445E+01  0.33432E-03  0.28866E+01  0.14694E-03  0.77055E-01  0.28094E+01  0.10000E+01
    5.0140   1.4640  38.8915   0.4885   3.2542  0.23275E+01  0.23271E+01  0.32192E-03  0.24298E+01  0.10392E-03  0.62774E-01  0.23669E+01  0.10000E+01
    5.0140   1.4640  39.7328   0.5090   3.3908  0.19552E+01  0.19549E+01  0.31681E-03  0.20304E+01  0.74284E-04  0.51242E-01  0.19791E+01  0.10000E+01
    5.0140   1.4640  40.5595   0.5295   3.5274  0.16385E+01  0.16382E+01  0.30871E-03  0.16946E+01  0.53459E-04  0.41986E-01  0.16526E+01  0.10000E+01
    5.0140   1.4640  41.3724   0.5500   3.6639  0.13786E+01  0.13783E+01  0.30665E-03  0.14192E+01  0.38327E-04  0.34558E-01  0.13846E+01  0.10000E+01
    5.0140   1.3740  23.0105   0.1605   1.0963  0.39429E+02  0.39428E+02  0.55916E-03  0.49476E+02  0.12037E+00  0.35996E+01  0.45756E+02  0.10000E+01
    5.0140   1.3740  24.4573   0.1810   1.2363  0.31068E+02  0.31068E+02  0.52451E-03  0.38197E+02  0.65816E-01  0.25228E+01  0.35608E+02  0.10000E+01
    5.0140   1.3740  25.8278   0.2015   1.3764  0.24865E+02  0.24864E+02  0.49578E-03  0.30021E+02  0.37401E-01  0.18115E+01  0.28172E+02  0.10000E+01
    5.0140   1.3740  27.1337   0.2220   1.5164  0.20143E+02  0.20143E+02  0.47278E-03  0.23937E+02  0.21987E-01  0.13314E+01  0.22583E+02  0.10000E+01
    5.0140   1.3740  28.3839   0.2425   1.6564  0.16476E+02  0.16476E+02  0.44529E-03  0.19301E+02  0.13235E-01  0.99556E+00  0.18292E+02  0.10000E+01
    5.0140   1.3740  29.5856   0.2630   1.7965  0.13580E+02  0.13580E+02  0.42057E-03  0.15701E+02  0.81532E-02  0.75398E+00  0.14939E+02  0.10000E+01
    5.0140   1.3740  30.7444   0.2835   1.9365  0.11261E+02  0.11261E+02  0.39716E-03  0.12866E+02  0.51110E-02  0.57818E+00  0.12283E+02  0.10000E+01
    5.0140   1.3740  31.8651   0.3040   2.0765  0.93828E+01  0.93825E+01  0.37441E-03  0.10602E+02  0.32670E-02  0.44633E+00  0.10152E+02  0.10000E+01
    5.0140   1.3740  32.9516   0.3245   2.2165  0.78466E+01  0.78462E+01  0.35813E-03  0.87792E+01  0.21197E-02  0.35035E+00  0.84268E+01  0.10000E+01
    5.0140   1.3740  34.0071   0.3450   2.3566  0.65816E+01  0.65813E+01  0.33864E-03  0.72960E+01  0.14002E-02  0.27586E+00  0.70187E+01  0.10000E+01
    5.0140   1.3740  35.0346   0.3655   2.4966  0.55350E+01  0.55347E+01  0.32342E-03  0.60830E+01  0.93484E-03  0.21877E+00  0.58633E+01  0.10000E+01
    5.0140   1.3740  36.0365   0.3860   2.6366  0.46690E+01  0.46687E+01  0.30793E-03  0.50881E+01  0.63007E-03  0.17432E+00  0.49132E+01  0.10000E+01
    5.0140   1.3740  37.0148   0.4065   2.7766  0.39554E+01  0.39552E+01  0.29583E-03  0.42716E+01  0.42813E-03  0.13957E+00  0.41316E+01  0.10000E+01
    5.0140   1.3740  37.9715   0.4270   2.9167  0.33322E+01  0.33319E+01  0.28340E-03  0.35725E+01  0.29318E-03  0.11242E+00  0.34598E+01  0.10000E+01
    5.0140   1.3740  38.9081   0.4475   3.0567  0.27989E+01  0.27987E+01  0.27222E-03  0.29837E+01  0.20280E-03  0.90743E-01  0.28928E+01  0.10000E+01
    5.0140   1.3740  39.8261   0.4680   3.1967  0.23598E+01  0.23595E+01  0.26266E-03  0.25001E+01  0.14160E-03  0.73515E-01  0.24264E+01  0.10000E+01
    5.0140   1.3740  40.7268   0.4885   3.3367  0.19964E+01  0.19962E+01  0.25629E-03  0.21006E+01  0.99996E-04  0.59836E-01  0.20407E+01  0.10000E+01
    5.0140   1.3740  41.6114   0.5090   3.4768  0.16837E+01  0.16835E+01  0.24846E-03  0.17599E+01  0.71473E-04  0.48830E-01  0.17110E+01  0.10000E+01
    5.0140   1.3740  42.4808   0.5295   3.6168  0.14077E+01  0.14074E+01  0.24218E-03  0.14655E+01  0.51647E-04  0.39842E-01  0.14256E+01  0.10000E+01
    5.0140   1.3740  43.3361   0.5500   3.7568  0.11817E+01  0.11814E+01  0.24190E-03  0.12245E+01  0.37306E-04  0.32688E-01  0.11918E+01  0.10000E+01
    5.0140   1.2940  23.9843   0.1605   1.1204  0.34382E+02  0.34381E+02  0.45848E-03  0.43735E+02  0.11882E+00  0.34481E+01  0.40168E+02  0.10000E+01
    5.0140   1.2940  25.4942   0.1810   1.2635  0.27102E+02  0.27102E+02  0.42912E-03  0.33760E+02  0.65059E-01  0.24263E+01  0.31269E+02  0.10000E+01
    5.0140   1.2940  26.9249   0.2015   1.4066  0.21698E+02  0.21698E+02  0.40807E-03  0.26522E+02  0.36832E-01  0.17419E+01  0.24743E+02  0.10000E+01
    5.0140   1.2940  28.2885   0.2220   1.5497  0.17584E+02  0.17584E+02  0.38563E-03  0.21141E+02  0.21660E-01  0.12837E+01  0.19836E+02  0.10000E+01
    5.0140   1.2940  29.5943   0.2425   1.6928  0.14387E+02  0.14386E+02  0.36227E-03  0.17039E+02  0.13016E-01  0.95846E+00  0.16067E+02  0.10000E+01
    5.0140   1.2940  30.8497   0.2630   1.8359  0.11861E+02  0.11861E+02  0.34174E-03  0.13859E+02  0.80117E-02  0.72774E+00  0.13124E+02  0.10000E+01
    5.0140   1.2940  32.0606   0.2835   1.9790  0.98381E+01  0.98378E+01  0.32004E-03  0.11356E+02  0.50139E-02  0.55977E+00  0.10791E+02  0.10000E+01
    5.0140   1.2940  33.2319   0.3040   2.1221  0.81991E+01  0.81988E+01  0.30567E-03  0.93571E+01  0.31991E-02  0.43400E+00  0.89199E+01  0.10000E+01
    5.0140   1.2940  34.3678   0.3245   2.2652  0.68582E+01  0.68579E+01  0.28993E-03  0.77450E+01  0.20720E-02  0.33896E+00  0.74040E+01  0.10000E+01
    5.0140   1.2940  35.4716   0.3450   2.4083  0.57530E+01  0.57527E+01  0.27391E-03  0.64349E+01  0.13661E-02  0.26722E+00  0.61663E+01  0.10000E+01
    5.0140   1.2940  36.5464   0.3655   2.5515  0.48375E+01  0.48373E+01  0.26166E-03  0.53627E+01  0.91243E-03  0.21194E+00  0.51498E+01  0.10000E+01
    5.0140   1.2940  37.5947   0.3860   2.6946  0.40779E+01  0.40776E+01  0.24899E-03  0.44820E+01  0.61562E-03  0.16903E+00  0.43124E+01  0.10000E+01
    5.0140   1.2940  38.6186   0.4065   2.8377  0.34504E+01  0.34502E+01  0.24050E-03  0.37589E+01  0.41874E-03  0.13533E+00  0.36231E+01  0.10000E+01
    5.0140   1.2940  39.6201   0.4270   2.9808  0.29173E+01  0.29170E+01  0.23022E-03  0.31512E+01  0.28699E-03  0.10889E+00  0.30420E+01  0.10000E+01
    5.0140   1.2940  40.6008   0.4475   3.1239  0.24478E+01  0.24476E+01  0.22099E-03  0.26289E+01  0.19826E-03  0.87989E-01  0.25407E+01  0.10000E+01
    5.0140   1.2940  41.5624   0.4680   3.2670  0.20609E+01  0.20607E+01  0.21300E-03  0.21999E+01  0.13832E-03  0.71396E-01  0.21284E+01  0.10000E+01
    5.0140   1.2940  42.5061   0.4885   3.4101  0.17403E+01  0.17401E+01  0.20627E-03  0.18452E+01  0.97465E-04  0.57883E-01  0.17872E+01  0.10000E+01
    5.0140   1.2940  43.4332   0.5090   3.5532  0.14712E+01  0.14710E+01  0.19998E-03  0.15483E+01  0.69607E-04  0.47119E-01  0.15011E+01  0.10000E+01
    5.0140   1.2940  44.3446   0.5295   3.6963  0.12287E+01  0.12286E+01  0.19612E-03  0.12878E+01  0.50236E-04  0.38454E-01  0.12493E+01  0.10000E+01
    5.0140   1.2940  45.2415   0.5500   3.8394  0.10298E+01  0.10296E+01  0.19414E-03  0.10742E+01  0.36692E-04  0.31489E-01  0.10427E+01  0.10000E+01
    5.0140   1.2140  25.0433   0.1605   1.1445  0.29905E+02  0.29904E+02  0.37852E-03  0.38627E+02  0.11799E+00  0.33129E+01  0.35196E+02  0.10000E+01
    5.0140   1.2140  26.6223   0.1810   1.2907  0.23583E+02  0.23583E+02  0.35632E-03  0.29819E+02  0.64712E-01  0.23447E+01  0.27409E+02  0.10000E+01
    5.0140   1.2140  28.1188   0.2015   1.4369  0.18889E+02  0.18889E+02  0.33285E-03  0.23413E+02  0.36616E-01  0.16864E+01  0.21690E+02  0.10000E+01
    5.0140   1.2140  29.5455   0.2220   1.5831  0.15313E+02  0.15312E+02  0.31175E-03  0.18653E+02  0.21470E-01  0.12414E+01  0.17390E+02  0.10000E+01
    5.0140   1.2140  30.9120   0.2425   1.7292  0.12533E+02  0.12532E+02  0.29433E-03  0.15031E+02  0.12906E-01  0.92942E+00  0.14089E+02  0.10000E+01
    5.0140   1.2140  32.2262   0.2630   1.8754  0.10335E+02  0.10335E+02  0.27732E-03  0.12224E+02  0.79252E-02  0.70757E+00  0.11508E+02  0.10000E+01
    5.0140   1.2140  33.4942   0.2835   2.0216  0.85749E+01  0.85746E+01  0.25943E-03  0.10013E+02  0.49605E-02  0.54522E+00  0.94633E+01  0.10000E+01
    5.0140   1.2140  34.7212   0.3040   2.1678  0.71481E+01  0.71478E+01  0.24739E-03  0.82484E+01  0.31537E-02  0.42208E+00  0.78231E+01  0.10000E+01
    5.0140   1.2140  35.9113   0.3245   2.3140  0.59805E+01  0.59803E+01  0.23442E-03  0.68259E+01  0.20421E-02  0.33104E+00  0.64928E+01  0.10000E+01
    5.0140   1.2140  37.0683   0.3450   2.4602  0.50176E+01  0.50173E+01  0.22305E-03  0.56706E+01  0.13412E-02  0.26109E+00  0.54081E+01  0.10000E+01
    5.0140   1.2140  38.1951   0.3655   2.6063  0.42190E+01  0.42188E+01  0.21144E-03  0.47236E+01  0.89679E-03  0.20695E+00  0.45158E+01  0.10000E+01
    5.0140   1.2140  39.2944   0.3860   2.7525  0.35550E+01  0.35548E+01  0.20370E-03  0.39457E+01  0.60532E-03  0.16537E+00  0.37797E+01  0.10000E+01
    5.0140   1.2140  40.3685   0.4065   2.8987  0.30043E+01  0.30041E+01  0.19403E-03  0.33048E+01  0.41264E-03  0.13206E+00  0.31723E+01  0.10000E+01
    5.0140   1.2140  41.4194   0.4270   3.0449  0.25454E+01  0.25452E+01  0.18561E-03  0.27745E+01  0.28316E-03  0.10651E+00  0.26677E+01  0.10000E+01
    5.0140   1.2140  42.4489   0.4475   3.1911  0.21375E+01  0.21373E+01  0.17803E-03  0.23151E+01  0.19583E-03  0.86057E-01  0.22288E+01  0.10000E+01
    5.0140   1.2140  43.4586   0.4680   3.3372  0.17969E+01  0.17968E+01  0.17255E-03  0.19344E+01  0.13637E-03  0.69696E-01  0.18646E+01  0.10000E+01
    5.0140   1.2140  44.4498   0.4885   3.4834  0.15151E+01  0.15149E+01  0.16583E-03  0.16203E+01  0.96012E-04  0.56560E-01  0.15636E+01  0.10000E+01
    5.0140   1.2140  45.4239   0.5090   3.6296  0.12813E+01  0.12812E+01  0.16188E-03  0.13598E+01  0.68427E-04  0.46047E-01  0.13137E+01  0.10000E+01
    5.0140   1.2140  46.3819   0.5295   3.7758  0.10710E+01  0.10708E+01  0.15978E-03  0.11312E+01  0.49470E-04  0.37557E-01  0.10936E+01  0.10000E+01
    5.0140   1.2140  47.3249   0.5500   3.9220  0.89606E+00  0.89591E+00  0.15687E-03  0.94194E+00  0.36137E-04  0.30638E-01  0.91126E+00  0.10000E+01
    5.0140   1.1440  24.3039   0.1400   1.0167  0.34149E+02  0.34149E+02  0.34129E-03  0.46000E+02  0.22847E+00  0.47455E+01  0.41026E+02  0.10000E+01
    5.0140   1.1440  26.0518   0.1605   1.1656  0.26402E+02  0.26401E+02  0.31927E-03  0.34636E+02  0.11832E+00  0.32269E+01  0.31291E+02  0.10000E+01
    5.0140   1.1440  27.6967   0.1810   1.3145  0.20830E+02  0.20830E+02  0.29752E-03  0.26714E+02  0.64763E-01  0.22745E+01  0.24375E+02  0.10000E+01
    5.0140   1.1440  29.2562   0.2015   1.4633  0.16690E+02  0.16690E+02  0.27750E-03  0.20973E+02  0.36700E-01  0.16435E+01  0.19293E+02  0.10000E+01
    5.0140   1.1440  30.7433   0.2220   1.6122  0.13535E+02  0.13535E+02  0.26145E-03  0.16706E+02  0.21428E-01  0.12132E+01  0.15471E+02  0.10000E+01
    5.0140   1.1440  32.1682   0.2425   1.7611  0.11081E+02  0.11081E+02  0.24453E-03  0.13459E+02  0.12894E-01  0.91161E+00  0.12535E+02  0.10000E+01
    5.0140   1.1440  33.5388   0.2630   1.9100  0.91406E+01  0.91404E+01  0.23018E-03  0.10941E+02  0.79003E-02  0.69372E+00  0.10240E+02  0.10000E+01
    5.0140   1.1440  34.8617   0.2835   2.0588  0.75854E+01  0.75852E+01  0.21839E-03  0.89589E+01  0.49470E-02  0.53302E+00  0.84209E+01  0.10000E+01
    5.0140   1.1440  36.1421   0.3040   2.2077  0.63247E+01  0.63245E+01  0.20645E-03  0.73796E+01  0.31406E-02  0.41509E+00  0.69614E+01  0.10000E+01
    5.0140   1.1440  37.3844   0.3245   2.3566  0.52928E+01  0.52926E+01  0.19416E-03  0.61068E+01  0.20302E-02  0.32559E+00  0.57792E+01  0.10000E+01
    5.0140   1.1440  38.5925   0.3450   2.5055  0.44414E+01  0.44412E+01  0.18472E-03  0.50704E+01  0.13319E-02  0.25684E+00  0.48122E+01  0.10000E+01
    5.0140   1.1440  39.7694   0.3655   2.6543  0.37348E+01  0.37347E+01  0.17492E-03  0.42237E+01  0.88818E-03  0.20431E+00  0.40185E+01  0.10000E+01
    5.0140   1.1440  40.9180   0.3860   2.8032  0.31465E+01  0.31463E+01  0.16848E-03  0.35260E+01  0.60043E-03  0.16298E+00  0.33624E+01  0.10000E+01
    5.0140   1.1440  42.0406   0.4065   2.9521  0.26569E+01  0.26568E+01  0.16029E-03  0.29518E+01  0.40985E-03  0.13116E+00  0.28202E+01  0.10000E+01
    5.0140   1.1440  43.1393   0.4270   3.1010  0.22511E+01  0.22510E+01  0.15326E-03  0.24772E+01  0.28195E-03  0.10521E+00  0.23717E+01  0.10000E+01
    5.0140   1.1440  44.2160   0.4475   3.2498  0.18948E+01  0.18947E+01  0.14788E-03  0.20698E+01  0.19530E-03  0.85093E-01  0.19845E+01  0.10000E+01
    5.0140   1.1440  45.2722   0.4680   3.3987  0.15909E+01  0.15908E+01  0.14218E-03  0.17274E+01  0.13607E-03  0.69000E-01  0.16582E+01  0.10000E+01
    5.0140   1.1440  46.3096   0.4885   3.5476  0.13399E+01  0.13397E+01  0.13768E-03  0.14451E+01  0.95677E-04  0.55876E-01  0.13892E+01  0.10000E+01
    5.0140   1.1440  47.3292   0.5090   3.6965  0.11322E+01  0.11320E+01  0.13427E-03  0.12119E+01  0.68084E-04  0.45474E-01  0.11663E+01  0.10000E+01
    5.0140   1.1440  48.3324   0.5295   3.8453  0.94806E+00  0.94793E+00  0.13154E-03  0.10091E+01  0.49136E-04  0.37023E-01  0.97200E+00  0.10000E+01
    5.0140   1.1440  49.3203   0.5500   3.9942  0.79209E+00  0.79196E+00  0.12988E-03  0.83908E+00  0.35895E-04  0.30199E-01  0.80884E+00  0.10000E+01
    5.0140   1.0740  25.3257   0.1400   1.0351  0.30050E+02  0.30049E+02  0.28585E-03  0.41203E+02  0.23010E+00  0.46132E+01  0.36360E+02  0.10000E+01
    5.0140   1.0740  27.1496   0.1605   1.1867  0.23244E+02  0.23244E+02  0.26653E-03  0.31020E+02  0.11959E+00  0.31425E+01  0.27758E+02  0.10000E+01
    5.0140   1.0740  28.8667   0.1810   1.3382  0.18347E+02  0.18347E+02  0.24790E-03  0.23909E+02  0.65175E-01  0.22186E+01  0.21625E+02  0.10000E+01
    5.0140   1.0740  30.4952   0.2015   1.4898  0.14707E+02  0.14706E+02  0.23267E-03  0.18772E+02  0.37017E-01  0.16115E+01  0.17124E+02  0.10000E+01
    5.0140   1.0740  32.0485   0.2220   1.6414  0.11931E+02  0.11931E+02  0.21705E-03  0.14945E+02  0.21549E-01  0.11889E+01  0.13734E+02  0.10000E+01
    5.0140   1.0740  33.5374   0.2425   1.7929  0.97710E+01  0.97708E+01  0.20274E-03  0.12036E+02  0.12966E-01  0.89390E+00  0.11129E+02  0.10000E+01
    5.0140   1.0740  34.9700   0.2630   1.9445  0.80624E+01  0.80622E+01  0.19217E-03  0.97823E+01  0.79490E-02  0.68228E+00  0.90921E+01  0.10000E+01
    5.0140   1.0740  36.3531   0.2835   2.0961  0.66924E+01  0.66922E+01  0.18079E-03  0.80092E+01  0.49672E-02  0.52681E+00  0.74775E+01  0.10000E+01
    5.0140   1.0740  37.6922   0.3040   2.2476  0.55814E+01  0.55812E+01  0.17066E-03  0.65952E+01  0.31562E-02  0.41020E+00  0.61818E+01  0.10000E+01
    5.0140   1.0740  38.9920   0.3245   2.3992  0.46718E+01  0.46716E+01  0.16173E-03  0.54561E+01  0.20330E-02  0.32191E+00  0.51322E+01  0.10000E+01
    5.0140   1.0740  40.2564   0.3450   2.5508  0.39211E+01  0.39209E+01  0.15269E-03  0.45304E+01  0.13342E-02  0.25490E+00  0.42742E+01  0.10000E+01
    5.0140   1.0740  41.4886   0.3655   2.7023  0.32977E+01  0.32976E+01  0.14641E-03  0.37723E+01  0.88652E-03  0.20316E+00  0.35683E+01  0.10000E+01
    5.0140   1.0740  42.6916   0.3860   2.8539  0.27781E+01  0.27780E+01  0.14000E-03  0.31482E+01  0.59967E-03  0.16227E+00  0.29853E+01  0.10000E+01
    5.0140   1.0740  43.8678   0.4065   3.0055  0.23446E+01  0.23444E+01  0.13310E-03  0.26331E+01  0.40997E-03  0.13018E+00  0.25025E+01  0.10000E+01
    5.0140   1.0740  45.0193   0.4270   3.1570  0.19850E+01  0.19849E+01  0.12716E-03  0.22084E+01  0.28277E-03  0.10479E+00  0.21033E+01  0.10000E+01
    5.0140   1.0740  46.1482   0.4475   3.3086  0.16757E+01  0.16756E+01  0.12263E-03  0.18484E+01  0.19638E-03  0.84586E-01  0.17636E+01  0.10000E+01
    5.0140   1.0740  47.2562   0.4680   3.4602  0.14054E+01  0.14053E+01  0.11779E-03  0.15409E+01  0.13711E-03  0.68683E-01  0.14721E+01  0.10000E+01
    5.0140   1.0740  48.3446   0.4885   3.6118  0.11825E+01  0.11823E+01  0.11412E-03  0.12879E+01  0.96354E-04  0.55775E-01  0.12320E+01  0.10000E+01
    5.0140   1.0740  49.4150   0.5090   3.7633  0.99766E+00  0.99755E+00  0.11041E-03  0.10785E+01  0.68521E-04  0.45337E-01  0.10331E+01  0.10000E+01
    5.0140   1.0740  50.4685   0.5295   3.9149  0.83744E+00  0.83733E+00  0.10886E-03  0.89937E+00  0.49335E-04  0.36917E-01  0.86241E+00  0.10000E+01
    5.0140   1.0740  51.5062   0.5500   4.0665  0.69866E+00  0.69856E+00  0.10664E-03  0.74684E+00  0.35979E-04  0.30128E-01  0.71668E+00  0.10000E+01
    5.0140   1.0040  26.4448   0.1400   1.0535  0.26354E+02  0.26354E+02  0.23880E-03  0.36848E+02  0.23295E+00  0.44832E+01  0.32131E+02  0.10000E+01
    5.0140   1.0040  28.3526   0.1605   1.2078  0.20396E+02  0.20395E+02  0.22191E-03  0.27751E+02  0.12171E+00  0.30701E+01  0.24559E+02  0.10000E+01
    5.0140   1.0040  30.1492   0.1810   1.3620  0.16107E+02  0.16107E+02  0.20768E-03  0.21379E+02  0.66032E-01  0.21741E+01  0.19138E+02  0.10000E+01
    5.0140   1.0040  31.8537   0.2015   1.5163  0.12917E+02  0.12917E+02  0.19297E-03  0.16781E+02  0.37607E-01  0.15836E+01  0.15160E+02  0.10000E+01
    5.0140   1.0040  33.4802   0.2220   1.6705  0.10483E+02  0.10483E+02  0.17972E-03  0.13353E+02  0.21926E-01  0.11692E+01  0.12161E+02  0.10000E+01
    5.0140   1.0040  35.0396   0.2425   1.8248  0.85885E+01  0.85883E+01  0.17043E-03  0.10751E+02  0.13133E-01  0.88213E+00  0.98556E+01  0.10000E+01
    5.0140   1.0040  36.5408   0.2630   1.9791  0.70887E+01  0.70886E+01  0.16005E-03  0.87370E+01  0.80683E-02  0.67597E+00  0.80529E+01  0.10000E+01
    5.0140   1.0040  37.9906   0.2835   2.1333  0.58858E+01  0.58856E+01  0.15043E-03  0.71510E+01  0.50310E-02  0.52286E+00  0.66231E+01  0.10000E+01
    5.0140   1.0040  39.3949   0.3040   2.2876  0.49099E+01  0.49097E+01  0.14192E-03  0.58870E+01  0.31993E-02  0.40796E+00  0.54758E+01  0.10000E+01
    5.0140   1.0040  40.7585   0.3245   2.4418  0.41106E+01  0.41105E+01  0.13350E-03  0.48677E+01  0.20604E-02  0.32038E+00  0.45452E+01  0.10000E+01
    5.0140   1.0040  42.0854   0.3450   2.5961  0.34509E+01  0.34507E+01  0.12762E-03  0.40414E+01  0.13484E-02  0.25364E+00  0.37864E+01  0.10000E+01
    5.0140   1.0040  43.3792   0.3655   2.7504  0.29027E+01  0.29026E+01  0.12145E-03  0.33644E+01  0.89620E-03  0.20241E+00  0.31611E+01  0.10000E+01
    5.0140   1.0040  44.6427   0.3860   2.9046  0.24453E+01  0.24452E+01  0.11530E-03  0.28068E+01  0.60343E-03  0.16222E+00  0.26440E+01  0.10000E+01
    5.0140   1.0040  45.8786   0.4065   3.0589  0.20631E+01  0.20630E+01  0.10953E-03  0.23464E+01  0.41349E-03  0.13044E+00  0.22156E+01  0.10000E+01
    5.0140   1.0040  47.0892   0.4270   3.2131  0.17451E+01  0.17450E+01  0.10527E-03  0.19663E+01  0.28573E-03  0.10533E+00  0.18607E+01  0.10000E+01
    5.0140   1.0040  48.2764   0.4475   3.3674  0.14766E+01  0.14765E+01  0.10146E-03  0.16482E+01  0.19922E-03  0.85178E-01  0.15628E+01  0.10000E+01
    5.0140   1.0040  49.4421   0.4680   3.5217  0.12381E+01  0.12380E+01  0.97360E-04  0.13729E+01  0.13951E-03  0.68920E-01  0.13039E+01  0.10000E+01
    5.0140   1.0040  50.5879   0.4885   3.6759  0.10406E+01  0.10405E+01  0.94371E-04  0.11464E+01  0.98331E-04  0.56159E-01  0.10902E+01  0.10000E+01
    5.0140   1.0040  51.7151   0.5090   3.8302  0.87685E+00  0.87676E+00  0.91847E-04  0.95888E+00  0.69825E-04  0.45665E-01  0.91315E+00  0.10000E+01
    5.0140   1.0040  52.8251   0.5295   3.9845  0.73757E+00  0.73748E+00  0.89888E-04  0.80057E+00  0.50234E-04  0.37161E-01  0.76335E+00  0.10000E+01
    5.0140   1.0040  53.9190   0.5500   4.1387  0.61457E+00  0.61448E+00  0.88001E-04  0.66387E+00  0.36510E-04  0.30256E-01  0.63357E+00  0.10000E+01
    5.0140   0.9440  27.4954   0.1400   1.0693  0.23476E+02  0.23475E+02  0.20535E-03  0.33457E+02  0.23645E+00  0.44043E+01  0.28817E+02  0.10000E+01
    5.0140   0.9440  29.4822   0.1605   1.2258  0.18177E+02  0.18177E+02  0.19026E-03  0.25203E+02  0.12425E+00  0.30258E+01  0.22053E+02  0.10000E+01
    5.0140   0.9440  31.3540   0.1810   1.3824  0.14361E+02  0.14361E+02  0.17620E-03  0.19403E+02  0.67526E-01  0.21422E+01  0.17194E+02  0.10000E+01
    5.0140   0.9440  33.1303   0.2015   1.5390  0.11522E+02  0.11521E+02  0.16495E-03  0.15222E+02  0.38350E-01  0.15607E+01  0.13623E+02  0.10000E+01
    5.0140   0.9440  34.8260   0.2220   1.6955  0.93542E+01  0.93540E+01  0.15471E-03  0.12115E+02  0.22431E-01  0.11617E+01  0.10931E+02  0.10000E+01
    5.0140   0.9440  36.4524   0.2425   1.8521  0.76659E+01  0.76658E+01  0.14413E-03  0.97490E+01  0.13383E-01  0.87587E+00  0.88598E+01  0.10000E+01
    5.0140   0.9440  38.0185   0.2630   2.0087  0.63292E+01  0.63291E+01  0.13526E-03  0.79192E+01  0.82305E-02  0.67108E+00  0.72398E+01  0.10000E+01
    5.0140   0.9440  39.5317   0.2835   2.1652  0.52564E+01  0.52562E+01  0.12715E-03  0.64803E+01  0.51405E-02  0.52034E+00  0.59548E+01  0.10000E+01
    5.0140   0.9440  40.9980   0.3040   2.3218  0.43857E+01  0.43856E+01  0.11991E-03  0.53344E+01  0.32615E-02  0.40770E+00  0.49235E+01  0.10000E+01
    5.0140   0.9440  42.4223   0.3245   2.4784  0.36725E+01  0.36724E+01  0.11353E-03  0.44107E+01  0.21044E-02  0.32111E+00  0.40875E+01  0.10000E+01
    5.0140   0.9440  43.8088   0.3450   2.6349  0.30837E+01  0.30836E+01  0.10844E-03  0.36605E+01  0.13734E-02  0.25477E+00  0.34044E+01  0.10000E+01
    5.0140   0.9440  45.1612   0.3655   2.7915  0.25943E+01  0.25942E+01  0.10312E-03  0.30466E+01  0.91257E-03  0.20341E+00  0.28422E+01  0.10000E+01
    5.0140   0.9440  46.4826   0.3860   2.9481  0.21856E+01  0.21855E+01  0.97848E-04  0.25412E+01  0.61391E-03  0.16330E+00  0.23772E+01  0.10000E+01
    5.0140   0.9440  47.7756   0.4065   3.1046  0.18437E+01  0.18436E+01  0.92907E-04  0.21235E+01  0.41946E-03  0.13166E+00  0.19914E+01  0.10000E+01
    5.0140   0.9440  49.0427   0.4270   3.2612  0.15583E+01  0.15582E+01  0.89848E-04  0.17778E+01  0.29065E-03  0.10611E+00  0.16714E+01  0.10000E+01
    5.0140   0.9440  50.2859   0.4475   3.4178  0.13200E+01  0.13199E+01  0.85967E-04  0.14910E+01  0.20309E-03  0.86064E-01  0.14048E+01  0.10000E+01
    5.0140   0.9440  51.5071   0.4680   3.5744  0.11077E+01  0.11076E+01  0.82516E-04  0.12425E+01  0.14285E-03  0.69880E-01  0.11725E+01  0.10000E+01
    5.0140   0.9440  52.7079   0.4885   3.7309  0.93019E+00  0.93011E+00  0.79426E-04  0.10364E+01  0.10096E-03  0.56769E-01  0.97951E+00  0.10000E+01
    5.0140   0.9440  53.8899   0.5090   3.8875  0.78297E+00  0.78289E+00  0.77722E-04  0.86603E+00  0.71899E-04  0.46279E-01  0.81968E+00  0.10000E+01
    5.0140   0.9440  55.0543   0.5295   4.0441  0.65934E+00  0.65926E+00  0.76031E-04  0.72352E+00  0.51612E-04  0.37747E-01  0.68573E+00  0.10000E+01
    5.0140   0.9440  56.2025   0.5500   4.2006  0.54914E+00  0.54907E+00  0.74391E-04  0.59958E+00  0.37480E-04  0.30730E-01  0.56881E+00  0.10000E+01
    5.0140   0.8940  28.4461   0.1400   1.0824  0.21264E+02  0.21264E+02  0.18017E-03  0.30840E+02  0.24021E+00  0.43405E+01  0.26259E+02  0.10000E+01
    5.0140   0.8940  30.5048   0.1605   1.2409  0.16471E+02  0.16471E+02  0.16521E-03  0.23231E+02  0.12692E+00  0.29878E+01  0.20116E+02  0.10000E+01
    5.0140   0.8940  32.4449   0.1810   1.3994  0.13018E+02  0.13018E+02  0.15422E-03  0.17884E+02  0.69266E-01  0.21220E+01  0.15693E+02  0.10000E+01
    5.0140   0.8940  34.2867   0.2015   1.5579  0.10448E+02  0.10448E+02  0.14298E-03  0.14023E+02  0.39166E-01  0.15475E+01  0.12436E+02  0.10000E+01
    5.0140   0.8940  36.0455   0.2220   1.7164  0.84855E+01  0.84853E+01  0.13513E-03  0.11160E+02  0.22983E-01  0.11561E+01  0.99808E+01  0.10000E+01
    5.0140   0.8940  37.7330   0.2425   1.8748  0.69560E+01  0.69559E+01  0.12576E-03  0.89785E+01  0.13737E-01  0.87373E+00  0.80910E+01  0.10000E+01
    5.0140   0.8940  39.3586   0.2630   2.0333  0.57444E+01  0.57443E+01  0.11793E-03  0.72914E+01  0.84144E-02  0.67076E+00  0.66122E+01  0.10000E+01
    5.0140   0.8940  40.9298   0.2835   2.1918  0.47717E+01  0.47716E+01  0.11088E-03  0.59625E+01  0.52683E-02  0.51830E+00  0.54390E+01  0.10000E+01
    5.0140   0.8940  42.4528   0.3040   2.3503  0.39821E+01  0.39820E+01  0.10448E-03  0.49092E+01  0.33393E-02  0.40880E+00  0.44971E+01  0.10000E+01
    5.0140   0.8940  43.9327   0.3245   2.5088  0.33351E+01  0.33350E+01  0.99550E-04  0.40581E+01  0.21560E-02  0.32239E+00  0.37336E+01  0.10000E+01
    5.0140   0.8940  45.3740   0.3450   2.6673  0.28008E+01  0.28007E+01  0.94383E-04  0.33672E+01  0.14092E-02  0.25676E+00  0.31091E+01  0.10000E+01
    5.0140   0.8940  46.7804   0.3655   2.8258  0.23566E+01  0.23565E+01  0.89693E-04  0.28021E+01  0.93289E-03  0.20494E+00  0.25962E+01  0.10000E+01
    5.0140   0.8940  48.1550   0.3860   2.9843  0.19856E+01  0.19855E+01  0.85072E-04  0.23366E+01  0.62830E-03  0.16471E+00  0.21713E+01  0.10000E+01
    5.0140   0.8940  49.5007   0.4065   3.1428  0.16748E+01  0.16747E+01  0.80741E-04  0.19519E+01  0.42786E-03  0.13299E+00  0.18185E+01  0.10000E+01
    5.0140   0.8940  50.8199   0.4270   3.3013  0.14149E+01  0.14148E+01  0.78048E-04  0.16336E+01  0.29650E-03  0.10779E+00  0.15255E+01  0.10000E+01
    5.0140   0.8940  52.1148   0.4475   3.4598  0.11988E+01  0.11987E+01  0.74642E-04  0.13699E+01  0.20768E-03  0.87316E-01  0.12824E+01  0.10000E+01
    5.0140   0.8940  53.3874   0.4680   3.6183  0.10072E+01  0.10072E+01  0.71673E-04  0.11423E+01  0.14650E-03  0.71007E-01  0.10712E+01  0.10000E+01
    5.0140   0.8940  54.6392   0.4885   3.7768  0.84520E+00  0.84513E+00  0.69394E-04  0.95204E+00  0.10397E-03  0.57738E-01  0.89420E+00  0.10000E+01
    5.0140   0.8940  55.8720   0.5090   3.9353  0.71093E+00  0.71086E+00  0.67887E-04  0.79492E+00  0.74241E-04  0.47068E-01  0.74778E+00  0.10000E+01
    5.0140   0.8940  57.0870   0.5295   4.0937  0.59888E+00  0.59882E+00  0.65943E-04  0.66421E+00  0.53406E-04  0.38371E-01  0.62578E+00  0.10000E+01
    5.0140   0.8940  58.2856   0.5500   4.2522  0.49884E+00  0.49878E+00  0.64948E-04  0.55030E+00  0.38682E-04  0.31316E-01  0.51895E+00  0.10000E+01
    5.0140   0.8340  29.6927   0.1400   1.0982  0.18815E+02  0.18815E+02  0.15230E-03  0.27923E+02  0.24616E+00  0.42636E+01  0.23413E+02  0.10000E+01
    5.0140   0.8340  31.8461   0.1605   1.2589  0.14582E+02  0.14582E+02  0.14084E-03  0.21039E+02  0.13084E+00  0.29527E+01  0.17956E+02  0.10000E+01
    5.0140   0.8340  33.8765   0.1810   1.4198  0.11531E+02  0.11531E+02  0.13127E-03  0.16199E+02  0.71898E-01  0.21041E+01  0.14023E+02  0.10000E+01
    5.0140   0.8340  35.8048   0.2015   1.5805  0.92585E+01  0.92584E+01  0.12260E-03  0.12694E+02  0.40558E-01  0.15359E+01  0.11117E+02  0.10000E+01
    5.0140   0.8340  37.6471   0.2220   1.7414  0.75223E+01  0.75222E+01  0.11471E-03  0.10100E+02  0.23828E-01  0.11514E+01  0.89246E+01  0.10000E+01
    5.0140   0.8340  39.4156   0.2425   1.9022  0.61686E+01  0.61685E+01  0.10664E-03  0.81235E+01  0.14302E-01  0.87308E+00  0.72362E+01  0.10000E+01
    5.0140   0.8340  41.1200   0.2630   2.0630  0.50957E+01  0.50956E+01  0.99990E-04  0.65943E+01  0.87229E-02  0.67120E+00  0.59144E+01  0.10000E+01
    5.0140   0.8340  42.7682   0.2835   2.2238  0.42340E+01  0.42339E+01  0.93929E-04  0.53930E+01  0.54698E-02  0.52242E+00  0.48651E+01  0.10000E+01
    5.0140   0.8340  44.3666   0.3040   2.3846  0.35342E+01  0.35341E+01  0.88413E-04  0.44367E+01  0.34782E-02  0.41056E+00  0.40227E+01  0.10000E+01
    5.0140   0.8340  45.9207   0.3245   2.5454  0.29606E+01  0.29605E+01  0.84203E-04  0.36677E+01  0.22391E-02  0.32560E+00  0.33399E+01  0.10000E+01
    5.0140   0.8340  47.4350   0.3450   2.7062  0.24867E+01  0.24866E+01  0.79769E-04  0.30428E+01  0.14680E-02  0.25967E+00  0.27816E+01  0.10000E+01
    5.0140   0.8340  48.9133   0.3655   2.8670  0.20927E+01  0.20926E+01  0.75239E-04  0.25313E+01  0.97172E-03  0.20804E+00  0.23223E+01  0.10000E+01
    5.0140   0.8340  50.3592   0.3860   3.0278  0.17634E+01  0.17634E+01  0.71808E-04  0.21103E+01  0.65241E-03  0.16761E+00  0.19421E+01  0.10000E+01
    5.0140   0.8340  51.7754   0.4065   3.1886  0.14874E+01  0.14873E+01  0.68583E-04  0.17619E+01  0.44481E-03  0.13516E+00  0.16263E+01  0.10000E+01
    5.0140   0.8340  53.1645   0.4270   3.3494  0.12562E+01  0.12561E+01  0.65361E-04  0.14739E+01  0.30642E-03  0.10996E+00  0.13637E+01  0.10000E+01
    5.0140   0.8340  54.5289   0.4475   3.5102  0.10638E+01  0.10637E+01  0.62905E-04  0.12355E+01  0.21510E-03  0.89380E-01  0.11460E+01  0.10000E+01
    5.0140   0.8340  55.8705   0.4680   3.6710  0.89575E+00  0.89569E+00  0.60424E-04  0.10315E+01  0.15222E-03  0.72815E-01  0.95852E+00  0.10000E+01
    5.0140   0.8340  57.1911   0.4885   3.8318  0.75094E+00  0.75088E+00  0.58845E-04  0.85871E+00  0.10854E-03  0.59190E-01  0.79941E+00  0.10000E+01
    5.0140   0.8340  58.4924   0.5090   3.9926  0.63114E+00  0.63109E+00  0.57145E-04  0.71645E+00  0.77898E-04  0.48367E-01  0.66800E+00  0.10000E+01
    5.0140   0.8340  59.7758   0.5295   4.1534  0.53156E+00  0.53150E+00  0.55503E-04  0.59839E+00  0.56248E-04  0.39543E-01  0.55879E+00  0.10000E+01
    5.0140   0.8340  61.0427   0.5500   4.3142  0.44308E+00  0.44302E+00  0.54616E-04  0.49589E+00  0.40827E-04  0.32256E-01  0.46359E+00  0.10000E+01
    5.0140   0.7640  31.3215   0.1400   1.1165  0.16217E+02  0.16217E+02  0.12620E-03  0.24829E+02  0.25712E+00  0.41971E+01  0.20375E+02  0.10000E+01
    5.0140   0.7640  33.5997   0.1605   1.2800  0.12577E+02  0.12577E+02  0.11539E-03  0.18693E+02  0.13656E+00  0.29132E+01  0.15643E+02  0.10000E+01
    5.0140   0.7640  35.7490   0.1810   1.4435  0.99512E+01  0.99511E+01  0.10838E-03  0.14402E+02  0.75796E-01  0.20863E+01  0.12240E+02  0.10000E+01
    5.0140   0.7640  37.7917   0.2015   1.6070  0.79945E+01  0.79944E+01  0.10107E-03  0.11283E+02  0.43071E-01  0.15309E+01  0.97086E+01  0.10000E+01
    5.0140   0.7640  39.7444   0.2220   1.7705  0.64985E+01  0.64984E+01  0.93595E-04  0.89680E+01  0.25119E-01  0.11459E+01  0.77969E+01  0.10000E+01
    5.0140   0.7640  41.6202   0.2425   1.9340  0.53313E+01  0.53312E+01  0.87030E-04  0.72151E+01  0.15176E-01  0.87647E+00  0.63235E+01  0.10000E+01
    5.0140   0.7640  43.4292   0.2630   2.0975  0.44058E+01  0.44057E+01  0.82163E-04  0.58543E+01  0.93024E-02  0.67576E+00  0.51692E+01  0.10000E+01
    5.0140   0.7640  45.1798   0.2835   2.2610  0.36619E+01  0.36619E+01  0.77104E-04  0.47860E+01  0.57895E-02  0.52763E+00  0.42526E+01  0.10000E+01
    5.0140   0.7640  46.8788   0.3040   2.4245  0.30575E+01  0.30575E+01  0.73016E-04  0.39368E+01  0.36995E-02  0.41659E+00  0.35165E+01  0.10000E+01
    5.0140   0.7640  48.5318   0.3245   2.5880  0.25619E+01  0.25619E+01  0.68997E-04  0.32525E+01  0.23900E-02  0.33053E+00  0.29196E+01  0.10000E+01
    5.0140   0.7640  50.1437   0.3450   2.7515  0.21524E+01  0.21523E+01  0.64851E-04  0.26973E+01  0.15621E-02  0.26416E+00  0.24316E+01  0.10000E+01
    5.0140   0.7640  51.7186   0.3655   2.9150  0.18117E+01  0.18116E+01  0.61553E-04  0.22438E+01  0.10388E-02  0.21277E+00  0.20300E+01  0.10000E+01
    5.0140   0.7640  53.2600   0.3860   3.0785  0.15269E+01  0.15268E+01  0.58700E-04  0.18703E+01  0.69660E-03  0.17219E+00  0.16975E+01  0.10000E+01
    5.0140   0.7640  54.7711   0.4065   3.2420  0.12879E+01  0.12879E+01  0.56033E-04  0.15611E+01  0.47338E-03  0.13949E+00  0.14211E+01  0.10000E+01
    5.0140   0.7640  56.2545   0.4270   3.4055  0.10874E+01  0.10873E+01  0.53364E-04  0.13049E+01  0.32668E-03  0.11340E+00  0.11912E+01  0.10000E+01
    5.0140   0.7640  57.7127   0.4475   3.5689  0.92001E+00  0.91996E+00  0.51049E-04  0.10930E+01  0.22763E-03  0.92700E-01  0.10001E+01  0.10000E+01
    5.0140   0.7640  59.1478   0.4680   3.7324  0.77673E+00  0.77668E+00  0.49320E-04  0.91386E+00  0.16132E-03  0.75641E-01  0.83806E+00  0.10000E+01
    5.0140   0.7640  60.5618   0.4885   3.8959  0.65063E+00  0.65058E+00  0.48002E-04  0.76024E+00  0.11555E-03  0.61785E-01  0.69834E+00  0.10000E+01
    5.0140   0.7640  61.9563   0.5090   4.0594  0.54640E+00  0.54635E+00  0.46236E-04  0.63368E+00  0.83422E-04  0.50547E-01  0.58305E+00  0.10000E+01
    5.0140   0.7640  63.3329   0.5295   4.2229  0.45983E+00  0.45978E+00  0.45223E-04  0.52869E+00  0.60656E-04  0.41263E-01  0.48736E+00  0.10000E+01
    5.0140   0.7640  64.6932   0.5500   4.3864  0.38380E+00  0.38375E+00  0.44796E-04  0.43855E+00  0.44234E-04  0.33808E-01  0.40469E+00  0.10000E+01
