EXTERNAL/TSAI:  VERSION OF 8/8/96

RUNPLAN for CLAS hadronization experiment                               
 inclusive:                                                             
                                                                        
Stein deuterium                                                         
from Dunne 8/01                                                         

----*----1----*----2----*----3----*----4----*----5----*----6----*----7--
                                                                        

TARGET (iZ,iA) = (  1,  2);   avgA =   2.000; amuM=  2.013; avgM=  1.875
 targ=   TUNA; ttarg(rl)=0.00533; twall=0.00143; tbeam=0.00143; tspec=0.00761
         Nseg  =   4
 MODELS: P elastc(ikk)=14; deut elastic=13; inelastc=206; Pauli Supresion= 4
 NUCLEAR METHOD= 1;   NUCLEAR_MODEL= 1

    E1    TH    Q2 COS_K         SMR     NUC          INT-SMR
    EP     X    W2 QE-PK  INELA  Q-ELA  ELAST   TOTAL  MODEL

 Deut Elastic Model: ia,iamec,rsc,rscmec (1,2,3,4)=  3
 TJON DEUT ELASTIC FILESS TO BE OPEN=rscctj.tjon_input   rscqtj.tjon_input   rscmtj.tjon_input   
   5.014 15.308  1.00    3.03    3.74    2.83    0.02    6.59  0.969
   2.814  0.242  4.01    0.00 -100.00    0.00    0.00 -100.00 1.867E+02

   5.014 15.946  1.09    2.82    3.04    2.64    0.02    5.69  0.974
   2.814  0.263  3.92    0.00 -100.00    0.00    0.00 -100.00 1.542E+02

   5.014 16.559  1.17    2.65    2.36    2.47    0.01    4.85  0.978
   2.814  0.283  3.84    0.00 -100.00    0.00    0.00 -100.00 1.285E+02

   5.014 17.152  1.26    2.50    1.71    2.34    0.01    4.05  0.983
   2.814  0.304  3.75    0.00 -100.00    0.00    0.00 -100.00 1.078E+02

   5.014 17.726  1.34    2.37    1.05    2.21    0.01    3.27  0.987
   2.814  0.324  3.67    0.00 -100.00    0.00    0.00 -100.00 9.103E+01

   5.014 18.281  1.42    2.25    0.34    2.11    0.01    2.45  0.992
   2.814  0.345  3.58    0.00 -100.00    0.00    0.00 -100.00 7.737E+01

   5.014 18.822  1.51    2.16   -0.20    2.03    0.00    1.84  0.995
   2.814  0.365  3.50    0.00 -100.00    0.00    0.00 -100.00 6.555E+01

   5.014 19.347  1.59    2.09   -0.68    1.97    0.00    1.29  1.000
   2.814  0.386  3.42    0.00 -100.00    0.00    0.00 -100.00 5.572E+01

   5.014 19.859  1.68    2.02   -1.18    1.91    0.00    0.74  1.004
   2.814  0.406  3.33    0.00 -100.00    0.00    0.00 -100.00 4.762E+01

   5.014 20.359  1.76    1.96   -1.76    1.85    0.00    0.10  1.008
   2.814  0.427  3.25    0.00 -100.00    0.00    0.00 -100.00 4.102E+01

   5.014 20.847  1.85    1.89   -2.51    1.79    0.00   -0.71  1.012
   2.814  0.447  3.16    0.00 -100.00    0.00    0.00 -100.00 3.568E+01

   5.014 21.325  1.93    1.82   -3.39    1.74    0.00   -1.65  1.016
   2.814  0.468  3.08    0.00 -100.00    0.00    0.00 -100.00 3.122E+01

   5.014 21.793  2.02    1.77   -4.40    1.69    0.00   -2.71  1.022
   2.814  0.488  2.99    0.00 -100.00    0.00    0.00 -100.00 2.740E+01

   5.014 22.251  2.10    1.72   -5.45    1.66    0.00   -3.79  1.027
   2.814  0.509  2.91    0.00 -100.00    0.00    0.00 -100.00 2.396E+01

   5.014 22.701  2.19    1.72   -6.35    1.67    0.00   -4.67  1.032
   2.814  0.529  2.82    0.00 -100.00    0.00    0.00 -100.00 2.060E+01

   5.014 23.142  2.27    1.79   -6.62    1.76    0.00   -4.86  1.040
   2.814  0.550  2.74    0.00 -100.00    0.00    0.00 -100.00 1.710E+01

   5.014 16.198  1.02    3.37    5.78    3.13    0.03    8.95  0.961
   2.564  0.222  4.46    0.00 -100.00    0.00    0.00 -100.00 1.444E+02

   5.014 16.934  1.11    3.09    4.81    2.86    0.02    7.69  0.963
   2.564  0.242  4.36    0.00 -100.00    0.00    0.00 -100.00 1.189E+02

   5.014 17.641  1.21    2.85    3.87    2.63    0.02    6.52  0.968
   2.564  0.263  4.27    0.00 -100.00    0.00    0.00 -100.00 9.871E+01

   5.014 18.322  1.30    2.67    3.20    2.46    0.01    5.68  0.971
   2.564  0.283  4.17    0.00 -100.00    0.00    0.00 -100.00 8.181E+01

   5.014 18.978  1.40    2.52    2.60    2.33    0.01    4.94  0.977
   2.564  0.304  4.08    0.00 -100.00    0.00    0.00 -100.00 6.818E+01

   5.014 19.614  1.49    2.39    1.99    2.20    0.01    4.20  0.980
   2.564  0.324  3.99    0.00 -100.00    0.00    0.00 -100.00 5.723E+01

   5.014 20.230  1.59    2.27    1.37    2.09    0.01    3.47  0.984
   2.564  0.345  3.89    0.00 -100.00    0.00    0.00 -100.00 4.831E+01

   5.014 20.829  1.68    2.17    0.73    2.00    0.01    2.73  0.988
   2.564  0.365  3.80    0.00 -100.00    0.00    0.00 -100.00 4.101E+01

   5.014 21.412  1.77    2.08    0.04    1.91    0.00    1.95  0.991
   2.564  0.386  3.70    0.00 -100.00    0.00    0.00 -100.00 3.496E+01

   5.014 21.980  1.87    2.02   -0.39    1.86    0.00    1.47  0.994
   2.564  0.406  3.61    0.00 -100.00    0.00    0.00 -100.00 2.956E+01

   5.014 22.535  1.96    1.97   -0.84    1.81    0.00    0.98  0.997
   2.564  0.427  3.51    0.00 -100.00    0.00    0.00 -100.00 2.513E+01

   5.014 23.076  2.06    1.91   -1.34    1.77    0.00    0.43  1.001
   2.564  0.447  3.42    0.00 -100.00    0.00    0.00 -100.00 2.148E+01

   5.014 23.607  2.15    1.87   -1.80    1.73    0.00   -0.07  1.003
   2.564  0.468  3.33    0.00 -100.00    0.00    0.00 -100.00 1.840E+01

   5.014 24.126  2.25    1.82   -2.41    1.69    0.00   -0.72  1.006
   2.564  0.488  3.23    0.00 -100.00    0.00    0.00 -100.00 1.590E+01

   5.014 24.634  2.34    1.77   -3.21    1.65    0.00   -1.56  1.010
   2.564  0.509  3.14    0.00 -100.00    0.00    0.00 -100.00 1.387E+01

   5.014 25.134  2.43    1.71   -4.24    1.60    0.00   -2.63  1.014
   2.564  0.529  3.04    0.00 -100.00    0.00    0.00 -100.00 1.219E+01

   5.014 25.624  2.53    1.67   -5.36    1.57    0.00   -3.78  1.018
   2.564  0.550  2.95    0.00 -100.00    0.00    0.00 -100.00 1.067E+01

   5.014 16.786  1.01    3.90    7.60    3.63    0.05   11.28  0.951
   2.354  0.201  4.87    0.00 -100.00    0.00    0.00 -100.00 1.239E+02

   5.014 17.625  1.11    3.55    6.67    3.29    0.04   10.00  0.956
   2.354  0.222  4.76    0.00 -100.00    0.00    0.00 -100.00 1.004E+02

   5.014 18.428  1.21    3.26    5.80    3.01    0.03    8.84  0.959
   2.354  0.242  4.66    0.00 -100.00    0.00    0.00 -100.00 8.224E+01

   5.014 19.198  1.31    3.02    4.96    2.77    0.02    7.75  0.963
   2.354  0.263  4.56    0.00 -100.00    0.00    0.00 -100.00 6.802E+01

   5.014 19.940  1.42    2.80    4.07    2.57    0.02    6.65  0.968
   2.354  0.283  4.46    0.00 -100.00    0.00    0.00 -100.00 5.681E+01

   5.014 20.656  1.52    2.62    3.25    2.39    0.01    5.66  0.971
   2.354  0.304  4.35    0.00 -100.00    0.00    0.00 -100.00 4.755E+01

   5.014 21.349  1.62    2.49    2.69    2.27    0.01    4.97  0.975
   2.354  0.324  4.25    0.00 -100.00    0.00    0.00 -100.00 3.968E+01

   5.014 22.021  1.72    2.37    2.14    2.15    0.01    4.30  0.978
   2.354  0.345  4.15    0.00 -100.00    0.00    0.00 -100.00 3.331E+01

   5.014 22.674  1.82    2.26    1.55    2.05    0.01    3.61  0.982
   2.354  0.365  4.05    0.00 -100.00    0.00    0.00 -100.00 2.813E+01

   5.014 23.310  1.93    2.16    0.95    1.96    0.01    2.92  0.984
   2.354  0.386  3.95    0.00 -100.00    0.00    0.00 -100.00 2.386E+01

   5.014 23.930  2.03    2.07    0.26    1.88    0.00    2.14  0.987
   2.354  0.406  3.84    0.00 -100.00    0.00    0.00 -100.00 2.036E+01

   5.014 24.535  2.13    2.00   -0.25    1.82    0.00    1.57  0.989
   2.354  0.427  3.74    0.00 -100.00    0.00    0.00 -100.00 1.725E+01

   5.014 25.126  2.23    1.97   -0.61    1.78    0.00    1.18  0.992
   2.354  0.447  3.64    0.00 -100.00    0.00    0.00 -100.00 1.458E+01

   5.014 25.705  2.34    1.92   -1.11    1.74    0.00    0.63  0.993
   2.354  0.468  3.54    0.00 -100.00    0.00    0.00 -100.00 1.244E+01

   5.014 26.272  2.44    1.88   -1.56    1.70    0.00    0.15  0.995
   2.354  0.488  3.43    0.00 -100.00    0.00    0.00 -100.00 1.061E+01

   5.014 26.827  2.54    1.84   -2.04    1.68    0.00   -0.37  0.998
   2.354  0.509  3.33    0.00 -100.00    0.00    0.00 -100.00 9.096E+00

   5.014 27.373  2.64    1.80   -2.69    1.64    0.00   -1.05  1.001
   2.354  0.529  3.23    0.00 -100.00    0.00    0.00 -100.00 7.868E+00

   5.014 27.908  2.75    1.74   -3.60    1.60    0.00   -2.00  1.004
   2.354  0.550  3.13    0.00 -100.00    0.00    0.00 -100.00 6.876E+00

   5.014 17.911  1.07    4.12    8.28    3.84    0.06   12.18  0.946
   2.194  0.201  5.11    0.00 -100.00    0.00    0.00 -100.00 9.512E+01

   5.014 18.808  1.17    3.76    7.32    3.49    0.04   10.85  0.952
   2.194  0.222  5.00    0.00 -100.00    0.00    0.00 -100.00 7.697E+01

   5.014 19.666  1.28    3.46    6.44    3.19    0.03    9.66  0.957
   2.194  0.242  4.89    0.00 -100.00    0.00    0.00 -100.00 6.292E+01

   5.014 20.489  1.39    3.20    5.63    2.94    0.02    8.59  0.960
   2.194  0.263  4.78    0.00 -100.00    0.00    0.00 -100.00 5.188E+01

   5.014 21.281  1.50    2.98    4.84    2.71    0.02    7.57  0.961
   2.194  0.283  4.67    0.00 -100.00    0.00    0.00 -100.00 4.311E+01

   5.014 22.046  1.61    2.78    4.02    2.53    0.01    6.57  0.968
   2.194  0.304  4.56    0.00 -100.00    0.00    0.00 -100.00 3.613E+01

   5.014 22.787  1.72    2.61    3.20    2.36    0.01    5.57  0.969
   2.194  0.324  4.46    0.00 -100.00    0.00    0.00 -100.00 3.039E+01

   5.014 23.506  1.83    2.49    2.65    2.25    0.01    4.90  0.974
   2.194  0.345  4.35    0.00 -100.00    0.00    0.00 -100.00 2.543E+01

   5.014 24.204  1.93    2.38    2.12    2.14    0.01    4.27  0.978
   2.194  0.365  4.24    0.00 -100.00    0.00    0.00 -100.00 2.137E+01

   5.014 24.884  2.04    2.28    1.56    2.05    0.01    3.62  0.980
   2.194  0.386  4.13    0.00 -100.00    0.00    0.00 -100.00 1.806E+01

   5.014 25.548  2.15    2.18    0.97    1.96    0.00    2.94  0.983
   2.194  0.406  4.02    0.00 -100.00    0.00    0.00 -100.00 1.533E+01

   5.014 26.195  2.26    2.10    0.28    1.88    0.00    2.16  0.985
   2.194  0.427  3.91    0.00 -100.00    0.00    0.00 -100.00 1.308E+01

   5.014 26.828  2.37    2.04   -0.18    1.83    0.00    1.65  0.986
   2.194  0.447  3.80    0.00 -100.00    0.00    0.00 -100.00 1.105E+01

   5.014 27.447  2.48    2.00   -0.53    1.79    0.00    1.26  0.987
   2.194  0.468  3.70    0.00 -100.00    0.00    0.00 -100.00 9.340E+00

   5.014 28.054  2.59    1.95   -1.03    1.75    0.00    0.72  0.988
   2.194  0.488  3.59    0.00 -100.00    0.00    0.00 -100.00 7.960E+00

   5.014 28.649  2.69    1.92   -1.50    1.72    0.00    0.22  0.991
   2.194  0.509  3.48    0.00 -100.00    0.00    0.00 -100.00 6.782E+00

   5.014 29.233  2.80    1.88   -1.94    1.69    0.00   -0.25  0.991
   2.194  0.529  3.37    0.00 -100.00    0.00    0.00 -100.00 5.792E+00

   5.014 29.806  2.91    1.84   -2.59    1.66    0.00   -0.93  0.995
   2.194  0.550  3.26    0.00 -100.00    0.00    0.00 -100.00 4.999E+00

   5.014 17.975  1.01    4.87   10.02    4.60    0.09   14.71  0.943
   2.054  0.181  5.43    0.00 -100.00    0.00    0.00 -100.00 9.469E+01

   5.014 18.975  1.12    4.39    8.93    4.12    0.07   13.11  0.945
   2.054  0.201  5.32    0.00 -100.00    0.00    0.00 -100.00 7.569E+01

   5.014 19.926  1.23    4.00    7.93    3.73    0.05   11.71  0.949
   2.054  0.222  5.20    0.00 -100.00    0.00    0.00 -100.00 6.123E+01

   5.014 20.836  1.35    3.68    7.03    3.40    0.04   10.47  0.952
   2.054  0.242  5.09    0.00 -100.00    0.00    0.00 -100.00 5.002E+01

   5.014 21.709  1.46    3.41    6.20    3.13    0.03    9.37  0.957
   2.054  0.263  4.97    0.00 -100.00    0.00    0.00 -100.00 4.120E+01

   5.014 22.550  1.57    3.17    5.43    2.90    0.02    8.35  0.960
   2.054  0.283  4.86    0.00 -100.00    0.00    0.00 -100.00 3.417E+01

   5.014 23.362  1.69    2.97    4.68    2.71    0.02    7.40  0.966
   2.054  0.304  4.75    0.00 -100.00    0.00    0.00 -100.00 2.852E+01

   5.014 24.148  1.80    2.78    3.88    2.53    0.01    6.42  0.969
   2.054  0.324  4.63    0.00 -100.00    0.00    0.00 -100.00 2.399E+01

   5.014 24.911  1.92    2.63    3.10    2.37    0.01    5.48  0.969
   2.054  0.345  4.52    0.00 -100.00    0.00    0.00 -100.00 2.022E+01

   5.014 25.653  2.03    2.51    2.58    2.26    0.01    4.85  0.974
   2.054  0.365  4.40    0.00 -100.00    0.00    0.00 -100.00 1.694E+01

   5.014 26.375  2.14    2.41    2.07    2.16    0.01    4.23  0.975
   2.054  0.386  4.29    0.00 -100.00    0.00    0.00 -100.00 1.426E+01

   5.014 27.079  2.26    2.31    1.52    2.07    0.01    3.59  0.978
   2.054  0.406  4.18    0.00 -100.00    0.00    0.00 -100.00 1.207E+01

   5.014 27.767  2.37    2.22    0.92    1.98    0.00    2.90  0.981
   2.054  0.427  4.06    0.00 -100.00    0.00    0.00 -100.00 1.025E+01

   5.014 28.439  2.49    2.14    0.23    1.90    0.00    2.14  0.980
   2.054  0.447  3.95    0.00 -100.00    0.00    0.00 -100.00 8.736E+00

   5.014 29.097  2.60    2.10   -0.12    1.86    0.00    1.74  0.981
   2.054  0.468  3.84    0.00 -100.00    0.00    0.00 -100.00 7.352E+00

   5.014 29.742  2.71    2.06   -0.50    1.82    0.00    1.32  0.984
   2.054  0.488  3.72    0.00 -100.00    0.00    0.00 -100.00 6.218E+00

   5.014 30.375  2.83    2.01   -1.02    1.78    0.00    0.76  0.985
   2.054  0.509  3.61    0.00 -100.00    0.00    0.00 -100.00 5.299E+00

   5.014 30.995  2.94    1.97   -1.46    1.75    0.00    0.29  0.985
   2.054  0.529  3.49    0.00 -100.00    0.00    0.00 -100.00 4.503E+00

   5.014 31.605  3.05    1.94   -1.94    1.72    0.00   -0.22  0.986
   2.054  0.550  3.38    0.00 -100.00    0.00    0.00 -100.00 3.845E+00

   5.014 18.278  1.02    4.97   10.23    4.70    0.10   15.02  0.942
   2.014  0.181  5.49    0.00 -100.00    0.00    0.00 -100.00 8.874E+01

   5.014 19.294  1.13    4.48    9.10    4.21    0.07   13.38  0.944
   2.014  0.201  5.38    0.00 -100.00    0.00    0.00 -100.00 7.092E+01

   5.014 20.262  1.25    4.09    8.12    3.81    0.05   11.99  0.949
   2.014  0.222  5.26    0.00 -100.00    0.00    0.00 -100.00 5.738E+01

   5.014 21.187  1.37    3.75    7.21    3.48    0.04   10.73  0.952
   2.014  0.242  5.14    0.00 -100.00    0.00    0.00 -100.00 4.687E+01

   5.014 22.075  1.48    3.48    6.37    3.20    0.03    9.61  0.956
   2.014  0.263  5.03    0.00 -100.00    0.00    0.00 -100.00 3.860E+01

   5.014 22.931  1.60    3.24    5.59    2.96    0.02    8.58  0.959
   2.014  0.283  4.91    0.00 -100.00    0.00    0.00 -100.00 3.200E+01

   5.014 23.757  1.71    3.03    4.85    2.77    0.02    7.63  0.965
   2.014  0.304  4.80    0.00 -100.00    0.00    0.00 -100.00 2.670E+01

   5.014 24.557  1.83    2.84    4.08    2.58    0.01    6.67  0.968
   2.014  0.324  4.68    0.00 -100.00    0.00    0.00 -100.00 2.243E+01

   5.014 25.333  1.94    2.68    3.27    2.42    0.01    5.69  0.969
   2.014  0.345  4.57    0.00 -100.00    0.00    0.00 -100.00 1.893E+01

   5.014 26.088  2.06    2.56    2.71    2.29    0.01    5.01  0.970
   2.014  0.365  4.45    0.00 -100.00    0.00    0.00 -100.00 1.588E+01

   5.014 26.823  2.17    2.46    2.21    2.20    0.01    4.41  0.975
   2.014  0.386  4.34    0.00 -100.00    0.00    0.00 -100.00 1.335E+01

   5.014 27.540  2.29    2.36    1.67    2.10    0.01    3.78  0.977
   2.014  0.406  4.22    0.00 -100.00    0.00    0.00 -100.00 1.128E+01

   5.014 28.240  2.40    2.27    1.08    2.02    0.00    3.11  0.980
   2.014  0.427  4.11    0.00 -100.00    0.00    0.00 -100.00 9.576E+00

   5.014 28.924  2.52    2.18    0.40    1.93    0.00    2.33  0.980
   2.014  0.447  3.99    0.00 -100.00    0.00    0.00 -100.00 8.162E+00

   5.014 29.594  2.63    2.13   -0.01    1.89    0.00    1.88  0.980
   2.014  0.468  3.88    0.00 -100.00    0.00    0.00 -100.00 6.877E+00

   5.014 30.250  2.75    2.09   -0.36    1.85    0.00    1.49  0.981
   2.014  0.488  3.76    0.00 -100.00    0.00    0.00 -100.00 5.805E+00

   5.014 30.894  2.87    2.04   -0.85    1.81    0.00    0.95  0.983
   2.014  0.509  3.64    0.00 -100.00    0.00    0.00 -100.00 4.937E+00

   5.014 31.526  2.98    2.00   -1.34    1.77    0.00    0.43  0.984
   2.014  0.529  3.53    0.00 -100.00    0.00    0.00 -100.00 4.200E+00

   5.014 32.146  3.10    1.97   -1.76    1.75    0.00   -0.02  0.984
   2.014  0.550  3.41    0.00 -100.00    0.00    0.00 -100.00 3.574E+00

   5.014 19.648  1.08    5.49   11.18    5.24    0.12   16.54  0.937
   1.844  0.181  5.75    0.00 -100.00    0.00    0.00 -100.00 6.736E+01

   5.014 20.743  1.20    4.96   10.03    4.69    0.08   14.81  0.940
   1.844  0.201  5.63    0.00 -100.00    0.00    0.00 -100.00 5.384E+01

   5.014 21.785  1.32    4.52    8.95    4.25    0.06   13.26  0.945
   1.844  0.222  5.51    0.00 -100.00    0.00    0.00 -100.00 4.357E+01

   5.014 22.781  1.44    4.15    8.02    3.88    0.05   11.95  0.949
   1.844  0.242  5.39    0.00 -100.00    0.00    0.00 -100.00 3.560E+01

   5.014 23.738  1.56    3.84    7.15    3.57    0.03   10.75  0.952
   1.844  0.263  5.26    0.00 -100.00    0.00    0.00 -100.00 2.931E+01

   5.014 24.660  1.69    3.57    6.34    3.30    0.03    9.66  0.956
   1.844  0.283  5.14    0.00 -100.00    0.00    0.00 -100.00 2.428E+01

   5.014 25.551  1.81    3.35    5.59    3.07    0.02    8.68  0.961
   1.844  0.304  5.02    0.00 -100.00    0.00    0.00 -100.00 2.022E+01

   5.014 26.413  1.93    3.15    4.87    2.87    0.02    7.76  0.963
   1.844  0.324  4.90    0.00 -100.00    0.00    0.00 -100.00 1.693E+01

   5.014 27.250  2.05    2.97    4.13    2.69    0.01    6.83  0.966
   1.844  0.345  4.78    0.00 -100.00    0.00    0.00 -100.00 1.426E+01

   5.014 28.064  2.17    2.81    3.33    2.53    0.01    5.87  0.968
   1.844  0.365  4.65    0.00 -100.00    0.00    0.00 -100.00 1.205E+01

   5.014 28.857  2.30    2.69    2.79    2.41    0.01    5.21  0.970
   1.844  0.386  4.53    0.00 -100.00    0.00    0.00 -100.00 1.012E+01

   5.014 29.631  2.42    2.59    2.30    2.31    0.01    4.62  0.972
   1.844  0.406  4.41    0.00 -100.00    0.00    0.00 -100.00 8.516E+00

   5.014 30.386  2.54    2.49    1.77    2.21    0.01    3.99  0.973
   1.844  0.427  4.29    0.00 -100.00    0.00    0.00 -100.00 7.198E+00

   5.014 31.125  2.66    2.40    1.18    2.12    0.00    3.31  0.975
   1.844  0.447  4.17    0.00 -100.00    0.00    0.00 -100.00 6.109E+00

   5.014 31.848  2.78    2.31    0.51    2.04    0.00    2.55  0.974
   1.844  0.468  4.05    0.00 -100.00    0.00    0.00 -100.00 5.195E+00

   5.014 32.557  2.91    2.27    0.18    2.00    0.00    2.18  0.975
   1.844  0.488  3.92    0.00 -100.00    0.00    0.00 -100.00 4.361E+00

   5.014 33.253  3.03    2.22   -0.21    1.96    0.00    1.75  0.977
   1.844  0.509  3.80    0.00 -100.00    0.00    0.00 -100.00 3.681E+00

   5.014 33.936  3.15    2.17   -0.70    1.91    0.00    1.22  0.979
   1.844  0.529  3.68    0.00 -100.00    0.00    0.00 -100.00 3.125E+00

   5.014 34.607  3.27    2.13   -1.19    1.87    0.00    0.68  0.978
   1.844  0.550  3.56    0.00 -100.00    0.00    0.00 -100.00 2.653E+00

   5.014 20.529  1.11    5.87   11.80    5.66    0.13   17.59  0.935
   1.744  0.181  5.91    0.00 -100.00    0.00    0.00 -100.00 5.726E+01

   5.014 21.674  1.24    5.31   10.62    5.07    0.09   15.79  0.939
   1.744  0.201  5.78    0.00 -100.00    0.00    0.00 -100.00 4.578E+01

   5.014 22.764  1.36    4.84    9.54    4.59    0.07   14.20  0.943
   1.744  0.222  5.65    0.00 -100.00    0.00    0.00 -100.00 3.705E+01

   5.014 23.806  1.49    4.44    8.56    4.17    0.05   12.78  0.943
   1.744  0.242  5.53    0.00 -100.00    0.00    0.00 -100.00 3.028E+01

   5.014 24.808  1.61    4.11    7.65    3.84    0.04   11.54  0.950
   1.744  0.263  5.40    0.00 -100.00    0.00    0.00 -100.00 2.493E+01

   5.014 25.772  1.74    3.83    6.82    3.55    0.03   10.40  0.953
   1.744  0.283  5.28    0.00 -100.00    0.00    0.00 -100.00 2.065E+01

   5.014 26.705  1.87    3.58    6.06    3.31    0.02    9.39  0.958
   1.744  0.304  5.15    0.00 -100.00    0.00    0.00 -100.00 1.720E+01

   5.014 27.608  1.99    3.37    5.33    3.09    0.02    8.44  0.961
   1.744  0.324  5.03    0.00 -100.00    0.00    0.00 -100.00 1.439E+01

   5.014 28.484  2.12    3.18    4.62    2.90    0.01    7.54  0.964
   1.744  0.345  4.90    0.00 -100.00    0.00    0.00 -100.00 1.209E+01

   5.014 29.337  2.24    3.01    3.85    2.72    0.01    6.59  0.966
   1.744  0.365  4.77    0.00 -100.00    0.00    0.00 -100.00 1.022E+01

   5.014 30.167  2.37    2.87    3.15    2.58    0.01    5.74  0.968
   1.744  0.386  4.65    0.00 -100.00    0.00    0.00 -100.00 8.622E+00

   5.014 30.977  2.49    2.76    2.69    2.48    0.01    5.17  0.972
   1.744  0.406  4.52    0.00 -100.00    0.00    0.00 -100.00 7.237E+00

   5.014 31.769  2.62    2.66    2.17    2.37    0.01    4.55  0.972
   1.744  0.427  4.40    0.00 -100.00    0.00    0.00 -100.00 6.103E+00

   5.014 32.543  2.75    2.56    1.62    2.27    0.00    3.90  0.971
   1.744  0.447  4.27    0.00 -100.00    0.00    0.00 -100.00 5.166E+00

   5.014 33.301  2.87    2.47    0.96    2.18    0.00    3.14  0.974
   1.744  0.468  4.14    0.00 -100.00    0.00    0.00 -100.00 4.394E+00

   5.014 34.045  3.00    2.41    0.50    2.12    0.00    2.62  0.973
   1.744  0.488  4.02    0.00 -100.00    0.00    0.00 -100.00 3.700E+00

   5.014 34.774  3.12    2.36    0.15    2.08    0.00    2.23  0.973
   1.744  0.509  3.89    0.00 -100.00    0.00    0.00 -100.00 3.110E+00

   5.014 35.490  3.25    2.31   -0.28    2.03    0.00    1.75  0.974
   1.744  0.529  3.77    0.00 -100.00    0.00    0.00 -100.00 2.630E+00

   5.014 36.194  3.37    2.26   -0.83    1.98    0.00    1.16  0.975
   1.744  0.550  3.64    0.00 -100.00    0.00    0.00 -100.00 2.234E+00

   5.014 20.210  1.01    7.07   13.80    6.96    0.21   20.98  0.934
   1.644  0.160  6.19    0.00 -100.00    0.00    0.00 -100.00 6.180E+01

   5.014 21.476  1.14    6.33   12.46    6.16    0.15   18.77  0.934
   1.644  0.181  6.06    0.00 -100.00    0.00    0.00 -100.00 4.865E+01

   5.014 22.675  1.27    5.72   11.26    5.52    0.11   16.89  0.937
   1.644  0.201  5.93    0.00 -100.00    0.00    0.00 -100.00 3.890E+01

   5.014 23.817  1.40    5.22   10.15    5.00    0.08   15.23  0.940
   1.644  0.222  5.80    0.00 -100.00    0.00    0.00 -100.00 3.149E+01

   5.014 24.909  1.53    4.80    9.14    4.56    0.06   13.75  0.943
   1.644  0.242  5.67    0.00 -100.00    0.00    0.00 -100.00 2.574E+01

   5.014 25.958  1.66    4.44    8.21    4.18    0.04   12.43  0.946
   1.644  0.263  5.54    0.00 -100.00    0.00    0.00 -100.00 2.120E+01

   5.014 26.969  1.79    4.13    7.35    3.86    0.03   11.25  0.950
   1.644  0.283  5.41    0.00 -100.00    0.00    0.00 -100.00 1.756E+01

   5.014 27.946  1.92    3.87    6.56    3.59    0.03   10.17  0.953
   1.644  0.304  5.28    0.00 -100.00    0.00    0.00 -100.00 1.463E+01

   5.014 28.893  2.05    3.64    5.82    3.36    0.02    9.20  0.958
   1.644  0.324  5.15    0.00 -100.00    0.00    0.00 -100.00 1.223E+01

   5.014 29.812  2.18    3.44    5.12    3.15    0.02    8.28  0.959
   1.644  0.345  5.02    0.00 -100.00    0.00    0.00 -100.00 1.026E+01

   5.014 30.706  2.31    3.25    4.40    2.96    0.01    7.37  0.963
   1.644  0.365  4.89    0.00 -100.00    0.00    0.00 -100.00 8.656E+00

   5.014 31.577  2.44    3.09    3.61    2.80    0.01    6.42  0.966
   1.644  0.386  4.76    0.00 -100.00    0.00    0.00 -100.00 7.328E+00

   5.014 32.428  2.57    2.97    3.07    2.67    0.01    5.75  0.969
   1.644  0.406  4.63    0.00 -100.00    0.00    0.00 -100.00 6.159E+00

   5.014 33.258  2.70    2.86    2.58    2.56    0.01    5.15  0.968
   1.644  0.427  4.50    0.00 -100.00    0.00    0.00 -100.00 5.181E+00

   5.014 34.071  2.83    2.76    2.06    2.46    0.01    4.52  0.970
   1.644  0.447  4.37    0.00 -100.00    0.00    0.00 -100.00 4.377E+00

   5.014 34.867  2.96    2.66    1.45    2.36    0.00    3.82  0.970
   1.644  0.468  4.24    0.00 -100.00    0.00    0.00 -100.00 3.712E+00

   5.014 35.648  3.09    2.58    0.84    2.28    0.00    3.12  0.971
   1.644  0.488  4.12    0.00 -100.00    0.00    0.00 -100.00 3.143E+00

   5.014 36.414  3.22    2.53    0.52    2.23    0.00    2.75  0.971
   1.644  0.509  3.99    0.00 -100.00    0.00    0.00 -100.00 2.633E+00

   5.014 37.166  3.35    2.48    0.12    2.18    0.00    2.30  0.972
   1.644  0.529  3.86    0.00 -100.00    0.00    0.00 -100.00 2.219E+00

   5.014 37.906  3.48    2.42   -0.39    2.13    0.00    1.75  0.973
   1.644  0.550  3.73    0.00 -100.00    0.00    0.00 -100.00 1.879E+00

   5.014 21.072  1.04    7.61   14.49    7.57    0.24   22.29  0.932
   1.554  0.160  6.33    0.00 -100.00    0.00    0.00 -100.00 5.329E+01

   5.014 22.394  1.18    6.82   13.12    6.70    0.16   19.99  0.932
   1.554  0.181  6.20    0.00 -100.00    0.00    0.00 -100.00 4.196E+01

   5.014 23.645  1.31    6.17   11.88    5.99    0.12   17.99  0.931
   1.554  0.201  6.06    0.00 -100.00    0.00    0.00 -100.00 3.356E+01

   5.014 24.837  1.44    5.63   10.75    5.43    0.09   16.27  0.936
   1.554  0.222  5.93    0.00 -100.00    0.00    0.00 -100.00 2.717E+01

   5.014 25.978  1.57    5.17    9.71    4.96    0.06   14.74  0.941
   1.554  0.242  5.80    0.00 -100.00    0.00    0.00 -100.00 2.221E+01

   5.014 27.074  1.71    4.79    8.73    4.55    0.05   13.33  0.944
   1.554  0.263  5.67    0.00 -100.00    0.00    0.00 -100.00 1.830E+01

   5.014 28.130  1.84    4.46    7.87    4.21    0.04   12.12  0.948
   1.554  0.283  5.53    0.00 -100.00    0.00    0.00 -100.00 1.517E+01

   5.014 29.151  1.97    4.17    7.06    3.91    0.03   10.99  0.951
   1.554  0.304  5.40    0.00 -100.00    0.00    0.00 -100.00 1.263E+01

   5.014 30.140  2.11    3.93    6.30    3.66    0.02    9.98  0.955
   1.554  0.324  5.27    0.00 -100.00    0.00    0.00 -100.00 1.056E+01

   5.014 31.101  2.24    3.71    5.59    3.43    0.02    9.03  0.957
   1.554  0.345  5.13    0.00 -100.00    0.00    0.00 -100.00 8.860E+00

   5.014 32.036  2.37    3.52    4.89    3.23    0.01    8.13  0.961
   1.554  0.365  5.00    0.00 -100.00    0.00    0.00 -100.00 7.460E+00

   5.014 32.947  2.51    3.34    4.13    3.05    0.01    7.18  0.963
   1.554  0.386  4.87    0.00 -100.00    0.00    0.00 -100.00 6.312E+00

   5.014 33.836  2.64    3.19    3.45    2.89    0.01    6.35  0.965
   1.554  0.406  4.73    0.00 -100.00    0.00    0.00 -100.00 5.328E+00

   5.014 34.705  2.77    3.08    2.98    2.78    0.01    5.77  0.968
   1.554  0.427  4.60    0.00 -100.00    0.00    0.00 -100.00 4.473E+00

   5.014 35.556  2.91    2.97    2.46    2.67    0.01    5.14  0.968
   1.554  0.447  4.47    0.00 -100.00    0.00    0.00 -100.00 3.772E+00

   5.014 36.389  3.04    2.87    1.90    2.56    0.00    4.47  0.969
   1.554  0.468  4.33    0.00 -100.00    0.00    0.00 -100.00 3.191E+00

   5.014 37.206  3.17    2.77    1.23    2.46    0.00    3.69  0.968
   1.554  0.488  4.20    0.00 -100.00    0.00    0.00 -100.00 2.708E+00

   5.014 38.008  3.30    2.71    0.86    2.41    0.00    3.27  0.969
   1.554  0.509  4.07    0.00 -100.00    0.00    0.00 -100.00 2.269E+00

   5.014 38.796  3.44    2.66    0.48    2.35    0.00    2.83  0.968
   1.554  0.529  3.94    0.00 -100.00    0.00    0.00 -100.00 1.906E+00

   5.014 39.570  3.57    2.60    0.03    2.30    0.00    2.33  0.970
   1.554  0.550  3.80    0.00 -100.00    0.00    0.00 -100.00 1.609E+00

   5.014 22.002  1.07    8.23   15.24    8.30    0.27   23.81  0.932
   1.464  0.160  6.47    0.00 -100.00    0.00    0.00 -100.00 4.589E+01

   5.014 23.384  1.21    7.39   13.83    7.34    0.19   21.36  0.930
   1.464  0.181  6.34    0.00 -100.00    0.00    0.00 -100.00 3.614E+01

   5.014 24.692  1.34    6.69   12.56    6.59    0.13   19.28  0.932
   1.464  0.201  6.20    0.00 -100.00    0.00    0.00 -100.00 2.892E+01

   5.014 25.938  1.48    6.11   11.40    5.97    0.10   17.46  0.934
   1.464  0.222  6.06    0.00 -100.00    0.00    0.00 -100.00 2.342E+01

   5.014 27.132  1.62    5.62   10.34    5.45    0.07   15.85  0.938
   1.464  0.242  5.93    0.00 -100.00    0.00    0.00 -100.00 1.915E+01

   5.014 28.278  1.75    5.20    9.35    5.00    0.05   14.41  0.940
   1.464  0.263  5.79    0.00 -100.00    0.00    0.00 -100.00 1.578E+01

   5.014 29.383  1.89    4.85    8.44    4.62    0.04   13.11  0.944
   1.464  0.283  5.65    0.00 -100.00    0.00    0.00 -100.00 1.308E+01

   5.014 30.452  2.03    4.54    7.60    4.30    0.03   11.93  0.948
   1.464  0.304  5.52    0.00 -100.00    0.00    0.00 -100.00 1.090E+01

   5.014 31.488  2.16    4.27    6.82    4.02    0.02   10.86  0.953
   1.464  0.324  5.38    0.00 -100.00    0.00    0.00 -100.00 9.110E+00

   5.014 32.494  2.30    4.04    6.10    3.77    0.02    9.89  0.954
   1.464  0.345  5.24    0.00 -100.00    0.00    0.00 -100.00 7.642E+00

   5.014 33.473  2.43    3.83    5.39    3.55    0.02    8.96  0.958
   1.464  0.365  5.11    0.00 -100.00    0.00    0.00 -100.00 6.429E+00

   5.014 34.427  2.57    3.64    4.67    3.35    0.01    8.03  0.960
   1.464  0.386  4.97    0.00 -100.00    0.00    0.00 -100.00 5.431E+00

   5.014 35.359  2.71    3.46    3.90    3.17    0.01    7.08  0.962
   1.464  0.406  4.83    0.00 -100.00    0.00    0.00 -100.00 4.599E+00

   5.014 36.270  2.84    3.34    3.39    3.04    0.01    6.44  0.965
   1.464  0.427  4.70    0.00 -100.00    0.00    0.00 -100.00 3.862E+00

   5.014 37.161  2.98    3.22    2.91    2.92    0.01    5.84  0.966
   1.464  0.447  4.56    0.00 -100.00    0.00    0.00 -100.00 3.250E+00

   5.014 38.035  3.12    3.11    2.35    2.81    0.01    5.16  0.966
   1.464  0.468  4.42    0.00 -100.00    0.00    0.00 -100.00 2.745E+00

   5.014 38.891  3.25    3.00    1.70    2.70    0.00    4.40  0.967
   1.464  0.488  4.29    0.00 -100.00    0.00    0.00 -100.00 2.327E+00

   5.014 39.733  3.39    2.93    1.23    2.62    0.00    3.85  0.966
   1.464  0.509  4.15    0.00 -100.00    0.00    0.00 -100.00 1.955E+00

   5.014 40.560  3.53    2.87    0.86    2.56    0.00    3.43  0.966
   1.464  0.529  4.01    0.00 -100.00    0.00    0.00 -100.00 1.638E+00

   5.014 41.372  3.66    2.81    0.44    2.51    0.00    2.95  0.968
   1.464  0.550  3.88    0.00 -100.00    0.00    0.00 -100.00 1.379E+00

   5.014 23.010  1.10    8.97   16.05    9.13    0.31   25.48  0.927
   1.374  0.160  6.61    0.00 -100.00    0.00    0.00 -100.00 3.943E+01

   5.014 24.457  1.24    8.06   14.61    8.12    0.21   22.94  0.928
   1.374  0.181  6.47    0.00 -100.00    0.00    0.00 -100.00 3.107E+01

   5.014 25.828  1.38    7.31   13.30    7.29    0.15   20.74  0.928
   1.374  0.201  6.33    0.00 -100.00    0.00    0.00 -100.00 2.486E+01

   5.014 27.134  1.52    6.68   12.11    6.61    0.11   18.83  0.932
   1.374  0.222  6.19    0.00 -100.00    0.00    0.00 -100.00 2.014E+01

   5.014 28.384  1.66    6.15   11.02    6.04    0.08   17.14  0.935
   1.374  0.242  6.05    0.00 -100.00    0.00    0.00 -100.00 1.648E+01

   5.014 29.586  1.80    5.70   10.01    5.55    0.06   15.62  0.938
   1.374  0.263  5.91    0.00 -100.00    0.00    0.00 -100.00 1.358E+01

   5.014 30.744  1.94    5.31    9.07    5.13    0.05   14.25  0.942
   1.374  0.283  5.77    0.00 -100.00    0.00    0.00 -100.00 1.126E+01

   5.014 31.865  2.08    4.98    8.20    4.76    0.03   12.99  0.941
   1.374  0.304  5.63    0.00 -100.00    0.00    0.00 -100.00 9.383E+00

   5.014 32.952  2.22    4.69    7.39    4.47    0.03   11.89  0.949
   1.374  0.324  5.49    0.00 -100.00    0.00    0.00 -100.00 7.847E+00

   5.014 34.007  2.36    4.43    6.64    4.19    0.02   10.85  0.952
   1.374  0.345  5.35    0.00 -100.00    0.00    0.00 -100.00 6.582E+00

   5.014 35.035  2.50    4.20    5.93    3.95    0.02    9.90  0.955
   1.374  0.365  5.21    0.00 -100.00    0.00    0.00 -100.00 5.535E+00

   5.014 36.036  2.64    4.00    5.23    3.73    0.01    8.98  0.958
   1.374  0.386  5.07    0.00 -100.00    0.00    0.00 -100.00 4.669E+00

   5.014 37.015  2.78    3.80    4.45    3.53    0.01    7.99  0.959
   1.374  0.406  4.93    0.00 -100.00    0.00    0.00 -100.00 3.955E+00

   5.014 37.972  2.92    3.66    3.83    3.37    0.01    7.21  0.962
   1.374  0.427  4.79    0.00 -100.00    0.00    0.00 -100.00 3.332E+00

   5.014 38.908  3.06    3.53    3.35    3.24    0.01    6.60  0.963
   1.374  0.447  4.65    0.00 -100.00    0.00    0.00 -100.00 2.799E+00

   5.014 39.826  3.20    3.41    2.82    3.12    0.01    5.94  0.964
   1.374  0.468  4.51    0.00 -100.00    0.00    0.00 -100.00 2.360E+00

   5.014 40.727  3.34    3.30    2.22    3.00    0.01    5.22  0.965
   1.374  0.488  4.37    0.00 -100.00    0.00    0.00 -100.00 1.996E+00

   5.014 41.611  3.48    3.20    1.62    2.90    0.00    4.53  0.966
   1.374  0.509  4.23    0.00 -100.00    0.00    0.00 -100.00 1.684E+00

   5.014 42.481  3.62    3.14    1.27    2.83    0.00    4.11  0.965
   1.374  0.529  4.09    0.00 -100.00    0.00    0.00 -100.00 1.408E+00

   5.014 43.336  3.76    3.07    0.86    2.77    0.00    3.63  0.965
   1.374  0.550  3.95    0.00 -100.00    0.00    0.00 -100.00 1.182E+00

   5.014 23.984  1.12    9.73   16.83   10.03    0.35   27.21  0.926
   1.294  0.160  6.74    0.00 -100.00    0.00    0.00 -100.00 3.438E+01

   5.014 25.494  1.26    8.75   15.37    8.95    0.24   24.57  0.928
   1.294  0.181  6.60    0.00 -100.00    0.00    0.00 -100.00 2.710E+01

   5.014 26.925  1.41    7.95   14.03    8.03    0.17   22.23  0.926
   1.294  0.201  6.45    0.00 -100.00    0.00    0.00 -100.00 2.170E+01

   5.014 28.288  1.55    7.28   12.81    7.30    0.12   20.23  0.930
   1.294  0.222  6.31    0.00 -100.00    0.00    0.00 -100.00 1.758E+01

   5.014 29.594  1.69    6.71   11.68    6.66    0.09   18.43  0.931
   1.294  0.242  6.17    0.00 -100.00    0.00    0.00 -100.00 1.439E+01

   5.014 30.850  1.84    6.22   10.65    6.14    0.07   16.85  0.935
   1.294  0.263  6.03    0.00 -100.00    0.00    0.00 -100.00 1.186E+01

   5.014 32.061  1.98    5.80    9.68    5.69    0.05   15.42  0.940
   1.294  0.283  5.88    0.00 -100.00    0.00    0.00 -100.00 9.838E+00

   5.014 33.232  2.12    5.44    8.79    5.29    0.04   14.12  0.943
   1.294  0.304  5.74    0.00 -100.00    0.00    0.00 -100.00 8.199E+00

   5.014 34.368  2.27    5.12    7.96    4.94    0.03   12.93  0.945
   1.294  0.324  5.60    0.00 -100.00    0.00    0.00 -100.00 6.858E+00

   5.014 35.472  2.41    4.85    7.18    4.64    0.02   11.85  0.949
   1.294  0.345  5.45    0.00 -100.00    0.00    0.00 -100.00 5.753E+00

   5.014 36.546  2.55    4.60    6.46    4.38    0.02   10.86  0.952
   1.294  0.365  5.31    0.00 -100.00    0.00    0.00 -100.00 4.838E+00

   5.014 37.595  2.69    4.38    5.75    4.15    0.02    9.91  0.955
   1.294  0.386  5.17    0.00 -100.00    0.00    0.00 -100.00 4.078E+00

   5.014 38.619  2.84    4.18    5.01    3.92    0.01    8.94  0.957
   1.294  0.406  5.02    0.00 -100.00    0.00    0.00 -100.00 3.450E+00

   5.014 39.620  2.98    3.99    4.28    3.73    0.01    8.02  0.959
   1.294  0.427  4.88    0.00 -100.00    0.00    0.00 -100.00 2.917E+00

   5.014 40.601  3.12    3.86    3.79    3.59    0.01    7.40  0.961
   1.294  0.447  4.74    0.00 -100.00    0.00    0.00 -100.00 2.448E+00

   5.014 41.562  3.27    3.74    3.27    3.46    0.01    6.74  0.964
   1.294  0.468  4.59    0.00 -100.00    0.00    0.00 -100.00 2.061E+00

   5.014 42.506  3.41    3.61    2.70    3.33    0.01    6.03  0.963
   1.294  0.488  4.45    0.00 -100.00    0.00    0.00 -100.00 1.740E+00

   5.014 43.433  3.55    3.49    2.03    3.20    0.00    5.24  0.963
   1.294  0.509  4.31    0.00 -100.00    0.00    0.00 -100.00 1.471E+00

   5.014 44.345  3.70    3.42    1.67    3.13    0.00    4.81  0.963
   1.294  0.529  4.16    0.00 -100.00    0.00    0.00 -100.00 1.229E+00

   5.014 45.242  3.84    3.35    1.26    3.06    0.00    4.32  0.964
   1.294  0.550  4.02    0.00 -100.00    0.00    0.00 -100.00 1.030E+00

   5.014 25.043  1.14   10.61   17.69   11.08    0.39   29.17  0.922
   1.214  0.160  6.87    0.00 -100.00    0.00    0.00 -100.00 2.990E+01

   5.014 26.622  1.29    9.56   16.22    9.94    0.27   26.44  0.927
   1.214  0.181  6.72    0.00 -100.00    0.00    0.00 -100.00 2.358E+01

   5.014 28.119  1.44    8.70   14.83    8.93    0.19   23.95  0.925
   1.214  0.201  6.57    0.00 -100.00    0.00    0.00 -100.00 1.889E+01

   5.014 29.545  1.58    7.98   13.57    8.11    0.14   21.82  0.926
   1.214  0.222  6.43    0.00 -100.00    0.00    0.00 -100.00 1.531E+01

   5.014 30.912  1.73    7.36   12.41    7.42    0.10   19.93  0.928
   1.214  0.242  6.28    0.00 -100.00    0.00    0.00 -100.00 1.253E+01

   5.014 32.226  1.88    6.84   11.35    6.85    0.08   18.27  0.932
   1.214  0.263  6.14    0.00 -100.00    0.00    0.00 -100.00 1.034E+01

   5.014 33.494  2.02    6.38   10.36    6.36    0.06   16.78  0.938
   1.214  0.283  5.99    0.00 -100.00    0.00    0.00 -100.00 8.575E+00

   5.014 34.721  2.17    5.99    9.44    5.90    0.04   15.39  0.938
   1.214  0.304  5.84    0.00 -100.00    0.00    0.00 -100.00 7.148E+00

   5.014 35.911  2.31    5.64    8.57    5.54    0.03   14.14  0.943
   1.214  0.324  5.70    0.00 -100.00    0.00    0.00 -100.00 5.980E+00

   5.014 37.068  2.46    5.34    7.78    5.20    0.03   13.01  0.946
   1.214  0.345  5.55    0.00 -100.00    0.00    0.00 -100.00 5.018E+00

   5.014 38.195  2.61    5.07    7.03    4.91    0.02   11.96  0.948
   1.214  0.365  5.40    0.00 -100.00    0.00    0.00 -100.00 4.219E+00

   5.014 39.294  2.75    4.84    6.32    4.65    0.02   10.99  0.952
   1.214  0.386  5.26    0.00 -100.00    0.00    0.00 -100.00 3.555E+00

   5.014 40.368  2.90    4.61    5.59    4.40    0.01   10.00  0.952
   1.214  0.406  5.11    0.00 -100.00    0.00    0.00 -100.00 3.004E+00

   5.014 41.419  3.04    4.41    4.81    4.18    0.01    9.00  0.956
   1.214  0.427  4.97    0.00 -100.00    0.00    0.00 -100.00 2.545E+00

   5.014 42.449  3.19    4.26    4.27    4.03    0.01    8.31  0.959
   1.214  0.447  4.82    0.00 -100.00    0.00    0.00 -100.00 2.137E+00

   5.014 43.459  3.34    4.13    3.76    3.88    0.01    7.65  0.960
   1.214  0.468  4.67    0.00 -100.00    0.00    0.00 -100.00 1.797E+00

   5.014 44.450  3.48    3.99    3.20    3.73    0.01    6.94  0.961
   1.214  0.488  4.53    0.00 -100.00    0.00    0.00 -100.00 1.515E+00

   5.014 45.424  3.63    3.85    2.53    3.59    0.01    6.12  0.962
   1.214  0.509  4.38    0.00 -100.00    0.00    0.00 -100.00 1.281E+00

   5.014 46.382  3.78    3.77    2.11    3.51    0.00    5.62  0.963
   1.214  0.529  4.24    0.00 -100.00    0.00    0.00 -100.00 1.071E+00

   5.014 47.325  3.92    3.67    1.70    3.42    0.00    5.12  0.962
   1.214  0.550  4.09    0.00 -100.00    0.00    0.00 -100.00 8.961E-01

   5.014 24.304  1.02   12.87   20.14   13.90    0.67   34.70  0.930
   1.144  0.140  7.13    0.00 -100.00    0.00    0.00 -100.00 3.415E+01

   5.014 26.052  1.17   11.50   18.52   12.22    0.45   31.19  0.924
   1.144  0.160  6.98    0.00 -100.00    0.00    0.00 -100.00 2.640E+01

   5.014 27.697  1.31   10.39   17.02   10.92    0.31   28.25  0.923
   1.144  0.181  6.83    0.00 -100.00    0.00    0.00 -100.00 2.083E+01

   5.014 29.256  1.46    9.47   15.60    9.85    0.22   25.66  0.923
   1.144  0.201  6.68    0.00 -100.00    0.00    0.00 -100.00 1.669E+01

   5.014 30.743  1.61    8.69   14.30    8.96    0.16   23.43  0.924
   1.144  0.222  6.53    0.00 -100.00    0.00    0.00 -100.00 1.353E+01

   5.014 32.168  1.76    8.03   13.12    8.23    0.12   21.46  0.927
   1.144  0.242  6.38    0.00 -100.00    0.00    0.00 -100.00 1.108E+01

   5.014 33.539  1.91    7.47   12.02    7.59    0.09   19.70  0.930
   1.144  0.263  6.23    0.00 -100.00    0.00    0.00 -100.00 9.141E+00

   5.014 34.862  2.06    6.98   11.01    7.03    0.07   18.11  0.931
   1.144  0.283  6.08    0.00 -100.00    0.00    0.00 -100.00 7.585E+00

   5.014 36.142  2.21    6.55   10.07    6.56    0.05   16.68  0.935
   1.144  0.304  5.93    0.00 -100.00    0.00    0.00 -100.00 6.325E+00

   5.014 37.384  2.36    6.18    9.19    6.15    0.04   15.38  0.939
   1.144  0.324  5.79    0.00 -100.00    0.00    0.00 -100.00 5.293E+00

   5.014 38.592  2.51    5.86    8.35    5.78    0.03   14.16  0.941
   1.144  0.345  5.64    0.00 -100.00    0.00    0.00 -100.00 4.441E+00

   5.014 39.769  2.65    5.57    7.59    5.47    0.02   13.09  0.946
   1.144  0.365  5.49    0.00 -100.00    0.00    0.00 -100.00 3.735E+00

   5.014 40.918  2.80    5.31    6.86    5.18    0.02   12.06  0.948
   1.144  0.386  5.34    0.00 -100.00    0.00    0.00 -100.00 3.147E+00

   5.014 42.041  2.95    5.07    6.15    4.94    0.02   11.10  0.954
   1.144  0.406  5.19    0.00 -100.00    0.00    0.00 -100.00 2.657E+00

   5.014 43.139  3.10    4.85    5.35    4.67    0.01   10.04  0.953
   1.144  0.427  5.04    0.00 -100.00    0.00    0.00 -100.00 2.251E+00

   5.014 44.216  3.25    4.67    4.73    4.49    0.01    9.24  0.956
   1.144  0.447  4.89    0.00 -100.00    0.00    0.00 -100.00 1.895E+00

   5.014 45.272  3.40    4.53    4.23    4.34    0.01    8.58  0.959
   1.144  0.468  4.74    0.00 -100.00    0.00    0.00 -100.00 1.591E+00

   5.014 46.310  3.55    4.39    3.68    4.17    0.01    7.86  0.958
   1.144  0.488  4.60    0.00 -100.00    0.00    0.00 -100.00 1.340E+00

   5.014 47.329  3.70    4.24    3.02    4.02    0.01    7.04  0.960
   1.144  0.509  4.45    0.00 -100.00    0.00    0.00 -100.00 1.132E+00

   5.014 48.332  3.85    4.14    2.52    3.91    0.01    6.44  0.960
   1.144  0.529  4.30    0.00 -100.00    0.00    0.00 -100.00 9.481E-01

   5.014 49.320  3.99    4.05    2.12    3.81    0.00    5.93  0.960
   1.144  0.550  4.15    0.00 -100.00    0.00    0.00 -100.00 7.921E-01

   5.014 25.326  1.04   13.99   21.00   15.35    0.77   37.12  0.930
   1.074  0.140  7.24    0.00 -100.00    0.00    0.00 -100.00 3.005E+01

   5.014 27.150  1.19   12.53   19.42   13.52    0.51   33.45  0.923
   1.074  0.160  7.09    0.00 -100.00    0.00    0.00 -100.00 2.324E+01

   5.014 28.867  1.34   11.34   17.87   12.09    0.36   30.31  0.920
   1.074  0.181  6.94    0.00 -100.00    0.00    0.00 -100.00 1.835E+01

   5.014 30.495  1.49   10.35   16.43   10.96    0.25   27.64  0.922
   1.074  0.201  6.78    0.00 -100.00    0.00    0.00 -100.00 1.471E+01

   5.014 32.049  1.64    9.52   15.12    9.96    0.18   25.26  0.921
   1.074  0.222  6.63    0.00 -100.00    0.00    0.00 -100.00 1.193E+01

   5.014 33.537  1.79    8.82   13.89    9.15    0.13   23.18  0.922
   1.074  0.242  6.48    0.00 -100.00    0.00    0.00 -100.00 9.771E+00

   5.014 34.970  1.94    8.21   12.77    8.46    0.10   21.33  0.926
   1.074  0.263  6.33    0.00 -100.00    0.00    0.00 -100.00 8.062E+00

   5.014 36.353  2.10    7.68   11.73    7.87    0.07   19.68  0.929
   1.074  0.283  6.18    0.00 -100.00    0.00    0.00 -100.00 6.692E+00

   5.014 37.692  2.25    7.22   10.76    7.35    0.06   18.16  0.932
   1.074  0.304  6.03    0.00 -100.00    0.00    0.00 -100.00 5.581E+00

   5.014 38.992  2.40    6.82    9.85    6.89    0.04   16.79  0.935
   1.074  0.324  5.87    0.00 -100.00    0.00    0.00 -100.00 4.672E+00

   5.014 40.256  2.55    6.47    9.01    6.50    0.03   15.54  0.939
   1.074  0.345  5.72    0.00 -100.00    0.00    0.00 -100.00 3.921E+00

   5.014 41.489  2.70    6.15    8.20    6.16    0.03   14.39  0.944
   1.074  0.365  5.57    0.00 -100.00    0.00    0.00 -100.00 3.298E+00

   5.014 42.692  2.85    5.87    7.46    5.84    0.02   13.32  0.946
   1.074  0.386  5.42    0.00 -100.00    0.00    0.00 -100.00 2.778E+00

   5.014 43.868  3.01    5.62    6.74    5.55    0.02   12.31  0.948
   1.074  0.406  5.27    0.00 -100.00    0.00    0.00 -100.00 2.345E+00

   5.014 45.019  3.16    5.37    5.96    5.28    0.01   11.25  0.950
   1.074  0.427  5.12    0.00 -100.00    0.00    0.00 -100.00 1.985E+00

   5.014 46.148  3.31    5.17    5.25    5.05    0.01   10.31  0.951
   1.074  0.447  4.97    0.00 -100.00    0.00    0.00 -100.00 1.676E+00

   5.014 47.256  3.46    5.02    4.75    4.89    0.01    9.64  0.955
   1.074  0.468  4.81    0.00 -100.00    0.00    0.00 -100.00 1.405E+00

   5.014 48.345  3.61    4.86    4.19    4.72    0.01    8.92  0.957
   1.074  0.488  4.66    0.00 -100.00    0.00    0.00 -100.00 1.182E+00

   5.014 49.415  3.76    4.71    3.56    4.54    0.01    8.11  0.958
   1.074  0.509  4.51    0.00 -100.00    0.00    0.00 -100.00 9.977E-01

   5.014 50.468  3.91    4.58    2.98    4.41    0.01    7.40  0.959
   1.074  0.529  4.36    0.00 -100.00    0.00    0.00 -100.00 8.374E-01

   5.014 51.506  4.07    4.49    2.58    4.31    0.01    6.90  0.960
   1.074  0.550  4.21    0.00 -100.00    0.00    0.00 -100.00 6.987E-01

   5.014 26.445  1.05   15.29   21.92   17.01    0.88   39.82  0.928
   1.004  0.140  7.35    0.00 -100.00    0.00    0.00 -100.00 2.635E+01

   5.014 28.353  1.21   13.73   20.42   15.05    0.60   36.06  0.922
   1.004  0.160  7.20    0.00 -100.00    0.00    0.00 -100.00 2.040E+01

   5.014 30.149  1.36   12.45   18.82   13.50    0.41   32.73  0.919
   1.004  0.181  7.04    0.00 -100.00    0.00    0.00 -100.00 1.611E+01

   5.014 31.854  1.52   11.39   17.37   12.26    0.29   29.92  0.920
   1.004  0.201  6.89    0.00 -100.00    0.00    0.00 -100.00 1.292E+01

   5.014 33.480  1.67   10.50   16.01   11.15    0.21   27.37  0.917
   1.004  0.222  6.73    0.00 -100.00    0.00    0.00 -100.00 1.048E+01

   5.014 35.040  1.82    9.74   14.75   10.27    0.15   25.18  0.919
   1.004  0.242  6.58    0.00 -100.00    0.00    0.00 -100.00 8.588E+00

   5.014 36.541  1.98    9.08   13.60    9.54    0.11   23.25  0.923
   1.004  0.263  6.43    0.00 -100.00    0.00    0.00 -100.00 7.089E+00

   5.014 37.991  2.13    8.51   12.53    8.88    0.09   21.50  0.926
   1.004  0.283  6.27    0.00 -100.00    0.00    0.00 -100.00 5.886E+00

   5.014 39.395  2.29    8.02   11.53    8.31    0.07   19.90  0.929
   1.004  0.304  6.12    0.00 -100.00    0.00    0.00 -100.00 4.910E+00

   5.014 40.758  2.44    7.58   10.57    7.79    0.05   18.42  0.930
   1.004  0.324  5.96    0.00 -100.00    0.00    0.00 -100.00 4.111E+00

   5.014 42.085  2.60    7.20    9.72    7.35    0.04   17.11  0.933
   1.004  0.345  5.81    0.00 -100.00    0.00    0.00 -100.00 3.451E+00

   5.014 43.379  2.75    6.85    8.90    6.97    0.03   15.91  0.938
   1.004  0.365  5.66    0.00 -100.00    0.00    0.00 -100.00 2.903E+00

   5.014 44.643  2.90    6.55    8.12    6.63    0.02   14.78  0.942
   1.004  0.386  5.50    0.00 -100.00    0.00    0.00 -100.00 2.445E+00

   5.014 45.879  3.06    6.27    7.39    6.32    0.02   13.73  0.945
   1.004  0.406  5.35    0.00 -100.00    0.00    0.00 -100.00 2.063E+00

   5.014 47.089  3.21    6.01    6.63    6.04    0.02   12.68  0.948
   1.004  0.427  5.19    0.00 -100.00    0.00    0.00 -100.00 1.745E+00

   5.014 48.276  3.37    5.77    5.83    5.77    0.01   11.62  0.951
   1.004  0.447  5.04    0.00 -100.00    0.00    0.00 -100.00 1.477E+00

   5.014 49.442  3.52    5.61    5.32    5.57    0.01   10.89  0.951
   1.004  0.468  4.88    0.00 -100.00    0.00    0.00 -100.00 1.238E+00

   5.014 50.588  3.68    5.44    4.76    5.40    0.01   10.17  0.956
   1.004  0.488  4.73    0.00 -100.00    0.00    0.00 -100.00 1.041E+00

   5.014 51.715  3.83    5.27    4.14    5.21    0.01    9.36  0.957
   1.004  0.509  4.58    0.00 -100.00    0.00    0.00 -100.00 8.768E-01

   5.014 52.825  3.98    5.12    3.50    5.04    0.01    8.54  0.957
   1.004  0.529  4.42    0.00 -100.00    0.00    0.00 -100.00 7.376E-01

   5.014 53.919  4.14    5.02    3.09    4.92    0.01    8.02  0.957
   1.004  0.550  4.27    0.00 -100.00    0.00    0.00 -100.00 6.146E-01

   5.014 27.495  1.07   16.57   22.75   18.76    1.01   42.52  0.930
   0.944  0.140  7.45    0.00 -100.00    0.00    0.00 -100.00 2.348E+01

   5.014 29.482  1.23   14.91   21.32   16.65    0.68   38.65  0.923
   0.944  0.160  7.29    0.00 -100.00    0.00    0.00 -100.00 1.818E+01

   5.014 31.354  1.38   13.56   19.73   14.92    0.47   35.11  0.918
   0.944  0.181  7.14    0.00 -100.00    0.00    0.00 -100.00 1.436E+01

   5.014 33.130  1.54   12.43   18.24   13.55    0.33   32.12  0.917
   0.944  0.201  6.98    0.00 -100.00    0.00    0.00 -100.00 1.152E+01

   5.014 34.826  1.70   11.47   16.86   12.42    0.24   29.52  0.918
   0.944  0.222  6.82    0.00 -100.00    0.00    0.00 -100.00 9.354E+00

   5.014 36.452  1.85   10.66   15.57   11.43    0.17   27.17  0.917
   0.944  0.242  6.67    0.00 -100.00    0.00    0.00 -100.00 7.666E+00

   5.014 38.019  2.01    9.96   14.39   10.60    0.13   25.12  0.919
   0.944  0.263  6.51    0.00 -100.00    0.00    0.00 -100.00 6.329E+00

   5.014 39.532  2.17    9.35   13.29    9.90    0.10   23.28  0.922
   0.944  0.283  6.35    0.00 -100.00    0.00    0.00 -100.00 5.256E+00

   5.014 40.998  2.32    8.82   12.26    9.30    0.07   21.63  0.926
   0.944  0.304  6.20    0.00 -100.00    0.00    0.00 -100.00 4.386E+00

   5.014 42.422  2.48    8.35   11.30    8.74    0.06   20.10  0.928
   0.944  0.324  6.04    0.00 -100.00    0.00    0.00 -100.00 3.673E+00

   5.014 43.809  2.63    7.94   10.40    8.26    0.04   18.71  0.931
   0.944  0.345  5.88    0.00 -100.00    0.00    0.00 -100.00 3.084E+00

   5.014 45.161  2.79    7.57    9.56    7.84    0.04   17.43  0.934
   0.944  0.365  5.73    0.00 -100.00    0.00    0.00 -100.00 2.594E+00

   5.014 46.483  2.95    7.24    8.77    7.47    0.03   16.27  0.938
   0.944  0.386  5.57    0.00 -100.00    0.00    0.00 -100.00 2.186E+00

   5.014 47.776  3.10    6.95    8.01    7.14    0.02   15.17  0.943
   0.944  0.406  5.41    0.00 -100.00    0.00    0.00 -100.00 1.844E+00

   5.014 49.043  3.26    6.67    7.26    6.81    0.02   14.09  0.943
   0.944  0.427  5.26    0.00 -100.00    0.00    0.00 -100.00 1.558E+00

   5.014 50.286  3.42    6.40    6.42    6.52    0.02   12.95  0.947
   0.944  0.447  5.10    0.00 -100.00    0.00    0.00 -100.00 1.320E+00

   5.014 51.507  3.57    6.22    5.85    6.31    0.01   12.18  0.950
   0.944  0.468  4.94    0.00 -100.00    0.00    0.00 -100.00 1.108E+00

   5.014 52.708  3.73    6.04    5.30    6.10    0.01   11.42  0.952
   0.944  0.488  4.79    0.00 -100.00    0.00    0.00 -100.00 9.302E-01

   5.014 53.890  3.89    5.86    4.69    5.91    0.01   10.61  0.955
   0.944  0.509  4.63    0.00 -100.00    0.00    0.00 -100.00 7.830E-01

   5.014 55.054  4.04    5.69    4.00    5.72    0.01    9.73  0.957
   0.944  0.529  4.47    0.00 -100.00    0.00    0.00 -100.00 6.593E-01

   5.014 56.202  4.20    5.58    3.58    5.60    0.01    9.18  0.957
   0.944  0.550  4.32    0.00 -100.00    0.00    0.00 -100.00 5.491E-01

   5.014 28.446  1.08   17.78   23.49   20.41    1.13   45.04  0.930
   0.894  0.140  7.53    0.00 -100.00    0.00    0.00 -100.00 2.126E+01

   5.014 30.505  1.24   16.03   22.13   18.14    0.77   41.04  0.923
   0.894  0.160  7.37    0.00 -100.00    0.00    0.00 -100.00 1.647E+01

   5.014 32.445  1.40   14.60   20.55   16.30    0.53   37.38  0.917
   0.894  0.181  7.21    0.00 -100.00    0.00    0.00 -100.00 1.302E+01

   5.014 34.287  1.56   13.41   19.03   14.81    0.37   34.21  0.915
   0.894  0.201  7.05    0.00 -100.00    0.00    0.00 -100.00 1.045E+01

   5.014 36.046  1.72   12.41   17.62   13.62    0.27   31.52  0.917
   0.894  0.222  6.90    0.00 -100.00    0.00    0.00 -100.00 8.485E+00

   5.014 37.733  1.87   11.55   16.32   12.56    0.20   29.08  0.916
   0.894  0.242  6.74    0.00 -100.00    0.00    0.00 -100.00 6.956E+00

   5.014 39.359  2.03   10.81   15.11   11.68    0.15   26.93  0.917
   0.894  0.263  6.58    0.00 -100.00    0.00    0.00 -100.00 5.744E+00

   5.014 40.930  2.19   10.16   13.98   10.86    0.11   24.96  0.915
   0.894  0.283  6.42    0.00 -100.00    0.00    0.00 -100.00 4.772E+00

   5.014 42.453  2.35    9.60   12.93   10.27    0.08   23.28  0.923
   0.894  0.304  6.26    0.00 -100.00    0.00    0.00 -100.00 3.982E+00

   5.014 43.933  2.51    9.10   11.95    9.67    0.06   21.68  0.925
   0.894  0.324  6.10    0.00 -100.00    0.00    0.00 -100.00 3.335E+00

   5.014 45.374  2.67    8.66   11.01    9.17    0.05   20.23  0.929
   0.894  0.345  5.94    0.00 -100.00    0.00    0.00 -100.00 2.801E+00

   5.014 46.780  2.83    8.27   10.17    8.70    0.04   18.90  0.931
   0.894  0.365  5.79    0.00 -100.00    0.00    0.00 -100.00 2.357E+00

   5.014 48.155  2.98    7.92    9.35    8.30    0.03   17.68  0.934
   0.894  0.386  5.63    0.00 -100.00    0.00    0.00 -100.00 1.986E+00

   5.014 49.501  3.14    7.61    8.58    7.94    0.03   16.55  0.939
   0.894  0.406  5.47    0.00 -100.00    0.00    0.00 -100.00 1.675E+00

   5.014 50.820  3.30    7.31    7.81    7.62    0.02   15.45  0.944
   0.894  0.427  5.31    0.00 -100.00    0.00    0.00 -100.00 1.415E+00

   5.014 52.115  3.46    7.02    6.97    7.28    0.02   14.27  0.945
   0.894  0.447  5.15    0.00 -100.00    0.00    0.00 -100.00 1.199E+00

   5.014 53.387  3.62    6.82    6.35    7.05    0.01   13.41  0.949
   0.894  0.468  4.99    0.00 -100.00    0.00    0.00 -100.00 1.007E+00

   5.014 54.639  3.78    6.63    5.80    6.83    0.01   12.64  0.950
   0.894  0.488  4.84    0.00 -100.00    0.00    0.00 -100.00 8.452E-01

   5.014 55.872  3.94    6.44    5.18    6.62    0.01   11.81  0.953
   0.894  0.509  4.68    0.00 -100.00    0.00    0.00 -100.00 7.109E-01

   5.014 57.087  4.09    6.25    4.49    6.41    0.01   10.91  0.955
   0.894  0.529  4.52    0.00 -100.00    0.00    0.00 -100.00 5.989E-01

   5.014 58.286  4.25    6.13    4.03    6.28    0.01   10.32  0.957
   0.894  0.550  4.36    0.00 -100.00    0.00    0.00 -100.00 4.988E-01

   5.014 29.693  1.10   19.43   24.44   22.66    1.31   48.41  0.929
   0.834  0.140  7.63    0.00 -100.00    0.00    0.00 -100.00 1.881E+01

   5.014 31.846  1.26   17.57   23.14   20.25    0.90   44.28  0.924
   0.834  0.160  7.47    0.00 -100.00    0.00    0.00 -100.00 1.458E+01

   5.014 33.876  1.42   16.04   21.62   18.25    0.62   40.49  0.918
   0.834  0.181  7.30    0.00 -100.00    0.00    0.00 -100.00 1.153E+01

   5.014 35.805  1.58   14.77   20.07   16.59    0.44   37.10  0.913
   0.834  0.201  7.14    0.00 -100.00    0.00    0.00 -100.00 9.259E+00

   5.014 37.647  1.74   13.69   18.64   15.31    0.32   34.27  0.915
   0.834  0.222  6.98    0.00 -100.00    0.00    0.00 -100.00 7.522E+00

   5.014 39.416  1.90   12.78   17.31   14.15    0.23   31.69  0.914
   0.834  0.242  6.82    0.00 -100.00    0.00    0.00 -100.00 6.169E+00

   5.014 41.120  2.06   11.98   16.07   13.17    0.17   29.41  0.913
   0.834  0.263  6.66    0.00 -100.00    0.00    0.00 -100.00 5.096E+00

   5.014 42.768  2.22   11.30   14.91   12.34    0.13   27.37  0.915
   0.834  0.283  6.50    0.00 -100.00    0.00    0.00 -100.00 4.234E+00

   5.014 44.367  2.38   10.69   13.82   11.62    0.10   25.54  0.917
   0.834  0.304  6.34    0.00 -100.00    0.00    0.00 -100.00 3.534E+00

   5.014 45.921  2.55   10.16   12.81   11.00    0.08   23.89  0.921
   0.834  0.324  6.18    0.00 -100.00    0.00    0.00 -100.00 2.961E+00

   5.014 47.435  2.71    9.69   11.86   10.44    0.06   22.36  0.925
   0.834  0.345  6.02    0.00 -100.00    0.00    0.00 -100.00 2.487E+00

   5.014 48.913  2.87    9.26   10.97    9.94    0.05   20.96  0.927
   0.834  0.365  5.86    0.00 -100.00    0.00    0.00 -100.00 2.093E+00

   5.014 50.359  3.03    8.89   10.13    9.50    0.04   19.67  0.931
   0.834  0.386  5.70    0.00 -100.00    0.00    0.00 -100.00 1.763E+00

   5.014 51.775  3.19    8.55    9.33    9.09    0.03   18.45  0.932
   0.834  0.406  5.54    0.00 -100.00    0.00    0.00 -100.00 1.487E+00

   5.014 53.165  3.35    8.23    8.56    8.75    0.02   17.34  0.939
   0.834  0.427  5.38    0.00 -100.00    0.00    0.00 -100.00 1.256E+00

   5.014 54.529  3.51    7.92    7.73    8.40    0.02   16.15  0.942
   0.834  0.447  5.21    0.00 -100.00    0.00    0.00 -100.00 1.064E+00

   5.014 55.870  3.67    7.65    7.01    8.13    0.02   15.15  0.945
   0.834  0.468  5.05    0.00 -100.00    0.00    0.00 -100.00 8.957E-01

   5.014 57.191  3.83    7.48    6.46    7.88    0.01   14.35  0.946
   0.834  0.488  4.89    0.00 -100.00    0.00    0.00 -100.00 7.509E-01

   5.014 58.492  3.99    7.28    5.84    7.66    0.01   13.52  0.950
   0.834  0.509  4.73    0.00 -100.00    0.00    0.00 -100.00 6.311E-01

   5.014 59.776  4.15    7.07    5.12    7.44    0.01   12.57  0.953
   0.834  0.529  4.57    0.00 -100.00    0.00    0.00 -100.00 5.316E-01

   5.014 61.043  4.31    6.94    4.63    7.28    0.01   11.92  0.955
   0.834  0.550  4.41    0.00 -100.00    0.00    0.00 -100.00 4.431E-01

   5.014 31.322  1.12   21.68   25.64   25.88    1.59   53.11  0.931
   0.764  0.140  7.74    0.00 -100.00    0.00    0.00 -100.00 1.622E+01

   5.014 33.600  1.28   19.67   24.38   23.16    1.09   48.63  0.923
   0.764  0.160  7.58    0.00 -100.00    0.00    0.00 -100.00 1.258E+01

   5.014 35.749  1.44   18.02   23.00   20.97    0.76   44.73  0.917
   0.764  0.181  7.41    0.00 -100.00    0.00    0.00 -100.00 9.951E+00

   5.014 37.792  1.61   16.65   21.44   19.15    0.54   41.13  0.913
   0.764  0.201  7.25    0.00 -100.00    0.00    0.00 -100.00 7.994E+00

   5.014 39.744  1.77   15.49   19.98   17.63    0.39   38.00  0.909
   0.764  0.222  7.09    0.00 -100.00    0.00    0.00 -100.00 6.499E+00

   5.014 41.620  1.93   14.49   18.61   16.44    0.28   35.33  0.912
   0.764  0.242  6.92    0.00 -100.00    0.00    0.00 -100.00 5.331E+00

   5.014 43.429  2.10   13.64   17.33   15.34    0.21   32.88  0.910
   0.764  0.263  6.76    0.00 -100.00    0.00    0.00 -100.00 4.406E+00

   5.014 45.180  2.26   12.89   16.13   14.41    0.16   30.70  0.911
   0.764  0.283  6.59    0.00 -100.00    0.00    0.00 -100.00 3.662E+00

   5.014 46.879  2.42   12.24   15.01   13.63    0.12   28.76  0.914
   0.764  0.304  6.43    0.00 -100.00    0.00    0.00 -100.00 3.058E+00

   5.014 48.532  2.59   11.61   13.96   12.90    0.09   26.96  0.915
   0.764  0.324  6.27    0.00 -100.00    0.00    0.00 -100.00 2.562E+00

   5.014 50.144  2.75   11.15   12.97   12.27    0.07   25.32  0.917
   0.764  0.345  6.10    0.00 -100.00    0.00    0.00 -100.00 2.152E+00

   5.014 51.719  2.91   10.69   12.05   11.74    0.06   23.85  0.921
   0.764  0.365  5.94    0.00 -100.00    0.00    0.00 -100.00 1.812E+00

   5.014 53.260  3.08   10.28   11.17   11.28    0.05   22.49  0.926
   0.764  0.386  5.78    0.00 -100.00    0.00    0.00 -100.00 1.527E+00

   5.014 54.771  3.24    9.91   10.34   10.83    0.04   21.21  0.929
   0.764  0.406  5.61    0.00 -100.00    0.00    0.00 -100.00 1.288E+00

   5.014 56.255  3.41    9.56    9.54   10.43    0.03   20.00  0.932
   0.764  0.427  5.45    0.00 -100.00    0.00    0.00 -100.00 1.087E+00

   5.014 57.713  3.57    9.23    8.70   10.08    0.02   18.80  0.938
   0.764  0.447  5.29    0.00 -100.00    0.00    0.00 -100.00 9.200E-01

   5.014 59.148  3.73    8.94    7.90    9.74    0.02   17.65  0.941
   0.764  0.468  5.12    0.00 -100.00    0.00    0.00 -100.00 7.767E-01

   5.014 60.562  3.90    8.74    7.33    9.50    0.02   16.85  0.943
   0.764  0.488  4.96    0.00 -100.00    0.00    0.00 -100.00 6.506E-01

   5.014 61.956  4.06    8.52    6.71    9.25    0.02   15.97  0.946
   0.764  0.509  4.80    0.00 -100.00    0.00    0.00 -100.00 5.464E-01

   5.014 63.333  4.22    8.29    5.99    8.97    0.01   14.98  0.947
   0.764  0.529  4.63    0.00 -100.00    0.00    0.00 -100.00 4.598E-01

   5.014 64.693  4.39    8.12    5.45    8.81    0.01   14.27  0.952
   0.764  0.550  4.47    0.00 -100.00    0.00    0.00 -100.00 3.838E-01

  0.000 0.000  0.000 .000  0.00  0.00  0.00  0.00  0.00  0.00 0.000
                           0.00  0.00  0.00  0.00  0.00  0.00 0.000E+00

