                                           ************ internal ***************  +++++++ internal  + external ++++++++
    E        Ep      Th       s_born       s_rad        s_elas       s_dis        s_rad        s_elas       s_dis
    5.0140   2.8140  15.3076  0.23921E+05  0.25070E+05  0.19300E+00  0.24664E+05  0.25070E+05  0.19300E+00  0.24664E+05
    5.0140   2.8140  15.9455  0.19695E+05  0.20446E+05  0.77552E-01  0.20134E+05  0.20446E+05  0.77552E-01  0.20134E+05
    5.0140   2.8140  16.5595  0.16302E+05  0.16775E+05  0.31460E-01  0.16532E+05  0.16775E+05  0.31460E-01  0.16532E+05
    5.0140   2.8140  17.1521  0.13547E+05  0.13827E+05  0.12836E-01  0.13633E+05  0.13827E+05  0.12836E-01  0.13633E+05
    5.0140   2.8140  17.7255  0.11288E+05  0.11435E+05  0.52509E-02  0.11278E+05  0.11435E+05  0.52509E-02  0.11278E+05
    5.0140   2.8140  18.2815  0.94242E+04  0.94797E+04  0.21482E-02  0.93512E+04  0.94797E+04  0.21482E-02  0.93512E+04
    5.0140   2.8140  18.8216  0.78823E+04  0.78756E+04  0.87712E-03  0.77696E+04  0.78756E+04  0.87712E-03  0.77696E+04
    5.0140   2.8140  19.3472  0.65978E+04  0.65512E+04  0.35675E-03  0.64631E+04  0.65512E+04  0.35675E-03  0.64631E+04
    5.0140   2.8140  19.8594  0.55296E+04  0.54575E+04  0.14434E-03  0.53836E+04  0.54575E+04  0.14434E-03  0.53836E+04
    5.0140   2.8140  20.3592  0.46386E+04  0.45526E+04  0.58027E-04  0.44887E+04  0.45526E+04  0.58027E-04  0.44887E+04
    5.0140   2.8140  20.8475  0.38944E+04  0.38019E+04  0.23152E-04  0.37457E+04  0.38019E+04  0.23152E-04  0.37457E+04
    5.0140   2.8140  21.3251  0.32701E+04  0.31763E+04  0.91596E-05  0.31262E+04  0.31763E+04  0.91596E-05  0.31262E+04
    5.0140   2.8140  21.7927  0.27465E+04  0.26547E+04  0.35908E-05  0.26093E+04  0.26547E+04  0.35908E-05  0.26093E+04
    5.0140   2.8140  22.2510  0.23065E+04  0.22189E+04  0.13938E-05  0.21773E+04  0.22189E+04  0.13938E-05  0.21773E+04
    5.0140   2.8140  22.7005  0.19363E+04  0.18542E+04  0.53544E-06  0.18158E+04  0.18542E+04  0.53544E-06  0.18158E+04
    5.0140   2.8140  23.1417  0.16228E+04  0.15475E+04  0.20350E-06  0.15115E+04  0.15475E+04  0.20350E-06  0.15115E+04
    5.0140   2.5640  16.1978  0.18262E+05  0.19588E+05  0.37707E+00  0.19244E+05  0.19588E+05  0.37707E+00  0.19244E+05
    5.0140   2.5640  16.9345  0.14879E+05  0.15796E+05  0.14750E+00  0.15537E+05  0.15796E+05  0.14750E+00  0.15537E+05
    5.0140   2.5640  17.6412  0.12215E+05  0.12843E+05  0.58511E-01  0.12644E+05  0.12843E+05  0.58511E-01  0.12644E+05
    5.0140   2.5640  18.3215  0.10082E+05  0.10506E+05  0.23422E-01  0.10351E+05  0.10506E+05  0.23422E-01  0.10351E+05
    5.0140   2.5640  18.9783  0.83539E+04  0.86328E+04  0.94246E-02  0.85106E+04  0.86328E+04  0.94246E-02  0.85106E+04
    5.0140   2.5640  19.6139  0.69427E+04  0.71193E+04  0.38005E-02  0.70211E+04  0.71193E+04  0.38005E-02  0.70211E+04
    5.0140   2.5640  20.2303  0.57817E+04  0.58862E+04  0.15319E-02  0.58066E+04  0.58862E+04  0.15319E-02  0.58066E+04
    5.0140   2.5640  20.8291  0.48226E+04  0.48767E+04  0.61600E-03  0.48116E+04  0.48767E+04  0.61600E-03  0.48116E+04
    5.0140   2.5640  21.4120  0.40274E+04  0.40466E+04  0.24657E-03  0.39930E+04  0.40466E+04  0.24657E-03  0.39930E+04
    5.0140   2.5640  21.9801  0.33665E+04  0.33622E+04  0.98124E-04  0.33178E+04  0.33622E+04  0.98124E-04  0.33178E+04
    5.0140   2.5640  22.5346  0.28174E+04  0.27977E+04  0.38768E-04  0.27602E+04  0.27977E+04  0.38768E-04  0.27602E+04
    5.0140   2.5640  23.0765  0.23595E+04  0.23303E+04  0.15190E-04  0.22979E+04  0.23303E+04  0.15190E-04  0.22979E+04
    5.0140   2.5640  23.6065  0.19772E+04  0.19426E+04  0.58983E-05  0.19143E+04  0.19426E+04  0.58983E-05  0.19143E+04
    5.0140   2.5640  24.1256  0.16576E+04  0.16203E+04  0.22673E-05  0.15952E+04  0.16203E+04  0.22673E-05  0.15952E+04
    5.0140   2.5640  24.6344  0.13898E+04  0.13518E+04  0.86235E-06  0.13294E+04  0.13518E+04  0.86235E-06  0.13294E+04
    5.0140   2.5640  25.1336  0.11643E+04  0.11272E+04  0.32430E-06  0.11068E+04  0.11272E+04  0.32430E-06  0.11068E+04
    5.0140   2.5640  25.6236  0.97478E+03  0.93940E+03  0.12057E-06  0.92067E+03  0.93940E+03  0.12057E-06  0.92067E+03
    5.0140   2.3540  16.7857  0.15510E+05  0.17019E+05  0.81710E+00  0.16682E+05  0.17019E+05  0.81710E+00  0.16682E+05
    5.0140   2.3540  17.6253  0.12482E+05  0.13544E+05  0.31057E+00  0.13294E+05  0.13544E+05  0.31057E+00  0.13294E+05
    5.0140   2.3540  18.4279  0.10145E+05  0.10893E+05  0.12034E+00  0.10705E+05  0.10893E+05  0.12034E+00  0.10705E+05
    5.0140   2.3540  19.1981  0.83088E+04  0.88346E+04  0.47261E-01  0.86909E+04  0.88346E+04  0.47261E-01  0.86909E+04
    5.0140   2.3540  19.9396  0.68438E+04  0.72103E+04  0.18726E-01  0.70990E+04  0.72103E+04  0.18726E-01  0.70990E+04
    5.0140   2.3540  20.6556  0.56605E+04  0.59128E+04  0.74556E-02  0.58252E+04  0.59128E+04  0.74556E-02  0.58252E+04
    5.0140   2.3540  21.3486  0.46952E+04  0.48658E+04  0.29738E-02  0.47958E+04  0.48658E+04  0.29738E-02  0.47958E+04
    5.0140   2.3540  22.0208  0.39027E+04  0.40148E+04  0.11852E-02  0.39585E+04  0.40148E+04  0.11852E-02  0.39585E+04
    5.0140   2.3540  22.6740  0.32493E+04  0.33196E+04  0.47098E-03  0.32738E+04  0.33196E+04  0.47098E-03  0.32738E+04
    5.0140   2.3540  23.3099  0.27083E+04  0.27491E+04  0.18625E-03  0.27117E+04  0.27491E+04  0.18625E-03  0.27117E+04
    5.0140   2.3540  23.9298  0.22600E+04  0.22799E+04  0.73186E-04  0.22491E+04  0.22799E+04  0.73186E-04  0.22491E+04
    5.0140   2.3540  24.5349  0.18877E+04  0.18933E+04  0.28541E-04  0.18676E+04  0.18933E+04  0.28541E-04  0.18676E+04
    5.0140   2.3540  25.1263  0.15782E+04  0.15742E+04  0.11033E-04  0.15524E+04  0.15742E+04  0.11033E-04  0.15524E+04
    5.0140   2.3540  25.7050  0.13199E+04  0.13096E+04  0.42238E-05  0.12908E+04  0.13096E+04  0.42238E-05  0.12908E+04
    5.0140   2.3540  26.2718  0.11046E+04  0.10904E+04  0.16001E-05  0.10740E+04  0.10904E+04  0.16001E-05  0.10740E+04
    5.0140   2.3540  26.8275  0.92454E+03  0.90801E+03  0.59935E-06  0.89362E+03  0.90801E+03  0.59935E-06  0.89362E+03
    5.0140   2.3540  27.3727  0.77344E+03  0.75591E+03  0.22189E-06  0.74308E+03  0.75591E+03  0.22189E-06  0.74308E+03
    5.0140   2.3540  27.9081  0.64635E+03  0.62879E+03  0.81138E-07  0.61721E+03  0.62879E+03  0.81138E-07  0.61721E+03
    5.0140   2.1940  17.9111  0.11711E+05  0.12975E+05  0.71756E+00  0.12704E+05  0.12975E+05  0.71756E+00  0.12704E+05
    5.0140   2.1940  18.8081  0.94094E+04  0.10306E+05  0.27088E+00  0.10106E+05  0.10306E+05  0.27088E+00  0.10106E+05
    5.0140   2.1940  19.6655  0.76363E+04  0.82755E+04  0.10425E+00  0.81242E+04  0.82755E+04  0.10425E+00  0.81242E+04
    5.0140   2.1940  20.4885  0.62449E+04  0.67003E+04  0.40651E-01  0.65847E+04  0.67003E+04  0.40651E-01  0.65847E+04
    5.0140   2.1940  21.2810  0.51368E+04  0.54598E+04  0.15988E-01  0.53704E+04  0.54598E+04  0.15988E-01  0.53704E+04
    5.0140   2.1940  22.0463  0.42430E+04  0.44706E+04  0.63175E-02  0.44004E+04  0.44706E+04  0.63175E-02  0.44004E+04
    5.0140   2.1940  22.7871  0.35153E+04  0.36740E+04  0.25003E-02  0.36182E+04  0.36740E+04  0.25003E-02  0.36182E+04
    5.0140   2.1940  23.5058  0.29184E+04  0.30273E+04  0.98849E-03  0.29825E+04  0.30273E+04  0.98849E-03  0.29825E+04
    5.0140   2.1940  24.2044  0.24268E+04  0.24997E+04  0.38950E-03  0.24635E+04  0.24997E+04  0.38950E-03  0.24635E+04
    5.0140   2.1940  24.8844  0.20204E+04  0.20675E+04  0.15272E-03  0.20379E+04  0.20675E+04  0.15272E-03  0.20379E+04
    5.0140   2.1940  25.5476  0.16839E+04  0.17124E+04  0.59473E-04  0.16882E+04  0.17124E+04  0.59473E-04  0.16882E+04
    5.0140   2.1940  26.1950  0.14048E+04  0.14201E+04  0.22979E-04  0.14001E+04  0.14201E+04  0.22979E-04  0.14001E+04
    5.0140   2.1940  26.8279  0.11728E+04  0.11790E+04  0.87977E-05  0.11622E+04  0.11790E+04  0.87977E-05  0.11622E+04
    5.0140   2.1940  27.4473  0.97994E+03  0.97975E+03  0.33344E-05  0.96548E+03  0.97975E+03  0.33344E-05  0.96548E+03
    5.0140   2.1940  28.0540  0.81906E+03  0.81462E+03  0.12502E-05  0.80234E+03  0.81462E+03  0.12502E-05  0.80234E+03
    5.0140   2.1940  28.6489  0.68439E+03  0.67728E+03  0.46334E-06  0.66660E+03  0.67728E+03  0.46334E-06  0.66660E+03
    5.0140   2.1940  29.2327  0.57192E+03  0.56316E+03  0.16964E-06  0.55376E+03  0.56316E+03  0.16964E-06  0.55376E+03
    5.0140   2.1940  29.8061  0.47729E+03  0.46778E+03  0.61322E-07  0.45942E+03  0.46778E+03  0.61322E-07  0.45942E+03
    5.0140   2.0540  17.9753  0.11600E+05  0.13135E+05  0.17635E+01  0.12820E+05  0.13135E+05  0.17635E+01  0.12820E+05
    5.0140   2.0540  18.9749  0.91917E+04  0.10277E+05  0.64483E+00  0.10049E+05  0.10277E+05  0.64483E+00  0.10049E+05
    5.0140   2.0540  19.9261  0.73774E+04  0.81531E+04  0.24211E+00  0.79836E+04  0.81531E+04  0.24211E+00  0.79836E+04
    5.0140   2.0540  20.8356  0.59809E+04  0.65378E+04  0.92636E-01  0.64101E+04  0.65378E+04  0.92636E-01  0.64101E+04
    5.0140   2.0540  21.7087  0.48861E+04  0.52865E+04  0.35908E-01  0.51890E+04  0.52865E+04  0.35908E-01  0.51890E+04
    5.0140   2.0540  22.5496  0.40149E+04  0.43026E+04  0.14035E-01  0.42272E+04  0.43026E+04  0.14035E-01  0.42272E+04
    5.0140   2.0540  23.3617  0.33133E+04  0.35191E+04  0.55108E-02  0.34601E+04  0.35191E+04  0.55108E-02  0.34601E+04
    5.0140   2.0540  24.1480  0.27425E+04  0.28889E+04  0.21667E-02  0.28420E+04  0.28889E+04  0.21667E-02  0.28420E+04
    5.0140   2.0540  24.9110  0.22749E+04  0.23779E+04  0.85074E-03  0.23404E+04  0.23779E+04  0.85074E-03  0.23404E+04
    5.0140   2.0540  25.6526  0.18899E+04  0.19614E+04  0.33293E-03  0.19311E+04  0.19614E+04  0.33293E-03  0.19311E+04
    5.0140   2.0540  26.3748  0.15720E+04  0.16206E+04  0.12959E-03  0.15960E+04  0.16206E+04  0.12959E-03  0.15960E+04
    5.0140   2.0540  27.0791  0.13089E+04  0.13408E+04  0.50091E-04  0.13208E+04  0.13408E+04  0.50091E-04  0.13208E+04
    5.0140   2.0540  27.7669  0.10909E+04  0.11108E+04  0.19203E-04  0.10943E+04  0.11108E+04  0.19203E-04  0.10943E+04
    5.0140   2.0540  28.4393  0.90995E+03  0.92126E+03  0.72936E-05  0.90753E+03  0.92126E+03  0.72936E-05  0.90753E+03
    5.0140   2.0540  29.0975  0.75940E+03  0.76463E+03  0.27415E-05  0.75306E+03  0.76463E+03  0.27415E-05  0.75306E+03
    5.0140   2.0540  29.7423  0.63400E+03  0.63499E+03  0.10191E-05  0.62513E+03  0.63499E+03  0.10191E-05  0.62513E+03
    5.0140   2.0540  30.3747  0.52928E+03  0.52738E+03  0.37435E-06  0.51890E+03  0.52738E+03  0.37435E-06  0.51890E+03
    5.0140   2.0540  30.9954  0.44163E+03  0.43788E+03  0.13580E-06  0.43050E+03  0.43788E+03  0.13580E-06  0.43050E+03
    5.0140   2.0540  31.6050  0.36825E+03  0.36337E+03  0.48637E-07  0.35688E+03  0.36337E+03  0.48637E-07  0.35688E+03
    5.0140   2.0140  18.2777  0.10832E+05  0.12301E+05  0.17150E+01  0.11999E+05  0.12301E+05  0.17150E+01  0.11999E+05
    5.0140   2.0140  19.2944  0.85808E+04  0.96212E+04  0.62619E+00  0.94024E+04  0.96212E+04  0.62619E+00  0.94024E+04
    5.0140   2.0140  20.2620  0.68854E+04  0.76297E+04  0.23473E+00  0.74677E+04  0.76297E+04  0.23473E+00  0.74677E+04
    5.0140   2.0140  21.1872  0.55806E+04  0.61160E+04  0.89666E-01  0.59940E+04  0.61160E+04  0.89666E-01  0.59940E+04
    5.0140   2.0140  22.0754  0.45580E+04  0.49440E+04  0.34698E-01  0.48508E+04  0.49440E+04  0.34698E-01  0.48508E+04
    5.0140   2.0140  22.9308  0.37444E+04  0.40226E+04  0.13540E-01  0.39505E+04  0.40226E+04  0.13540E-01  0.39505E+04
    5.0140   2.0140  23.7571  0.30892E+04  0.32890E+04  0.53066E-02  0.32326E+04  0.32890E+04  0.53066E-02  0.32326E+04
    5.0140   2.0140  24.5571  0.25565E+04  0.26993E+04  0.20826E-02  0.26546E+04  0.26993E+04  0.20826E-02  0.26546E+04
    5.0140   2.0140  25.3334  0.21201E+04  0.22212E+04  0.81621E-03  0.21854E+04  0.22212E+04  0.81621E-03  0.21854E+04
    5.0140   2.0140  26.0881  0.17609E+04  0.18317E+04  0.31875E-03  0.18028E+04  0.18317E+04  0.31875E-03  0.18028E+04
    5.0140   2.0140  26.8230  0.14643E+04  0.15129E+04  0.12382E-03  0.14895E+04  0.15129E+04  0.12382E-03  0.14895E+04
    5.0140   2.0140  27.5397  0.12189E+04  0.12514E+04  0.47764E-04  0.12323E+04  0.12514E+04  0.47764E-04  0.12323E+04
    5.0140   2.0140  28.2396  0.10157E+04  0.10364E+04  0.18273E-04  0.10207E+04  0.10364E+04  0.18273E-04  0.10207E+04
    5.0140   2.0140  28.9240  0.84699E+03  0.85934E+03  0.69246E-05  0.84631E+03  0.85934E+03  0.69246E-05  0.84631E+03
    5.0140   2.0140  29.5939  0.70656E+03  0.71294E+03  0.25969E-05  0.70199E+03  0.71294E+03  0.25969E-05  0.70199E+03
    5.0140   2.0140  30.2502  0.58973E+03  0.59189E+03  0.96312E-06  0.58259E+03  0.59189E+03  0.96312E-06  0.58259E+03
    5.0140   2.0140  30.8939  0.49218E+03  0.49144E+03  0.35292E-06  0.48346E+03  0.49144E+03  0.35292E-06  0.48346E+03
    5.0140   2.0140  31.5258  0.41067E+03  0.40799E+03  0.12769E-06  0.40107E+03  0.40799E+03  0.12769E-06  0.40107E+03
    5.0140   2.0140  32.1464  0.34223E+03  0.33838E+03  0.45612E-07  0.33232E+03  0.33838E+03  0.45612E-07  0.33232E+03
    5.0140   1.8440  19.6484  0.81035E+04  0.93250E+04  0.15311E+01  0.90729E+04  0.93250E+04  0.15311E+01  0.90729E+04
    5.0140   1.8440  20.7429  0.64138E+04  0.72841E+04  0.55566E+00  0.71010E+04  0.72841E+04  0.55566E+00  0.71010E+04
    5.0140   1.8440  21.7848  0.51425E+04  0.57691E+04  0.20697E+00  0.56333E+04  0.57691E+04  0.20697E+00  0.56333E+04
    5.0140   1.8440  22.7813  0.41650E+04  0.46194E+04  0.78537E-01  0.45171E+04  0.46194E+04  0.78537E-01  0.45171E+04
    5.0140   1.8440  23.7382  0.33992E+04  0.37299E+04  0.30181E-01  0.36517E+04  0.37299E+04  0.30181E-01  0.36517E+04
    5.0140   1.8440  24.6600  0.27901E+04  0.30311E+04  0.11693E-01  0.29706E+04  0.30311E+04  0.11693E-01  0.29706E+04
    5.0140   1.8440  25.5505  0.22999E+04  0.24755E+04  0.45492E-02  0.24282E+04  0.24755E+04  0.45492E-02  0.24282E+04
    5.0140   1.8440  26.4130  0.19018E+04  0.20294E+04  0.17717E-02  0.19920E+04  0.20294E+04  0.17717E-02  0.19920E+04
    5.0140   1.8440  27.2502  0.15758E+04  0.16682E+04  0.68886E-03  0.16383E+04  0.16682E+04  0.68886E-03  0.16383E+04
    5.0140   1.8440  28.0642  0.13077E+04  0.13741E+04  0.26685E-03  0.13501E+04  0.13741E+04  0.26685E-03  0.13501E+04
    5.0140   1.8440  28.8571  0.10865E+04  0.11338E+04  0.10279E-03  0.11144E+04  0.11338E+04  0.10279E-03  0.11144E+04
    5.0140   1.8440  29.6305  0.90367E+03  0.93687E+03  0.39311E-04  0.92105E+03  0.93687E+03  0.39311E-04  0.92105E+03
    5.0140   1.8440  30.3860  0.75220E+03  0.77502E+03  0.14906E-04  0.76212E+03  0.77502E+03  0.14906E-04  0.76212E+03
    5.0140   1.8440  31.1249  0.62663E+03  0.64183E+03  0.55971E-05  0.63117E+03  0.64183E+03  0.55971E-05  0.63117E+03
    5.0140   1.8440  31.8484  0.52219E+03  0.53188E+03  0.20791E-05  0.52299E+03  0.53188E+03  0.20791E-05  0.52299E+03
    5.0140   1.8440  32.5574  0.43529E+03  0.44096E+03  0.76354E-06  0.43350E+03  0.44096E+03  0.76354E-06  0.43350E+03
    5.0140   1.8440  33.2529  0.36284E+03  0.36564E+03  0.27699E-06  0.35931E+03  0.36564E+03  0.27699E-06  0.35931E+03
    5.0140   1.8440  33.9358  0.30223E+03  0.30302E+03  0.99185E-07  0.29761E+03  0.30302E+03  0.99185E-07  0.29761E+03
    5.0140   1.8440  34.6068  0.25156E+03  0.25099E+03  0.35043E-07  0.24631E+03  0.25099E+03  0.35043E-07  0.24631E+03
    5.0140   1.7440  20.5293  0.68315E+04  0.79307E+04  0.14379E+01  0.77013E+04  0.79307E+04  0.14379E+01  0.77013E+04
    5.0140   1.7440  21.6741  0.54057E+04  0.61913E+04  0.51997E+00  0.60245E+04  0.61913E+04  0.51997E+00  0.60245E+04
    5.0140   1.7440  22.7639  0.43331E+04  0.49009E+04  0.19298E+00  0.47771E+04  0.49009E+04  0.19298E+00  0.47771E+04
    5.0140   1.7440  23.8064  0.35087E+04  0.39221E+04  0.72955E-01  0.38288E+04  0.39221E+04  0.72955E-01  0.38288E+04
    5.0140   1.7440  24.8076  0.28628E+04  0.31654E+04  0.27928E-01  0.30939E+04  0.31654E+04  0.27928E-01  0.30939E+04
    5.0140   1.7440  25.7724  0.23491E+04  0.25709E+04  0.10774E-01  0.25157E+04  0.25709E+04  0.10774E-01  0.25157E+04
    5.0140   1.7440  26.7045  0.19357E+04  0.20985E+04  0.41742E-02  0.20553E+04  0.20985E+04  0.41742E-02  0.20553E+04
    5.0140   1.7440  27.6075  0.16000E+04  0.17193E+04  0.16185E-02  0.16851E+04  0.17193E+04  0.16185E-02  0.16851E+04
    5.0140   1.7440  28.4840  0.13253E+04  0.14125E+04  0.62650E-03  0.13852E+04  0.14125E+04  0.62650E-03  0.13852E+04
    5.0140   1.7440  29.3365  0.10994E+04  0.11629E+04  0.24156E-03  0.11410E+04  0.11629E+04  0.24156E-03  0.11410E+04
    5.0140   1.7440  30.1670  0.91313E+03  0.95904E+03  0.92598E-04  0.94135E+03  0.95904E+03  0.92598E-04  0.94135E+03
    5.0140   1.7440  30.9772  0.75908E+03  0.79198E+03  0.35240E-04  0.77761E+03  0.79198E+03  0.35240E-04  0.77761E+03
    5.0140   1.7440  31.7689  0.63148E+03  0.65474E+03  0.13292E-04  0.64302E+03  0.65474E+03  0.13292E-04  0.64302E+03
    5.0140   1.7440  32.5432  0.52578E+03  0.54188E+03  0.49653E-05  0.53224E+03  0.54188E+03  0.49653E-05  0.53224E+03
    5.0140   1.7440  33.3015  0.43795E+03  0.44878E+03  0.18346E-05  0.44079E+03  0.44878E+03  0.18346E-05  0.44079E+03
    5.0140   1.7440  34.0447  0.36481E+03  0.37178E+03  0.67005E-06  0.36510E+03  0.37178E+03  0.67005E-06  0.36510E+03
    5.0140   1.7440  34.7740  0.30390E+03  0.30805E+03  0.24166E-06  0.30243E+03  0.30805E+03  0.24166E-06  0.30243E+03
    5.0140   1.7440  35.4902  0.25295E+03  0.25509E+03  0.86019E-07  0.25031E+03  0.25509E+03  0.86019E-07  0.25031E+03
    5.0140   1.7440  36.1940  0.21031E+03  0.21106E+03  0.30206E-07  0.20696E+03  0.21106E+03  0.30206E-07  0.20696E+03
    5.0140   1.6440  20.2099  0.73908E+04  0.87964E+04  0.38918E+01  0.84994E+04  0.87964E+04  0.38918E+01  0.84994E+04
    5.0140   1.6440  21.4762  0.57553E+04  0.67472E+04  0.13541E+01  0.65360E+04  0.67472E+04  0.13541E+01  0.65360E+04
    5.0140   1.6440  22.6751  0.45539E+04  0.52645E+04  0.48805E+00  0.51113E+04  0.52645E+04  0.48805E+00  0.51113E+04
    5.0140   1.6440  23.8167  0.36500E+04  0.41655E+04  0.18049E+00  0.40517E+04  0.41655E+04  0.18049E+00  0.40517E+04
    5.0140   1.6440  24.9089  0.29551E+04  0.33322E+04  0.67979E-01  0.32463E+04  0.33322E+04  0.67979E-01  0.32463E+04
    5.0140   1.6440  25.9580  0.24109E+04  0.26881E+04  0.25923E-01  0.26223E+04  0.26881E+04  0.25923E-01  0.26223E+04
    5.0140   1.6440  26.9691  0.19780E+04  0.21823E+04  0.99613E-02  0.21314E+04  0.21823E+04  0.99613E-02  0.21314E+04
    5.0140   1.6440  27.9463  0.16295E+04  0.17804E+04  0.38427E-02  0.17405E+04  0.17804E+04  0.38427E-02  0.17405E+04
    5.0140   1.6440  28.8930  0.13465E+04  0.14579E+04  0.14836E-02  0.14264E+04  0.14579E+04  0.14836E-02  0.14264E+04
    5.0140   1.6440  29.8121  0.11151E+04  0.11973E+04  0.57177E-03  0.11722E+04  0.11973E+04  0.57177E-03  0.11722E+04
    5.0140   1.6440  30.7063  0.92473E+03  0.98522E+03  0.21943E-03  0.96505E+03  0.98522E+03  0.21943E-03  0.96505E+03
    5.0140   1.6440  31.5775  0.76777E+03  0.81210E+03  0.83724E-04  0.79582E+03  0.81210E+03  0.83724E-04  0.79582E+03
    5.0140   1.6440  32.4277  0.63799E+03  0.67028E+03  0.31705E-04  0.65707E+03  0.67028E+03  0.31705E-04  0.65707E+03
    5.0140   1.6440  33.2584  0.53057E+03  0.55388E+03  0.11901E-04  0.54310E+03  0.55388E+03  0.11901E-04  0.54310E+03
    5.0140   1.6440  34.0712  0.44154E+03  0.45813E+03  0.44226E-05  0.44929E+03  0.45813E+03  0.44226E-05  0.44929E+03
    5.0140   1.6440  34.8673  0.36756E+03  0.37914E+03  0.16255E-05  0.37183E+03  0.37914E+03  0.16255E-05  0.37183E+03
    5.0140   1.6440  35.6478  0.30602E+03  0.31391E+03  0.59039E-06  0.30784E+03  0.31391E+03  0.59039E-06  0.30784E+03
    5.0140   1.6440  36.4138  0.25474E+03  0.25988E+03  0.21173E-06  0.25479E+03  0.25988E+03  0.21173E-06  0.25479E+03
    5.0140   1.6440  37.1661  0.21189E+03  0.21505E+03  0.74937E-07  0.21076E+03  0.21505E+03  0.74937E-07  0.21076E+03
    5.0140   1.6440  37.9057  0.17604E+03  0.17778E+03  0.26155E-07  0.17413E+03  0.17778E+03  0.26155E-07  0.17413E+03
    5.0140   1.5540  21.0722  0.63267E+04  0.76062E+04  0.37063E+01  0.73300E+04  0.76062E+04  0.37063E+01  0.73300E+04
    5.0140   1.5540  22.3939  0.49271E+04  0.58319E+04  0.12859E+01  0.56360E+04  0.58319E+04  0.12859E+01  0.56360E+04
    5.0140   1.5540  23.6453  0.38992E+04  0.45498E+04  0.46218E+00  0.44070E+04  0.45498E+04  0.46218E+00  0.44070E+04
    5.0140   1.5540  24.8373  0.31253E+04  0.35989E+04  0.17039E+00  0.34927E+04  0.35989E+04  0.17039E+00  0.34927E+04
    5.0140   1.5540  25.9779  0.25304E+04  0.28780E+04  0.63964E-01  0.27977E+04  0.28780E+04  0.63964E-01  0.27977E+04
    5.0140   1.5540  27.0737  0.20644E+04  0.23210E+04  0.24308E-01  0.22595E+04  0.23210E+04  0.24308E-01  0.22595E+04
    5.0140   1.5540  28.1300  0.16936E+04  0.18837E+04  0.93075E-02  0.18361E+04  0.18837E+04  0.93075E-02  0.18361E+04
    5.0140   1.5540  29.1510  0.13951E+04  0.15362E+04  0.35775E-02  0.14989E+04  0.15362E+04  0.35775E-02  0.14989E+04
    5.0140   1.5540  30.1404  0.11526E+04  0.12575E+04  0.13759E-02  0.12280E+04  0.12575E+04  0.13759E-02  0.12280E+04
    5.0140   1.5540  31.1012  0.95434E+03  0.10323E+04  0.52813E-03  0.10087E+04  0.10323E+04  0.52813E-03  0.10087E+04
    5.0140   1.5540  32.0360  0.79130E+03  0.84913E+03  0.20187E-03  0.83024E+03  0.84913E+03  0.20187E-03  0.83024E+03
    5.0140   1.5540  32.9470  0.65682E+03  0.69965E+03  0.76703E-04  0.68441E+03  0.69965E+03  0.76703E-04  0.68441E+03
    5.0140   1.5540  33.8362  0.54565E+03  0.57723E+03  0.28922E-04  0.56486E+03  0.57723E+03  0.28922E-04  0.56486E+03
    5.0140   1.5540  34.7053  0.45361E+03  0.47675E+03  0.10808E-04  0.46667E+03  0.47675E+03  0.10808E-04  0.46667E+03
    5.0140   1.5540  35.5557  0.37735E+03  0.39415E+03  0.39981E-05  0.38588E+03  0.39415E+03  0.39981E-05  0.38588E+03
    5.0140   1.5540  36.3889  0.31400E+03  0.32604E+03  0.14625E-05  0.31923E+03  0.32604E+03  0.14625E-05  0.31923E+03
    5.0140   1.5540  37.2059  0.26131E+03  0.26978E+03  0.52861E-06  0.26413E+03  0.26978E+03  0.52861E-06  0.26413E+03
    5.0140   1.5540  38.0078  0.21739E+03  0.22320E+03  0.18865E-06  0.21849E+03  0.22320E+03  0.18865E-06  0.21849E+03
    5.0140   1.5540  38.7957  0.18068E+03  0.18454E+03  0.66421E-07  0.18059E+03  0.18454E+03  0.66421E-07  0.18059E+03
    5.0140   1.5540  39.5703  0.15004E+03  0.15247E+03  0.23063E-07  0.14913E+03  0.15247E+03  0.23063E-07  0.14913E+03
    5.0140   1.4640  22.0020  0.54071E+04  0.65734E+04  0.35378E+01  0.63153E+04  0.65734E+04  0.35378E+01  0.63153E+04
    5.0140   1.4640  23.3836  0.42119E+04  0.50391E+04  0.12242E+01  0.48557E+04  0.50391E+04  0.12242E+01  0.48557E+04
    5.0140   1.4640  24.6920  0.33339E+04  0.39307E+04  0.43873E+00  0.37968E+04  0.39307E+04  0.43873E+00  0.37968E+04
    5.0140   1.4640  25.9385  0.26728E+04  0.31086E+04  0.16125E+00  0.30088E+04  0.31086E+04  0.16125E+00  0.30088E+04
    5.0140   1.4640  27.1315  0.21643E+04  0.24854E+04  0.60344E-01  0.24099E+04  0.24854E+04  0.60344E-01  0.24099E+04
    5.0140   1.4640  28.2779  0.17659E+04  0.20039E+04  0.22856E-01  0.19460E+04  0.20039E+04  0.22856E-01  0.19460E+04
    5.0140   1.4640  29.3832  0.14488E+04  0.16260E+04  0.87212E-02  0.15810E+04  0.16260E+04  0.87212E-02  0.15810E+04
    5.0140   1.4640  30.4518  0.11935E+04  0.13257E+04  0.33400E-02  0.12904E+04  0.13257E+04  0.33400E-02  0.12904E+04
    5.0140   1.4640  31.4876  0.98593E+03  0.10848E+04  0.12797E-02  0.10569E+04  0.10848E+04  0.12797E-02  0.10569E+04
    5.0140   1.4640  32.4936  0.81624E+03  0.89020E+03  0.48931E-03  0.86795E+03  0.89020E+03  0.48931E-03  0.86795E+03
    5.0140   1.4640  33.4727  0.67671E+03  0.73203E+03  0.18628E-03  0.71417E+03  0.73203E+03  0.18628E-03  0.71417E+03
    5.0140   1.4640  34.4270  0.56161E+03  0.60292E+03  0.70486E-04  0.58852E+03  0.60292E+03  0.70486E-04  0.58852E+03
    5.0140   1.4640  35.3588  0.46645E+03  0.49723E+03  0.26461E-04  0.48555E+03  0.49723E+03  0.26461E-04  0.48555E+03
    5.0140   1.4640  36.2696  0.38768E+03  0.41052E+03  0.98454E-05  0.40100E+03  0.41052E+03  0.98454E-05  0.40100E+03
    5.0140   1.4640  37.1611  0.32239E+03  0.33924E+03  0.36256E-05  0.33143E+03  0.33924E+03  0.36256E-05  0.33143E+03
    5.0140   1.4640  38.0347  0.26818E+03  0.28050E+03  0.13201E-05  0.27407E+03  0.28050E+03  0.13201E-05  0.27407E+03
    5.0140   1.4640  38.8915  0.22307E+03  0.23196E+03  0.47491E-06  0.22664E+03  0.23196E+03  0.47491E-06  0.22664E+03
    5.0140   1.4640  39.7328  0.18547E+03  0.19179E+03  0.16864E-06  0.18737E+03  0.19179E+03  0.16864E-06  0.18737E+03
    5.0140   1.4640  40.5595  0.15407E+03  0.15847E+03  0.59078E-07  0.15478E+03  0.15847E+03  0.59078E-07  0.15478E+03
    5.0140   1.4640  41.3724  0.12786E+03  0.13083E+03  0.20409E-07  0.12773E+03  0.13083E+03  0.20409E-07  0.12773E+03
    5.0140   1.3740  23.0105  0.46114E+04  0.56762E+04  0.33849E+01  0.54337E+04  0.56762E+04  0.33849E+01  0.54337E+04
    5.0140   1.3740  24.4573  0.35933E+04  0.43508E+04  0.11683E+01  0.41782E+04  0.43508E+04  0.11683E+01  0.41782E+04
    5.0140   1.3740  25.8278  0.28453E+04  0.33936E+04  0.41753E+00  0.32673E+04  0.33936E+04  0.41753E+00  0.32673E+04
    5.0140   1.3740  27.1337  0.22818E+04  0.26835E+04  0.15302E+00  0.25893E+04  0.26835E+04  0.15302E+00  0.25893E+04
    5.0140   1.3740  28.3839  0.18481E+04  0.21453E+04  0.57084E-01  0.20738E+04  0.21453E+04  0.57084E-01  0.20738E+04
    5.0140   1.3740  29.5856  0.15081E+04  0.17294E+04  0.21550E-01  0.16744E+04  0.17294E+04  0.21550E-01  0.16744E+04
    5.0140   1.3740  30.7444  0.12376E+04  0.14030E+04  0.81949E-02  0.13603E+04  0.14030E+04  0.81949E-02  0.13603E+04
    5.0140   1.3740  31.8651  0.10195E+04  0.11437E+04  0.31271E-02  0.11101E+04  0.11437E+04  0.31271E-02  0.11101E+04
    5.0140   1.3740  32.9516  0.84226E+03  0.93560E+03  0.11937E-02  0.90903E+03  0.93560E+03  0.11937E-02  0.90903E+03
    5.0140   1.3740  34.0071  0.69726E+03  0.76753E+03  0.45469E-03  0.74632E+03  0.76753E+03  0.45469E-03  0.74632E+03
    5.0140   1.3740  35.0346  0.57804E+03  0.63097E+03  0.17242E-03  0.61394E+03  0.63097E+03  0.17242E-03  0.61394E+03
    5.0140   1.3740  36.0365  0.47966E+03  0.51951E+03  0.64967E-04  0.50577E+03  0.51951E+03  0.64967E-04  0.50577E+03
    5.0140   1.3740  37.0148  0.39833E+03  0.42830E+03  0.24290E-04  0.41715E+03  0.42830E+03  0.24290E-04  0.41715E+03
    5.0140   1.3740  37.9715  0.33100E+03  0.35348E+03  0.89976E-05  0.34440E+03  0.35348E+03  0.89976E-05  0.34440E+03
    5.0140   1.3740  38.9081  0.27517E+03  0.29197E+03  0.32986E-05  0.28453E+03  0.29197E+03  0.32986E-05  0.28453E+03
    5.0140   1.3740  39.8261  0.22881E+03  0.24131E+03  0.11956E-05  0.23517E+03  0.24131E+03  0.11956E-05  0.23517E+03
    5.0140   1.3740  40.7268  0.19025E+03  0.19946E+03  0.42808E-06  0.19439E+03  0.19946E+03  0.42808E-06  0.19439E+03
    5.0140   1.3740  41.6114  0.15812E+03  0.16482E+03  0.15127E-06  0.16062E+03  0.16482E+03  0.15127E-06  0.16062E+03
    5.0140   1.3740  42.4808  0.13129E+03  0.13611E+03  0.52736E-07  0.13261E+03  0.13611E+03  0.52736E-07  0.13261E+03
    5.0140   1.3740  43.3361  0.10887E+03  0.11228E+03  0.18123E-07  0.10936E+03  0.11228E+03  0.18123E-07  0.10936E+03
    5.0140   1.2940  23.9843  0.39938E+04  0.49769E+04  0.32612E+01  0.47465E+04  0.49769E+04  0.32612E+01  0.47465E+04
    5.0140   1.2940  25.4942  0.31134E+04  0.38149E+04  0.11232E+01  0.36505E+04  0.38149E+04  0.11232E+01  0.36505E+04
    5.0140   1.2940  26.9249  0.24663E+04  0.29756E+04  0.40047E+00  0.28551E+04  0.29756E+04  0.40047E+00  0.28551E+04
    5.0140   1.2940  28.2885  0.19786E+04  0.23531E+04  0.14639E+00  0.22630E+04  0.23531E+04  0.14639E+00  0.22630E+04
    5.0140   1.2940  29.5943  0.16030E+04  0.18809E+04  0.54463E-01  0.18124E+04  0.18809E+04  0.54463E-01  0.18124E+04
    5.0140   1.2940  30.8497  0.13084E+04  0.15155E+04  0.20502E-01  0.14627E+04  0.15155E+04  0.20502E-01  0.14627E+04
    5.0140   1.2940  32.0606  0.10739E+04  0.12299E+04  0.77732E-02  0.11888E+04  0.12299E+04  0.77732E-02  0.11888E+04
    5.0140   1.2940  33.2319  0.88483E+03  0.10024E+04  0.29571E-02  0.97010E+03  0.10024E+04  0.29571E-02  0.97010E+03
    5.0140   1.2940  34.3678  0.73105E+03  0.81989E+03  0.11252E-02  0.79427E+03  0.81989E+03  0.11252E-02  0.79427E+03
    5.0140   1.2940  35.4716  0.60521E+03  0.67245E+03  0.42713E-03  0.65199E+03  0.67245E+03  0.42713E-03  0.65199E+03
    5.0140   1.2940  36.5464  0.50173E+03  0.55268E+03  0.16140E-03  0.53623E+03  0.55268E+03  0.16140E-03  0.53623E+03
    5.0140   1.2940  37.5947  0.41632E+03  0.45495E+03  0.60596E-04  0.44167E+03  0.45495E+03  0.60596E-04  0.44167E+03
    5.0140   1.2940  38.6186  0.34570E+03  0.37497E+03  0.22571E-04  0.36419E+03  0.37497E+03  0.22571E-04  0.36419E+03
    5.0140   1.2940  39.6201  0.28721E+03  0.30936E+03  0.83290E-05  0.30057E+03  0.30936E+03  0.83290E-05  0.30057E+03
    5.0140   1.2940  40.6008  0.23872E+03  0.25544E+03  0.30417E-05  0.24824E+03  0.25544E+03  0.30417E-05  0.24824E+03
    5.0140   1.2940  41.5624  0.19847E+03  0.21104E+03  0.10980E-05  0.20511E+03  0.21104E+03  0.10980E-05  0.20511E+03
    5.0140   1.2940  42.5061  0.16497E+03  0.17438E+03  0.39148E-06  0.16947E+03  0.17438E+03  0.39148E-06  0.16947E+03
    5.0140   1.2940  43.4332  0.13704E+03  0.14402E+03  0.13775E-06  0.13996E+03  0.14402E+03  0.13775E-06  0.13996E+03
    5.0140   1.2940  44.3446  0.11375E+03  0.11887E+03  0.47813E-07  0.11550E+03  0.11887E+03  0.47813E-07  0.11550E+03
    5.0140   1.2940  45.2415  0.94267E+02  0.97997E+02  0.16357E-07  0.95184E+02  0.97997E+02  0.16357E-07  0.95184E+02
    5.0140   1.2140  25.0433  0.34498E+04  0.43583E+04  0.31489E+01  0.41386E+04  0.43583E+04  0.31489E+01  0.41386E+04
    5.0140   1.2140  26.6223  0.26907E+04  0.33410E+04  0.10822E+01  0.31838E+04  0.33410E+04  0.10822E+01  0.31838E+04
    5.0140   1.2140  28.1188  0.21325E+04  0.26062E+04  0.38495E+00  0.24907E+04  0.26062E+04  0.38495E+00  0.24907E+04
    5.0140   1.2140  29.5455  0.17115E+04  0.20611E+04  0.14038E+00  0.19745E+04  0.20611E+04  0.14038E+00  0.19745E+04
    5.0140   1.2140  30.9120  0.13872E+04  0.16477E+04  0.52094E-01  0.15816E+04  0.16477E+04  0.52094E-01  0.15816E+04
    5.0140   1.2140  32.2262  0.11326E+04  0.13280E+04  0.19556E-01  0.12771E+04  0.13280E+04  0.19556E-01  0.12771E+04
    5.0140   1.2140  33.4942  0.92986E+03  0.10772E+04  0.73931E-02  0.10375E+04  0.10772E+04  0.73931E-02  0.10375E+04
    5.0140   1.2140  34.7212  0.76631E+03  0.87791E+03  0.28037E-02  0.84661E+03  0.87791E+03  0.28037E-02  0.84661E+03
    5.0140   1.2140  35.9113  0.63324E+03  0.71800E+03  0.10634E-02  0.69313E+03  0.71800E+03  0.10634E-02  0.69313E+03
    5.0140   1.2140  37.0683  0.52426E+03  0.58875E+03  0.40232E-03  0.56886E+03  0.58875E+03  0.40232E-03  0.56886E+03
    5.0140   1.2140  38.1951  0.43464E+03  0.48380E+03  0.15150E-03  0.46779E+03  0.48380E+03  0.15150E-03  0.46779E+03
    5.0140   1.2140  39.2944  0.36066E+03  0.39815E+03  0.56682E-04  0.38521E+03  0.39815E+03  0.56682E-04  0.38521E+03
    5.0140   1.2140  40.3685  0.29947E+03  0.32809E+03  0.21035E-04  0.31758E+03  0.32809E+03  0.21035E-04  0.31758E+03
    5.0140   1.2140  41.4194  0.24878E+03  0.27060E+03  0.77334E-05  0.26203E+03  0.27060E+03  0.77334E-05  0.26203E+03
    5.0140   1.2140  42.4489  0.20674E+03  0.22337E+03  0.28130E-05  0.21634E+03  0.22337E+03  0.28130E-05  0.21634E+03
    5.0140   1.2140  43.4586  0.17185E+03  0.18447E+03  0.10114E-05  0.17868E+03  0.18447E+03  0.10114E-05  0.17868E+03
    5.0140   1.2140  44.4498  0.14280E+03  0.15236E+03  0.35913E-06  0.14757E+03  0.15236E+03  0.35913E-06  0.14757E+03
    5.0140   1.2140  45.4239  0.11858E+03  0.12579E+03  0.12584E-06  0.12182E+03  0.12579E+03  0.12584E-06  0.12182E+03
    5.0140   1.2140  46.3819  0.98377E+02  0.10377E+03  0.43487E-07  0.10048E+03  0.10377E+03  0.43487E-07  0.10048E+03
    5.0140   1.2140  47.3249  0.81502E+02  0.85505E+02  0.14812E-07  0.82762E+02  0.85505E+02  0.14812E-07  0.82762E+02
    5.0140   1.1440  24.3039  0.39568E+04  0.51594E+04  0.93484E+01  0.48531E+04  0.51594E+04  0.93484E+01  0.48531E+04
    5.0140   1.1440  26.0518  0.30271E+04  0.38754E+04  0.30593E+01  0.36639E+04  0.38754E+04  0.30593E+01  0.36639E+04
    5.0140   1.1440  27.6967  0.23623E+04  0.29713E+04  0.10496E+01  0.28197E+04  0.29713E+04  0.10496E+01  0.28197E+04
    5.0140   1.1440  29.2562  0.18731E+04  0.23181E+04  0.37265E+00  0.22064E+04  0.23181E+04  0.37265E+00  0.22064E+04
    5.0140   1.1440  30.7433  0.15040E+04  0.18335E+04  0.13562E+00  0.17496E+04  0.18335E+04  0.13562E+00  0.17496E+04
    5.0140   1.1440  32.1682  0.12195E+04  0.14658E+04  0.50213E-01  0.14017E+04  0.14658E+04  0.50213E-01  0.14017E+04
    5.0140   1.1440  33.5388  0.99602E+03  0.11815E+04  0.18807E-01  0.11319E+04  0.11815E+04  0.18807E-01  0.11319E+04
    5.0140   1.1440  34.8617  0.81792E+03  0.95839E+03  0.70918E-02  0.91961E+03  0.95839E+03  0.70918E-02  0.91961E+03
    5.0140   1.1440  36.1421  0.67423E+03  0.78104E+03  0.26825E-02  0.75044E+03  0.78104E+03  0.26825E-02  0.75044E+03
    5.0140   1.1440  37.3844  0.55725E+03  0.63874E+03  0.10147E-02  0.61439E+03  0.63874E+03  0.10147E-02  0.61439E+03
    5.0140   1.1440  38.5925  0.46140E+03  0.52372E+03  0.38278E-03  0.50421E+03  0.52372E+03  0.38278E-03  0.50421E+03
    5.0140   1.1440  39.7694  0.38256E+03  0.43028E+03  0.14372E-03  0.41455E+03  0.43028E+03  0.14372E-03  0.41455E+03
    5.0140   1.1440  40.9180  0.31746E+03  0.35406E+03  0.53604E-04  0.34133E+03  0.35406E+03  0.53604E-04  0.34133E+03
    5.0140   1.1440  42.0406  0.26360E+03  0.29169E+03  0.19830E-04  0.28133E+03  0.29169E+03  0.19830E-04  0.28133E+03
    5.0140   1.1440  43.1393  0.21897E+03  0.24054E+03  0.72661E-05  0.23208E+03  0.24054E+03  0.72661E-05  0.23208E+03
    5.0140   1.1440  44.2160  0.18195E+03  0.19849E+03  0.26340E-05  0.19156E+03  0.19849E+03  0.26340E-05  0.19156E+03
    5.0140   1.1440  45.2722  0.15121E+03  0.16387E+03  0.94382E-06  0.15816E+03  0.16387E+03  0.94382E-06  0.15816E+03
    5.0140   1.1440  46.3096  0.12563E+03  0.13531E+03  0.33391E-06  0.13059E+03  0.13531E+03  0.33391E-06  0.13059E+03
    5.0140   1.1440  47.3292  0.10430E+03  0.11168E+03  0.11659E-06  0.10776E+03  0.11168E+03  0.11659E-06  0.10776E+03
    5.0140   1.1440  48.3324  0.86494E+02  0.92096E+02  0.40139E-07  0.88833E+02  0.92096E+02  0.40139E-07  0.88833E+02
    5.0140   1.1440  49.3203  0.71626E+02  0.75850E+02  0.13618E-07  0.73137E+02  0.75850E+02  0.13618E-07  0.73137E+02
    5.0140   1.0740  25.3257  0.34598E+04  0.45755E+04  0.91135E+01  0.42808E+04  0.45755E+04  0.91135E+01  0.42808E+04
    5.0140   1.0740  27.1496  0.26485E+04  0.34404E+04  0.29782E+01  0.32364E+04  0.34404E+04  0.29782E+01  0.32364E+04
    5.0140   1.0740  28.8667  0.20680E+04  0.26388E+04  0.10201E+01  0.24921E+04  0.26388E+04  0.10201E+01  0.24921E+04
    5.0140   1.0740  30.4952  0.16407E+04  0.20591E+04  0.36151E+00  0.19508E+04  0.20591E+04  0.36151E+00  0.19508E+04
    5.0140   1.0740  32.0485  0.13181E+04  0.16291E+04  0.13130E+00  0.15474E+04  0.16291E+04  0.13130E+00  0.15474E+04
    5.0140   1.0740  33.5374  0.10692E+04  0.13025E+04  0.48511E-01  0.12400E+04  0.13025E+04  0.48511E-01  0.12400E+04
    5.0140   1.0740  34.9700  0.87359E+03  0.10500E+04  0.18128E-01  0.10015E+04  0.10500E+04  0.18128E-01  0.10015E+04
    5.0140   1.0740  36.3531  0.71761E+03  0.85170E+03  0.68197E-02  0.81369E+03  0.85170E+03  0.68197E-02  0.81369E+03
    5.0140   1.0740  37.6922  0.59172E+03  0.69413E+03  0.25732E-02  0.66406E+03  0.69413E+03  0.25732E-02  0.66406E+03
    5.0140   1.0740  38.9920  0.48916E+03  0.56764E+03  0.97070E-03  0.54366E+03  0.56764E+03  0.97070E-03  0.54366E+03
    5.0140   1.0740  40.2564  0.40509E+03  0.46540E+03  0.36517E-03  0.44615E+03  0.46540E+03  0.36517E-03  0.44615E+03
    5.0140   1.0740  41.4886  0.33591E+03  0.38233E+03  0.13671E-03  0.36679E+03  0.38233E+03  0.13671E-03  0.36679E+03
    5.0140   1.0740  42.6916  0.27877E+03  0.31457E+03  0.50834E-04  0.30196E+03  0.31457E+03  0.50834E-04  0.30196E+03
    5.0140   1.0740  43.8678  0.23147E+03  0.25911E+03  0.18746E-04  0.24885E+03  0.25911E+03  0.18746E-04  0.24885E+03
    5.0140   1.0740  45.0193  0.19228E+03  0.21362E+03  0.68472E-05  0.20523E+03  0.21362E+03  0.68472E-05  0.20523E+03
    5.0140   1.0740  46.1482  0.15976E+03  0.17625E+03  0.24740E-05  0.16936E+03  0.17625E+03  0.24740E-05  0.16936E+03
    5.0140   1.0740  47.2562  0.13275E+03  0.14546E+03  0.88331E-06  0.13979E+03  0.14546E+03  0.88331E-06  0.13979E+03
    5.0140   1.0740  48.3446  0.11027E+03  0.12006E+03  0.31144E-06  0.11537E+03  0.12006E+03  0.31144E-06  0.11537E+03
    5.0140   1.0740  49.4150  0.91529E+02  0.99061E+02  0.10834E-06  0.95166E+02  0.99061E+02  0.10834E-06  0.95166E+02
    5.0140   1.0740  50.4685  0.75883E+02  0.81664E+02  0.37159E-07  0.78422E+02  0.81664E+02  0.37159E-07  0.78422E+02
    5.0140   1.0740  51.5062  0.62812E+02  0.67238E+02  0.12561E-07  0.64530E+02  0.67238E+02  0.12561E-07  0.64530E+02
    5.0140   1.0040  26.4448  0.30147E+04  0.40501E+04  0.89036E+01  0.37658E+04  0.40501E+04  0.89036E+01  0.37658E+04
    5.0140   1.0040  28.3526  0.23092E+04  0.30479E+04  0.29054E+01  0.28506E+04  0.30479E+04  0.29054E+01  0.28506E+04
    5.0140   1.0040  30.1492  0.18043E+04  0.23396E+04  0.99361E+00  0.21973E+04  0.23396E+04  0.99361E+00  0.21973E+04
    5.0140   1.0040  31.8537  0.14324E+04  0.18263E+04  0.35153E+00  0.17208E+04  0.18263E+04  0.35153E+00  0.17208E+04
    5.0140   1.0040  33.4802  0.11513E+04  0.14451E+04  0.12744E+00  0.13654E+04  0.14451E+04  0.12744E+00  0.13654E+04
    5.0140   1.0040  35.0396  0.93441E+03  0.11557E+04  0.46992E-01  0.10945E+04  0.11557E+04  0.46992E-01  0.10945E+04
    5.0140   1.0040  36.5408  0.76381E+03  0.93179E+03  0.17522E-01  0.88417E+03  0.93179E+03  0.17522E-01  0.88417E+03
    5.0140   1.0040  37.9906  0.62766E+03  0.75593E+03  0.65765E-02  0.71850E+03  0.75593E+03  0.65765E-02  0.71850E+03
    5.0140   1.0040  39.3949  0.51770E+03  0.61609E+03  0.24753E-02  0.58640E+03  0.61609E+03  0.24753E-02  0.58640E+03
    5.0140   1.0040  40.7585  0.42808E+03  0.50385E+03  0.93134E-03  0.48012E+03  0.50385E+03  0.93134E-03  0.48012E+03
    5.0140   1.0040  42.0854  0.35459E+03  0.41311E+03  0.34943E-03  0.39401E+03  0.41311E+03  0.34943E-03  0.39401E+03
    5.0140   1.0040  43.3792  0.29407E+03  0.33936E+03  0.13044E-03  0.32391E+03  0.33936E+03  0.13044E-03  0.32391E+03
    5.0140   1.0040  44.6427  0.24408E+03  0.27918E+03  0.48361E-04  0.26662E+03  0.27918E+03  0.48361E-04  0.26662E+03
    5.0140   1.0040  45.8786  0.20269E+03  0.22993E+03  0.17780E-04  0.21969E+03  0.22993E+03  0.17780E-04  0.21969E+03
    5.0140   1.0040  47.0892  0.16837E+03  0.18954E+03  0.64731E-05  0.18115E+03  0.18954E+03  0.64731E-05  0.18115E+03
    5.0140   1.0040  48.2764  0.13988E+03  0.15634E+03  0.23312E-05  0.14944E+03  0.15634E+03  0.23312E-05  0.14944E+03
    5.0140   1.0040  49.4421  0.11623E+03  0.12901E+03  0.82961E-06  0.12332E+03  0.12901E+03  0.82961E-06  0.12332E+03
    5.0140   1.0040  50.5879  0.96521E+02  0.10646E+03  0.29146E-06  0.10175E+03  0.10646E+03  0.29146E-06  0.10175E+03
    5.0140   1.0040  51.7151  0.80105E+02  0.87796E+02  0.10103E-06  0.83891E+02  0.87796E+02  0.10103E-06  0.83891E+02
    5.0140   1.0040  52.8251  0.66393E+02  0.72351E+02  0.34525E-07  0.69097E+02  0.72351E+02  0.34525E-07  0.69097E+02
    5.0140   1.0040  53.9190  0.54937E+02  0.59546E+02  0.11626E-07  0.56830E+02  0.59546E+02  0.11626E-07  0.56830E+02
    5.0140   0.9440  27.4954  0.26702E+04  0.36403E+04  0.87436E+01  0.33644E+04  0.36403E+04  0.87436E+01  0.33644E+04
    5.0140   0.9440  29.4822  0.20467E+04  0.27422E+04  0.28500E+01  0.25499E+04  0.27422E+04  0.28500E+01  0.25499E+04
    5.0140   0.9440  31.3540  0.16002E+04  0.21069E+04  0.97344E+00  0.19678E+04  0.21069E+04  0.97344E+00  0.19678E+04
    5.0140   0.9440  33.1303  0.12710E+04  0.16451E+04  0.34395E+00  0.15418E+04  0.16451E+04  0.34395E+00  0.15418E+04
    5.0140   0.9440  34.8260  0.10222E+04  0.13021E+04  0.12450E+00  0.12238E+04  0.13021E+04  0.12450E+00  0.12238E+04
    5.0140   0.9440  36.4524  0.82997E+03  0.10416E+04  0.45834E-01  0.98129E+03  0.10416E+04  0.45834E-01  0.98129E+03
    5.0140   0.9440  38.0185  0.67872E+03  0.83998E+03  0.17061E-01  0.79294E+03  0.83998E+03  0.17061E-01  0.79294E+03
    5.0140   0.9440  39.5317  0.55792E+03  0.68156E+03  0.63913E-02  0.64449E+03  0.68156E+03  0.63913E-02  0.64449E+03
    5.0140   0.9440  40.9980  0.46032E+03  0.55557E+03  0.24006E-02  0.52606E+03  0.55557E+03  0.24006E-02  0.52606E+03
    5.0140   0.9440  42.4223  0.38073E+03  0.45436E+03  0.90134E-03  0.43074E+03  0.45436E+03  0.90134E-03  0.43074E+03
    5.0140   0.9440  43.8088  0.31543E+03  0.37256E+03  0.33742E-03  0.35351E+03  0.37256E+03  0.33742E-03  0.35351E+03
    5.0140   0.9440  45.1612  0.26164E+03  0.30605E+03  0.12567E-03  0.29061E+03  0.30605E+03  0.12567E-03  0.29061E+03
    5.0140   0.9440  46.4826  0.21718E+03  0.25179E+03  0.46476E-04  0.23921E+03  0.25179E+03  0.46476E-04  0.23921E+03
    5.0140   0.9440  47.7756  0.18036E+03  0.20736E+03  0.17044E-04  0.19707E+03  0.20736E+03  0.17044E-04  0.19707E+03
    5.0140   0.9440  49.0427  0.14983E+03  0.17091E+03  0.61888E-05  0.16247E+03  0.17091E+03  0.61888E-05  0.16247E+03
    5.0140   0.9440  50.2859  0.12448E+03  0.14095E+03  0.22227E-05  0.13401E+03  0.14095E+03  0.22227E-05  0.13401E+03
    5.0140   0.9440  51.5071  0.10342E+03  0.11629E+03  0.78873E-06  0.11055E+03  0.11629E+03  0.78873E-06  0.11055E+03
    5.0140   0.9440  52.7079  0.85883E+02  0.95936E+02  0.27632E-06  0.91182E+02  0.95936E+02  0.27632E-06  0.91182E+02
    5.0140   0.9440  53.8899  0.71260E+02  0.79107E+02  0.95487E-07  0.75158E+02  0.79107E+02  0.95487E-07  0.75158E+02
    5.0140   0.9440  55.0543  0.59047E+02  0.65166E+02  0.32533E-07  0.61880E+02  0.65166E+02  0.32533E-07  0.61880E+02
    5.0140   0.9440  56.2025  0.48847E+02  0.53617E+02  0.10920E-07  0.50871E+02  0.53617E+02  0.10920E-07  0.50871E+02
    5.0140   0.8940  28.4461  0.24070E+04  0.33251E+04  0.86256E+01  0.30558E+04  0.33251E+04  0.86256E+01  0.30558E+04
    5.0140   0.8940  30.5048  0.18460E+04  0.25067E+04  0.28092E+01  0.23185E+04  0.25067E+04  0.28092E+01  0.23185E+04
    5.0140   0.8940  32.4449  0.14441E+04  0.19279E+04  0.95862E+00  0.17914E+04  0.19279E+04  0.95862E+00  0.17914E+04
    5.0140   0.8940  34.2867  0.11476E+04  0.15061E+04  0.33835E+00  0.14044E+04  0.15061E+04  0.33835E+00  0.14044E+04
    5.0140   0.8940  36.0455  0.92337E+03  0.11924E+04  0.12234E+00  0.11151E+04  0.11924E+04  0.12234E+00  0.11151E+04
    5.0140   0.8940  37.7330  0.75004E+03  0.95410E+03  0.44980E-01  0.89442E+03  0.95410E+03  0.44980E-01  0.89442E+03
    5.0140   0.8940  39.3586  0.61358E+03  0.76959E+03  0.16719E-01  0.72293E+03  0.76959E+03  0.16719E-01  0.72293E+03
    5.0140   0.8940  40.9298  0.50452E+03  0.62453E+03  0.62541E-02  0.58767E+03  0.62453E+03  0.62541E-02  0.58767E+03
    5.0140   0.8940  42.4528  0.41637E+03  0.50915E+03  0.23454E-02  0.47977E+03  0.50915E+03  0.23454E-02  0.47977E+03
    5.0140   0.8940  43.9327  0.34447E+03  0.41647E+03  0.87915E-03  0.39288E+03  0.41647E+03  0.87915E-03  0.39288E+03
    5.0140   0.8940  45.3740  0.28544E+03  0.34151E+03  0.32852E-03  0.32244E+03  0.34151E+03  0.32852E-03  0.32244E+03
    5.0140   0.8940  46.7804  0.23679E+03  0.28057E+03  0.12211E-03  0.26508E+03  0.28057E+03  0.12211E-03  0.26508E+03
    5.0140   0.8940  48.1550  0.19658E+03  0.23083E+03  0.45075E-04  0.21819E+03  0.23083E+03  0.45075E-04  0.21819E+03
    5.0140   0.8940  49.5007  0.16327E+03  0.19011E+03  0.16496E-04  0.17975E+03  0.19011E+03  0.16496E-04  0.17975E+03
    5.0140   0.8940  50.8199  0.13564E+03  0.15668E+03  0.59771E-05  0.14817E+03  0.15668E+03  0.59771E-05  0.14817E+03
    5.0140   0.8940  52.1148  0.11269E+03  0.12921E+03  0.21419E-05  0.12219E+03  0.12921E+03  0.21419E-05  0.12219E+03
    5.0140   0.8940  53.3874  0.93619E+02  0.10659E+03  0.75828E-06  0.10078E+03  0.10659E+03  0.75828E-06  0.10078E+03
    5.0140   0.8940  54.6392  0.77741E+02  0.87922E+02  0.26503E-06  0.83106E+02  0.87922E+02  0.26503E-06  0.83106E+02
    5.0140   0.8940  55.8720  0.64494E+02  0.72481E+02  0.91364E-07  0.68476E+02  0.72481E+02  0.91364E-07  0.68476E+02
    5.0140   0.8940  57.0870  0.53435E+02  0.59701E+02  0.31049E-07  0.56363E+02  0.59701E+02  0.31049E-07  0.56363E+02
    5.0140   0.8940  58.2856  0.44195E+02  0.49107E+02  0.10395E-07  0.46319E+02  0.49107E+02  0.10395E-07  0.46319E+02
    5.0140   0.8340  29.6927  0.21174E+04  0.29758E+04  0.85042E+01  0.27142E+04  0.29758E+04  0.85042E+01  0.27142E+04
    5.0140   0.8340  31.8461  0.16251E+04  0.22456E+04  0.27672E+01  0.20618E+04  0.22456E+04  0.27672E+01  0.20618E+04
    5.0140   0.8340  33.8765  0.12721E+04  0.17294E+04  0.94329E+00  0.15956E+04  0.17294E+04  0.94329E+00  0.15956E+04
    5.0140   0.8340  35.8048  0.10116E+04  0.13522E+04  0.33257E+00  0.12523E+04  0.13522E+04  0.33257E+00  0.12523E+04
    5.0140   0.8340  37.6471  0.81442E+03  0.10711E+04  0.12010E+00  0.99482E+03  0.10711E+04  0.12010E+00  0.99482E+03
    5.0140   0.8340  39.4156  0.66188E+03  0.85732E+03  0.44094E-01  0.79826E+03  0.85732E+03  0.44094E-01  0.79826E+03
    5.0140   0.8340  41.1200  0.54171E+03  0.69175E+03  0.16365E-01  0.64542E+03  0.69175E+03  0.16365E-01  0.64542E+03
    5.0140   0.8340  42.7682  0.44561E+03  0.56154E+03  0.61115E-02  0.52481E+03  0.56154E+03  0.61115E-02  0.52481E+03
    5.0140   0.8340  44.3666  0.36788E+03  0.45791E+03  0.22879E-02  0.42855E+03  0.45791E+03  0.22879E-02  0.42855E+03
    5.0140   0.8340  45.9207  0.30444E+03  0.37464E+03  0.85594E-03  0.35099E+03  0.37464E+03  0.85594E-03  0.35099E+03
    5.0140   0.8340  47.4350  0.25233E+03  0.30726E+03  0.31919E-03  0.28810E+03  0.30726E+03  0.31919E-03  0.28810E+03
    5.0140   0.8340  48.9133  0.20937E+03  0.25249E+03  0.11841E-03  0.23687E+03  0.25249E+03  0.11841E-03  0.23687E+03
    5.0140   0.8340  50.3592  0.17384E+03  0.20775E+03  0.43606E-04  0.19497E+03  0.20775E+03  0.43606E-04  0.19497E+03
    5.0140   0.8340  51.7754  0.14440E+03  0.17111E+03  0.15920E-04  0.16061E+03  0.17111E+03  0.15920E-04  0.16061E+03
    5.0140   0.8340  53.1645  0.11997E+03  0.14103E+03  0.57547E-05  0.13238E+03  0.14103E+03  0.57547E-05  0.13238E+03
    5.0140   0.8340  54.5289  0.99676E+02  0.11630E+03  0.20569E-05  0.10915E+03  0.11630E+03  0.20569E-05  0.10915E+03
    5.0140   0.8340  55.8705  0.82801E+02  0.95930E+02  0.72630E-06  0.90004E+02  0.95930E+02  0.72630E-06  0.90004E+02
    5.0140   0.8340  57.1911  0.68752E+02  0.79119E+02  0.25315E-06  0.74195E+02  0.79119E+02  0.25315E-06  0.74195E+02
    5.0140   0.8340  58.4924  0.57029E+02  0.65216E+02  0.87026E-07  0.61114E+02  0.65216E+02  0.87026E-07  0.61114E+02
    5.0140   0.8340  59.7758  0.47244E+02  0.53706E+02  0.29489E-07  0.50284E+02  0.53706E+02  0.29489E-07  0.50284E+02
    5.0140   0.8340  61.0427  0.39061E+02  0.44163E+02  0.98437E-08  0.41301E+02  0.44163E+02  0.98437E-08  0.41301E+02
    5.0140   0.7640  31.3215  0.18123E+04  0.26042E+04  0.83954E+01  0.23513E+04  0.26042E+04  0.83954E+01  0.23513E+04
    5.0140   0.7640  33.5997  0.13922E+04  0.19678E+04  0.27292E+01  0.17889E+04  0.19678E+04  0.27292E+01  0.17889E+04
    5.0140   0.7640  35.7490  0.10908E+04  0.15179E+04  0.92942E+00  0.13870E+04  0.15179E+04  0.92942E+00  0.13870E+04
    5.0140   0.7640  37.7917  0.86811E+03  0.11889E+04  0.32730E+00  0.10906E+04  0.11889E+04  0.32730E+00  0.10906E+04
    5.0140   0.7640  39.7444  0.69941E+03  0.94238E+03  0.11805E+00  0.86713E+03  0.94238E+03  0.11805E+00  0.86713E+03
    5.0140   0.7640  41.6202  0.56878E+03  0.75474E+03  0.43281E-01  0.69620E+03  0.75474E+03  0.43281E-01  0.69620E+03
    5.0140   0.7640  43.4292  0.46578E+03  0.60891E+03  0.16039E-01  0.56280E+03  0.60891E+03  0.16039E-01  0.56280E+03
    5.0140   0.7640  45.1798  0.38334E+03  0.49484E+03  0.59796E-02  0.45814E+03  0.49484E+03  0.59796E-02  0.45814E+03
    5.0140   0.7640  46.8788  0.31660E+03  0.40371E+03  0.22343E-02  0.37424E+03  0.40371E+03  0.22343E-02  0.37424E+03
    5.0140   0.7640  48.5318  0.26211E+03  0.33043E+03  0.83426E-03  0.30661E+03  0.33043E+03  0.83426E-03  0.30661E+03
    5.0140   0.7640  50.1437  0.21732E+03  0.27111E+03  0.31046E-03  0.25172E+03  0.27111E+03  0.31046E-03  0.25172E+03
    5.0140   0.7640  51.7186  0.18036E+03  0.22283E+03  0.11490E-03  0.20698E+03  0.22283E+03  0.11490E-03  0.20698E+03
    5.0140   0.7640  53.2600  0.14978E+03  0.18340E+03  0.42216E-04  0.17038E+03  0.18340E+03  0.42216E-04  0.17038E+03
    5.0140   0.7640  54.7711  0.12444E+03  0.15110E+03  0.15374E-04  0.14037E+03  0.15110E+03  0.15374E-04  0.14037E+03
    5.0140   0.7640  56.2545  0.10339E+03  0.12457E+03  0.55426E-05  0.11569E+03  0.12457E+03  0.55426E-05  0.11569E+03
    5.0140   0.7640  57.7127  0.85908E+02  0.10274E+03  0.19757E-05  0.95384E+02  0.10274E+03  0.19757E-05  0.95384E+02
    5.0140   0.7640  59.1478  0.71365E+02  0.84752E+02  0.69568E-06  0.78633E+02  0.84752E+02  0.69568E-06  0.78633E+02
    5.0140   0.7640  60.5618  0.59251E+02  0.69894E+02  0.24175E-06  0.64794E+02  0.69894E+02  0.24175E-06  0.64794E+02
    5.0140   0.7640  61.9563  0.49144E+02  0.57610E+02  0.82857E-07  0.53352E+02  0.57610E+02  0.82857E-07  0.53352E+02
    5.0140   0.7640  63.3329  0.40702E+02  0.47436E+02  0.27990E-07  0.43875E+02  0.47436E+02  0.27990E-07  0.43875E+02
    5.0140   0.7640  64.6932  0.33646E+02  0.39003E+02  0.93129E-08  0.36019E+02  0.39003E+02  0.93129E-08  0.36019E+02
