                                           ************ internal ***************  +++++++ internal  + external ++++++++
    E        Ep      Th       s_born       s_rad        s_elas       s_dis        s_rad        s_elas       s_dis
    5.0140   2.8140  15.3076  0.18672E+03  0.19903E+03  0.38300E-01  0.19371E+03  0.19903E+03  0.38300E-01  0.19371E+03
    5.0140   2.8140  15.9455  0.15425E+03  0.16303E+03  0.24296E-01  0.15894E+03  0.16303E+03  0.24296E-01  0.15894E+03
    5.0140   2.8140  16.5595  0.12849E+03  0.13472E+03  0.15755E-01  0.13153E+03  0.13472E+03  0.15755E-01  0.13153E+03
    5.0140   2.8140  17.1521  0.10778E+03  0.11215E+03  0.10422E-01  0.10962E+03  0.11215E+03  0.10422E-01  0.10962E+03
    5.0140   2.8140  17.7255  0.91025E+02  0.94004E+02  0.69813E-02  0.91981E+02  0.94004E+02  0.69813E-02  0.91981E+02
    5.0140   2.8140  18.2815  0.77372E+02  0.79268E+02  0.47235E-02  0.77633E+02  0.79268E+02  0.47235E-02  0.77633E+02
    5.0140   2.8140  18.8216  0.65546E+02  0.66750E+02  0.32298E-02  0.65416E+02  0.66750E+02  0.32298E-02  0.65416E+02
    5.0140   2.8140  19.3472  0.55715E+02  0.56436E+02  0.22296E-02  0.55338E+02  0.56436E+02  0.22296E-02  0.55338E+02
    5.0140   2.8140  19.8594  0.47619E+02  0.47970E+02  0.15598E-02  0.47059E+02  0.47970E+02  0.15598E-02  0.47059E+02
    5.0140   2.8140  20.3592  0.41021E+02  0.41061E+02  0.11048E-02  0.40300E+02  0.41061E+02  0.11048E-02  0.40300E+02
    5.0140   2.8140  20.8475  0.35677E+02  0.35423E+02  0.79249E-03  0.34782E+02  0.35423E+02  0.79249E-03  0.34782E+02
    5.0140   2.8140  21.3251  0.31220E+02  0.30704E+02  0.57410E-03  0.30161E+02  0.30704E+02  0.57410E-03  0.30161E+02
    5.0140   2.8140  21.7927  0.27403E+02  0.26661E+02  0.41707E-03  0.26197E+02  0.26661E+02  0.41707E-03  0.26197E+02
    5.0140   2.8140  22.2510  0.23963E+02  0.23055E+02  0.30136E-03  0.22657E+02  0.23055E+02  0.30136E-03  0.22657E+02
    5.0140   2.8140  22.7005  0.20599E+02  0.19637E+02  0.21914E-03  0.19292E+02  0.19637E+02  0.21914E-03  0.19292E+02
    5.0140   2.8140  23.1417  0.17096E+02  0.16264E+02  0.16095E-03  0.15964E+02  0.16264E+02  0.16095E-03  0.15964E+02
    5.0140   2.5640  16.1978  0.14435E+03  0.15727E+03  0.46775E-01  0.15270E+03  0.15727E+03  0.46775E-01  0.15270E+03
    5.0140   2.5640  16.9345  0.11894E+03  0.12809E+03  0.28776E-01  0.12466E+03  0.12809E+03  0.28776E-01  0.12466E+03
    5.0140   2.5640  17.6412  0.98713E+02  0.10515E+03  0.18156E-01  0.10253E+03  0.10515E+03  0.18156E-01  0.10253E+03
    5.0140   2.5640  18.3215  0.81811E+02  0.86454E+02  0.11720E-01  0.84427E+02  0.86454E+02  0.11720E-01  0.84427E+02
    5.0140   2.5640  18.9783  0.68178E+02  0.71544E+02  0.76929E-02  0.69950E+02  0.71544E+02  0.76929E-02  0.69950E+02
    5.0140   2.5640  19.6139  0.57234E+02  0.59636E+02  0.51109E-02  0.58370E+02  0.59636E+02  0.51109E-02  0.58370E+02
    5.0140   2.5640  20.2303  0.48315E+02  0.49993E+02  0.34306E-02  0.48978E+02  0.49993E+02  0.34306E-02  0.48978E+02
    5.0140   2.5640  20.8291  0.41012E+02  0.42134E+02  0.23278E-02  0.41313E+02  0.42134E+02  0.23278E-02  0.41313E+02
    5.0140   2.5640  21.4120  0.34959E+02  0.35641E+02  0.15967E-02  0.34972E+02  0.35641E+02  0.15967E-02  0.34972E+02
    5.0140   2.5640  21.9801  0.29559E+02  0.29993E+02  0.11085E-02  0.29443E+02  0.29993E+02  0.11085E-02  0.29443E+02
    5.0140   2.5640  22.5346  0.25128E+02  0.25374E+02  0.77948E-03  0.24919E+02  0.25374E+02  0.77948E-03  0.24919E+02
    5.0140   2.5640  23.0765  0.21477E+02  0.21569E+02  0.55443E-03  0.21189E+02  0.21569E+02  0.55443E-03  0.21189E+02
    5.0140   2.5640  23.6065  0.18396E+02  0.18384E+02  0.39725E-03  0.18065E+02  0.18384E+02  0.39725E-03  0.18065E+02
    5.0140   2.5640  24.1256  0.15902E+02  0.15787E+02  0.28360E-03  0.15518E+02  0.15787E+02  0.28360E-03  0.15518E+02
    5.0140   2.5640  24.6344  0.13871E+02  0.13654E+02  0.20302E-03  0.13426E+02  0.13654E+02  0.20302E-03  0.13426E+02
    5.0140   2.5640  25.1336  0.12190E+02  0.11870E+02  0.14648E-03  0.11674E+02  0.11870E+02  0.14648E-03  0.11674E+02
    5.0140   2.5640  25.6236  0.10669E+02  0.10265E+02  0.10687E-03  0.10097E+02  0.10265E+02  0.10687E-03  0.10097E+02
    5.0140   2.3540  16.7857  0.12395E+03  0.13793E+03  0.64294E-01  0.13337E+03  0.13793E+03  0.64294E-01  0.13337E+03
    5.0140   2.3540  17.6253  0.10042E+03  0.11046E+03  0.38371E-01  0.10712E+03  0.11046E+03  0.38371E-01  0.10712E+03
    5.0140   2.3540  18.4279  0.82240E+02  0.89511E+02  0.23526E-01  0.87010E+02  0.89511E+02  0.23526E-01  0.87010E+02
    5.0140   2.3540  19.1981  0.68019E+02  0.73290E+02  0.14783E-01  0.71390E+02  0.73290E+02  0.14783E-01  0.71390E+02
    5.0140   2.3540  19.9396  0.56810E+02  0.60588E+02  0.94968E-02  0.59121E+02  0.60588E+02  0.94968E-02  0.59121E+02
    5.0140   2.3540  20.6556  0.47550E+02  0.50241E+02  0.61996E-02  0.49097E+02  0.50241E+02  0.61996E-02  0.49097E+02
    5.0140   2.3540  21.3486  0.39681E+02  0.41652E+02  0.40966E-02  0.40748E+02  0.41652E+02  0.40966E-02  0.40748E+02
    5.0140   2.3540  22.0208  0.33312E+02  0.34743E+02  0.27353E-02  0.34023E+02  0.34743E+02  0.27353E-02  0.34023E+02
    5.0140   2.3540  22.6740  0.28128E+02  0.29144E+02  0.18458E-02  0.28565E+02  0.29144E+02  0.18458E-02  0.28565E+02
    5.0140   2.3540  23.3099  0.23865E+02  0.24561E+02  0.12590E-02  0.24092E+02  0.24561E+02  0.12590E-02  0.24092E+02
    5.0140   2.3540  23.9298  0.20355E+02  0.20792E+02  0.86959E-03  0.20409E+02  0.20792E+02  0.86959E-03  0.20409E+02
    5.0140   2.3540  24.5349  0.17247E+02  0.17517E+02  0.60778E-03  0.17203E+02  0.17517E+02  0.60778E-03  0.17203E+02
    5.0140   2.3540  25.1263  0.14582E+02  0.14754E+02  0.42967E-03  0.14493E+02  0.14754E+02  0.42967E-03  0.14493E+02
    5.0140   2.3540  25.7050  0.12442E+02  0.12520E+02  0.30577E-03  0.12303E+02  0.12520E+02  0.30577E-03  0.12303E+02
    5.0140   2.3540  26.2718  0.10612E+02  0.10628E+02  0.21654E-03  0.10447E+02  0.10628E+02  0.21654E-03  0.10447E+02
    5.0140   2.3540  26.8275  0.90958E+01  0.90625E+01  0.15411E-03  0.89100E+01  0.90625E+01  0.15411E-03  0.89100E+01
    5.0140   2.3540  27.3727  0.78675E+01  0.77852E+01  0.11062E-03  0.76559E+01  0.77852E+01  0.11062E-03  0.76559E+01
    5.0140   2.3540  27.9081  0.68763E+01  0.67387E+01  0.80300E-04  0.66285E+01  0.67387E+01  0.80300E-04  0.66285E+01
    5.0140   2.1940  17.9111  0.95118E+02  0.10670E+03  0.56521E-01  0.10299E+03  0.10670E+03  0.56521E-01  0.10299E+03
    5.0140   2.1940  18.8081  0.76972E+02  0.85325E+02  0.33661E-01  0.82606E+02  0.85325E+02  0.33661E-01  0.82606E+02
    5.0140   2.1940  19.6655  0.62917E+02  0.68998E+02  0.20576E-01  0.66969E+02  0.68998E+02  0.20576E-01  0.66969E+02
    5.0140   2.1940  20.4885  0.51875E+02  0.56333E+02  0.12890E-01  0.54796E+02  0.56333E+02  0.12890E-01  0.54796E+02
    5.0140   2.1940  21.2810  0.43114E+02  0.46380E+02  0.82479E-02  0.45202E+02  0.46380E+02  0.82479E-02  0.45202E+02
    5.0140   2.1940  22.0463  0.36132E+02  0.38505E+02  0.53655E-02  0.37585E+02  0.38505E+02  0.53655E-02  0.37585E+02
    5.0140   2.1940  22.7871  0.30392E+02  0.32086E+02  0.35335E-02  0.31364E+02  0.32086E+02  0.35335E-02  0.31364E+02
    5.0140   2.1940  23.5058  0.25429E+02  0.26676E+02  0.23514E-02  0.26102E+02  0.26676E+02  0.23514E-02  0.26102E+02
    5.0140   2.1940  24.2044  0.21372E+02  0.22286E+02  0.15811E-02  0.21826E+02  0.22286E+02  0.15811E-02  0.21826E+02
    5.0140   2.1940  24.8844  0.18062E+02  0.18715E+02  0.10750E-02  0.18344E+02  0.18715E+02  0.10750E-02  0.18344E+02
    5.0140   2.1940  25.5476  0.15334E+02  0.15784E+02  0.73924E-03  0.15483E+02  0.15784E+02  0.73924E-03  0.15483E+02
    5.0140   2.1940  26.1950  0.13081E+02  0.13364E+02  0.51464E-03  0.13117E+02  0.13364E+02  0.51464E-03  0.13117E+02
    5.0140   2.1940  26.8279  0.11054E+02  0.11237E+02  0.36232E-03  0.11034E+02  0.11237E+02  0.36232E-03  0.11034E+02
    5.0140   2.1940  27.4473  0.93403E+01  0.94580E+01  0.25670E-03  0.92906E+01  0.94580E+01  0.25670E-03  0.92906E+01
    5.0140   2.1940  28.0540  0.79601E+01  0.80173E+01  0.18125E-03  0.78781E+01  0.80173E+01  0.18125E-03  0.78781E+01
    5.0140   2.1940  28.6489  0.67824E+01  0.67975E+01  0.12856E-03  0.66809E+01  0.67975E+01  0.12856E-03  0.66809E+01
    5.0140   2.1940  29.2327  0.57921E+01  0.57777E+01  0.91991E-04  0.56798E+01  0.57777E+01  0.91991E-04  0.56798E+01
    5.0140   2.1940  29.8061  0.49986E+01  0.49521E+01  0.66538E-04  0.48692E+01  0.49521E+01  0.66538E-04  0.48692E+01
    5.0140   2.0540  17.9753  0.94692E+02  0.10862E+03  0.89041E-01  0.10418E+03  0.10862E+03  0.89041E-01  0.10418E+03
    5.0140   2.0540  18.9749  0.75686E+02  0.85610E+02  0.51141E-01  0.82443E+02  0.85610E+02  0.51141E-01  0.82443E+02
    5.0140   2.0540  19.9261  0.61233E+02  0.68404E+02  0.30405E-01  0.66091E+02  0.68404E+02  0.30405E-01  0.66091E+02
    5.0140   2.0540  20.8356  0.50024E+02  0.55262E+02  0.18529E-01  0.53541E+02  0.55262E+02  0.18529E-01  0.53541E+02
    5.0140   2.0540  21.7087  0.41196E+02  0.45055E+02  0.11578E-01  0.43752E+02  0.45055E+02  0.11578E-01  0.43752E+02
    5.0140   2.0540  22.5496  0.34166E+02  0.37019E+02  0.73813E-02  0.36020E+02  0.37019E+02  0.73813E-02  0.36020E+02
    5.0140   2.0540  23.3617  0.28524E+02  0.30635E+02  0.47895E-02  0.29858E+02  0.30635E+02  0.47895E-02  0.29858E+02
    5.0140   2.0540  24.1480  0.23990E+02  0.25530E+02  0.31460E-02  0.24921E+02  0.25530E+02  0.31460E-02  0.24921E+02
    5.0140   2.0540  24.9110  0.20220E+02  0.21328E+02  0.20884E-02  0.20847E+02  0.21328E+02  0.20884E-02  0.20847E+02
    5.0140   2.0540  25.6526  0.16944E+02  0.17766E+02  0.14007E-02  0.17382E+02  0.17766E+02  0.14007E-02  0.17382E+02
    5.0140   2.0540  26.3748  0.14264E+02  0.14867E+02  0.94884E-03  0.14559E+02  0.14867E+02  0.94884E-03  0.14559E+02
    5.0140   2.0540  27.0791  0.12067E+02  0.12500E+02  0.65066E-03  0.12250E+02  0.12500E+02  0.65066E-03  0.12250E+02
    5.0140   2.0540  27.7669  0.10253E+02  0.10551E+02  0.45138E-03  0.10347E+02  0.10551E+02  0.45138E-03  0.10347E+02
    5.0140   2.0540  28.4393  0.87364E+01  0.89230E+01  0.31669E-03  0.87566E+01  0.89230E+01  0.31669E-03  0.87566E+01
    5.0140   2.0540  29.0975  0.73523E+01  0.74803E+01  0.22381E-03  0.73434E+01  0.74803E+01  0.22381E-03  0.73434E+01
    5.0140   2.0540  29.7423  0.62185E+01  0.63008E+01  0.15792E-03  0.61873E+01  0.63008E+01  0.15792E-03  0.61873E+01
    5.0140   2.0540  30.3747  0.52986E+01  0.53389E+01  0.11176E-03  0.52444E+01  0.53389E+01  0.11176E-03  0.52444E+01
    5.0140   2.0540  30.9954  0.45034E+01  0.45164E+01  0.79775E-04  0.44375E+01  0.45164E+01  0.79775E-04  0.44375E+01
    5.0140   2.0540  31.6050  0.38454E+01  0.38371E+01  0.57540E-04  0.37708E+01  0.38371E+01  0.57540E-04  0.37708E+01
    5.0140   2.0140  18.2777  0.88736E+02  0.10207E+03  0.86768E-01  0.97809E+02  0.10207E+03  0.86768E-01  0.97809E+02
    5.0140   2.0140  19.2944  0.70925E+02  0.80412E+02  0.49815E-01  0.77377E+02  0.80412E+02  0.49815E-01  0.77377E+02
    5.0140   2.0140  20.2620  0.57381E+02  0.64260E+02  0.29596E-01  0.62042E+02  0.64260E+02  0.29596E-01  0.62042E+02
    5.0140   2.0140  21.1872  0.46874E+02  0.51903E+02  0.18020E-01  0.50253E+02  0.51903E+02  0.18020E-01  0.50253E+02
    5.0140   2.0140  22.0754  0.38596E+02  0.42304E+02  0.11251E-01  0.41056E+02  0.42304E+02  0.11251E-01  0.41056E+02
    5.0140   2.0140  22.9308  0.31999E+02  0.34744E+02  0.71659E-02  0.33789E+02  0.34744E+02  0.71659E-02  0.33789E+02
    5.0140   2.0140  23.7571  0.26697E+02  0.28734E+02  0.46460E-02  0.27992E+02  0.28734E+02  0.46460E-02  0.27992E+02
    5.0140   2.0140  24.5571  0.22428E+02  0.23924E+02  0.30497E-02  0.23342E+02  0.23924E+02  0.30497E-02  0.23342E+02
    5.0140   2.0140  25.3334  0.18929E+02  0.20007E+02  0.20233E-02  0.19547E+02  0.20007E+02  0.20233E-02  0.19547E+02
    5.0140   2.0140  26.0881  0.15878E+02  0.16673E+02  0.13561E-02  0.16308E+02  0.16673E+02  0.13561E-02  0.16308E+02
    5.0140   2.0140  26.8230  0.13348E+02  0.13938E+02  0.91778E-03  0.13643E+02  0.13938E+02  0.91778E-03  0.13643E+02
    5.0140   2.0140  27.5397  0.11282E+02  0.11708E+02  0.62888E-03  0.11470E+02  0.11708E+02  0.62888E-03  0.11470E+02
    5.0140   2.0140  28.2396  0.95756E+01  0.98731E+01  0.43583E-03  0.96795E+01  0.98731E+01  0.43583E-03  0.96795E+01
    5.0140   2.0140  28.9240  0.81623E+01  0.83528E+01  0.30552E-03  0.81946E+01  0.83528E+01  0.30552E-03  0.81946E+01
    5.0140   2.0140  29.5939  0.68771E+01  0.70063E+01  0.21577E-03  0.68763E+01  0.70063E+01  0.21577E-03  0.68763E+01
    5.0140   2.0140  30.2502  0.58047E+01  0.58909E+01  0.15228E-03  0.57836E+01  0.58909E+01  0.15228E-03  0.57836E+01
    5.0140   2.0140  30.8939  0.49369E+01  0.49840E+01  0.10770E-03  0.48947E+01  0.49840E+01  0.10770E-03  0.48947E+01
    5.0140   2.0140  31.5258  0.42005E+01  0.42185E+01  0.76834E-04  0.41440E+01  0.42185E+01  0.76834E-04  0.41440E+01
    5.0140   2.0140  32.1464  0.35737E+01  0.35730E+01  0.55374E-04  0.35106E+01  0.35730E+01  0.55374E-04  0.35106E+01
    5.0140   1.8440  19.6484  0.67359E+02  0.78501E+02  0.78540E-01  0.74891E+02  0.78501E+02  0.78540E-01  0.74891E+02
    5.0140   1.8440  20.7429  0.53844E+02  0.61816E+02  0.45035E-01  0.59244E+02  0.61816E+02  0.45035E-01  0.59244E+02
    5.0140   1.8440  21.7848  0.43569E+02  0.49347E+02  0.26661E-01  0.47468E+02  0.49347E+02  0.26661E-01  0.47468E+02
    5.0140   1.8440  22.7813  0.35595E+02  0.39849E+02  0.16180E-01  0.38451E+02  0.39849E+02  0.16180E-01  0.38451E+02
    5.0140   1.8440  23.7382  0.29305E+02  0.32454E+02  0.10065E-01  0.31399E+02  0.32454E+02  0.10065E-01  0.31399E+02
    5.0140   1.8440  24.6600  0.24279E+02  0.26625E+02  0.63803E-02  0.25818E+02  0.26625E+02  0.63803E-02  0.25818E+02
    5.0140   1.8440  25.5505  0.20223E+02  0.21979E+02  0.41251E-02  0.21353E+02  0.21979E+02  0.41251E-02  0.21353E+02
    5.0140   1.8440  26.4130  0.16932E+02  0.18245E+02  0.27017E-02  0.17756E+02  0.18245E+02  0.27017E-02  0.17756E+02
    5.0140   1.8440  27.2502  0.14255E+02  0.15229E+02  0.17880E-02  0.14844E+02  0.15229E+02  0.17880E-02  0.14844E+02
    5.0140   1.8440  28.0642  0.12055E+02  0.12763E+02  0.11955E-02  0.12457E+02  0.12763E+02  0.11955E-02  0.12457E+02
    5.0140   1.8440  28.8571  0.10122E+02  0.10649E+02  0.80659E-03  0.10404E+02  0.10649E+02  0.80659E-03  0.10404E+02
    5.0140   1.8440  29.6305  0.85157E+01  0.89090E+01  0.55071E-03  0.87119E+01  0.89090E+01  0.55071E-03  0.87119E+01
    5.0140   1.8440  30.3860  0.71978E+01  0.74848E+01  0.38003E-03  0.73253E+01  0.74848E+01  0.38003E-03  0.73253E+01
    5.0140   1.8440  31.1249  0.61093E+01  0.63114E+01  0.26549E-03  0.61815E+01  0.63114E+01  0.26549E-03  0.61815E+01
    5.0140   1.8440  31.8484  0.51949E+01  0.53275E+01  0.18703E-03  0.52214E+01  0.53275E+01  0.18703E-03  0.52214E+01
    5.0140   1.8440  32.5574  0.43614E+01  0.44563E+01  0.13241E-03  0.43691E+01  0.44563E+01  0.13241E-03  0.43691E+01
    5.0140   1.8440  33.2529  0.36812E+01  0.37458E+01  0.93490E-04  0.36737E+01  0.37458E+01  0.93490E-04  0.36737E+01
    5.0140   1.8440  33.9358  0.31252E+01  0.31632E+01  0.66555E-04  0.31034E+01  0.31632E+01  0.66555E-04  0.31034E+01
    5.0140   1.8440  34.6068  0.26530E+01  0.26712E+01  0.47707E-04  0.26214E+01  0.26712E+01  0.47707E-04  0.26214E+01
    5.0140   1.7440  20.5293  0.57265E+02  0.67337E+02  0.74651E-01  0.64023E+02  0.67337E+02  0.74651E-01  0.64023E+02
    5.0140   1.7440  21.6741  0.45780E+02  0.53007E+02  0.42765E-01  0.50643E+02  0.53007E+02  0.42765E-01  0.50643E+02
    5.0140   1.7440  22.7639  0.37050E+02  0.42311E+02  0.25266E-01  0.40585E+02  0.42311E+02  0.25266E-01  0.40585E+02
    5.0140   1.7440  23.8064  0.30276E+02  0.34145E+02  0.15314E-01  0.32867E+02  0.34145E+02  0.15314E-01  0.32867E+02
    5.0140   1.7440  24.8076  0.24930E+02  0.27806E+02  0.95003E-02  0.26838E+02  0.27806E+02  0.95003E-02  0.26838E+02
    5.0140   1.7440  25.7724  0.20654E+02  0.22802E+02  0.60102E-02  0.22062E+02  0.22802E+02  0.60102E-02  0.22062E+02
    5.0140   1.7440  26.7045  0.17199E+02  0.18813E+02  0.38756E-02  0.18240E+02  0.18813E+02  0.38756E-02  0.18240E+02
    5.0140   1.7440  27.6075  0.14386E+02  0.15600E+02  0.25338E-02  0.15152E+02  0.15600E+02  0.25338E-02  0.15152E+02
    5.0140   1.7440  28.4840  0.12089E+02  0.13000E+02  0.16765E-02  0.12648E+02  0.13000E+02  0.16765E-02  0.12648E+02
    5.0140   1.7440  29.3365  0.10217E+02  0.10890E+02  0.11197E-02  0.10611E+02  0.10890E+02  0.11197E-02  0.10611E+02
    5.0140   1.7440  30.1670  0.86218E+01  0.91168E+01  0.75465E-03  0.88936E+01  0.91168E+01  0.75465E-03  0.88936E+01
    5.0140   1.7440  30.9772  0.72371E+01  0.76116E+01  0.51411E-03  0.74320E+01  0.76116E+01  0.51411E-03  0.74320E+01
    5.0140   1.7440  31.7689  0.61031E+01  0.63806E+01  0.35398E-03  0.62356E+01  0.63806E+01  0.35398E-03  0.62356E+01
    5.0140   1.7440  32.5432  0.51665E+01  0.53678E+01  0.24676E-03  0.52503E+01  0.53678E+01  0.24676E-03  0.52503E+01
    5.0140   1.7440  33.3015  0.43940E+01  0.45319E+01  0.17362E-03  0.44359E+01  0.45319E+01  0.17362E-03  0.44359E+01
    5.0140   1.7440  34.0447  0.37002E+01  0.37971E+01  0.12295E-03  0.37185E+01  0.37971E+01  0.12295E-03  0.37185E+01
    5.0140   1.7440  34.7740  0.31105E+01  0.31798E+01  0.87037E-04  0.31152E+01  0.31798E+01  0.87037E-04  0.31152E+01
    5.0140   1.7440  35.4902  0.26297E+01  0.26758E+01  0.61933E-04  0.26223E+01  0.26758E+01  0.61933E-04  0.26223E+01
    5.0140   1.7440  36.1940  0.22338E+01  0.22597E+01  0.44429E-04  0.22153E+01  0.22597E+01  0.44429E-04  0.22153E+01
    5.0140   1.6440  20.2099  0.61796E+02  0.74759E+02  0.13025E+00  0.70325E+02  0.74759E+02  0.13025E+00  0.70325E+02
    5.0140   1.6440  21.4762  0.48648E+02  0.57781E+02  0.71375E-01  0.54711E+02  0.57781E+02  0.71375E-01  0.54711E+02
    5.0140   1.6440  22.6751  0.38899E+02  0.45469E+02  0.40870E-01  0.43279E+02  0.45469E+02  0.40870E-01  0.43279E+02
    5.0140   1.6440  23.8167  0.31487E+02  0.36282E+02  0.24087E-01  0.34684E+02  0.36282E+02  0.24087E-01  0.34684E+02
    5.0140   1.6440  24.9089  0.25736E+02  0.29274E+02  0.14585E-01  0.28087E+02  0.29274E+02  0.14585E-01  0.28087E+02
    5.0140   1.6440  25.9580  0.21197E+02  0.23832E+02  0.90208E-02  0.22937E+02  0.23832E+02  0.90208E-02  0.22937E+02
    5.0140   1.6440  26.9691  0.17564E+02  0.19539E+02  0.56981E-02  0.18855E+02  0.19539E+02  0.56981E-02  0.18855E+02
    5.0140   1.6440  27.9463  0.14625E+02  0.16113E+02  0.36628E-02  0.15584E+02  0.16113E+02  0.36628E-02  0.15584E+02
    5.0140   1.6440  28.8930  0.12229E+02  0.13354E+02  0.23926E-02  0.12940E+02  0.13354E+02  0.23926E-02  0.12940E+02
    5.0140   1.6440  29.8121  0.10265E+02  0.11115E+02  0.15821E-02  0.10790E+02  0.11115E+02  0.15821E-02  0.10790E+02
    5.0140   1.6440  30.7063  0.86560E+01  0.92944E+01  0.10559E-02  0.90368E+01  0.92944E+01  0.10559E-02  0.90368E+01
    5.0140   1.6440  31.5775  0.73284E+01  0.77990E+01  0.71112E-03  0.75933E+01  0.77990E+01  0.71112E-03  0.75933E+01
    5.0140   1.6440  32.4277  0.61587E+01  0.65131E+01  0.48342E-03  0.63479E+01  0.65131E+01  0.48342E-03  0.63479E+01
    5.0140   1.6440  33.2584  0.51812E+01  0.54481E+01  0.33235E-03  0.53151E+01  0.54481E+01  0.33235E-03  0.53151E+01
    5.0140   1.6440  34.0712  0.43767E+01  0.45745E+01  0.23110E-03  0.44667E+01  0.45745E+01  0.23110E-03  0.44667E+01
    5.0140   1.6440  34.8673  0.37118E+01  0.38535E+01  0.16229E-03  0.37658E+01  0.38535E+01  0.16229E-03  0.37658E+01
    5.0140   1.6440  35.6478  0.31426E+01  0.32407E+01  0.11495E-03  0.31690E+01  0.32407E+01  0.11495E-03  0.31690E+01
    5.0140   1.6440  36.4138  0.26332E+01  0.27056E+01  0.81770E-04  0.26468E+01  0.27056E+01  0.81770E-04  0.26468E+01
    5.0140   1.6440  37.1661  0.22188E+01  0.22699E+01  0.58203E-04  0.22214E+01  0.22699E+01  0.58203E-04  0.22214E+01
    5.0140   1.6440  37.9057  0.18788E+01  0.19116E+01  0.41708E-04  0.18715E+01  0.19116E+01  0.41708E-04  0.18715E+01
    5.0140   1.5540  21.0722  0.53291E+02  0.65172E+02  0.12615E+00  0.61012E+02  0.65172E+02  0.12615E+00  0.61012E+02
    5.0140   1.5540  22.3939  0.41962E+02  0.50348E+02  0.68948E-01  0.47466E+02  0.50348E+02  0.68948E-01  0.47466E+02
    5.0140   1.5540  23.6453  0.33562E+02  0.39598E+02  0.39455E-01  0.37548E+02  0.39598E+02  0.39455E-01  0.37548E+02
    5.0140   1.5540  24.8373  0.27172E+02  0.31593E+02  0.23205E-01  0.30094E+02  0.31593E+02  0.23205E-01  0.30094E+02
    5.0140   1.5540  25.9779  0.22214E+02  0.25487E+02  0.14038E-01  0.24371E+02  0.25487E+02  0.14038E-01  0.24371E+02
    5.0140   1.5540  27.0737  0.18300E+02  0.20740E+02  0.86496E-02  0.19898E+02  0.20740E+02  0.86496E-02  0.19898E+02
    5.0140   1.5540  28.1300  0.15167E+02  0.17005E+02  0.54619E-02  0.16361E+02  0.17005E+02  0.54619E-02  0.16361E+02
    5.0140   1.5540  29.1510  0.12631E+02  0.14020E+02  0.34999E-02  0.13522E+02  0.14020E+02  0.34999E-02  0.13522E+02
    5.0140   1.5540  30.1404  0.10560E+02  0.11614E+02  0.22848E-02  0.11225E+02  0.11614E+02  0.22848E-02  0.11225E+02
    5.0140   1.5540  31.1012  0.88599E+01  0.96602E+01  0.15095E-02  0.93548E+01  0.96602E+01  0.15095E-02  0.93548E+01
    5.0140   1.5540  32.0360  0.74604E+01  0.80671E+01  0.10077E-02  0.78249E+01  0.80671E+01  0.10077E-02  0.78249E+01
    5.0140   1.5540  32.9470  0.63124E+01  0.67658E+01  0.67841E-03  0.65728E+01  0.67658E+01  0.67841E-03  0.65728E+01
    5.0140   1.5540  33.8362  0.53280E+01  0.56662E+01  0.46081E-03  0.55116E+01  0.56662E+01  0.46081E-03  0.55116E+01
    5.0140   1.5540  34.7053  0.44733E+01  0.47314E+01  0.31621E-03  0.46066E+01  0.47314E+01  0.31621E-03  0.46066E+01
    5.0140   1.5540  35.5557  0.37718E+01  0.39655E+01  0.21939E-03  0.38647E+01  0.39655E+01  0.21939E-03  0.38647E+01
    5.0140   1.5540  36.3889  0.31914E+01  0.33340E+01  0.15383E-03  0.32521E+01  0.33340E+01  0.15383E-03  0.32521E+01
    5.0140   1.5540  37.2059  0.27081E+01  0.28080E+01  0.10891E-03  0.27413E+01  0.28080E+01  0.10891E-03  0.27413E+01
    5.0140   1.5540  38.0078  0.22687E+01  0.23429E+01  0.77765E-04  0.22883E+01  0.23429E+01  0.77765E-04  0.22883E+01
    5.0140   1.5540  38.7957  0.19063E+01  0.19602E+01  0.55521E-04  0.19154E+01  0.19602E+01  0.55521E-04  0.19154E+01
    5.0140   1.5540  39.5703  0.16086E+01  0.16461E+01  0.39782E-04  0.16090E+01  0.16461E+01  0.39782E-04  0.16090E+01
    5.0140   1.4640  22.0020  0.45885E+02  0.56809E+02  0.12286E+00  0.52877E+02  0.56809E+02  0.12286E+00  0.52877E+02
    5.0140   1.4640  23.3836  0.36142E+02  0.43862E+02  0.67124E-01  0.41141E+02  0.43862E+02  0.67124E-01  0.41141E+02
    5.0140   1.4640  24.6920  0.28915E+02  0.34491E+02  0.38299E-01  0.32546E+02  0.34491E+02  0.38299E-01  0.32546E+02
    5.0140   1.4640  25.9385  0.23417E+02  0.27507E+02  0.22513E-01  0.26087E+02  0.27507E+02  0.22513E-01  0.26087E+02
    5.0140   1.4640  27.1315  0.19148E+02  0.22184E+02  0.13589E-01  0.21128E+02  0.22184E+02  0.13589E-01  0.21128E+02
    5.0140   1.4640  28.2779  0.15779E+02  0.18052E+02  0.83736E-02  0.17254E+02  0.18052E+02  0.83736E-02  0.17254E+02
    5.0140   1.4640  29.3832  0.13081E+02  0.14795E+02  0.52664E-02  0.14185E+02  0.14795E+02  0.52664E-02  0.14185E+02
    5.0140   1.4640  30.4518  0.10896E+02  0.12196E+02  0.33694E-02  0.11725E+02  0.12196E+02  0.33694E-02  0.11725E+02
    5.0140   1.4640  31.4876  0.91105E+01  0.10100E+02  0.21939E-02  0.97316E+01  0.10100E+02  0.21939E-02  0.97316E+01
    5.0140   1.4640  32.4936  0.76418E+01  0.83974E+01  0.14491E-02  0.81078E+01  0.83974E+01  0.14491E-02  0.81078E+01
    5.0140   1.4640  33.4727  0.64292E+01  0.70053E+01  0.96748E-03  0.67758E+01  0.70053E+01  0.96748E-03  0.67758E+01
    5.0140   1.4640  34.4270  0.54306E+01  0.58670E+01  0.65143E-03  0.56843E+01  0.58670E+01  0.65143E-03  0.56843E+01
    5.0140   1.4640  35.3588  0.45992E+01  0.49247E+01  0.44246E-03  0.47784E+01  0.49247E+01  0.44246E-03  0.47784E+01
    5.0140   1.4640  36.2696  0.38624E+01  0.41110E+01  0.30307E-03  0.39931E+01  0.41110E+01  0.30307E-03  0.39931E+01
    5.0140   1.4640  37.1611  0.32503E+01  0.34402E+01  0.20998E-03  0.33449E+01  0.34402E+01  0.20998E-03  0.33449E+01
    5.0140   1.4640  38.0347  0.27448E+01  0.28866E+01  0.14694E-03  0.28094E+01  0.28866E+01  0.14694E-03  0.28094E+01
    5.0140   1.4640  38.8915  0.23275E+01  0.24298E+01  0.10392E-03  0.23669E+01  0.24298E+01  0.10392E-03  0.23669E+01
    5.0140   1.4640  39.7328  0.19552E+01  0.20304E+01  0.74284E-04  0.19791E+01  0.20304E+01  0.74284E-04  0.19791E+01
    5.0140   1.4640  40.5595  0.16385E+01  0.16946E+01  0.53459E-04  0.16526E+01  0.16946E+01  0.53459E-04  0.16526E+01
    5.0140   1.4640  41.3724  0.13786E+01  0.14192E+01  0.38327E-04  0.13846E+01  0.14192E+01  0.38327E-04  0.13846E+01
    5.0140   1.3740  23.0105  0.39429E+02  0.49476E+02  0.12037E+00  0.45756E+02  0.49476E+02  0.12037E+00  0.45756E+02
    5.0140   1.3740  24.4573  0.31068E+02  0.38197E+02  0.65816E-01  0.35608E+02  0.38197E+02  0.65816E-01  0.35608E+02
    5.0140   1.3740  25.8278  0.24865E+02  0.30021E+02  0.37401E-01  0.28172E+02  0.30021E+02  0.37401E-01  0.28172E+02
    5.0140   1.3740  27.1337  0.20143E+02  0.23937E+02  0.21987E-01  0.22583E+02  0.23937E+02  0.21987E-01  0.22583E+02
    5.0140   1.3740  28.3839  0.16476E+02  0.19301E+02  0.13235E-01  0.18292E+02  0.19301E+02  0.13235E-01  0.18292E+02
    5.0140   1.3740  29.5856  0.13580E+02  0.15701E+02  0.81532E-02  0.14939E+02  0.15701E+02  0.81532E-02  0.14939E+02
    5.0140   1.3740  30.7444  0.11261E+02  0.12866E+02  0.51110E-02  0.12283E+02  0.12866E+02  0.51110E-02  0.12283E+02
    5.0140   1.3740  31.8651  0.93828E+01  0.10602E+02  0.32670E-02  0.10152E+02  0.10602E+02  0.32670E-02  0.10152E+02
    5.0140   1.3740  32.9516  0.78466E+01  0.87792E+01  0.21197E-02  0.84268E+01  0.87792E+01  0.21197E-02  0.84268E+01
    5.0140   1.3740  34.0071  0.65816E+01  0.72960E+01  0.14002E-02  0.70187E+01  0.72960E+01  0.14002E-02  0.70187E+01
    5.0140   1.3740  35.0346  0.55350E+01  0.60830E+01  0.93484E-03  0.58633E+01  0.60830E+01  0.93484E-03  0.58633E+01
    5.0140   1.3740  36.0365  0.46690E+01  0.50881E+01  0.63007E-03  0.49132E+01  0.50881E+01  0.63007E-03  0.49132E+01
    5.0140   1.3740  37.0148  0.39554E+01  0.42716E+01  0.42813E-03  0.41316E+01  0.42716E+01  0.42813E-03  0.41316E+01
    5.0140   1.3740  37.9715  0.33322E+01  0.35725E+01  0.29318E-03  0.34598E+01  0.35725E+01  0.29318E-03  0.34598E+01
    5.0140   1.3740  38.9081  0.27989E+01  0.29837E+01  0.20280E-03  0.28928E+01  0.29837E+01  0.20280E-03  0.28928E+01
    5.0140   1.3740  39.8261  0.23598E+01  0.25001E+01  0.14160E-03  0.24264E+01  0.25001E+01  0.14160E-03  0.24264E+01
    5.0140   1.3740  40.7268  0.19964E+01  0.21006E+01  0.99996E-04  0.20407E+01  0.21006E+01  0.99996E-04  0.20407E+01
    5.0140   1.3740  41.6114  0.16837E+01  0.17599E+01  0.71473E-04  0.17110E+01  0.17599E+01  0.71473E-04  0.17110E+01
    5.0140   1.3740  42.4808  0.14077E+01  0.14655E+01  0.51647E-04  0.14256E+01  0.14655E+01  0.51647E-04  0.14256E+01
    5.0140   1.3740  43.3361  0.11817E+01  0.12245E+01  0.37306E-04  0.11918E+01  0.12245E+01  0.37306E-04  0.11918E+01
    5.0140   1.2940  23.9843  0.34382E+02  0.43735E+02  0.11882E+00  0.40168E+02  0.43735E+02  0.11882E+00  0.40168E+02
    5.0140   1.2940  25.4942  0.27102E+02  0.33760E+02  0.65059E-01  0.31269E+02  0.33760E+02  0.65059E-01  0.31269E+02
    5.0140   1.2940  26.9249  0.21698E+02  0.26522E+02  0.36832E-01  0.24743E+02  0.26522E+02  0.36832E-01  0.24743E+02
    5.0140   1.2940  28.2885  0.17584E+02  0.21141E+02  0.21660E-01  0.19836E+02  0.21141E+02  0.21660E-01  0.19836E+02
    5.0140   1.2940  29.5943  0.14387E+02  0.17039E+02  0.13016E-01  0.16067E+02  0.17039E+02  0.13016E-01  0.16067E+02
    5.0140   1.2940  30.8497  0.11861E+02  0.13859E+02  0.80117E-02  0.13124E+02  0.13859E+02  0.80117E-02  0.13124E+02
    5.0140   1.2940  32.0606  0.98381E+01  0.11356E+02  0.50139E-02  0.10791E+02  0.11356E+02  0.50139E-02  0.10791E+02
    5.0140   1.2940  33.2319  0.81991E+01  0.93571E+01  0.31991E-02  0.89199E+01  0.93571E+01  0.31991E-02  0.89199E+01
    5.0140   1.2940  34.3678  0.68582E+01  0.77450E+01  0.20720E-02  0.74040E+01  0.77450E+01  0.20720E-02  0.74040E+01
    5.0140   1.2940  35.4716  0.57530E+01  0.64349E+01  0.13661E-02  0.61663E+01  0.64349E+01  0.13661E-02  0.61663E+01
    5.0140   1.2940  36.5464  0.48375E+01  0.53627E+01  0.91243E-03  0.51498E+01  0.53627E+01  0.91243E-03  0.51498E+01
    5.0140   1.2940  37.5947  0.40779E+01  0.44820E+01  0.61562E-03  0.43124E+01  0.44820E+01  0.61562E-03  0.43124E+01
    5.0140   1.2940  38.6186  0.34504E+01  0.37589E+01  0.41874E-03  0.36231E+01  0.37589E+01  0.41874E-03  0.36231E+01
    5.0140   1.2940  39.6201  0.29173E+01  0.31512E+01  0.28699E-03  0.30420E+01  0.31512E+01  0.28699E-03  0.30420E+01
    5.0140   1.2940  40.6008  0.24478E+01  0.26289E+01  0.19826E-03  0.25407E+01  0.26289E+01  0.19826E-03  0.25407E+01
    5.0140   1.2940  41.5624  0.20609E+01  0.21999E+01  0.13832E-03  0.21284E+01  0.21999E+01  0.13832E-03  0.21284E+01
    5.0140   1.2940  42.5061  0.17403E+01  0.18452E+01  0.97465E-04  0.17872E+01  0.18452E+01  0.97465E-04  0.17872E+01
    5.0140   1.2940  43.4332  0.14712E+01  0.15483E+01  0.69607E-04  0.15011E+01  0.15483E+01  0.69607E-04  0.15011E+01
    5.0140   1.2940  44.3446  0.12287E+01  0.12878E+01  0.50236E-04  0.12493E+01  0.12878E+01  0.50236E-04  0.12493E+01
    5.0140   1.2940  45.2415  0.10298E+01  0.10742E+01  0.36692E-04  0.10427E+01  0.10742E+01  0.36692E-04  0.10427E+01
    5.0140   1.2140  25.0433  0.29905E+02  0.38627E+02  0.11799E+00  0.35196E+02  0.38627E+02  0.11799E+00  0.35196E+02
    5.0140   1.2140  26.6223  0.23583E+02  0.29819E+02  0.64712E-01  0.27409E+02  0.29819E+02  0.64712E-01  0.27409E+02
    5.0140   1.2140  28.1188  0.18889E+02  0.23413E+02  0.36616E-01  0.21690E+02  0.23413E+02  0.36616E-01  0.21690E+02
    5.0140   1.2140  29.5455  0.15313E+02  0.18653E+02  0.21470E-01  0.17390E+02  0.18653E+02  0.21470E-01  0.17390E+02
    5.0140   1.2140  30.9120  0.12533E+02  0.15031E+02  0.12906E-01  0.14089E+02  0.15031E+02  0.12906E-01  0.14089E+02
    5.0140   1.2140  32.2262  0.10335E+02  0.12224E+02  0.79252E-02  0.11508E+02  0.12224E+02  0.79252E-02  0.11508E+02
    5.0140   1.2140  33.4942  0.85749E+01  0.10013E+02  0.49605E-02  0.94633E+01  0.10013E+02  0.49605E-02  0.94633E+01
    5.0140   1.2140  34.7212  0.71481E+01  0.82484E+01  0.31537E-02  0.78231E+01  0.82484E+01  0.31537E-02  0.78231E+01
    5.0140   1.2140  35.9113  0.59805E+01  0.68259E+01  0.20421E-02  0.64928E+01  0.68259E+01  0.20421E-02  0.64928E+01
    5.0140   1.2140  37.0683  0.50176E+01  0.56706E+01  0.13412E-02  0.54081E+01  0.56706E+01  0.13412E-02  0.54081E+01
    5.0140   1.2140  38.1951  0.42190E+01  0.47236E+01  0.89679E-03  0.45158E+01  0.47236E+01  0.89679E-03  0.45158E+01
    5.0140   1.2140  39.2944  0.35550E+01  0.39457E+01  0.60532E-03  0.37797E+01  0.39457E+01  0.60532E-03  0.37797E+01
    5.0140   1.2140  40.3685  0.30043E+01  0.33048E+01  0.41264E-03  0.31723E+01  0.33048E+01  0.41264E-03  0.31723E+01
    5.0140   1.2140  41.4194  0.25454E+01  0.27745E+01  0.28316E-03  0.26677E+01  0.27745E+01  0.28316E-03  0.26677E+01
    5.0140   1.2140  42.4489  0.21375E+01  0.23151E+01  0.19583E-03  0.22288E+01  0.23151E+01  0.19583E-03  0.22288E+01
    5.0140   1.2140  43.4586  0.17969E+01  0.19344E+01  0.13637E-03  0.18646E+01  0.19344E+01  0.13637E-03  0.18646E+01
    5.0140   1.2140  44.4498  0.15151E+01  0.16203E+01  0.96012E-04  0.15636E+01  0.16203E+01  0.96012E-04  0.15636E+01
    5.0140   1.2140  45.4239  0.12813E+01  0.13598E+01  0.68427E-04  0.13137E+01  0.13598E+01  0.68427E-04  0.13137E+01
    5.0140   1.2140  46.3819  0.10710E+01  0.11312E+01  0.49470E-04  0.10936E+01  0.11312E+01  0.49470E-04  0.10936E+01
    5.0140   1.2140  47.3249  0.89606E+00  0.94194E+00  0.36137E-04  0.91126E+00  0.94194E+00  0.36137E-04  0.91126E+00
    5.0140   1.1440  24.3039  0.34149E+02  0.46000E+02  0.22847E+00  0.41026E+02  0.46000E+02  0.22847E+00  0.41026E+02
    5.0140   1.1440  26.0518  0.26402E+02  0.34636E+02  0.11832E+00  0.31291E+02  0.34636E+02  0.11832E+00  0.31291E+02
    5.0140   1.1440  27.6967  0.20830E+02  0.26714E+02  0.64763E-01  0.24375E+02  0.26714E+02  0.64763E-01  0.24375E+02
    5.0140   1.1440  29.2562  0.16690E+02  0.20973E+02  0.36700E-01  0.19293E+02  0.20973E+02  0.36700E-01  0.19293E+02
    5.0140   1.1440  30.7433  0.13535E+02  0.16706E+02  0.21428E-01  0.15471E+02  0.16706E+02  0.21428E-01  0.15471E+02
    5.0140   1.1440  32.1682  0.11081E+02  0.13459E+02  0.12894E-01  0.12535E+02  0.13459E+02  0.12894E-01  0.12535E+02
    5.0140   1.1440  33.5388  0.91406E+01  0.10941E+02  0.79003E-02  0.10240E+02  0.10941E+02  0.79003E-02  0.10240E+02
    5.0140   1.1440  34.8617  0.75854E+01  0.89589E+01  0.49470E-02  0.84209E+01  0.89589E+01  0.49470E-02  0.84209E+01
    5.0140   1.1440  36.1421  0.63247E+01  0.73796E+01  0.31406E-02  0.69614E+01  0.73796E+01  0.31406E-02  0.69614E+01
    5.0140   1.1440  37.3844  0.52928E+01  0.61068E+01  0.20302E-02  0.57792E+01  0.61068E+01  0.20302E-02  0.57792E+01
    5.0140   1.1440  38.5925  0.44414E+01  0.50704E+01  0.13319E-02  0.48122E+01  0.50704E+01  0.13319E-02  0.48122E+01
    5.0140   1.1440  39.7694  0.37348E+01  0.42237E+01  0.88818E-03  0.40185E+01  0.42237E+01  0.88818E-03  0.40185E+01
    5.0140   1.1440  40.9180  0.31465E+01  0.35260E+01  0.60043E-03  0.33624E+01  0.35260E+01  0.60043E-03  0.33624E+01
    5.0140   1.1440  42.0406  0.26569E+01  0.29518E+01  0.40985E-03  0.28202E+01  0.29518E+01  0.40985E-03  0.28202E+01
    5.0140   1.1440  43.1393  0.22511E+01  0.24772E+01  0.28195E-03  0.23717E+01  0.24772E+01  0.28195E-03  0.23717E+01
    5.0140   1.1440  44.2160  0.18948E+01  0.20698E+01  0.19530E-03  0.19845E+01  0.20698E+01  0.19530E-03  0.19845E+01
    5.0140   1.1440  45.2722  0.15909E+01  0.17274E+01  0.13607E-03  0.16582E+01  0.17274E+01  0.13607E-03  0.16582E+01
    5.0140   1.1440  46.3096  0.13399E+01  0.14451E+01  0.95677E-04  0.13892E+01  0.14451E+01  0.95677E-04  0.13892E+01
    5.0140   1.1440  47.3292  0.11322E+01  0.12119E+01  0.68084E-04  0.11663E+01  0.12119E+01  0.68084E-04  0.11663E+01
    5.0140   1.1440  48.3324  0.94806E+00  0.10091E+01  0.49136E-04  0.97200E+00  0.10091E+01  0.49136E-04  0.97200E+00
    5.0140   1.1440  49.3203  0.79209E+00  0.83908E+00  0.35895E-04  0.80884E+00  0.83908E+00  0.35895E-04  0.80884E+00
    5.0140   1.0740  25.3257  0.30050E+02  0.41203E+02  0.23010E+00  0.36360E+02  0.41203E+02  0.23010E+00  0.36360E+02
    5.0140   1.0740  27.1496  0.23244E+02  0.31020E+02  0.11959E+00  0.27758E+02  0.31020E+02  0.11959E+00  0.27758E+02
    5.0140   1.0740  28.8667  0.18347E+02  0.23909E+02  0.65175E-01  0.21625E+02  0.23909E+02  0.65175E-01  0.21625E+02
    5.0140   1.0740  30.4952  0.14707E+02  0.18772E+02  0.37017E-01  0.17124E+02  0.18772E+02  0.37017E-01  0.17124E+02
    5.0140   1.0740  32.0485  0.11931E+02  0.14945E+02  0.21549E-01  0.13734E+02  0.14945E+02  0.21549E-01  0.13734E+02
    5.0140   1.0740  33.5374  0.97710E+01  0.12036E+02  0.12966E-01  0.11129E+02  0.12036E+02  0.12966E-01  0.11129E+02
    5.0140   1.0740  34.9700  0.80624E+01  0.97823E+01  0.79490E-02  0.90921E+01  0.97823E+01  0.79490E-02  0.90921E+01
    5.0140   1.0740  36.3531  0.66924E+01  0.80092E+01  0.49672E-02  0.74775E+01  0.80092E+01  0.49672E-02  0.74775E+01
    5.0140   1.0740  37.6922  0.55814E+01  0.65952E+01  0.31562E-02  0.61818E+01  0.65952E+01  0.31562E-02  0.61818E+01
    5.0140   1.0740  38.9920  0.46718E+01  0.54561E+01  0.20330E-02  0.51322E+01  0.54561E+01  0.20330E-02  0.51322E+01
    5.0140   1.0740  40.2564  0.39211E+01  0.45304E+01  0.13342E-02  0.42742E+01  0.45304E+01  0.13342E-02  0.42742E+01
    5.0140   1.0740  41.4886  0.32977E+01  0.37723E+01  0.88652E-03  0.35683E+01  0.37723E+01  0.88652E-03  0.35683E+01
    5.0140   1.0740  42.6916  0.27781E+01  0.31482E+01  0.59967E-03  0.29853E+01  0.31482E+01  0.59967E-03  0.29853E+01
    5.0140   1.0740  43.8678  0.23446E+01  0.26331E+01  0.40997E-03  0.25025E+01  0.26331E+01  0.40997E-03  0.25025E+01
    5.0140   1.0740  45.0193  0.19850E+01  0.22084E+01  0.28277E-03  0.21033E+01  0.22084E+01  0.28277E-03  0.21033E+01
    5.0140   1.0740  46.1482  0.16757E+01  0.18484E+01  0.19638E-03  0.17636E+01  0.18484E+01  0.19638E-03  0.17636E+01
    5.0140   1.0740  47.2562  0.14054E+01  0.15409E+01  0.13711E-03  0.14721E+01  0.15409E+01  0.13711E-03  0.14721E+01
    5.0140   1.0740  48.3446  0.11825E+01  0.12879E+01  0.96354E-04  0.12320E+01  0.12879E+01  0.96354E-04  0.12320E+01
    5.0140   1.0740  49.4150  0.99766E+00  0.10785E+01  0.68521E-04  0.10331E+01  0.10785E+01  0.68521E-04  0.10331E+01
    5.0140   1.0740  50.4685  0.83744E+00  0.89937E+00  0.49335E-04  0.86241E+00  0.89937E+00  0.49335E-04  0.86241E+00
    5.0140   1.0740  51.5062  0.69866E+00  0.74684E+00  0.35979E-04  0.71668E+00  0.74684E+00  0.35979E-04  0.71668E+00
    5.0140   1.0040  26.4448  0.26354E+02  0.36848E+02  0.23295E+00  0.32131E+02  0.36848E+02  0.23295E+00  0.32131E+02
    5.0140   1.0040  28.3526  0.20396E+02  0.27751E+02  0.12171E+00  0.24559E+02  0.27751E+02  0.12171E+00  0.24559E+02
    5.0140   1.0040  30.1492  0.16107E+02  0.21379E+02  0.66032E-01  0.19138E+02  0.21379E+02  0.66032E-01  0.19138E+02
    5.0140   1.0040  31.8537  0.12917E+02  0.16781E+02  0.37607E-01  0.15160E+02  0.16781E+02  0.37607E-01  0.15160E+02
    5.0140   1.0040  33.4802  0.10483E+02  0.13353E+02  0.21926E-01  0.12161E+02  0.13353E+02  0.21926E-01  0.12161E+02
    5.0140   1.0040  35.0396  0.85885E+01  0.10751E+02  0.13133E-01  0.98556E+01  0.10751E+02  0.13133E-01  0.98556E+01
    5.0140   1.0040  36.5408  0.70887E+01  0.87370E+01  0.80683E-02  0.80529E+01  0.87370E+01  0.80683E-02  0.80529E+01
    5.0140   1.0040  37.9906  0.58858E+01  0.71510E+01  0.50310E-02  0.66231E+01  0.71510E+01  0.50310E-02  0.66231E+01
    5.0140   1.0040  39.3949  0.49099E+01  0.58870E+01  0.31993E-02  0.54758E+01  0.58870E+01  0.31993E-02  0.54758E+01
    5.0140   1.0040  40.7585  0.41106E+01  0.48677E+01  0.20604E-02  0.45452E+01  0.48677E+01  0.20604E-02  0.45452E+01
    5.0140   1.0040  42.0854  0.34509E+01  0.40414E+01  0.13484E-02  0.37864E+01  0.40414E+01  0.13484E-02  0.37864E+01
    5.0140   1.0040  43.3792  0.29027E+01  0.33644E+01  0.89620E-03  0.31611E+01  0.33644E+01  0.89620E-03  0.31611E+01
    5.0140   1.0040  44.6427  0.24453E+01  0.28068E+01  0.60343E-03  0.26440E+01  0.28068E+01  0.60343E-03  0.26440E+01
    5.0140   1.0040  45.8786  0.20631E+01  0.23464E+01  0.41349E-03  0.22156E+01  0.23464E+01  0.41349E-03  0.22156E+01
    5.0140   1.0040  47.0892  0.17451E+01  0.19663E+01  0.28573E-03  0.18607E+01  0.19663E+01  0.28573E-03  0.18607E+01
    5.0140   1.0040  48.2764  0.14766E+01  0.16482E+01  0.19922E-03  0.15628E+01  0.16482E+01  0.19922E-03  0.15628E+01
    5.0140   1.0040  49.4421  0.12381E+01  0.13729E+01  0.13951E-03  0.13039E+01  0.13729E+01  0.13951E-03  0.13039E+01
    5.0140   1.0040  50.5879  0.10406E+01  0.11464E+01  0.98331E-04  0.10902E+01  0.11464E+01  0.98331E-04  0.10902E+01
    5.0140   1.0040  51.7151  0.87685E+00  0.95888E+00  0.69825E-04  0.91315E+00  0.95888E+00  0.69825E-04  0.91315E+00
    5.0140   1.0040  52.8251  0.73757E+00  0.80057E+00  0.50234E-04  0.76335E+00  0.80057E+00  0.50234E-04  0.76335E+00
    5.0140   1.0040  53.9190  0.61457E+00  0.66387E+00  0.36510E-04  0.63357E+00  0.66387E+00  0.36510E-04  0.63357E+00
    5.0140   0.9440  27.4954  0.23476E+02  0.33457E+02  0.23645E+00  0.28817E+02  0.33457E+02  0.23645E+00  0.28817E+02
    5.0140   0.9440  29.4822  0.18177E+02  0.25203E+02  0.12425E+00  0.22053E+02  0.25203E+02  0.12425E+00  0.22053E+02
    5.0140   0.9440  31.3540  0.14361E+02  0.19403E+02  0.67526E-01  0.17194E+02  0.19403E+02  0.67526E-01  0.17194E+02
    5.0140   0.9440  33.1303  0.11522E+02  0.15222E+02  0.38350E-01  0.13623E+02  0.15222E+02  0.38350E-01  0.13623E+02
    5.0140   0.9440  34.8260  0.93542E+01  0.12115E+02  0.22431E-01  0.10931E+02  0.12115E+02  0.22431E-01  0.10931E+02
    5.0140   0.9440  36.4524  0.76659E+01  0.97490E+01  0.13383E-01  0.88598E+01  0.97490E+01  0.13383E-01  0.88598E+01
    5.0140   0.9440  38.0185  0.63292E+01  0.79192E+01  0.82305E-02  0.72398E+01  0.79192E+01  0.82305E-02  0.72398E+01
    5.0140   0.9440  39.5317  0.52564E+01  0.64803E+01  0.51405E-02  0.59548E+01  0.64803E+01  0.51405E-02  0.59548E+01
    5.0140   0.9440  40.9980  0.43857E+01  0.53344E+01  0.32615E-02  0.49235E+01  0.53344E+01  0.32615E-02  0.49235E+01
    5.0140   0.9440  42.4223  0.36725E+01  0.44107E+01  0.21044E-02  0.40875E+01  0.44107E+01  0.21044E-02  0.40875E+01
    5.0140   0.9440  43.8088  0.30837E+01  0.36605E+01  0.13734E-02  0.34044E+01  0.36605E+01  0.13734E-02  0.34044E+01
    5.0140   0.9440  45.1612  0.25943E+01  0.30466E+01  0.91257E-03  0.28422E+01  0.30466E+01  0.91257E-03  0.28422E+01
    5.0140   0.9440  46.4826  0.21856E+01  0.25412E+01  0.61391E-03  0.23772E+01  0.25412E+01  0.61391E-03  0.23772E+01
    5.0140   0.9440  47.7756  0.18437E+01  0.21235E+01  0.41946E-03  0.19914E+01  0.21235E+01  0.41946E-03  0.19914E+01
    5.0140   0.9440  49.0427  0.15583E+01  0.17778E+01  0.29065E-03  0.16714E+01  0.17778E+01  0.29065E-03  0.16714E+01
    5.0140   0.9440  50.2859  0.13200E+01  0.14910E+01  0.20309E-03  0.14048E+01  0.14910E+01  0.20309E-03  0.14048E+01
    5.0140   0.9440  51.5071  0.11077E+01  0.12425E+01  0.14285E-03  0.11725E+01  0.12425E+01  0.14285E-03  0.11725E+01
    5.0140   0.9440  52.7079  0.93019E+00  0.10364E+01  0.10096E-03  0.97951E+00  0.10364E+01  0.10096E-03  0.97951E+00
    5.0140   0.9440  53.8899  0.78297E+00  0.86603E+00  0.71899E-04  0.81968E+00  0.86603E+00  0.71899E-04  0.81968E+00
    5.0140   0.9440  55.0543  0.65934E+00  0.72352E+00  0.51612E-04  0.68573E+00  0.72352E+00  0.51612E-04  0.68573E+00
    5.0140   0.9440  56.2025  0.54914E+00  0.59958E+00  0.37480E-04  0.56881E+00  0.59958E+00  0.37480E-04  0.56881E+00
    5.0140   0.8940  28.4461  0.21264E+02  0.30840E+02  0.24021E+00  0.26259E+02  0.30840E+02  0.24021E+00  0.26259E+02
    5.0140   0.8940  30.5048  0.16471E+02  0.23231E+02  0.12692E+00  0.20116E+02  0.23231E+02  0.12692E+00  0.20116E+02
    5.0140   0.8940  32.4449  0.13018E+02  0.17884E+02  0.69266E-01  0.15693E+02  0.17884E+02  0.69266E-01  0.15693E+02
    5.0140   0.8940  34.2867  0.10448E+02  0.14023E+02  0.39166E-01  0.12436E+02  0.14023E+02  0.39166E-01  0.12436E+02
    5.0140   0.8940  36.0455  0.84855E+01  0.11160E+02  0.22983E-01  0.99808E+01  0.11160E+02  0.22983E-01  0.99808E+01
    5.0140   0.8940  37.7330  0.69560E+01  0.89785E+01  0.13737E-01  0.80910E+01  0.89785E+01  0.13737E-01  0.80910E+01
    5.0140   0.8940  39.3586  0.57444E+01  0.72914E+01  0.84144E-02  0.66122E+01  0.72914E+01  0.84144E-02  0.66122E+01
    5.0140   0.8940  40.9298  0.47717E+01  0.59625E+01  0.52683E-02  0.54390E+01  0.59625E+01  0.52683E-02  0.54390E+01
    5.0140   0.8940  42.4528  0.39821E+01  0.49092E+01  0.33393E-02  0.44971E+01  0.49092E+01  0.33393E-02  0.44971E+01
    5.0140   0.8940  43.9327  0.33351E+01  0.40581E+01  0.21560E-02  0.37336E+01  0.40581E+01  0.21560E-02  0.37336E+01
    5.0140   0.8940  45.3740  0.28008E+01  0.33672E+01  0.14092E-02  0.31091E+01  0.33672E+01  0.14092E-02  0.31091E+01
    5.0140   0.8940  46.7804  0.23566E+01  0.28021E+01  0.93289E-03  0.25962E+01  0.28021E+01  0.93289E-03  0.25962E+01
    5.0140   0.8940  48.1550  0.19856E+01  0.23366E+01  0.62830E-03  0.21713E+01  0.23366E+01  0.62830E-03  0.21713E+01
    5.0140   0.8940  49.5007  0.16748E+01  0.19519E+01  0.42786E-03  0.18185E+01  0.19519E+01  0.42786E-03  0.18185E+01
    5.0140   0.8940  50.8199  0.14149E+01  0.16336E+01  0.29650E-03  0.15255E+01  0.16336E+01  0.29650E-03  0.15255E+01
    5.0140   0.8940  52.1148  0.11988E+01  0.13699E+01  0.20768E-03  0.12824E+01  0.13699E+01  0.20768E-03  0.12824E+01
    5.0140   0.8940  53.3874  0.10072E+01  0.11423E+01  0.14650E-03  0.10712E+01  0.11423E+01  0.14650E-03  0.10712E+01
    5.0140   0.8940  54.6392  0.84520E+00  0.95204E+00  0.10397E-03  0.89420E+00  0.95204E+00  0.10397E-03  0.89420E+00
    5.0140   0.8940  55.8720  0.71093E+00  0.79492E+00  0.74241E-04  0.74778E+00  0.79492E+00  0.74241E-04  0.74778E+00
    5.0140   0.8940  57.0870  0.59888E+00  0.66421E+00  0.53406E-04  0.62578E+00  0.66421E+00  0.53406E-04  0.62578E+00
    5.0140   0.8940  58.2856  0.49884E+00  0.55030E+00  0.38682E-04  0.51895E+00  0.55030E+00  0.38682E-04  0.51895E+00
    5.0140   0.8340  29.6927  0.18815E+02  0.27923E+02  0.24616E+00  0.23413E+02  0.27923E+02  0.24616E+00  0.23413E+02
    5.0140   0.8340  31.8461  0.14582E+02  0.21039E+02  0.13084E+00  0.17956E+02  0.21039E+02  0.13084E+00  0.17956E+02
    5.0140   0.8340  33.8765  0.11531E+02  0.16199E+02  0.71898E-01  0.14023E+02  0.16199E+02  0.71898E-01  0.14023E+02
    5.0140   0.8340  35.8048  0.92585E+01  0.12694E+02  0.40558E-01  0.11117E+02  0.12694E+02  0.40558E-01  0.11117E+02
    5.0140   0.8340  37.6471  0.75223E+01  0.10100E+02  0.23828E-01  0.89246E+01  0.10100E+02  0.23828E-01  0.89246E+01
    5.0140   0.8340  39.4156  0.61686E+01  0.81235E+01  0.14302E-01  0.72362E+01  0.81235E+01  0.14302E-01  0.72362E+01
    5.0140   0.8340  41.1200  0.50957E+01  0.65943E+01  0.87229E-02  0.59144E+01  0.65943E+01  0.87229E-02  0.59144E+01
    5.0140   0.8340  42.7682  0.42340E+01  0.53930E+01  0.54698E-02  0.48651E+01  0.53930E+01  0.54698E-02  0.48651E+01
    5.0140   0.8340  44.3666  0.35342E+01  0.44367E+01  0.34782E-02  0.40227E+01  0.44367E+01  0.34782E-02  0.40227E+01
    5.0140   0.8340  45.9207  0.29606E+01  0.36677E+01  0.22391E-02  0.33399E+01  0.36677E+01  0.22391E-02  0.33399E+01
    5.0140   0.8340  47.4350  0.24867E+01  0.30428E+01  0.14680E-02  0.27816E+01  0.30428E+01  0.14680E-02  0.27816E+01
    5.0140   0.8340  48.9133  0.20927E+01  0.25313E+01  0.97172E-03  0.23223E+01  0.25313E+01  0.97172E-03  0.23223E+01
    5.0140   0.8340  50.3592  0.17634E+01  0.21103E+01  0.65241E-03  0.19421E+01  0.21103E+01  0.65241E-03  0.19421E+01
    5.0140   0.8340  51.7754  0.14874E+01  0.17619E+01  0.44481E-03  0.16263E+01  0.17619E+01  0.44481E-03  0.16263E+01
    5.0140   0.8340  53.1645  0.12562E+01  0.14739E+01  0.30642E-03  0.13637E+01  0.14739E+01  0.30642E-03  0.13637E+01
    5.0140   0.8340  54.5289  0.10638E+01  0.12355E+01  0.21510E-03  0.11460E+01  0.12355E+01  0.21510E-03  0.11460E+01
    5.0140   0.8340  55.8705  0.89575E+00  0.10315E+01  0.15222E-03  0.95852E+00  0.10315E+01  0.15222E-03  0.95852E+00
    5.0140   0.8340  57.1911  0.75094E+00  0.85871E+00  0.10854E-03  0.79941E+00  0.85871E+00  0.10854E-03  0.79941E+00
    5.0140   0.8340  58.4924  0.63114E+00  0.71645E+00  0.77898E-04  0.66800E+00  0.71645E+00  0.77898E-04  0.66800E+00
    5.0140   0.8340  59.7758  0.53156E+00  0.59839E+00  0.56248E-04  0.55879E+00  0.59839E+00  0.56248E-04  0.55879E+00
    5.0140   0.8340  61.0427  0.44308E+00  0.49589E+00  0.40827E-04  0.46359E+00  0.49589E+00  0.40827E-04  0.46359E+00
    5.0140   0.7640  31.3215  0.16217E+02  0.24829E+02  0.25712E+00  0.20375E+02  0.24829E+02  0.25712E+00  0.20375E+02
    5.0140   0.7640  33.5997  0.12577E+02  0.18693E+02  0.13656E+00  0.15643E+02  0.18693E+02  0.13656E+00  0.15643E+02
    5.0140   0.7640  35.7490  0.99512E+01  0.14402E+02  0.75796E-01  0.12240E+02  0.14402E+02  0.75796E-01  0.12240E+02
    5.0140   0.7640  37.7917  0.79945E+01  0.11283E+02  0.43071E-01  0.97086E+01  0.11283E+02  0.43071E-01  0.97086E+01
    5.0140   0.7640  39.7444  0.64985E+01  0.89680E+01  0.25119E-01  0.77969E+01  0.89680E+01  0.25119E-01  0.77969E+01
    5.0140   0.7640  41.6202  0.53313E+01  0.72151E+01  0.15176E-01  0.63235E+01  0.72151E+01  0.15176E-01  0.63235E+01
    5.0140   0.7640  43.4292  0.44058E+01  0.58543E+01  0.93024E-02  0.51692E+01  0.58543E+01  0.93024E-02  0.51692E+01
    5.0140   0.7640  45.1798  0.36619E+01  0.47860E+01  0.57895E-02  0.42526E+01  0.47860E+01  0.57895E-02  0.42526E+01
    5.0140   0.7640  46.8788  0.30575E+01  0.39368E+01  0.36995E-02  0.35165E+01  0.39368E+01  0.36995E-02  0.35165E+01
    5.0140   0.7640  48.5318  0.25619E+01  0.32525E+01  0.23900E-02  0.29196E+01  0.32525E+01  0.23900E-02  0.29196E+01
    5.0140   0.7640  50.1437  0.21524E+01  0.26973E+01  0.15621E-02  0.24316E+01  0.26973E+01  0.15621E-02  0.24316E+01
    5.0140   0.7640  51.7186  0.18117E+01  0.22438E+01  0.10388E-02  0.20300E+01  0.22438E+01  0.10388E-02  0.20300E+01
    5.0140   0.7640  53.2600  0.15269E+01  0.18703E+01  0.69660E-03  0.16975E+01  0.18703E+01  0.69660E-03  0.16975E+01
    5.0140   0.7640  54.7711  0.12879E+01  0.15611E+01  0.47338E-03  0.14211E+01  0.15611E+01  0.47338E-03  0.14211E+01
    5.0140   0.7640  56.2545  0.10874E+01  0.13049E+01  0.32668E-03  0.11912E+01  0.13049E+01  0.32668E-03  0.11912E+01
    5.0140   0.7640  57.7127  0.92001E+00  0.10930E+01  0.22763E-03  0.10001E+01  0.10930E+01  0.22763E-03  0.10001E+01
    5.0140   0.7640  59.1478  0.77673E+00  0.91386E+00  0.16132E-03  0.83806E+00  0.91386E+00  0.16132E-03  0.83806E+00
    5.0140   0.7640  60.5618  0.65063E+00  0.76024E+00  0.11555E-03  0.69834E+00  0.76024E+00  0.11555E-03  0.69834E+00
    5.0140   0.7640  61.9563  0.54640E+00  0.63368E+00  0.83422E-04  0.58305E+00  0.63368E+00  0.83422E-04  0.58305E+00
    5.0140   0.7640  63.3329  0.45983E+00  0.52869E+00  0.60656E-04  0.48736E+00  0.52869E+00  0.60656E-04  0.48736E+00
    5.0140   0.7640  64.6932  0.38380E+00  0.43855E+00  0.44234E-04  0.40469E+00  0.43855E+00  0.44234E-04  0.40469E+00
