EXTERNAL/TSAI:  VERSION OF 8/8/96

RUNPLAN for CLAS hadronization experiment                               
 inclusive:                                                             
                                                                        
CLAS LEAD                                                               
                                                                        

----*----1----*----2----*----3----*----4----*----5----*----6----*----7--
                                                                        

TARGET (iZ,iA) = ( 82,208);   avgA = 208.000; amuM=207.964; avgM=193.719
 targ= ordina; ttarg(rl)=0.01561; twall=0.00000; tbeam=0.00000; tspec=0.00761
         Nseg  =   2
 MODELS: P elastc(ikk)=14; deut elastic=13; inelastc=206; Pauli Supresion= 1
 NUCLEAR METHOD= 1;   NUCLEAR_MODEL= 1

    E1    TH    Q2 COS_K         SMR     NUC          INT-SMR
    EP     X    W2 QE-PK  INELA  Q-ELA  ELAST   TOTAL  MODEL

   5.014 15.308  1.00    2.17    3.10    1.70    0.00    4.80  0.806
   2.814  0.242  4.01    0.00 -100.00    0.00    0.00 -100.00 2.392E+04

   5.014 15.946  1.09    2.04    2.23    1.58    0.00    3.81  0.807
   2.814  0.263  3.92    0.00 -100.00    0.00    0.00 -100.00 1.970E+04

   5.014 16.559  1.17    1.93    1.41    1.49    0.00    2.90  0.807
   2.814  0.283  3.84    0.00 -100.00    0.00    0.00 -100.00 1.630E+04

   5.014 17.152  1.26    1.84    0.63    1.43    0.00    2.07  0.817
   2.814  0.304  3.75    0.00 -100.00    0.00    0.00 -100.00 1.355E+04

   5.014 17.726  1.34    1.77   -0.09    1.39    0.00    1.30  0.828
   2.814  0.324  3.67    0.00 -100.00    0.00    0.00 -100.00 1.129E+04

   5.014 18.281  1.42    1.72   -0.78    1.36    0.00    0.59  0.839
   2.814  0.345  3.58    0.00 -100.00    0.00    0.00 -100.00 9.424E+03

   5.014 18.822  1.51    1.68   -1.43    1.34    0.00   -0.08  0.850
   2.814  0.365  3.50    0.00 -100.00    0.00    0.00 -100.00 7.882E+03

   5.014 19.347  1.59    1.65   -2.04    1.34    0.00   -0.71  0.861
   2.814  0.386  3.42    0.00 -100.00    0.00    0.00 -100.00 6.598E+03

   5.014 19.859  1.68    1.63   -2.64    1.34    0.00   -1.30  0.872
   2.814  0.406  3.33    0.00 -100.00    0.00    0.00 -100.00 5.530E+03

   5.014 20.359  1.76    1.62   -3.23    1.38    0.00   -1.85  0.904
   2.814  0.427  3.25    0.00 -100.00    0.00    0.00 -100.00 4.639E+03

   5.014 20.847  1.85    1.62   -3.82    1.44    0.00   -2.38  0.947
   2.814  0.447  3.16    0.00 -100.00    0.00    0.00 -100.00 3.894E+03

   5.014 21.325  1.93    1.63   -4.40    1.53    0.00   -2.87  0.999
   2.814  0.468  3.08    0.00 -100.00    0.00    0.00 -100.00 3.270E+03

   5.014 21.793  2.02    1.65   -4.99    1.65    0.00   -3.34  1.063
   2.814  0.488  2.99    0.00 -100.00    0.00    0.00 -100.00 2.746E+03

   5.014 22.251  2.10    1.68   -5.60    1.80    0.00   -3.80  1.138
   2.814  0.509  2.91    0.00 -100.00    0.00    0.00 -100.00 2.306E+03

   5.014 22.701  2.19    1.72   -6.22    1.99    0.00   -4.24  1.224
   2.814  0.529  2.82    0.00 -100.00    0.00    0.00 -100.00 1.936E+03

   5.014 23.142  2.27    1.78   -6.85    2.22    0.00   -4.64  1.322
   2.814  0.550  2.74    0.00 -100.00    0.00    0.00 -100.00 1.623E+03

   5.014 16.198  1.02    2.44    5.38    1.88    0.00    7.26  0.793
   2.564  0.222  4.46    0.00 -100.00    0.00    0.00 -100.00 1.826E+04

   5.014 16.934  1.11    2.26    4.42    1.74    0.00    6.16  0.797
   2.564  0.242  4.36    0.00 -100.00    0.00    0.00 -100.00 1.488E+04

   5.014 17.641  1.21    2.12    3.51    1.63    0.00    5.14  0.800
   2.564  0.263  4.27    0.00 -100.00    0.00    0.00 -100.00 1.221E+04

   5.014 18.322  1.30    2.00    2.67    1.53    0.00    4.20  0.803
   2.564  0.283  4.17    0.00 -100.00    0.00    0.00 -100.00 1.008E+04

   5.014 18.978  1.40    1.91    1.88    1.46    0.00    3.34  0.810
   2.564  0.304  4.08    0.00 -100.00    0.00    0.00 -100.00 8.354E+03

   5.014 19.614  1.49    1.83    1.13    1.41    0.00    2.54  0.821
   2.564  0.324  3.99    0.00 -100.00    0.00    0.00 -100.00 6.943E+03

   5.014 20.230  1.59    1.77    0.43    1.38    0.00    1.81  0.831
   2.564  0.345  3.89    0.00 -100.00    0.00    0.00 -100.00 5.782E+03

   5.014 20.829  1.68    1.72   -0.23    1.35    0.00    1.12  0.841
   2.564  0.365  3.80    0.00 -100.00    0.00    0.00 -100.00 4.823E+03

   5.014 21.412  1.77    1.69   -0.85    1.33    0.00    0.48  0.850
   2.564  0.386  3.70    0.00 -100.00    0.00    0.00 -100.00 4.027E+03

   5.014 21.980  1.87    1.66   -1.45    1.32    0.00   -0.13  0.858
   2.564  0.406  3.61    0.00 -100.00    0.00    0.00 -100.00 3.367E+03

   5.014 22.535  1.96    1.64   -2.03    1.33    0.00   -0.70  0.878
   2.564  0.427  3.51    0.00 -100.00    0.00    0.00 -100.00 2.817E+03

   5.014 23.076  2.06    1.63   -2.61    1.37    0.00   -1.24  0.909
   2.564  0.447  3.42    0.00 -100.00    0.00    0.00 -100.00 2.359E+03

   5.014 23.607  2.15    1.63   -3.18    1.43    0.00   -1.75  0.949
   2.564  0.468  3.33    0.00 -100.00    0.00    0.00 -100.00 1.977E+03

   5.014 24.126  2.25    1.64   -3.76    1.51    0.00   -2.25  0.997
   2.564  0.488  3.23    0.00 -100.00    0.00    0.00 -100.00 1.658E+03

   5.014 24.634  2.34    1.66   -4.35    1.62    0.00   -2.73  1.055
   2.564  0.509  3.14    0.00 -100.00    0.00    0.00 -100.00 1.390E+03

   5.014 25.134  2.43    1.69   -4.94    1.75    0.00   -3.19  1.124
   2.564  0.529  3.04    0.00 -100.00    0.00    0.00 -100.00 1.164E+03

   5.014 25.624  2.53    1.72   -5.55    1.92    0.00   -3.63  1.203
   2.564  0.550  2.95    0.00 -100.00    0.00    0.00 -100.00 9.748E+02

   5.014 16.786  1.01    2.83    7.56    2.16    0.01    9.73  0.773
   2.354  0.201  4.87    0.00 -100.00    0.00    0.00 -100.00 1.551E+04

   5.014 17.625  1.11    2.61    6.51    1.99    0.00    8.51  0.782
   2.354  0.222  4.76    0.00 -100.00    0.00    0.00 -100.00 1.248E+04

   5.014 18.428  1.21    2.43    5.53    1.85    0.00    7.38  0.788
   2.354  0.242  4.66    0.00 -100.00    0.00    0.00 -100.00 1.014E+04

   5.014 19.198  1.31    2.27    4.60    1.73    0.00    6.33  0.793
   2.354  0.263  4.56    0.00 -100.00    0.00    0.00 -100.00 8.309E+03

   5.014 19.940  1.42    2.15    3.73    1.63    0.00    5.36  0.797
   2.354  0.283  4.46    0.00 -100.00    0.00    0.00 -100.00 6.844E+03

   5.014 20.656  1.52    2.04    2.91    1.55    0.00    4.46  0.804
   2.354  0.304  4.35    0.00 -100.00    0.00    0.00 -100.00 5.660E+03

   5.014 21.349  1.62    1.95    2.14    1.49    0.00    3.63  0.815
   2.354  0.324  4.25    0.00 -100.00    0.00    0.00 -100.00 4.695E+03

   5.014 22.021  1.72    1.88    1.43    1.44    0.00    2.87  0.824
   2.354  0.345  4.15    0.00 -100.00    0.00    0.00 -100.00 3.903E+03

   5.014 22.674  1.82    1.83    0.76    1.41    0.00    2.16  0.834
   2.354  0.365  4.05    0.00 -100.00    0.00    0.00 -100.00 3.249E+03

   5.014 23.310  1.93    1.78    0.13    1.38    0.00    1.51  0.842
   2.354  0.386  3.95    0.00 -100.00    0.00    0.00 -100.00 2.708E+03

   5.014 23.930  2.03    1.75   -0.48    1.36    0.00    0.88  0.849
   2.354  0.406  3.84    0.00 -100.00    0.00    0.00 -100.00 2.260E+03

   5.014 24.535  2.13    1.71   -1.06    1.36    0.00    0.30  0.862
   2.354  0.427  3.74    0.00 -100.00    0.00    0.00 -100.00 1.888E+03

   5.014 25.126  2.23    1.71   -1.64    1.38    0.00   -0.26  0.885
   2.354  0.447  3.64    0.00 -100.00    0.00    0.00 -100.00 1.578E+03

   5.014 25.705  2.34    1.70   -2.20    1.42    0.00   -0.78  0.916
   2.354  0.468  3.54    0.00 -100.00    0.00    0.00 -100.00 1.320E+03

   5.014 26.272  2.44    1.70   -2.77    1.48    0.00   -1.29  0.954
   2.354  0.488  3.43    0.00 -100.00    0.00    0.00 -100.00 1.105E+03

   5.014 26.827  2.54    1.71   -3.35    1.56    0.00   -1.79  0.999
   2.354  0.509  3.33    0.00 -100.00    0.00    0.00 -100.00 9.245E+02

   5.014 27.373  2.64    1.72   -3.93    1.66    0.00   -2.27  1.054
   2.354  0.529  3.23    0.00 -100.00    0.00    0.00 -100.00 7.734E+02

   5.014 27.908  2.75    1.75   -4.51    1.79    0.00   -2.72  1.118
   2.354  0.550  3.13    0.00 -100.00    0.00    0.00 -100.00 6.464E+02

   5.014 17.911  1.07    3.04    8.48    2.31    0.01   10.79  0.763
   2.194  0.201  5.11    0.00 -100.00    0.00    0.00 -100.00 1.171E+04

   5.014 18.808  1.17    2.81    7.40    2.13    0.00    9.53  0.773
   2.194  0.222  5.00    0.00 -100.00    0.00    0.00 -100.00 9.409E+03

   5.014 19.666  1.28    2.61    6.39    1.98    0.00    8.37  0.780
   2.194  0.242  4.89    0.00 -100.00    0.00    0.00 -100.00 7.636E+03

   5.014 20.489  1.39    2.44    5.44    1.85    0.00    7.29  0.787
   2.194  0.263  4.78    0.00 -100.00    0.00    0.00 -100.00 6.245E+03

   5.014 21.281  1.50    2.31    4.55    1.74    0.00    6.29  0.792
   2.194  0.283  4.67    0.00 -100.00    0.00    0.00 -100.00 5.137E+03

   5.014 22.046  1.61    2.19    3.71    1.65    0.00    5.36  0.799
   2.194  0.304  4.56    0.00 -100.00    0.00    0.00 -100.00 4.243E+03

   5.014 22.787  1.72    2.10    2.93    1.59    0.00    4.51  0.809
   2.194  0.324  4.46    0.00 -100.00    0.00    0.00 -100.00 3.515E+03

   5.014 23.506  1.83    2.02    2.20    1.54    0.00    3.73  0.819
   2.194  0.345  4.35    0.00 -100.00    0.00    0.00 -100.00 2.918E+03

   5.014 24.204  1.93    1.95    1.51    1.49    0.00    3.00  0.829
   2.194  0.365  4.24    0.00 -100.00    0.00    0.00 -100.00 2.427E+03

   5.014 24.884  2.04    1.90    0.87    1.46    0.00    2.33  0.837
   2.194  0.386  4.13    0.00 -100.00    0.00    0.00 -100.00 2.020E+03

   5.014 25.548  2.15    1.86    0.26    1.44    0.00    1.69  0.843
   2.194  0.406  4.02    0.00 -100.00    0.00    0.00 -100.00 1.684E+03

   5.014 26.195  2.26    1.83   -0.33    1.42    0.00    1.09  0.852
   2.194  0.427  3.91    0.00 -100.00    0.00    0.00 -100.00 1.405E+03

   5.014 26.828  2.37    1.81   -0.91    1.43    0.00    0.53  0.872
   2.194  0.447  3.80    0.00 -100.00    0.00    0.00 -100.00 1.173E+03

   5.014 27.447  2.48    1.79   -1.48    1.46    0.00   -0.02  0.896
   2.194  0.468  3.70    0.00 -100.00    0.00    0.00 -100.00 9.799E+02

   5.014 28.054  2.59    1.79   -2.04    1.50    0.00   -0.54  0.927
   2.194  0.488  3.59    0.00 -100.00    0.00    0.00 -100.00 8.191E+02

   5.014 28.649  2.69    1.79   -2.60    1.56    0.00   -1.04  0.964
   2.194  0.509  3.48    0.00 -100.00    0.00    0.00 -100.00 6.844E+02

   5.014 29.233  2.80    1.80   -3.18    1.64    0.00   -1.53  1.009
   2.194  0.529  3.37    0.00 -100.00    0.00    0.00 -100.00 5.719E+02

   5.014 29.806  2.91    1.82   -3.74    1.75    0.00   -1.99  1.063
   2.194  0.550  3.26    0.00 -100.00    0.00    0.00 -100.00 4.773E+02

   5.014 17.975  1.01    3.59   10.51    2.70    0.02   13.23  0.742
   2.054  0.181  5.43    0.00 -100.00    0.00    0.00 -100.00 1.160E+04

   5.014 18.975  1.12    3.28    9.32    2.48    0.01   11.81  0.754
   2.054  0.201  5.32    0.00 -100.00    0.00    0.00 -100.00 9.192E+03

   5.014 19.926  1.23    3.03    8.22    2.29    0.00   10.51  0.765
   2.054  0.222  5.20    0.00 -100.00    0.00    0.00 -100.00 7.377E+03

   5.014 20.836  1.35    2.82    7.18    2.13    0.00    9.31  0.773
   2.054  0.242  5.09    0.00 -100.00    0.00    0.00 -100.00 5.981E+03

   5.014 21.709  1.46    2.64    6.20    2.00    0.00    8.20  0.781
   2.054  0.263  4.97    0.00 -100.00    0.00    0.00 -100.00 4.886E+03

   5.014 22.550  1.57    2.49    5.29    1.88    0.00    7.17  0.788
   2.054  0.283  4.86    0.00 -100.00    0.00    0.00 -100.00 4.015E+03

   5.014 23.362  1.69    2.37    4.43    1.78    0.00    6.21  0.795
   2.054  0.304  4.75    0.00 -100.00    0.00    0.00 -100.00 3.313E+03

   5.014 24.148  1.80    2.26    3.63    1.71    0.00    5.34  0.805
   2.054  0.324  4.63    0.00 -100.00    0.00    0.00 -100.00 2.742E+03

   5.014 24.911  1.92    2.18    2.88    1.65    0.00    4.53  0.815
   2.054  0.345  4.52    0.00 -100.00    0.00    0.00 -100.00 2.275E+03

   5.014 25.653  2.03    2.10    2.18    1.60    0.00    3.78  0.824
   2.054  0.365  4.40    0.00 -100.00    0.00    0.00 -100.00 1.890E+03

   5.014 26.375  2.14    2.05    1.53    1.56    0.00    3.09  0.833
   2.054  0.386  4.29    0.00 -100.00    0.00    0.00 -100.00 1.572E+03

   5.014 27.079  2.26    2.00    0.91    1.53    0.00    2.44  0.840
   2.054  0.406  4.18    0.00 -100.00    0.00    0.00 -100.00 1.309E+03

   5.014 27.767  2.37    1.96    0.31    1.51    0.00    1.82  0.847
   2.054  0.427  4.06    0.00 -100.00    0.00    0.00 -100.00 1.091E+03

   5.014 28.439  2.49    1.93   -0.27    1.51    0.00    1.24  0.862
   2.054  0.447  3.95    0.00 -100.00    0.00    0.00 -100.00 9.100E+02

   5.014 29.097  2.60    1.91   -0.84    1.52    0.00    0.69  0.882
   2.054  0.468  3.84    0.00 -100.00    0.00    0.00 -100.00 7.594E+02

   5.014 29.742  2.71    1.90   -1.40    1.55    0.00    0.16  0.908
   2.054  0.488  3.72    0.00 -100.00    0.00    0.00 -100.00 6.340E+02

   5.014 30.375  2.83    1.89   -1.96    1.60    0.00   -0.36  0.939
   2.054  0.509  3.61    0.00 -100.00    0.00    0.00 -100.00 5.293E+02

   5.014 30.995  2.94    1.90   -2.52    1.67    0.00   -0.85  0.976
   2.054  0.529  3.49    0.00 -100.00    0.00    0.00 -100.00 4.416E+02

   5.014 31.605  3.05    1.91   -3.09    1.76    0.00   -1.33  1.022
   2.054  0.550  3.38    0.00 -100.00    0.00    0.00 -100.00 3.682E+02

   5.014 18.278  1.02    3.67   10.78    2.77    0.02   13.56  0.739
   2.014  0.181  5.49    0.00 -100.00    0.00    0.00 -100.00 1.083E+04

   5.014 19.294  1.13    3.36    9.57    2.54    0.01   12.12  0.752
   2.014  0.201  5.38    0.00 -100.00    0.00    0.00 -100.00 8.581E+03

   5.014 20.262  1.25    3.10    8.46    2.35    0.00   10.81  0.762
   2.014  0.222  5.26    0.00 -100.00    0.00    0.00 -100.00 6.885E+03

   5.014 21.187  1.37    2.89    7.41    2.19    0.00    9.59  0.771
   2.014  0.242  5.14    0.00 -100.00    0.00    0.00 -100.00 5.581E+03

   5.014 22.075  1.48    2.71    6.42    2.04    0.00    8.47  0.779
   2.014  0.263  5.03    0.00 -100.00    0.00    0.00 -100.00 4.558E+03

   5.014 22.931  1.60    2.55    5.50    1.93    0.00    7.43  0.786
   2.014  0.283  4.91    0.00 -100.00    0.00    0.00 -100.00 3.744E+03

   5.014 23.757  1.71    2.42    4.64    1.83    0.00    6.47  0.793
   2.014  0.304  4.80    0.00 -100.00    0.00    0.00 -100.00 3.089E+03

   5.014 24.557  1.83    2.32    3.84    1.75    0.00    5.59  0.804
   2.014  0.324  4.68    0.00 -100.00    0.00    0.00 -100.00 2.556E+03

   5.014 25.333  1.94    2.23    3.08    1.69    0.00    4.77  0.814
   2.014  0.345  4.57    0.00 -100.00    0.00    0.00 -100.00 2.120E+03

   5.014 26.088  2.06    2.16    2.38    1.64    0.00    4.02  0.823
   2.014  0.365  4.45    0.00 -100.00    0.00    0.00 -100.00 1.761E+03

   5.014 26.823  2.17    2.09    1.72    1.60    0.00    3.32  0.832
   2.014  0.386  4.34    0.00 -100.00    0.00    0.00 -100.00 1.464E+03

   5.014 27.540  2.29    2.05    1.10    1.57    0.00    2.67  0.839
   2.014  0.406  4.22    0.00 -100.00    0.00    0.00 -100.00 1.219E+03

   5.014 28.240  2.40    2.01    0.50    1.54    0.00    2.04  0.845
   2.014  0.427  4.11    0.00 -100.00    0.00    0.00 -100.00 1.016E+03

   5.014 28.924  2.52    1.98   -0.08    1.54    0.00    1.46  0.860
   2.014  0.447  3.99    0.00 -100.00    0.00    0.00 -100.00 8.470E+02

   5.014 29.594  2.63    1.95   -0.65    1.55    0.00    0.90  0.879
   2.014  0.468  3.88    0.00 -100.00    0.00    0.00 -100.00 7.066E+02

   5.014 30.250  2.75    1.94   -1.21    1.58    0.00    0.37  0.903
   2.014  0.488  3.76    0.00 -100.00    0.00    0.00 -100.00 5.897E+02

   5.014 30.894  2.87    1.93   -1.77    1.62    0.00   -0.15  0.932
   2.014  0.509  3.64    0.00 -100.00    0.00    0.00 -100.00 4.922E+02

   5.014 31.526  2.98    1.93   -2.34    1.68    0.00   -0.65  0.968
   2.014  0.529  3.53    0.00 -100.00    0.00    0.00 -100.00 4.107E+02

   5.014 32.146  3.10    1.94   -2.90    1.77    0.00   -1.13  1.011
   2.014  0.550  3.41    0.00 -100.00    0.00    0.00 -100.00 3.422E+02

   5.014 19.648  1.08    4.11   11.96    3.09    0.02   15.07  0.727
   1.844  0.181  5.75    0.00 -100.00    0.00    0.00 -100.00 8.104E+03

   5.014 20.743  1.20    3.77   10.71    2.85    0.01   13.57  0.740
   1.844  0.201  5.63    0.00 -100.00    0.00    0.00 -100.00 6.414E+03

   5.014 21.785  1.32    3.48    9.55    2.64    0.00   12.19  0.751
   1.844  0.222  5.51    0.00 -100.00    0.00    0.00 -100.00 5.142E+03

   5.014 22.781  1.44    3.24    8.45    2.46    0.00   10.91  0.761
   1.844  0.242  5.39    0.00 -100.00    0.00    0.00 -100.00 4.165E+03

   5.014 23.738  1.56    3.04    7.43    2.30    0.00    9.73  0.770
   1.844  0.263  5.26    0.00 -100.00    0.00    0.00 -100.00 3.399E+03

   5.014 24.660  1.69    2.87    6.47    2.17    0.00    8.64  0.779
   1.844  0.283  5.14    0.00 -100.00    0.00    0.00 -100.00 2.790E+03

   5.014 25.551  1.81    2.73    5.58    2.06    0.00    7.64  0.787
   1.844  0.304  5.02    0.00 -100.00    0.00    0.00 -100.00 2.300E+03

   5.014 26.413  1.93    2.60    4.74    1.97    0.00    6.71  0.797
   1.844  0.324  4.90    0.00 -100.00    0.00    0.00 -100.00 1.902E+03

   5.014 27.250  2.05    2.50    3.97    1.90    0.00    5.87  0.807
   1.844  0.345  4.78    0.00 -100.00    0.00    0.00 -100.00 1.576E+03

   5.014 28.064  2.17    2.42    3.24    1.84    0.00    5.08  0.817
   1.844  0.365  4.65    0.00 -100.00    0.00    0.00 -100.00 1.308E+03

   5.014 28.857  2.30    2.35    2.56    1.79    0.00    4.35  0.826
   1.844  0.386  4.53    0.00 -100.00    0.00    0.00 -100.00 1.087E+03

   5.014 29.631  2.42    2.29    1.92    1.75    0.00    3.67  0.835
   1.844  0.406  4.41    0.00 -100.00    0.00    0.00 -100.00 9.037E+02

   5.014 30.386  2.54    2.24    1.32    1.72    0.00    3.03  0.840
   1.844  0.427  4.29    0.00 -100.00    0.00    0.00 -100.00 7.522E+02

   5.014 31.125  2.66    2.20    0.72    1.70    0.00    2.43  0.852
   1.844  0.447  4.17    0.00 -100.00    0.00    0.00 -100.00 6.266E+02

   5.014 31.848  2.78    2.17    0.15    1.70    0.00    1.86  0.868
   1.844  0.468  4.05    0.00 -100.00    0.00    0.00 -100.00 5.222E+02

   5.014 32.557  2.91    2.14   -0.41    1.71    0.00    1.30  0.886
   1.844  0.488  3.92    0.00 -100.00    0.00    0.00 -100.00 4.353E+02

   5.014 33.253  3.03    2.13   -0.97    1.74    0.00    0.77  0.909
   1.844  0.509  3.80    0.00 -100.00    0.00    0.00 -100.00 3.628E+02

   5.014 33.936  3.15    2.12   -1.53    1.79    0.00    0.26  0.937
   1.844  0.529  3.68    0.00 -100.00    0.00    0.00 -100.00 3.022E+02

   5.014 34.607  3.27    2.12   -2.09    1.86    0.00   -0.23  0.971
   1.844  0.550  3.56    0.00 -100.00    0.00    0.00 -100.00 2.516E+02

   5.014 20.529  1.11    4.43   12.73    3.34    0.02   16.09  0.720
   1.744  0.181  5.91    0.00 -100.00    0.00    0.00 -100.00 6.832E+03

   5.014 21.674  1.24    4.07   11.45    3.08    0.01   14.53  0.733
   1.744  0.201  5.78    0.00 -100.00    0.00    0.00 -100.00 5.406E+03

   5.014 22.764  1.36    3.76   10.25    2.85    0.00   13.10  0.745
   1.744  0.222  5.65    0.00 -100.00    0.00    0.00 -100.00 4.333E+03

   5.014 23.806  1.49    3.51    9.12    2.66    0.00   11.78  0.755
   1.744  0.242  5.53    0.00 -100.00    0.00    0.00 -100.00 3.509E+03

   5.014 24.808  1.61    3.29    8.07    2.49    0.00   10.57  0.765
   1.744  0.263  5.40    0.00 -100.00    0.00    0.00 -100.00 2.863E+03

   5.014 25.772  1.74    3.10    7.09    2.35    0.00    9.44  0.774
   1.744  0.283  5.28    0.00 -100.00    0.00    0.00 -100.00 2.349E+03

   5.014 26.705  1.87    2.95    6.18    2.23    0.00    8.41  0.783
   1.744  0.304  5.15    0.00 -100.00    0.00    0.00 -100.00 1.936E+03

   5.014 27.608  1.99    2.82    5.32    2.14    0.00    7.46  0.793
   1.744  0.324  5.03    0.00 -100.00    0.00    0.00 -100.00 1.600E+03

   5.014 28.484  2.12    2.71    4.52    2.06    0.00    6.58  0.804
   1.744  0.345  4.90    0.00 -100.00    0.00    0.00 -100.00 1.325E+03

   5.014 29.337  2.24    2.61    3.78    1.99    0.00    5.78  0.814
   1.744  0.365  4.77    0.00 -100.00    0.00    0.00 -100.00 1.099E+03

   5.014 30.167  2.37    2.53    3.09    1.94    0.00    5.03  0.823
   1.744  0.386  4.65    0.00 -100.00    0.00    0.00 -100.00 9.131E+02

   5.014 30.977  2.49    2.47    2.44    1.89    0.00    4.33  0.832
   1.744  0.406  4.52    0.00 -100.00    0.00    0.00 -100.00 7.591E+02

   5.014 31.769  2.62    2.41    1.83    1.86    0.00    3.68  0.839
   1.744  0.427  4.40    0.00 -100.00    0.00    0.00 -100.00 6.315E+02

   5.014 32.543  2.75    2.37    1.23    1.83    0.00    3.06  0.849
   1.744  0.447  4.27    0.00 -100.00    0.00    0.00 -100.00 5.258E+02

   5.014 33.301  2.87    2.33    0.65    1.83    0.00    2.47  0.863
   1.744  0.468  4.14    0.00 -100.00    0.00    0.00 -100.00 4.380E+02

   5.014 34.045  3.00    2.30    0.08    1.83    0.00    1.91  0.879
   1.744  0.488  4.02    0.00 -100.00    0.00    0.00 -100.00 3.648E+02

   5.014 34.774  3.12    2.28   -0.49    1.85    0.00    1.37  0.899
   1.744  0.509  3.89    0.00 -100.00    0.00    0.00 -100.00 3.039E+02

   5.014 35.490  3.25    2.27   -1.04    1.89    0.00    0.85  0.923
   1.744  0.529  3.77    0.00 -100.00    0.00    0.00 -100.00 2.529E+02

   5.014 36.194  3.37    2.27   -1.59    1.95    0.00    0.36  0.952
   1.744  0.550  3.64    0.00 -100.00    0.00    0.00 -100.00 2.103E+02

   5.014 20.210  1.01    5.29   15.00    3.97    0.05   19.02  0.698
   1.644  0.160  6.19    0.00 -100.00    0.00    0.00 -100.00 7.391E+03

   5.014 21.476  1.14    4.81   13.56    3.65    0.02   17.24  0.716
   1.644  0.181  6.06    0.00 -100.00    0.00    0.00 -100.00 5.755E+03

   5.014 22.675  1.27    4.42   12.24    3.35    0.01   15.60  0.726
   1.644  0.201  5.93    0.00 -100.00    0.00    0.00 -100.00 4.554E+03

   5.014 23.817  1.40    4.10   11.01    3.11    0.00   14.13  0.738
   1.644  0.222  5.80    0.00 -100.00    0.00    0.00 -100.00 3.650E+03

   5.014 24.909  1.53    3.82    9.85    2.90    0.00   12.76  0.749
   1.644  0.242  5.67    0.00 -100.00    0.00    0.00 -100.00 2.955E+03

   5.014 25.958  1.66    3.58    8.77    2.73    0.00   11.50  0.759
   1.644  0.263  5.54    0.00 -100.00    0.00    0.00 -100.00 2.411E+03

   5.014 26.969  1.79    3.38    7.76    2.57    0.00   10.33  0.769
   1.644  0.283  5.41    0.00 -100.00    0.00    0.00 -100.00 1.978E+03

   5.014 27.946  1.92    3.21    6.81    2.44    0.00    9.26  0.778
   1.644  0.304  5.28    0.00 -100.00    0.00    0.00 -100.00 1.630E+03

   5.014 28.893  2.05    3.07    5.94    2.34    0.00    8.28  0.789
   1.644  0.324  5.15    0.00 -100.00    0.00    0.00 -100.00 1.347E+03

   5.014 29.812  2.18    2.95    5.12    2.25    0.00    7.37  0.799
   1.644  0.345  5.02    0.00 -100.00    0.00    0.00 -100.00 1.115E+03

   5.014 30.706  2.31    2.85    4.36    2.18    0.00    6.54  0.809
   1.644  0.365  4.89    0.00 -100.00    0.00    0.00 -100.00 9.247E+02

   5.014 31.577  2.44    2.76    3.65    2.12    0.00    5.77  0.819
   1.644  0.386  4.76    0.00 -100.00    0.00    0.00 -100.00 7.678E+02

   5.014 32.428  2.57    2.69    2.99    2.07    0.00    5.06  0.828
   1.644  0.406  4.63    0.00 -100.00    0.00    0.00 -100.00 6.380E+02

   5.014 33.258  2.70    2.62    2.36    2.03    0.00    4.39  0.838
   1.644  0.427  4.50    0.00 -100.00    0.00    0.00 -100.00 5.306E+02

   5.014 34.071  2.83    2.57    1.76    2.00    0.00    3.76  0.847
   1.644  0.447  4.37    0.00 -100.00    0.00    0.00 -100.00 4.415E+02

   5.014 34.867  2.96    2.53    1.16    1.99    0.00    3.15  0.859
   1.644  0.468  4.24    0.00 -100.00    0.00    0.00 -100.00 3.676E+02

   5.014 35.648  3.09    2.49    0.59    1.98    0.00    2.58  0.873
   1.644  0.488  4.12    0.00 -100.00    0.00    0.00 -100.00 3.060E+02

   5.014 36.414  3.22    2.47    0.02    2.00    0.00    2.02  0.891
   1.644  0.509  3.99    0.00 -100.00    0.00    0.00 -100.00 2.547E+02

   5.014 37.166  3.35    2.45   -0.54    2.03    0.00    1.49  0.912
   1.644  0.529  3.86    0.00 -100.00    0.00    0.00 -100.00 2.119E+02

   5.014 37.906  3.48    2.44   -1.09    2.07    0.00    0.99  0.937
   1.644  0.550  3.73    0.00 -100.00    0.00    0.00 -100.00 1.760E+02

   5.014 21.072  1.04    5.72   15.86    4.31    0.06   20.22  0.692
   1.554  0.160  6.33    0.00 -100.00    0.00    0.00 -100.00 6.327E+03

   5.014 22.394  1.18    5.22   14.39    3.95    0.03   18.36  0.706
   1.554  0.181  6.20    0.00 -100.00    0.00    0.00 -100.00 4.927E+03

   5.014 23.645  1.31    4.80   13.02    3.65    0.01   16.69  0.719
   1.554  0.201  6.06    0.00 -100.00    0.00    0.00 -100.00 3.899E+03

   5.014 24.837  1.44    4.45   11.75    3.39    0.01   15.15  0.731
   1.554  0.222  5.93    0.00 -100.00    0.00    0.00 -100.00 3.125E+03

   5.014 25.978  1.57    4.15   10.57    3.17    0.00   13.74  0.743
   1.554  0.242  5.80    0.00 -100.00    0.00    0.00 -100.00 2.530E+03

   5.014 27.074  1.71    3.90    9.45    2.98    0.00   12.43  0.753
   1.554  0.263  5.67    0.00 -100.00    0.00    0.00 -100.00 2.064E+03

   5.014 28.130  1.84    3.68    8.41    2.81    0.00   11.23  0.764
   1.554  0.283  5.53    0.00 -100.00    0.00    0.00 -100.00 1.694E+03

   5.014 29.151  1.97    3.50    7.44    2.67    0.00   10.12  0.773
   1.554  0.304  5.40    0.00 -100.00    0.00    0.00 -100.00 1.395E+03

   5.014 30.140  2.11    3.34    6.54    2.56    0.00    9.10  0.784
   1.554  0.324  5.27    0.00 -100.00    0.00    0.00 -100.00 1.153E+03

   5.014 31.101  2.24    3.21    5.70    2.47    0.00    8.17  0.795
   1.554  0.345  5.13    0.00 -100.00    0.00    0.00 -100.00 9.543E+02

   5.014 32.036  2.37    3.10    4.92    2.39    0.00    7.31  0.805
   1.554  0.365  5.00    0.00 -100.00    0.00    0.00 -100.00 7.913E+02

   5.014 32.947  2.51    3.00    4.20    2.32    0.00    6.52  0.815
   1.554  0.386  4.87    0.00 -100.00    0.00    0.00 -100.00 6.568E+02

   5.014 33.836  2.64    2.92    3.52    2.27    0.00    5.79  0.825
   1.554  0.406  4.73    0.00 -100.00    0.00    0.00 -100.00 5.457E+02

   5.014 34.705  2.77    2.85    2.88    2.22    0.00    5.10  0.835
   1.554  0.427  4.60    0.00 -100.00    0.00    0.00 -100.00 4.536E+02

   5.014 35.556  2.91    2.79    2.26    2.19    0.00    4.45  0.846
   1.554  0.447  4.47    0.00 -100.00    0.00    0.00 -100.00 3.773E+02

   5.014 36.389  3.04    2.74    1.67    2.17    0.00    3.83  0.857
   1.554  0.468  4.33    0.00 -100.00    0.00    0.00 -100.00 3.140E+02

   5.014 37.206  3.17    2.70    1.08    2.16    0.00    3.24  0.870
   1.554  0.488  4.20    0.00 -100.00    0.00    0.00 -100.00 2.613E+02

   5.014 38.008  3.30    2.67    0.51    2.17    0.00    2.67  0.885
   1.554  0.509  4.07    0.00 -100.00    0.00    0.00 -100.00 2.174E+02

   5.014 38.796  3.44    2.65   -0.05    2.19    0.00    2.14  0.904
   1.554  0.529  3.94    0.00 -100.00    0.00    0.00 -100.00 1.807E+02

   5.014 39.570  3.57    2.63   -0.61    2.23    0.00    1.62  0.926
   1.554  0.550  3.80    0.00 -100.00    0.00    0.00 -100.00 1.500E+02

   5.014 22.002  1.07    6.23   16.80    4.71    0.07   21.57  0.685
   1.464  0.160  6.47    0.00 -100.00    0.00    0.00 -100.00 5.407E+03

   5.014 23.384  1.21    5.69   15.29    4.33    0.03   19.64  0.699
   1.464  0.181  6.34    0.00 -100.00    0.00    0.00 -100.00 4.212E+03

   5.014 24.692  1.34    5.24   13.88    4.00    0.01   17.90  0.712
   1.464  0.201  6.20    0.00 -100.00    0.00    0.00 -100.00 3.334E+03

   5.014 25.938  1.48    4.87   12.57    3.73    0.01   16.30  0.724
   1.464  0.222  6.06    0.00 -100.00    0.00    0.00 -100.00 2.673E+03

   5.014 27.132  1.62    4.54   11.35    3.49    0.00   14.84  0.736
   1.464  0.242  5.93    0.00 -100.00    0.00    0.00 -100.00 2.164E+03

   5.014 28.278  1.75    4.27   10.20    3.28    0.00   13.48  0.747
   1.464  0.263  5.79    0.00 -100.00    0.00    0.00 -100.00 1.766E+03

   5.014 29.383  1.89    4.04    9.13    3.10    0.00   12.23  0.758
   1.464  0.283  5.65    0.00 -100.00    0.00    0.00 -100.00 1.449E+03

   5.014 30.452  2.03    3.84    8.12    2.95    0.00   11.08  0.768
   1.464  0.304  5.52    0.00 -100.00    0.00    0.00 -100.00 1.193E+03

   5.014 31.488  2.16    3.67    7.20    2.83    0.00   10.03  0.779
   1.464  0.324  5.38    0.00 -100.00    0.00    0.00 -100.00 9.859E+02

   5.014 32.494  2.30    3.52    6.33    2.73    0.00    9.06  0.790
   1.464  0.345  5.24    0.00 -100.00    0.00    0.00 -100.00 8.162E+02

   5.014 33.473  2.43    3.40    5.54    2.64    0.00    8.17  0.801
   1.464  0.365  5.11    0.00 -100.00    0.00    0.00 -100.00 6.767E+02

   5.014 34.427  2.57    3.29    4.79    2.57    0.00    7.36  0.811
   1.464  0.386  4.97    0.00 -100.00    0.00    0.00 -100.00 5.616E+02

   5.014 35.359  2.71    3.20    4.09    2.50    0.00    6.60  0.821
   1.464  0.406  4.83    0.00 -100.00    0.00    0.00 -100.00 4.664E+02

   5.014 36.270  2.84    3.13    3.44    2.46    0.00    5.89  0.831
   1.464  0.427  4.70    0.00 -100.00    0.00    0.00 -100.00 3.877E+02

   5.014 37.161  2.98    3.06    2.81    2.42    0.00    5.23  0.844
   1.464  0.447  4.56    0.00 -100.00    0.00    0.00 -100.00 3.224E+02

   5.014 38.035  3.12    3.00    2.20    2.40    0.00    4.60  0.856
   1.464  0.468  4.42    0.00 -100.00    0.00    0.00 -100.00 2.682E+02

   5.014 38.891  3.25    2.96    1.60    2.38    0.00    3.99  0.868
   1.464  0.488  4.29    0.00 -100.00    0.00    0.00 -100.00 2.231E+02

   5.014 39.733  3.39    2.92    1.03    2.38    0.00    3.41  0.882
   1.464  0.509  4.15    0.00 -100.00    0.00    0.00 -100.00 1.855E+02

   5.014 40.560  3.53    2.89    0.46    2.39    0.00    2.85  0.898
   1.464  0.529  4.01    0.00 -100.00    0.00    0.00 -100.00 1.541E+02

   5.014 41.372  3.66    2.87   -0.10    2.43    0.00    2.33  0.918
   1.464  0.550  3.88    0.00 -100.00    0.00    0.00 -100.00 1.279E+02

   5.014 23.010  1.10    6.84   17.83    5.19    0.07   23.09  0.677
   1.374  0.160  6.61    0.00 -100.00    0.00    0.00 -100.00 4.611E+03

   5.014 24.457  1.24    6.25   16.28    4.77    0.03   21.08  0.691
   1.374  0.181  6.47    0.00 -100.00    0.00    0.00 -100.00 3.593E+03

   5.014 25.828  1.38    5.77   14.83    4.42    0.01   19.27  0.705
   1.374  0.201  6.33    0.00 -100.00    0.00    0.00 -100.00 2.845E+03

   5.014 27.134  1.52    5.36   13.48    4.12    0.01   17.61  0.717
   1.374  0.222  6.19    0.00 -100.00    0.00    0.00 -100.00 2.282E+03

   5.014 28.384  1.66    5.01   12.21    3.87    0.00   16.08  0.729
   1.374  0.242  6.05    0.00 -100.00    0.00    0.00 -100.00 1.848E+03

   5.014 29.586  1.80    4.71   11.02    3.64    0.00   14.67  0.740
   1.374  0.263  5.91    0.00 -100.00    0.00    0.00 -100.00 1.508E+03

   5.014 30.744  1.94    4.46    9.92    3.45    0.00   13.37  0.751
   1.374  0.283  5.77    0.00 -100.00    0.00    0.00 -100.00 1.238E+03

   5.014 31.865  2.08    4.24    8.89    3.29    0.00   12.18  0.762
   1.374  0.304  5.63    0.00 -100.00    0.00    0.00 -100.00 1.020E+03

   5.014 32.952  2.22    4.06    7.93    3.15    0.00   11.08  0.773
   1.374  0.324  5.49    0.00 -100.00    0.00    0.00 -100.00 8.423E+02

   5.014 34.007  2.36    3.90    7.04    3.04    0.00   10.08  0.785
   1.374  0.345  5.35    0.00 -100.00    0.00    0.00 -100.00 6.973E+02

   5.014 35.035  2.50    3.76    6.21    2.95    0.00    9.16  0.796
   1.374  0.365  5.21    0.00 -100.00    0.00    0.00 -100.00 5.780E+02

   5.014 36.036  2.64    3.64    5.44    2.87    0.00    8.31  0.807
   1.374  0.386  5.07    0.00 -100.00    0.00    0.00 -100.00 4.797E+02

   5.014 37.015  2.78    3.54    4.73    2.80    0.00    7.52  0.817
   1.374  0.406  4.93    0.00 -100.00    0.00    0.00 -100.00 3.983E+02

   5.014 37.972  2.92    3.46    4.05    2.74    0.00    6.79  0.828
   1.374  0.427  4.79    0.00 -100.00    0.00    0.00 -100.00 3.310E+02

   5.014 38.908  3.06    3.38    3.40    2.70    0.00    6.11  0.840
   1.374  0.447  4.65    0.00 -100.00    0.00    0.00 -100.00 2.752E+02

   5.014 39.826  3.20    3.32    2.78    2.68    0.00    5.46  0.854
   1.374  0.468  4.51    0.00 -100.00    0.00    0.00 -100.00 2.288E+02

   5.014 40.727  3.34    3.26    2.18    2.66    0.00    4.84  0.867
   1.374  0.488  4.37    0.00 -100.00    0.00    0.00 -100.00 1.903E+02

   5.014 41.611  3.48    3.22    1.59    2.66    0.00    4.24  0.880
   1.374  0.509  4.23    0.00 -100.00    0.00    0.00 -100.00 1.581E+02

   5.014 42.481  3.62    3.18    1.01    2.66    0.00    3.67  0.895
   1.374  0.529  4.09    0.00 -100.00    0.00    0.00 -100.00 1.313E+02

   5.014 43.336  3.76    3.16    0.45    2.69    0.00    3.13  0.913
   1.374  0.550  3.95    0.00 -100.00    0.00    0.00 -100.00 1.089E+02

   5.014 23.984  1.12    7.46   18.85    5.69    0.08   24.62  0.670
   1.294  0.160  6.74    0.00 -100.00    0.00    0.00 -100.00 3.994E+03

   5.014 25.494  1.26    6.83   17.25    5.24    0.04   22.53  0.684
   1.294  0.181  6.60    0.00 -100.00    0.00    0.00 -100.00 3.113E+03

   5.014 26.925  1.41    6.31   15.76    4.87    0.02   20.65  0.698
   1.294  0.201  6.45    0.00 -100.00    0.00    0.00 -100.00 2.466E+03

   5.014 28.288  1.55    5.87   14.38    4.55    0.01   18.93  0.710
   1.294  0.222  6.31    0.00 -100.00    0.00    0.00 -100.00 1.979E+03

   5.014 29.594  1.69    5.50   13.06    4.27    0.00   17.34  0.722
   1.294  0.242  6.17    0.00 -100.00    0.00    0.00 -100.00 1.603E+03

   5.014 30.850  1.84    5.18   11.79    4.03    0.00   15.83  0.734
   1.294  0.263  6.03    0.00 -100.00    0.00    0.00 -100.00 1.308E+03

   5.014 32.061  1.98    4.90   10.70    3.83    0.00   14.53  0.745
   1.294  0.283  5.88    0.00 -100.00    0.00    0.00 -100.00 1.074E+03

   5.014 33.232  2.12    4.67    9.64    3.65    0.00   13.29  0.756
   1.294  0.304  5.74    0.00 -100.00    0.00    0.00 -100.00 8.848E+02

   5.014 34.368  2.27    4.47    8.65    3.50    0.00   12.15  0.768
   1.294  0.324  5.60    0.00 -100.00    0.00    0.00 -100.00 7.311E+02

   5.014 35.472  2.41    4.29    7.73    3.38    0.00   11.11  0.780
   1.294  0.345  5.45    0.00 -100.00    0.00    0.00 -100.00 6.052E+02

   5.014 36.546  2.55    4.15    6.88    3.28    0.00   10.16  0.791
   1.294  0.365  5.31    0.00 -100.00    0.00    0.00 -100.00 5.017E+02

   5.014 37.595  2.69    4.02    6.09    3.19    0.00    9.28  0.802
   1.294  0.386  5.17    0.00 -100.00    0.00    0.00 -100.00 4.163E+02

   5.014 38.619  2.84    3.91    5.35    3.12    0.00    8.47  0.813
   1.294  0.406  5.02    0.00 -100.00    0.00    0.00 -100.00 3.457E+02

   5.014 39.620  2.98    3.81    4.65    3.06    0.00    7.71  0.824
   1.294  0.427  4.88    0.00 -100.00    0.00    0.00 -100.00 2.872E+02

   5.014 40.601  3.12    3.73    3.99    3.02    0.00    7.00  0.836
   1.294  0.447  4.74    0.00 -100.00    0.00    0.00 -100.00 2.387E+02

   5.014 41.562  3.27    3.66    3.35    2.99    0.00    6.34  0.851
   1.294  0.468  4.59    0.00 -100.00    0.00    0.00 -100.00 1.985E+02

   5.014 42.506  3.41    3.59    2.73    2.98    0.00    5.71  0.866
   1.294  0.488  4.45    0.00 -100.00    0.00    0.00 -100.00 1.650E+02

   5.014 43.433  3.55    3.54    2.13    2.96    0.00    5.10  0.880
   1.294  0.509  4.31    0.00 -100.00    0.00    0.00 -100.00 1.370E+02

   5.014 44.345  3.70    3.50    1.54    2.97    0.00    4.50  0.894
   1.294  0.529  4.16    0.00 -100.00    0.00    0.00 -100.00 1.137E+02

   5.014 45.242  3.84    3.47    0.97    2.98    0.00    3.96  0.910
   1.294  0.550  4.02    0.00 -100.00    0.00    0.00 -100.00 9.427E+01

   5.014 25.043  1.14    8.18   19.96    6.28    0.09   26.33  0.663
   1.214  0.160  6.87    0.00 -100.00    0.00    0.00 -100.00 3.450E+03

   5.014 26.622  1.29    7.51   18.32    5.80    0.04   24.17  0.677
   1.214  0.181  6.72    0.00 -100.00    0.00    0.00 -100.00 2.691E+03

   5.014 28.119  1.44    6.95   16.80    5.40    0.02   22.22  0.690
   1.214  0.201  6.57    0.00 -100.00    0.00    0.00 -100.00 2.132E+03

   5.014 29.545  1.58    6.47   15.37    5.05    0.01   20.43  0.703
   1.214  0.222  6.43    0.00 -100.00    0.00    0.00 -100.00 1.712E+03

   5.014 30.912  1.73    6.07   14.01    4.77    0.00   18.78  0.717
   1.214  0.242  6.28    0.00 -100.00    0.00    0.00 -100.00 1.387E+03

   5.014 32.226  1.88    5.72   12.75    4.49    0.00   17.25  0.727
   1.214  0.263  6.14    0.00 -100.00    0.00    0.00 -100.00 1.133E+03

   5.014 33.494  2.02    5.42   11.58    4.27    0.00   15.85  0.738
   1.214  0.283  5.99    0.00 -100.00    0.00    0.00 -100.00 9.299E+02

   5.014 34.721  2.17    5.17   10.48    4.08    0.00   14.56  0.750
   1.214  0.304  5.84    0.00 -100.00    0.00    0.00 -100.00 7.663E+02

   5.014 35.911  2.31    4.95    9.46    3.93    0.00   13.38  0.762
   1.214  0.324  5.70    0.00 -100.00    0.00    0.00 -100.00 6.332E+02

   5.014 37.068  2.46    4.76    8.51    3.79    0.00   12.30  0.774
   1.214  0.345  5.55    0.00 -100.00    0.00    0.00 -100.00 5.243E+02

   5.014 38.195  2.61    4.60    7.63    3.68    0.00   11.31  0.785
   1.214  0.365  5.40    0.00 -100.00    0.00    0.00 -100.00 4.346E+02

   5.014 39.294  2.75    4.46    6.81    3.59    0.00   10.40  0.797
   1.214  0.386  5.26    0.00 -100.00    0.00    0.00 -100.00 3.607E+02

   5.014 40.368  2.90    4.34    6.04    3.51    0.00    9.56  0.808
   1.214  0.406  5.11    0.00 -100.00    0.00    0.00 -100.00 2.995E+02

   5.014 41.419  3.04    4.24    5.33    3.45    0.00    8.77  0.820
   1.214  0.427  4.97    0.00 -100.00    0.00    0.00 -100.00 2.488E+02

   5.014 42.449  3.19    4.15    4.64    3.40    0.00    8.04  0.832
   1.214  0.447  4.82    0.00 -100.00    0.00    0.00 -100.00 2.067E+02

   5.014 43.459  3.34    4.07    3.98    3.37    0.00    7.34  0.847
   1.214  0.468  4.67    0.00 -100.00    0.00    0.00 -100.00 1.718E+02

   5.014 44.450  3.48    3.99    3.35    3.35    0.00    6.70  0.862
   1.214  0.488  4.53    0.00 -100.00    0.00    0.00 -100.00 1.428E+02

   5.014 45.424  3.63    3.93    2.73    3.35    0.00    6.08  0.880
   1.214  0.509  4.38    0.00 -100.00    0.00    0.00 -100.00 1.186E+02

   5.014 46.382  3.78    3.89    2.13    3.35    0.00    5.49  0.894
   1.214  0.529  4.24    0.00 -100.00    0.00    0.00 -100.00 9.838E+01

   5.014 47.325  3.92    3.82    1.55    3.36    0.00    4.91  0.910
   1.214  0.550  4.09    0.00 -100.00    0.00    0.00 -100.00 8.150E+01

   5.014 24.304  1.02    9.80   22.65    7.50    0.24   30.39  0.642
   1.144  0.140  7.13    0.00 -100.00    0.00    0.00 -100.00 3.957E+03

   5.014 26.052  1.17    8.92   21.04    6.88    0.10   28.03  0.657
   1.144  0.160  6.98    0.00 -100.00    0.00    0.00 -100.00 3.027E+03

   5.014 27.697  1.31    8.20   19.36    6.37    0.04   25.78  0.670
   1.144  0.181  6.83    0.00 -100.00    0.00    0.00 -100.00 2.362E+03

   5.014 29.256  1.46    7.60   17.80    5.94    0.02   23.76  0.683
   1.144  0.201  6.68    0.00 -100.00    0.00    0.00 -100.00 1.873E+03

   5.014 30.743  1.61    7.09   16.33    5.57    0.01   21.91  0.696
   1.144  0.222  6.53    0.00 -100.00    0.00    0.00 -100.00 1.504E+03

   5.014 32.168  1.76    6.66   14.94    5.25    0.00   20.20  0.708
   1.144  0.242  6.38    0.00 -100.00    0.00    0.00 -100.00 1.219E+03

   5.014 33.539  1.91    6.28   13.64    4.98    0.00   18.62  0.720
   1.144  0.263  6.23    0.00 -100.00    0.00    0.00 -100.00 9.960E+02

   5.014 34.862  2.06    5.96   12.43    4.74    0.00   17.17  0.732
   1.144  0.283  6.08    0.00 -100.00    0.00    0.00 -100.00 8.179E+02

   5.014 36.142  2.21    5.69   11.30    4.54    0.00   15.84  0.744
   1.144  0.304  5.93    0.00 -100.00    0.00    0.00 -100.00 6.742E+02

   5.014 37.384  2.36    5.46   10.25    4.37    0.00   14.62  0.756
   1.144  0.324  5.79    0.00 -100.00    0.00    0.00 -100.00 5.572E+02

   5.014 38.592  2.51    5.25    9.28    4.23    0.00   13.51  0.768
   1.144  0.345  5.64    0.00 -100.00    0.00    0.00 -100.00 4.614E+02

   5.014 39.769  2.65    5.08    8.36    4.11    0.00   12.47  0.780
   1.144  0.365  5.49    0.00 -100.00    0.00    0.00 -100.00 3.826E+02

   5.014 40.918  2.80    4.93    7.52    4.01    0.00   11.53  0.792
   1.144  0.386  5.34    0.00 -100.00    0.00    0.00 -100.00 3.175E+02

   5.014 42.041  2.95    4.80    6.73    3.93    0.00   10.66  0.804
   1.144  0.406  5.19    0.00 -100.00    0.00    0.00 -100.00 2.636E+02

   5.014 43.139  3.10    4.68    5.99    3.86    0.00    9.85  0.816
   1.144  0.427  5.04    0.00 -100.00    0.00    0.00 -100.00 2.190E+02

   5.014 44.216  3.25    4.58    5.28    3.81    0.00    9.09  0.828
   1.144  0.447  4.89    0.00 -100.00    0.00    0.00 -100.00 1.820E+02

   5.014 45.272  3.40    4.50    4.60    3.78    0.00    8.38  0.843
   1.144  0.468  4.74    0.00 -100.00    0.00    0.00 -100.00 1.512E+02

   5.014 46.310  3.55    4.42    3.95    3.76    0.00    7.70  0.859
   1.144  0.488  4.60    0.00 -100.00    0.00    0.00 -100.00 1.256E+02

   5.014 47.329  3.70    4.35    3.32    3.76    0.00    7.07  0.876
   1.144  0.509  4.45    0.00 -100.00    0.00    0.00 -100.00 1.043E+02

   5.014 48.332  3.85    4.30    2.70    3.77    0.00    6.48  0.895
   1.144  0.529  4.30    0.00 -100.00    0.00    0.00 -100.00 8.649E+01

   5.014 49.320  3.99    4.25    2.11    3.79    0.00    5.90  0.911
   1.144  0.550  4.15    0.00 -100.00    0.00    0.00 -100.00 7.163E+01

   5.014 25.326  1.04   10.71   23.73    8.26    0.26   32.25  0.635
   1.074  0.140  7.24    0.00 -100.00    0.00    0.00 -100.00 3.460E+03

   5.014 27.150  1.19    9.77   22.20    7.59    0.11   29.90  0.650
   1.074  0.160  7.09    0.00 -100.00    0.00    0.00 -100.00 2.648E+03

   5.014 28.867  1.34    9.00   20.51    7.05    0.05   27.60  0.663
   1.074  0.181  6.94    0.00 -100.00    0.00    0.00 -100.00 2.068E+03

   5.014 30.495  1.49    8.36   18.90    6.58    0.02   25.51  0.676
   1.074  0.201  6.78    0.00 -100.00    0.00    0.00 -100.00 1.641E+03

   5.014 32.049  1.64    7.81   17.40    6.19    0.01   23.60  0.689
   1.074  0.222  6.63    0.00 -100.00    0.00    0.00 -100.00 1.318E+03

   5.014 33.537  1.79    7.35   15.98    5.84    0.00   21.82  0.701
   1.074  0.242  6.48    0.00 -100.00    0.00    0.00 -100.00 1.069E+03

   5.014 34.970  1.94    6.94   14.64    5.55    0.00   20.19  0.713
   1.074  0.263  6.33    0.00 -100.00    0.00    0.00 -100.00 8.736E+02

   5.014 36.353  2.10    6.60   13.39    5.30    0.00   18.69  0.725
   1.074  0.283  6.18    0.00 -100.00    0.00    0.00 -100.00 7.176E+02

   5.014 37.692  2.25    6.30   12.23    5.08    0.00   17.31  0.737
   1.074  0.304  6.03    0.00 -100.00    0.00    0.00 -100.00 5.917E+02

   5.014 38.992  2.40    6.05   11.14    4.90    0.00   16.04  0.749
   1.074  0.324  5.87    0.00 -100.00    0.00    0.00 -100.00 4.892E+02

   5.014 40.256  2.55    5.83   10.14    4.75    0.00   14.89  0.761
   1.074  0.345  5.72    0.00 -100.00    0.00    0.00 -100.00 4.051E+02

   5.014 41.489  2.70    5.65    9.19    4.63    0.00   13.82  0.774
   1.074  0.365  5.57    0.00 -100.00    0.00    0.00 -100.00 3.359E+02

   5.014 42.692  2.85    5.48    8.32    4.52    0.00   12.84  0.786
   1.074  0.386  5.42    0.00 -100.00    0.00    0.00 -100.00 2.788E+02

   5.014 43.868  3.01    5.34    7.50    4.43    0.00   11.94  0.798
   1.074  0.406  5.27    0.00 -100.00    0.00    0.00 -100.00 2.315E+02

   5.014 45.019  3.16    5.22    6.73    4.36    0.00   11.10  0.811
   1.074  0.427  5.12    0.00 -100.00    0.00    0.00 -100.00 1.923E+02

   5.014 46.148  3.31    5.11    6.01    4.31    0.00   10.32  0.824
   1.074  0.447  4.97    0.00 -100.00    0.00    0.00 -100.00 1.598E+02

   5.014 47.256  3.46    5.01    5.30    4.28    0.00    9.58  0.839
   1.074  0.468  4.81    0.00 -100.00    0.00    0.00 -100.00 1.327E+02

   5.014 48.345  3.61    4.92    4.62    4.26    0.00    8.88  0.854
   1.074  0.488  4.66    0.00 -100.00    0.00    0.00 -100.00 1.103E+02

   5.014 49.415  3.76    4.85    3.97    4.26    0.00    8.23  0.872
   1.074  0.509  4.51    0.00 -100.00    0.00    0.00 -100.00 9.153E+01

   5.014 50.468  3.91    4.79    3.35    4.27    0.00    7.62  0.891
   1.074  0.529  4.36    0.00 -100.00    0.00    0.00 -100.00 7.588E+01

   5.014 51.506  4.07    4.74    2.73    4.31    0.00    7.05  0.912
   1.074  0.550  4.21    0.00 -100.00    0.00    0.00 -100.00 6.281E+01

   5.014 26.445  1.05   11.76   24.92    9.13    0.30   34.35  0.628
   1.004  0.140  7.35    0.00 -100.00    0.00    0.00 -100.00 3.015E+03

   5.014 28.353  1.21   10.76   23.44    8.42    0.13   31.99  0.643
   1.004  0.160  7.20    0.00 -100.00    0.00    0.00 -100.00 2.309E+03

   5.014 30.149  1.36    9.94   21.78    7.84    0.06   29.67  0.656
   1.004  0.181  7.04    0.00 -100.00    0.00    0.00 -100.00 1.804E+03

   5.014 31.854  1.52    9.25   20.14    7.34    0.02   27.50  0.669
   1.004  0.201  6.89    0.00 -100.00    0.00    0.00 -100.00 1.432E+03

   5.014 33.480  1.67    8.66   18.59    6.91    0.01   25.51  0.681
   1.004  0.222  6.73    0.00 -100.00    0.00    0.00 -100.00 1.151E+03

   5.014 35.040  1.82    8.16   17.13    6.55    0.01   23.68  0.694
   1.004  0.242  6.58    0.00 -100.00    0.00    0.00 -100.00 9.344E+02

   5.014 36.541  1.98    7.73   15.76    6.23    0.00   21.99  0.706
   1.004  0.263  6.43    0.00 -100.00    0.00    0.00 -100.00 7.638E+02

   5.014 37.991  2.13    7.35   14.47    5.96    0.00   20.44  0.718
   1.004  0.283  6.27    0.00 -100.00    0.00    0.00 -100.00 6.277E+02

   5.014 39.395  2.29    7.03   13.27    5.73    0.00   19.00  0.730
   1.004  0.304  6.12    0.00 -100.00    0.00    0.00 -100.00 5.177E+02

   5.014 40.758  2.44    6.76   12.16    5.54    0.00   17.70  0.742
   1.004  0.324  5.96    0.00 -100.00    0.00    0.00 -100.00 4.281E+02

   5.014 42.085  2.60    6.53   11.12    5.38    0.00   16.50  0.754
   1.004  0.345  5.81    0.00 -100.00    0.00    0.00 -100.00 3.546E+02

   5.014 43.379  2.75    6.32   10.15    5.25    0.00   15.40  0.767
   1.004  0.365  5.66    0.00 -100.00    0.00    0.00 -100.00 2.941E+02

   5.014 44.643  2.90    6.15    9.24    5.14    0.00   14.38  0.779
   1.004  0.386  5.50    0.00 -100.00    0.00    0.00 -100.00 2.441E+02

   5.014 45.879  3.06    5.99    8.39    5.05    0.00   13.44  0.792
   1.004  0.406  5.35    0.00 -100.00    0.00    0.00 -100.00 2.027E+02

   5.014 47.089  3.21    5.86    7.59    4.98    0.00   12.57  0.805
   1.004  0.427  5.19    0.00 -100.00    0.00    0.00 -100.00 1.684E+02

   5.014 48.276  3.37    5.74    6.83    4.93    0.00   11.76  0.818
   1.004  0.447  5.04    0.00 -100.00    0.00    0.00 -100.00 1.399E+02

   5.014 49.442  3.52    5.63    6.10    4.89    0.00   11.00  0.833
   1.004  0.468  4.88    0.00 -100.00    0.00    0.00 -100.00 1.162E+02

   5.014 50.588  3.68    5.54    5.42    4.88    0.00   10.30  0.850
   1.004  0.488  4.73    0.00 -100.00    0.00    0.00 -100.00 9.652E+01

   5.014 51.715  3.83    5.46    4.73    4.88    0.00    9.60  0.867
   1.004  0.509  4.58    0.00 -100.00    0.00    0.00 -100.00 8.010E+01

   5.014 52.825  3.98    5.39    4.07    4.90    0.00    8.97  0.886
   1.004  0.529  4.42    0.00 -100.00    0.00    0.00 -100.00 6.639E+01

   5.014 53.919  4.14    5.33    3.45    4.94    0.00    8.39  0.908
   1.004  0.550  4.27    0.00 -100.00    0.00    0.00 -100.00 5.494E+01

   5.014 27.495  1.07   12.80   26.00   10.00    0.33   36.33  0.622
   0.944  0.140  7.45    0.00 -100.00    0.00    0.00 -100.00 2.670E+03

   5.014 29.482  1.23   11.75   24.59    9.25    0.14   33.98  0.636
   0.944  0.160  7.29    0.00 -100.00    0.00    0.00 -100.00 2.047E+03

   5.014 31.354  1.38   10.87   22.98    8.63    0.06   31.66  0.649
   0.944  0.181  7.14    0.00 -100.00    0.00    0.00 -100.00 1.600E+03

   5.014 33.130  1.54   10.14   21.30    8.10    0.03   29.43  0.662
   0.944  0.201  6.98    0.00 -100.00    0.00    0.00 -100.00 1.271E+03

   5.014 34.826  1.70    9.51   19.72    7.65    0.01   27.39  0.674
   0.944  0.222  6.82    0.00 -100.00    0.00    0.00 -100.00 1.022E+03

   5.014 36.452  1.85    8.97   18.23    7.26    0.01   25.50  0.687
   0.944  0.242  6.67    0.00 -100.00    0.00    0.00 -100.00 8.300E+02

   5.014 38.019  2.01    8.51   16.83    6.93    0.00   23.76  0.699
   0.944  0.263  6.51    0.00 -100.00    0.00    0.00 -100.00 6.787E+02

   5.014 39.532  2.17    8.12   15.52    6.64    0.00   22.16  0.711
   0.944  0.283  6.35    0.00 -100.00    0.00    0.00 -100.00 5.579E+02

   5.014 40.998  2.32    7.78   14.28    6.41    0.00   20.69  0.724
   0.944  0.304  6.20    0.00 -100.00    0.00    0.00 -100.00 4.603E+02

   5.014 42.422  2.48    7.48   13.14    6.20    0.00   19.34  0.735
   0.944  0.324  6.04    0.00 -100.00    0.00    0.00 -100.00 3.807E+02

   5.014 43.809  2.63    7.23   12.07    6.04    0.00   18.11  0.748
   0.944  0.345  5.88    0.00 -100.00    0.00    0.00 -100.00 3.154E+02

   5.014 45.161  2.79    7.02   11.07    5.90    0.00   16.98  0.760
   0.944  0.365  5.73    0.00 -100.00    0.00    0.00 -100.00 2.616E+02

   5.014 46.483  2.95    6.83   10.14    5.79    0.00   15.94  0.773
   0.944  0.386  5.57    0.00 -100.00    0.00    0.00 -100.00 2.172E+02

   5.014 47.776  3.10    6.67    9.26    5.70    0.00   14.97  0.786
   0.944  0.406  5.41    0.00 -100.00    0.00    0.00 -100.00 1.804E+02

   5.014 49.043  3.26    6.52    8.44    5.63    0.00   14.07  0.799
   0.944  0.427  5.26    0.00 -100.00    0.00    0.00 -100.00 1.498E+02

   5.014 50.286  3.42    6.39    7.65    5.58    0.00   13.23  0.813
   0.944  0.447  5.10    0.00 -100.00    0.00    0.00 -100.00 1.245E+02

   5.014 51.507  3.57    6.28    6.90    5.55    0.00   12.44  0.828
   0.944  0.468  4.94    0.00 -100.00    0.00    0.00 -100.00 1.034E+02

   5.014 52.708  3.73    6.18    6.17    5.54    0.00   11.71  0.845
   0.944  0.488  4.79    0.00 -100.00    0.00    0.00 -100.00 8.588E+01

   5.014 53.890  3.89    6.09    5.47    5.54    0.00   11.01  0.863
   0.944  0.509  4.63    0.00 -100.00    0.00    0.00 -100.00 7.126E+01

   5.014 55.054  4.04    6.01    4.80    5.57    0.00   10.36  0.881
   0.944  0.529  4.47    0.00 -100.00    0.00    0.00 -100.00 5.905E+01

   5.014 56.202  4.20    5.95    4.14    5.62    0.00    9.76  0.903
   0.944  0.550  4.32    0.00 -100.00    0.00    0.00 -100.00 4.885E+01

   5.014 28.446  1.08   13.77   26.95   10.83    0.36   38.14  0.617
   0.894  0.140  7.53    0.00 -100.00    0.00    0.00 -100.00 2.407E+03

   5.014 30.505  1.24   12.68   25.59   10.04    0.15   35.79  0.631
   0.894  0.160  7.37    0.00 -100.00    0.00    0.00 -100.00 1.846E+03

   5.014 32.445  1.40   11.76   24.05    9.39    0.07   33.50  0.644
   0.894  0.181  7.21    0.00 -100.00    0.00    0.00 -100.00 1.444E+03

   5.014 34.287  1.56   10.98   22.38    8.83    0.03   31.24  0.656
   0.894  0.201  7.05    0.00 -100.00    0.00    0.00 -100.00 1.148E+03

   5.014 36.046  1.72   10.32   20.77    8.36    0.01   29.14  0.668
   0.894  0.222  6.90    0.00 -100.00    0.00    0.00 -100.00 9.234E+02

   5.014 37.733  1.87    9.76   19.25    7.95    0.01   27.21  0.680
   0.894  0.242  6.74    0.00 -100.00    0.00    0.00 -100.00 7.500E+02

   5.014 39.359  2.03    9.27   17.82    7.60    0.00   25.43  0.692
   0.894  0.263  6.58    0.00 -100.00    0.00    0.00 -100.00 6.136E+02

   5.014 40.930  2.19    8.85   16.48    7.31    0.00   23.79  0.704
   0.894  0.283  6.42    0.00 -100.00    0.00    0.00 -100.00 5.045E+02

   5.014 42.453  2.35    8.49   15.23    7.06    0.00   22.28  0.717
   0.894  0.304  6.26    0.00 -100.00    0.00    0.00 -100.00 4.164E+02

   5.014 43.933  2.51    8.19   14.05    6.85    0.00   20.90  0.729
   0.894  0.324  6.10    0.00 -100.00    0.00    0.00 -100.00 3.445E+02

   5.014 45.374  2.67    7.92   12.96    6.68    0.00   19.64  0.742
   0.894  0.345  5.94    0.00 -100.00    0.00    0.00 -100.00 2.854E+02

   5.014 46.780  2.83    7.70   11.95    6.54    0.00   18.49  0.754
   0.894  0.365  5.79    0.00 -100.00    0.00    0.00 -100.00 2.368E+02

   5.014 48.155  2.98    7.50   10.99    6.43    0.00   17.42  0.767
   0.894  0.386  5.63    0.00 -100.00    0.00    0.00 -100.00 1.966E+02

   5.014 49.501  3.14    7.32   10.09    6.34    0.00   16.44  0.780
   0.894  0.406  5.47    0.00 -100.00    0.00    0.00 -100.00 1.633E+02

   5.014 50.820  3.30    7.17    9.24    6.28    0.00   15.52  0.794
   0.894  0.427  5.31    0.00 -100.00    0.00    0.00 -100.00 1.356E+02

   5.014 52.115  3.46    7.04    8.43    6.23    0.00   14.66  0.808
   0.894  0.447  5.15    0.00 -100.00    0.00    0.00 -100.00 1.127E+02

   5.014 53.387  3.62    6.92    7.65    6.20    0.00   13.85  0.824
   0.894  0.468  4.99    0.00 -100.00    0.00    0.00 -100.00 9.362E+01

   5.014 54.639  3.78    6.81    6.90    6.20    0.00   13.10  0.840
   0.894  0.488  4.84    0.00 -100.00    0.00    0.00 -100.00 7.774E+01

   5.014 55.872  3.94    6.72    6.17    6.21    0.00   12.38  0.858
   0.894  0.509  4.68    0.00 -100.00    0.00    0.00 -100.00 6.449E+01

   5.014 57.087  4.09    6.63    5.48    6.25    0.00   11.73  0.878
   0.894  0.529  4.52    0.00 -100.00    0.00    0.00 -100.00 5.343E+01

   5.014 58.286  4.25    6.56    4.81    6.31    0.00   11.12  0.900
   0.894  0.550  4.36    0.00 -100.00    0.00    0.00 -100.00 4.419E+01

   5.014 29.693  1.10   15.08   28.19   11.95    0.40   40.54  0.611
   0.834  0.140  7.63    0.00 -100.00    0.00    0.00 -100.00 2.117E+03

   5.014 31.846  1.26   13.95   26.87   11.14    0.17   38.18  0.623
   0.834  0.160  7.47    0.00 -100.00    0.00    0.00 -100.00 1.625E+03

   5.014 33.876  1.42   12.98   25.43   10.44    0.07   35.95  0.636
   0.834  0.181  7.30    0.00 -100.00    0.00    0.00 -100.00 1.272E+03

   5.014 35.805  1.58   12.15   23.79    9.85    0.03   33.67  0.649
   0.834  0.201  7.14    0.00 -100.00    0.00    0.00 -100.00 1.012E+03

   5.014 37.647  1.74   11.45   22.15    9.35    0.01   31.51  0.661
   0.834  0.222  6.98    0.00 -100.00    0.00    0.00 -100.00 8.144E+02

   5.014 39.416  1.90   10.84   20.60    8.92    0.01   29.53  0.673
   0.834  0.242  6.82    0.00 -100.00    0.00    0.00 -100.00 6.619E+02

   5.014 41.120  2.06   10.33   19.14    8.55    0.00   27.70  0.685
   0.834  0.263  6.66    0.00 -100.00    0.00    0.00 -100.00 5.417E+02

   5.014 42.768  2.22    9.88   17.77    8.24    0.00   26.02  0.697
   0.834  0.283  6.50    0.00 -100.00    0.00    0.00 -100.00 4.456E+02

   5.014 44.367  2.38    9.50   16.49    7.98    0.00   24.47  0.709
   0.834  0.304  6.34    0.00 -100.00    0.00    0.00 -100.00 3.679E+02

   5.014 45.921  2.55    9.17   15.29    7.77    0.00   23.06  0.721
   0.834  0.324  6.18    0.00 -100.00    0.00    0.00 -100.00 3.044E+02

   5.014 47.435  2.71    8.90   14.17    7.59    0.00   21.77  0.733
   0.834  0.345  6.02    0.00 -100.00    0.00    0.00 -100.00 2.523E+02

   5.014 48.913  2.87    8.66   13.14    7.46    0.00   20.60  0.746
   0.834  0.365  5.86    0.00 -100.00    0.00    0.00 -100.00 2.094E+02

   5.014 50.359  3.03    8.45   12.15    7.35    0.00   19.50  0.760
   0.834  0.386  5.70    0.00 -100.00    0.00    0.00 -100.00 1.738E+02

   5.014 51.775  3.19    8.26   11.23    7.27    0.00   18.50  0.773
   0.834  0.406  5.54    0.00 -100.00    0.00    0.00 -100.00 1.444E+02

   5.014 53.165  3.35    8.10   10.35    7.21    0.00   17.56  0.787
   0.834  0.427  5.38    0.00 -100.00    0.00    0.00 -100.00 1.200E+02

   5.014 54.529  3.51    7.96    9.51    7.17    0.00   16.68  0.801
   0.834  0.447  5.21    0.00 -100.00    0.00    0.00 -100.00 9.968E+01

   5.014 55.870  3.67    7.80    8.70    7.16    0.00   15.86  0.817
   0.834  0.468  5.05    0.00 -100.00    0.00    0.00 -100.00 8.280E+01

   5.014 57.191  3.83    7.72    7.92    7.16    0.00   15.08  0.834
   0.834  0.488  4.89    0.00 -100.00    0.00    0.00 -100.00 6.875E+01

   5.014 58.492  3.99    7.62    7.16    7.19    0.00   14.35  0.852
   0.834  0.509  4.73    0.00 -100.00    0.00    0.00 -100.00 5.703E+01

   5.014 59.776  4.15    7.54    6.43    7.24    0.00   13.68  0.872
   0.834  0.529  4.57    0.00 -100.00    0.00    0.00 -100.00 4.724E+01

   5.014 61.043  4.31    7.46    5.74    7.33    0.00   13.06  0.894
   0.834  0.550  4.41    0.00 -100.00    0.00    0.00 -100.00 3.906E+01

   5.014 31.322  1.12   16.84   29.74   13.49    0.46   43.69  0.605
   0.764  0.140  7.74    0.00 -100.00    0.00    0.00 -100.00 1.812E+03

   5.014 33.600  1.28   15.70   28.49   12.65    0.20   41.34  0.614
   0.764  0.160  7.58    0.00 -100.00    0.00    0.00 -100.00 1.392E+03

   5.014 35.749  1.44   14.66   27.16   11.91    0.09   39.15  0.627
   0.764  0.181  7.41    0.00 -100.00    0.00    0.00 -100.00 1.091E+03

   5.014 37.792  1.61   13.78   25.63   11.28    0.04   36.95  0.639
   0.764  0.201  7.25    0.00 -100.00    0.00    0.00 -100.00 8.681E+02

   5.014 39.744  1.77   13.02   23.98   10.74    0.02   34.74  0.651
   0.764  0.222  7.09    0.00 -100.00    0.00    0.00 -100.00 6.994E+02

   5.014 41.620  1.93   12.37   22.40   10.28    0.01   32.69  0.663
   0.764  0.242  6.92    0.00 -100.00    0.00    0.00 -100.00 5.688E+02

   5.014 43.429  2.10   11.81   20.83    9.90    0.00   30.73  0.675
   0.764  0.263  6.76    0.00 -100.00    0.00    0.00 -100.00 4.658E+02

   5.014 45.180  2.26   11.33   19.51    9.57    0.00   29.09  0.687
   0.764  0.283  6.59    0.00 -100.00    0.00    0.00 -100.00 3.833E+02

   5.014 46.879  2.42   10.93   18.21    9.31    0.00   27.51  0.699
   0.764  0.304  6.43    0.00 -100.00    0.00    0.00 -100.00 3.166E+02

   5.014 48.532  2.59   10.54   16.98    9.09    0.00   26.07  0.711
   0.764  0.324  6.27    0.00 -100.00    0.00    0.00 -100.00 2.621E+02

   5.014 50.144  2.75   10.29   15.83    8.92    0.00   24.75  0.723
   0.764  0.345  6.10    0.00 -100.00    0.00    0.00 -100.00 2.173E+02

   5.014 51.719  2.91   10.03   14.76    8.79    0.00   23.55  0.736
   0.764  0.365  5.94    0.00 -100.00    0.00    0.00 -100.00 1.804E+02

   5.014 53.260  3.08    9.82   13.75    8.69    0.00   22.44  0.749
   0.764  0.386  5.78    0.00 -100.00    0.00    0.00 -100.00 1.498E+02

   5.014 54.771  3.24    9.63   12.80    8.63    0.00   21.43  0.763
   0.764  0.406  5.61    0.00 -100.00    0.00    0.00 -100.00 1.244E+02

   5.014 56.255  3.41    9.46   11.90    8.59    0.00   20.48  0.777
   0.764  0.427  5.45    0.00 -100.00    0.00    0.00 -100.00 1.034E+02

   5.014 57.713  3.57    9.31   11.03    8.57    0.00   19.60  0.792
   0.764  0.447  5.29    0.00 -100.00    0.00    0.00 -100.00 8.591E+01

   5.014 59.148  3.73    9.18   10.18    8.58    0.00   18.76  0.808
   0.764  0.468  5.12    0.00 -100.00    0.00    0.00 -100.00 7.136E+01

   5.014 60.562  3.90    9.07    9.36    8.61    0.00   17.96  0.825
   0.764  0.488  4.96    0.00 -100.00    0.00    0.00 -100.00 5.925E+01

   5.014 61.956  4.06    8.96    8.56    8.66    0.00   17.23  0.844
   0.764  0.509  4.80    0.00 -100.00    0.00    0.00 -100.00 4.914E+01

   5.014 63.333  4.22    8.87    7.79    8.75    0.00   16.54  0.864
   0.764  0.529  4.63    0.00 -100.00    0.00    0.00 -100.00 4.070E+01

   5.014 64.693  4.39    8.79    7.05    8.87    0.00   15.92  0.887
   0.764  0.550  4.47    0.00 -100.00    0.00    0.00 -100.00 3.365E+01

  0.000 0.000  0.000 .000  0.00  0.00  0.00  0.00  0.00  0.00 0.000
                           0.00  0.00  0.00  0.00  0.00  0.00 0.000E+00

