 #***Ebeam    Eprime  Theta     x        Q2      Sig_Born     Sig_Born_In  Sig_Born_QE  Sig_Rad      Sig_Rad_EL   Sig_Rad_QE   Sig_Rad_DIS  C_cor
    5.0140   2.6640  16.0112   0.2350   1.0363  0.96056E+03  0.95980E+03  0.75202E+00  0.10313E+04  0.92547E-01  0.21788E+02  0.10094E+04  0.10006E+01
    5.0140   2.6640  16.3506   0.2450   1.0804  0.87380E+03  0.87325E+03  0.54723E+00  0.93332E+03  0.61931E-01  0.19043E+02  0.91421E+03  0.10007E+01
    5.0140   2.6640  16.6833   0.2550   1.1245  0.79631E+03  0.79594E+03  0.37768E+00  0.84633E+03  0.41234E-01  0.16701E+02  0.82959E+03  0.10008E+01
    5.0140   2.6640  17.0096   0.2650   1.1686  0.72688E+03  0.72664E+03  0.23916E+00  0.76883E+03  0.27312E-01  0.14698E+02  0.75411E+03  0.10009E+01
    5.0140   2.6640  17.3300   0.2750   1.2127  0.66443E+03  0.66430E+03  0.12775E+00  0.69954E+03  0.18000E-01  0.12978E+02  0.68654E+03  0.10010E+01
    5.0140   2.6640  17.8001   0.2900   1.2789  0.58203E+03  0.58203E+03  0.40600E-02  0.60874E+03  0.95696E-02  0.10838E+02  0.59789E+03  0.10012E+01
    5.0140   2.6640  18.5580   0.3150   1.3891  0.46923E+03  0.46932E+03 -0.88219E-01  0.48577E+03  0.33842E-02  0.82391E+01  0.47753E+03  0.10014E+01
    5.0140   2.6640  19.4298   0.3450   1.5214  0.36471E+03  0.36483E+03 -0.11293E+00  0.37332E+03  0.11640E-02  0.60480E+01  0.36727E+03  0.10017E+01
    5.0140   2.6640  20.2655   0.3750   1.6537  0.28502E+03  0.28510E+03 -0.80501E-01  0.28869E+03  0.60232E-03  0.45276E+01  0.28416E+03  0.10020E+01
    5.0140   2.6640  21.2006   0.4100   1.8080  0.21480E+03  0.21480E+03 -0.43801E-02  0.21507E+03  0.39120E-03  0.33052E+01  0.21176E+03  0.10024E+01
    5.0140   2.6640  22.3480   0.4550   2.0065  0.15004E+03  0.14989E+03  0.14809E+00  0.14821E+03  0.22559E-03  0.23981E+01  0.14581E+03  0.10030E+01
    5.0140   2.6640  23.9130   0.5200   2.2931  0.89485E+02  0.89121E+02  0.36443E+00  0.86815E+02  0.75467E-04  0.16996E+01  0.85115E+02  0.10039E+01
    5.0140   2.4590  16.6253   0.2150   1.0308  0.81157E+03  0.81079E+03  0.77632E+00  0.88944E+03  0.16913E+00  0.20620E+02  0.86865E+03  0.10006E+01
    5.0140   2.4590  17.0103   0.2250   1.0788  0.73440E+03  0.73380E+03  0.60638E+00  0.80030E+03  0.11354E+00  0.17867E+02  0.78231E+03  0.10007E+01
    5.0140   2.4590  17.3871   0.2350   1.1267  0.66607E+03  0.66560E+03  0.46265E+00  0.72188E+03  0.75900E-01  0.15542E+02  0.70626E+03  0.10008E+01
    5.0140   2.4590  17.7561   0.2450   1.1747  0.60532E+03  0.60497E+03  0.34216E+00  0.65260E+03  0.50498E-01  0.13569E+02  0.63898E+03  0.10008E+01
    5.0140   2.4590  18.1178   0.2550   1.2226  0.55108E+03  0.55084E+03  0.24212E+00  0.59112E+03  0.33424E-01  0.11886E+02  0.57920E+03  0.10010E+01
    5.0140   2.4590  18.4727   0.2650   1.2706  0.50251E+03  0.50235E+03  0.16005E+00  0.53640E+03  0.22004E-01  0.10446E+02  0.52593E+03  0.10011E+01
    5.0140   2.4590  18.8212   0.2750   1.3185  0.45888E+03  0.45879E+03  0.93668E-01  0.48753E+03  0.14414E-01  0.92101E+01  0.47831E+03  0.10012E+01
    5.0140   2.4590  19.3324   0.2900   1.3904  0.40140E+03  0.40138E+03  0.19205E-01  0.42359E+03  0.76016E-02  0.76703E+01  0.41591E+03  0.10013E+01
    5.0140   2.4590  20.1569   0.3150   1.5103  0.32277E+03  0.32281E+03 -0.39402E-01  0.33709E+03  0.26693E-02  0.57805E+01  0.33131E+03  0.10016E+01
    5.0140   2.4590  21.1054   0.3450   1.6541  0.25007E+03  0.25013E+03 -0.57683E-01  0.25820E+03  0.93331E-03  0.42046E+01  0.25399E+03  0.10019E+01
    5.0140   2.4590  22.0149   0.3750   1.7980  0.19474E+03  0.19478E+03 -0.44711E-01  0.19896E+03  0.49641E-03  0.31156E+01  0.19585E+03  0.10023E+01
    5.0140   2.4590  23.0327   0.4100   1.9658  0.14616E+03  0.14617E+03 -0.84581E-02  0.14763E+03  0.32300E-03  0.22433E+01  0.14539E+03  0.10027E+01
    5.0140   2.4590  24.2821   0.4550   2.1815  0.10161E+03  0.10154E+03  0.69060E-01  0.10125E+03  0.18171E-03  0.15716E+01  0.99677E+02  0.10032E+01
    5.0140   2.4590  25.9870   0.5200   2.4932  0.60261E+02  0.60076E+02  0.18449E+00  0.58966E+02  0.58125E-04  0.10566E+01  0.57909E+02  0.10040E+01
    5.0140   2.2740  17.0534   0.1950   1.0026  0.72780E+03  0.72703E+03  0.76994E+00  0.81547E+03  0.32134E+00  0.21332E+02  0.79382E+03  0.10006E+01
    5.0140   2.2740  17.4885   0.2050   1.0540  0.65467E+03  0.65405E+03  0.62361E+00  0.72888E+03  0.21604E+00  0.18314E+02  0.71035E+03  0.10006E+01
    5.0140   2.2740  17.9134   0.2150   1.1055  0.59055E+03  0.59005E+03  0.49812E+00  0.65348E+03  0.14486E+00  0.15795E+02  0.63754E+03  0.10007E+01
    5.0140   2.2740  18.3288   0.2250   1.1569  0.53404E+03  0.53365E+03  0.39118E+00  0.58750E+03  0.96799E-01  0.13678E+02  0.57372E+03  0.10008E+01
    5.0140   2.2740  18.7353   0.2350   1.2083  0.48402E+03  0.48372E+03  0.30072E+00  0.52948E+03  0.64405E-01  0.11890E+02  0.51752E+03  0.10009E+01
    5.0140   2.2740  19.1334   0.2450   1.2597  0.43957E+03  0.43935E+03  0.22483E+00  0.47828E+03  0.42642E-01  0.10373E+02  0.46786E+03  0.10010E+01
    5.0140   2.2740  19.5237   0.2550   1.3111  0.39992E+03  0.39975E+03  0.16172E+00  0.43288E+03  0.28083E-01  0.90803E+01  0.42377E+03  0.10011E+01
    5.0140   2.2740  19.9067   0.2650   1.3626  0.36441E+03  0.36430E+03  0.10982E+00  0.39248E+03  0.18394E-01  0.79738E+01  0.38449E+03  0.10012E+01
    5.0140   2.2740  20.2827   0.2750   1.4140  0.33253E+03  0.33246E+03  0.67703E-01  0.35643E+03  0.11992E-01  0.70228E+01  0.34940E+03  0.10013E+01
    5.0140   2.2740  20.8345   0.2900   1.4911  0.29053E+03  0.29051E+03  0.20106E-01  0.30928E+03  0.62834E-02  0.58381E+01  0.30344E+03  0.10015E+01
    5.0140   2.2740  21.7245   0.3150   1.6196  0.23319E+03  0.23321E+03 -0.18901E-01  0.24561E+03  0.21978E-02  0.43728E+01  0.24123E+03  0.10018E+01
    5.0140   2.2740  22.7486   0.3450   1.7739  0.18025E+03  0.18028E+03 -0.31653E-01  0.18764E+03  0.78122E-03  0.31582E+01  0.18448E+03  0.10021E+01
    5.0140   2.2740  23.7309   0.3750   1.9281  0.14000E+03  0.14003E+03 -0.26127E-01  0.14420E+03  0.42477E-03  0.23213E+01  0.14188E+03  0.10025E+01
    5.0140   2.2740  24.8305   0.4100   2.1081  0.10474E+03  0.10474E+03 -0.72594E-02  0.10665E+03  0.27594E-03  0.16536E+01  0.10499E+03  0.10030E+01
    5.0140   2.2740  26.1806   0.4550   2.3395  0.72494E+02  0.72459E+02  0.35593E-01  0.72819E+02  0.15179E-03  0.11277E+01  0.71691E+02  0.10036E+01
    5.0140   2.2740  28.0239   0.5200   2.6737  0.42737E+02  0.42634E+02  0.10259E+00  0.42156E+02  0.46728E-04  0.72364E+00  0.41432E+02  0.10045E+01
    5.0140   2.1240  17.6558   0.1850   1.0033  0.63151E+03  0.63085E+03  0.65675E+00  0.71893E+03  0.42879E+00  0.20618E+02  0.69788E+03  0.10006E+01
    5.0140   2.1240  18.1306   0.1950   1.0575  0.56601E+03  0.56547E+03  0.53882E+00  0.63994E+03  0.28779E+00  0.17610E+02  0.62204E+03  0.10007E+01
    5.0140   2.1240  18.5937   0.2050   1.1118  0.50891E+03  0.50847E+03  0.43716E+00  0.57163E+03  0.19286E+00  0.15115E+02  0.55632E+03  0.10008E+01
    5.0140   2.1240  19.0459   0.2150   1.1660  0.45887E+03  0.45852E+03  0.35004E+00  0.51220E+03  0.12889E+00  0.13033E+02  0.49904E+03  0.10009E+01
    5.0140   2.1240  19.4880   0.2250   1.2202  0.41481E+03  0.41453E+03  0.27586E+00  0.46024E+03  0.85828E-01  0.11283E+02  0.44887E+03  0.10009E+01
    5.0140   2.1240  19.9207   0.2350   1.2745  0.37581E+03  0.37559E+03  0.21311E+00  0.41458E+03  0.56899E-01  0.98057E+01  0.40471E+03  0.10010E+01
    5.0140   2.1240  20.3445   0.2450   1.3287  0.34116E+03  0.34100E+03  0.16044E+00  0.37427E+03  0.37531E-01  0.85548E+01  0.36568E+03  0.10011E+01
    5.0140   2.1240  20.7601   0.2550   1.3829  0.31024E+03  0.31013E+03  0.11661E+00  0.33855E+03  0.24620E-01  0.74854E+01  0.33104E+03  0.10012E+01
    5.0140   2.1240  21.1678   0.2650   1.4371  0.28258E+03  0.28250E+03  0.80523E-01  0.30679E+03  0.16067E-01  0.65704E+01  0.30020E+03  0.10014E+01
    5.0140   2.1240  21.5682   0.2750   1.4914  0.25774E+03  0.25769E+03  0.51165E-01  0.27845E+03  0.10436E-01  0.57843E+01  0.27265E+03  0.10015E+01
    5.0140   2.1240  22.1559   0.2900   1.5727  0.22503E+03  0.22501E+03  0.17842E-01  0.24140E+03  0.54424E-02  0.48027E+01  0.23659E+03  0.10017E+01
    5.0140   2.1240  23.1038   0.3150   1.7083  0.18037E+03  0.18038E+03 -0.10297E-01  0.19140E+03  0.19001E-02  0.35837E+01  0.18781E+03  0.10020E+01
    5.0140   2.1240  24.1948   0.3450   1.8710  0.13920E+03  0.13922E+03 -0.19503E-01  0.14596E+03  0.68537E-03  0.25756E+01  0.14339E+03  0.10023E+01
    5.0140   2.1240  25.2415   0.3750   2.0337  0.10793E+03  0.10795E+03 -0.16836E-01  0.11195E+03  0.37871E-03  0.18826E+01  0.11007E+03  0.10028E+01
    5.0140   2.1240  26.4135   0.4100   2.2235  0.80563E+02  0.80568E+02 -0.56430E-02  0.82601E+02  0.24527E-03  0.13310E+01  0.81269E+02  0.10032E+01
    5.0140   2.1240  27.8530   0.4550   2.4676  0.55579E+02  0.55558E+02  0.21110E-01  0.56208E+02  0.13247E-03  0.89068E+00  0.55317E+02  0.10038E+01
    5.0140   2.1240  29.8191   0.5200   2.8201  0.32602E+02  0.32537E+02  0.64788E-01  0.32377E+02  0.39573E-04  0.55135E+00  0.31825E+02  0.10051E+01
    5.0140   1.9990  18.5969   0.1850   1.0467  0.51349E+03  0.51301E+03  0.48974E+00  0.58961E+03  0.39429E+00  0.17850E+02  0.57136E+03  0.10007E+01
    5.0140   1.9990  19.0975   0.1950   1.1033  0.46013E+03  0.45972E+03  0.40207E+00  0.52460E+03  0.26398E+00  0.15246E+02  0.50909E+03  0.10008E+01
    5.0140   1.9990  19.5857   0.2050   1.1598  0.41361E+03  0.41329E+03  0.32658E+00  0.46841E+03  0.17645E+00  0.13086E+02  0.45515E+03  0.10009E+01
    5.0140   1.9990  20.0626   0.2150   1.2164  0.37284E+03  0.37258E+03  0.26192E+00  0.41953E+03  0.11759E+00  0.11282E+02  0.40813E+03  0.10010E+01
    5.0140   1.9990  20.5288   0.2250   1.2730  0.33695E+03  0.33674E+03  0.20690E+00  0.37681E+03  0.78086E-01  0.97672E+01  0.36697E+03  0.10011E+01
    5.0140   1.9990  20.9851   0.2350   1.3296  0.30520E+03  0.30504E+03  0.16038E+00  0.33929E+03  0.51615E-01  0.84877E+01  0.33075E+03  0.10012E+01
    5.0140   1.9990  21.4321   0.2450   1.3862  0.27699E+03  0.27687E+03  0.12133E+00  0.30619E+03  0.33943E-01  0.74015E+01  0.29876E+03  0.10013E+01
    5.0140   1.9990  21.8704   0.2550   1.4427  0.25183E+03  0.25174E+03  0.88826E-01  0.27686E+03  0.22199E-01  0.64754E+01  0.27037E+03  0.10014E+01
    5.0140   1.9990  22.3005   0.2650   1.4993  0.22931E+03  0.22925E+03  0.62033E-01  0.25078E+03  0.14442E-01  0.56826E+01  0.24509E+03  0.10015E+01
    5.0140   1.9990  22.7229   0.2750   1.5559  0.20909E+03  0.20905E+03  0.40208E-01  0.22752E+03  0.93544E-02  0.50012E+01  0.22251E+03  0.10016E+01
    5.0140   1.9990  23.3428   0.2900   1.6407  0.18247E+03  0.18246E+03  0.15369E-01  0.19713E+03  0.48619E-02  0.41506E+01  0.19298E+03  0.10018E+01
    5.0140   1.9990  24.3430   0.3150   1.7822  0.14614E+03  0.14614E+03 -0.61262E-02  0.15612E+03  0.16962E-02  0.30895E+01  0.15303E+03  0.10021E+01
    5.0140   1.9990  25.4944   0.3450   1.9519  0.11265E+03  0.11267E+03 -0.13026E-01  0.11890E+03  0.61986E-03  0.22130E+01  0.11668E+03  0.10025E+01
    5.0140   1.9990  26.5992   0.3750   2.1217  0.87244E+02  0.87256E+02 -0.11640E-01  0.91067E+02  0.34675E-03  0.16112E+01  0.89455E+02  0.10030E+01
    5.0140   1.9990  27.8367   0.4100   2.3197  0.65006E+02  0.65011E+02 -0.43730E-02  0.67063E+02  0.22376E-03  0.11331E+01  0.65930E+02  0.10035E+01
    5.0140   1.9990  29.3571   0.4550   2.5743  0.44732E+02  0.44718E+02  0.13766E-01  0.45512E+02  0.11901E-03  0.74868E+00  0.44764E+02  0.10042E+01
    5.0140   1.9990  31.4347   0.5200   2.9420  0.26142E+02  0.26098E+02  0.44615E-01  0.26114E+02  0.34689E-04  0.45024E+00  0.25664E+02  0.10053E+01
    5.0140   1.8940  18.9055   0.1750   1.0246  0.48379E+03  0.48332E+03  0.46311E+00  0.56423E+03  0.55166E+00  0.18798E+02  0.54488E+03  0.10006E+01
    5.0140   1.8940  19.4432   0.1850   1.0831  0.43195E+03  0.43157E+03  0.38383E+00  0.49994E+03  0.36883E+00  0.15971E+02  0.48360E+03  0.10007E+01
    5.0140   1.8940  19.9670   0.1950   1.1417  0.38702E+03  0.38671E+03  0.31525E+00  0.44470E+03  0.24644E+00  0.13643E+02  0.43082E+03  0.10009E+01
    5.0140   1.8940  20.4780   0.2050   1.2002  0.34785E+03  0.34760E+03  0.25624E+00  0.39694E+03  0.16435E+00  0.11711E+02  0.38507E+03  0.10009E+01
    5.0140   1.8940  20.9770   0.2150   1.2588  0.31353E+03  0.31332E+03  0.20576E+00  0.35543E+03  0.10930E+00  0.10099E+02  0.34522E+03  0.10010E+01
    5.0140   1.8940  21.4650   0.2250   1.3173  0.28330E+03  0.28314E+03  0.16281E+00  0.31914E+03  0.72408E-01  0.87435E+01  0.31032E+03  0.10012E+01
    5.0140   1.8940  21.9426   0.2350   1.3759  0.25656E+03  0.25644E+03  0.12651E+00  0.28728E+03  0.47748E-01  0.75986E+01  0.27964E+03  0.10013E+01
    5.0140   1.8940  22.4105   0.2450   1.4344  0.23282E+03  0.23272E+03  0.96050E-01  0.25918E+03  0.31323E-01  0.66266E+01  0.25253E+03  0.10014E+01
    5.0140   1.8940  22.8693   0.2550   1.4930  0.21164E+03  0.21157E+03  0.70688E-01  0.23429E+03  0.20435E-01  0.57976E+01  0.22848E+03  0.10015E+01
    5.0140   1.8940  23.3196   0.2650   1.5515  0.19268E+03  0.19263E+03  0.49771E-01  0.21217E+03  0.13262E-01  0.50876E+01  0.20706E+03  0.10016E+01
    5.0140   1.8940  23.7618   0.2750   1.6101  0.17567E+03  0.17564E+03  0.32718E-01  0.19243E+03  0.85713E-02  0.44772E+01  0.18794E+03  0.10018E+01
    5.0140   1.8940  24.4110   0.2900   1.6979  0.15326E+03  0.15324E+03  0.13263E-01  0.16664E+03  0.44427E-02  0.37147E+01  0.16292E+03  0.10019E+01
    5.0140   1.8940  25.4584   0.3150   1.8443  0.12267E+03  0.12267E+03 -0.39081E-02  0.13187E+03  0.15503E-02  0.27609E+01  0.12911E+03  0.10023E+01
    5.0140   1.8940  26.6644   0.3450   2.0199  0.94485E+02  0.94494E+02 -0.92710E-02  0.10032E+03  0.57305E-03  0.19733E+01  0.98344E+02  0.10027E+01
    5.0140   1.8940  27.8219   0.3750   2.1955  0.73110E+02  0.73118E+02 -0.85138E-02  0.76752E+02  0.32366E-03  0.14326E+01  0.75319E+02  0.10032E+01
    5.0140   1.8940  29.1187   0.4100   2.4005  0.54408E+02  0.54411E+02 -0.34544E-02  0.56441E+02  0.20808E-03  0.10035E+01  0.55438E+02  0.10038E+01
    5.0140   1.8940  30.7124   0.4550   2.6639  0.37366E+02  0.37357E+02  0.96590E-02  0.38225E+02  0.10925E-03  0.65708E+00  0.37568E+02  0.10044E+01
    5.0140   1.8940  32.8911   0.5200   3.0445  0.21765E+02  0.21733E+02  0.32794E-01  0.21858E+02  0.31199E-04  0.38653E+00  0.21471E+02  0.10057E+01
    5.0140   1.7940  19.7422   0.1750   1.0574  0.41040E+03  0.41004E+03  0.36787E+00  0.48286E+03  0.52025E+00  0.17128E+02  0.46521E+03  0.10007E+01
    5.0140   1.7940  20.3042   0.1850   1.1179  0.36642E+03  0.36612E+03  0.30491E+00  0.42767E+03  0.34720E+00  0.14485E+02  0.41284E+03  0.10008E+01
    5.0140   1.7940  20.8518   0.1950   1.1783  0.32829E+03  0.32804E+03  0.25049E+00  0.38033E+03  0.23152E+00  0.12377E+02  0.36772E+03  0.10009E+01
    5.0140   1.7940  21.3859   0.2050   1.2387  0.29506E+03  0.29486E+03  0.20372E+00  0.33941E+03  0.15411E+00  0.10628E+02  0.32863E+03  0.10010E+01
    5.0140   1.7940  21.9076   0.2150   1.2991  0.26593E+03  0.26577E+03  0.16374E+00  0.30377E+03  0.10227E+00  0.91666E+01  0.29450E+03  0.10012E+01
    5.0140   1.7940  22.4177   0.2250   1.3596  0.24028E+03  0.24015E+03  0.12975E+00  0.27277E+03  0.67606E-01  0.79385E+01  0.26476E+03  0.10013E+01
    5.0140   1.7940  22.9171   0.2350   1.4200  0.21758E+03  0.21748E+03  0.10103E+00  0.24547E+03  0.44480E-01  0.69004E+01  0.23853E+03  0.10014E+01
    5.0140   1.7940  23.4063   0.2450   1.4804  0.19742E+03  0.19735E+03  0.76931E-01  0.22141E+03  0.29114E-01  0.60189E+01  0.21536E+03  0.10015E+01
    5.0140   1.7940  23.8861   0.2550   1.5408  0.17945E+03  0.17939E+03  0.56866E-01  0.20010E+03  0.18950E-01  0.52667E+01  0.19481E+03  0.10016E+01
    5.0140   1.7940  24.3570   0.2650   1.6012  0.16336E+03  0.16332E+03  0.40313E-01  0.18116E+03  0.12271E-01  0.46222E+01  0.17653E+03  0.10018E+01
    5.0140   1.7940  24.8195   0.2750   1.6617  0.14892E+03  0.14889E+03  0.26807E-01  0.16427E+03  0.79147E-02  0.40679E+01  0.16019E+03  0.10019E+01
    5.0140   1.7940  25.4985   0.2900   1.7523  0.12989E+03  0.12988E+03  0.11374E-01  0.14220E+03  0.40934E-02  0.33750E+01  0.13882E+03  0.10021E+01
    5.0140   1.7940  26.5942   0.3150   1.9034  0.10392E+03  0.10393E+03 -0.25082E-02  0.11245E+03  0.14295E-02  0.25063E+01  0.10994E+03  0.10025E+01
    5.0140   1.7940  27.8562   0.3450   2.0847  0.79993E+02  0.80000E+02 -0.66946E-02  0.85460E+02  0.53440E-03  0.17881E+01  0.83671E+02  0.10029E+01
    5.0140   1.7940  29.0676   0.3750   2.2659  0.61852E+02  0.61859E+02 -0.63018E-02  0.65324E+02  0.30441E-03  0.12953E+01  0.64028E+02  0.10034E+01
    5.0140   1.7940  30.4251   0.4100   2.4774  0.45985E+02  0.45987E+02 -0.27201E-02  0.47978E+02  0.19491E-03  0.90443E+00  0.47073E+02  0.10040E+01
    5.0140   1.7940  32.0940   0.4550   2.7493  0.31529E+02  0.31522E+02  0.69146E-02  0.32433E+02  0.10107E-03  0.58812E+00  0.31844E+02  0.10047E+01
    5.0140   1.7940  34.3765   0.5200   3.1421  0.18310E+02  0.18285E+02  0.24564E-01  0.18487E+02  0.28312E-04  0.33929E+00  0.18147E+02  0.10060E+01
    5.0140   1.6940  20.6391   0.1750   1.0903  0.34801E+03  0.34772E+03  0.29264E+00  0.41331E+03  0.49217E+00  0.15573E+02  0.39724E+03  0.10008E+01
    5.0140   1.6940  21.2273   0.1850   1.1526  0.31072E+03  0.31048E+03  0.24253E+00  0.36612E+03  0.32785E+00  0.13305E+02  0.35248E+03  0.10009E+01
    5.0140   1.6940  21.8003   0.1950   1.2149  0.27840E+03  0.27820E+03  0.19928E+00  0.32548E+03  0.21821E+00  0.11319E+02  0.31394E+03  0.10010E+01
    5.0140   1.6940  22.3593   0.2050   1.2772  0.25023E+03  0.25006E+03  0.16215E+00  0.29041E+03  0.14496E+00  0.97244E+01  0.28054E+03  0.10012E+01
    5.0140   1.6940  22.9053   0.2150   1.3395  0.22553E+03  0.22540E+03  0.13043E+00  0.25993E+03  0.96005E-01  0.83904E+01  0.25144E+03  0.10013E+01
    5.0140   1.6940  23.4394   0.2250   1.4018  0.20377E+03  0.20366E+03  0.10348E+00  0.23330E+03  0.63325E-01  0.72718E+01  0.22597E+03  0.10014E+01
    5.0140   1.6940  23.9621   0.2350   1.4641  0.18452E+03  0.18444E+03  0.80721E-01  0.20992E+03  0.41575E-01  0.63231E+01  0.20355E+03  0.10015E+01
    5.0140   1.6940  24.4744   0.2450   1.5264  0.16741E+03  0.16735E+03  0.61627E-01  0.18929E+03  0.27149E-01  0.55170E+01  0.18375E+03  0.10016E+01
    5.0140   1.6940  24.9768   0.2550   1.5887  0.15216E+03  0.15211E+03  0.45732E-01  0.17104E+03  0.17632E-01  0.48287E+01  0.16619E+03  0.10018E+01
    5.0140   1.6940  25.4699   0.2650   1.6510  0.13851E+03  0.13848E+03  0.32617E-01  0.15482E+03  0.11393E-01  0.42388E+01  0.15057E+03  0.10019E+01
    5.0140   1.6940  25.9542   0.2750   1.7133  0.12626E+03  0.12623E+03  0.21909E-01  0.14035E+03  0.73344E-02  0.37313E+01  0.13661E+03  0.10020E+01
    5.0140   1.6940  26.6653   0.2900   1.8067  0.11011E+03  0.11010E+03  0.96557E-02  0.12146E+03  0.37860E-02  0.30964E+01  0.11836E+03  0.10023E+01
    5.0140   1.6940  27.8131   0.3150   1.9625  0.88073E+02  0.88075E+02 -0.15782E-02  0.95984E+02  0.13240E-02  0.22984E+01  0.93684E+02  0.10026E+01
    5.0140   1.6940  29.1354   0.3450   2.1494  0.67758E+02  0.67762E+02 -0.48214E-02  0.72887E+02  0.50088E-03  0.16379E+01  0.71249E+02  0.10031E+01
    5.0140   1.6940  30.4050   0.3750   2.3363  0.52361E+02  0.52365E+02 -0.46478E-02  0.55663E+02  0.28758E-03  0.11846E+01  0.54478E+02  0.10036E+01
    5.0140   1.6940  31.8282   0.4100   2.5543  0.38893E+02  0.38895E+02 -0.21156E-02  0.40834E+02  0.18328E-03  0.82466E+00  0.40009E+02  0.10042E+01
    5.0140   1.6940  33.5784   0.4550   2.8347  0.26627E+02  0.26622E+02  0.49618E-02  0.27556E+02  0.93846E-04  0.53339E+00  0.27023E+02  0.10051E+01
    5.0140   1.6940  35.9733   0.5200   3.2397  0.15422E+02  0.15403E+02  0.18463E-01  0.15661E+02  0.25789E-04  0.30237E+00  0.15358E+02  0.10064E+01
    5.0140   1.5990  20.6007   0.1600   1.0253  0.35497E+03  0.35466E+03  0.30810E+00  0.43160E+03  0.86437E+00  0.18553E+02  0.41218E+03  0.10007E+01
    5.0140   1.5990  21.5558   0.1750   1.1215  0.29728E+03  0.29705E+03  0.23565E+00  0.35665E+03  0.46829E+00  0.14398E+02  0.34178E+03  0.10009E+01
    5.0140   1.5990  22.1707   0.1850   1.1856  0.26546E+03  0.26526E+03  0.19528E+00  0.31583E+03  0.31143E+00  0.12250E+02  0.30327E+03  0.10010E+01
    5.0140   1.5990  22.7698   0.1950   1.2496  0.23787E+03  0.23771E+03  0.16047E+00  0.28078E+03  0.20691E+00  0.10478E+02  0.27010E+03  0.10011E+01
    5.0140   1.5990  23.3544   0.2050   1.3137  0.21381E+03  0.21367E+03  0.13061E+00  0.25050E+03  0.13719E+00  0.90059E+01  0.24135E+03  0.10013E+01
    5.0140   1.5990  23.9254   0.2150   1.3778  0.19271E+03  0.19261E+03  0.10513E+00  0.22417E+03  0.90682E-01  0.77752E+01  0.21631E+03  0.10014E+01
    5.0140   1.5990  24.4839   0.2250   1.4419  0.17413E+03  0.17405E+03  0.83491E-01  0.20117E+03  0.59701E-01  0.67391E+01  0.19438E+03  0.10015E+01
    5.0140   1.5990  25.0307   0.2350   1.5060  0.15768E+03  0.15762E+03  0.65228E-01  0.18098E+03  0.39112E-01  0.58628E+01  0.17508E+03  0.10016E+01
    5.0140   1.5990  25.5666   0.2450   1.5701  0.14307E+03  0.14302E+03  0.49912E-01  0.16318E+03  0.25487E-01  0.51177E+01  0.15803E+03  0.10018E+01
    5.0140   1.5990  26.0921   0.2550   1.6341  0.13003E+03  0.12999E+03  0.37164E-01  0.14741E+03  0.16520E-01  0.44813E+01  0.14292E+03  0.10019E+01
    5.0140   1.5990  26.6081   0.2650   1.6982  0.11836E+03  0.11833E+03  0.26640E-01  0.13340E+03  0.10654E-01  0.39353E+01  0.12946E+03  0.10021E+01
    5.0140   1.5990  27.1148   0.2750   1.7623  0.10789E+03  0.10787E+03  0.18048E-01  0.12092E+03  0.68468E-02  0.34652E+01  0.11745E+03  0.10022E+01
    5.0140   1.5990  27.8590   0.2900   1.8584  0.94089E+02  0.94081E+02  0.82003E-02  0.10461E+03  0.35282E-02  0.28768E+01  0.10173E+03  0.10024E+01
    5.0140   1.5990  29.0604   0.3150   2.0186  0.75242E+02  0.75243E+02 -0.99155E-03  0.82628E+02  0.12364E-02  0.21355E+01  0.80491E+02  0.10028E+01
    5.0140   1.5990  30.4447   0.3450   2.2109  0.57866E+02  0.57869E+02 -0.35178E-02  0.62699E+02  0.47325E-03  0.15211E+01  0.61177E+02  0.10033E+01
    5.0140   1.5990  31.7743   0.3750   2.4031  0.44694E+02  0.44698E+02 -0.34659E-02  0.47844E+02  0.27361E-03  0.10990E+01  0.46745E+02  0.10039E+01
    5.0140   1.5990  33.2651   0.4100   2.6274  0.33176E+02  0.33178E+02 -0.16489E-02  0.35064E+02  0.17354E-03  0.76387E+00  0.34300E+02  0.10045E+01
    5.0140   1.5990  35.0993   0.4550   2.9158  0.22684E+02  0.22680E+02  0.36258E-02  0.23625E+02  0.87781E-04  0.49218E+00  0.23133E+02  0.10054E+01
    5.0140   1.5990  37.6104   0.5200   3.3324  0.13105E+02  0.13090E+02  0.14112E-01  0.13388E+02  0.23685E-04  0.27498E+00  0.13113E+02  0.10068E+01
    5.0140   1.5090  21.4941   0.1600   1.0524  0.30531E+03  0.30506E+03  0.25116E+00  0.37535E+03  0.82868E+00  0.17309E+02  0.35721E+03  0.10008E+01
    5.0140   1.5090  22.4916   0.1750   1.1510  0.25575E+03  0.25555E+03  0.19199E+00  0.31010E+03  0.44803E+00  0.13442E+02  0.29621E+03  0.10010E+01
    5.0140   1.5090  23.1339   0.1850   1.2168  0.22840E+03  0.22824E+03  0.15907E+00  0.27458E+03  0.29748E+00  0.11445E+02  0.26284E+03  0.10011E+01
    5.0140   1.5090  23.7598   0.1950   1.2826  0.20468E+03  0.20455E+03  0.13071E+00  0.24408E+03  0.19731E+00  0.97966E+01  0.23409E+03  0.10013E+01
    5.0140   1.5090  24.3705   0.2050   1.3483  0.18400E+03  0.18389E+03  0.10642E+00  0.21773E+03  0.13060E+00  0.84263E+01  0.20918E+03  0.10014E+01
    5.0140   1.5090  24.9672   0.2150   1.4141  0.16586E+03  0.16578E+03  0.85696E-01  0.19483E+03  0.86163E-01  0.72793E+01  0.18746E+03  0.10015E+01
    5.0140   1.5090  25.5508   0.2250   1.4799  0.14988E+03  0.14981E+03  0.68116E-01  0.17482E+03  0.56618E-01  0.63134E+01  0.16845E+03  0.10016E+01
    5.0140   1.5090  26.1223   0.2350   1.5457  0.13573E+03  0.13568E+03  0.53284E-01  0.15725E+03  0.37021E-01  0.54958E+01  0.15172E+03  0.10018E+01
    5.0140   1.5090  26.6823   0.2450   1.6114  0.12316E+03  0.12312E+03  0.40853E-01  0.14177E+03  0.24081E-01  0.48001E+01  0.13694E+03  0.10019E+01
    5.0140   1.5090  27.2317   0.2550   1.6772  0.11194E+03  0.11191E+03  0.30504E-01  0.12805E+03  0.15578E-01  0.42054E+01  0.12383E+03  0.10021E+01
    5.0140   1.5090  27.7710   0.2650   1.7430  0.10190E+03  0.10187E+03  0.21964E-01  0.11587E+03  0.10029E-01  0.36949E+01  0.11216E+03  0.10022E+01
    5.0140   1.5090  28.3008   0.2750   1.8087  0.92879E+02  0.92864E+02  0.14986E-01  0.10501E+03  0.64355E-02  0.32552E+01  0.10175E+03  0.10024E+01
    5.0140   1.5090  29.0790   0.2900   1.9074  0.80998E+02  0.80991E+02  0.69813E-02  0.90824E+02  0.33114E-02  0.27040E+01  0.88116E+02  0.10026E+01
    5.0140   1.5090  30.3353   0.3150   2.0718  0.64771E+02  0.64771E+02 -0.61898E-03  0.71707E+02  0.11637E-02  0.20084E+01  0.69698E+02  0.10030E+01
    5.0140   1.5090  31.7835   0.3450   2.2692  0.49800E+02  0.49803E+02 -0.25992E-02  0.54377E+02  0.45057E-03  0.14305E+01  0.52946E+02  0.10036E+01
    5.0140   1.5090  33.1748   0.3750   2.4665  0.38450E+02  0.38453E+02 -0.26126E-02  0.41464E+02  0.26209E-03  0.10331E+01  0.40431E+02  0.10041E+01
    5.0140   1.5090  34.7354   0.4100   2.6967  0.28524E+02  0.28526E+02 -0.12899E-02  0.30360E+02  0.16538E-03  0.71729E+00  0.29642E+02  0.10048E+01
    5.0140   1.5090  36.6561   0.4550   2.9927  0.19483E+02  0.19480E+02  0.26951E-02  0.20427E+02  0.82684E-04  0.46047E+00  0.19966E+02  0.10057E+01
    5.0140   1.5090  39.2873   0.5200   3.4202  0.11231E+02  0.11220E+02  0.10959E-01  0.11547E+02  0.21927E-04  0.25468E+00  0.11292E+02  0.10073E+01
    5.0140   1.4190  22.4601   0.1600   1.0794  0.26214E+03  0.26194E+03  0.20470E+00  0.32627E+03  0.79684E+00  0.16230E+02  0.30924E+03  0.10009E+01
    5.0140   1.4190  23.5037   0.1750   1.1806  0.21964E+03  0.21948E+03  0.15637E+00  0.26951E+03  0.42997E+00  0.12622E+02  0.25645E+03  0.10011E+01
    5.0140   1.4190  24.1758   0.1850   1.2480  0.19618E+03  0.19605E+03  0.12953E+00  0.23861E+03  0.28505E+00  0.10756E+02  0.22757E+03  0.10013E+01
    5.0140   1.4190  24.8307   0.1950   1.3155  0.17584E+03  0.17573E+03  0.10644E+00  0.21209E+03  0.18876E+00  0.92152E+01  0.20269E+03  0.10014E+01
    5.0140   1.4190  25.4698   0.2050   1.3830  0.15810E+03  0.15801E+03  0.86667E-01  0.18918E+03  0.12472E+00  0.79330E+01  0.18113E+03  0.10015E+01
    5.0140   1.4190  26.0944   0.2150   1.4504  0.14253E+03  0.14246E+03  0.69819E-01  0.16927E+03  0.82131E-01  0.68588E+01  0.16233E+03  0.10017E+01
    5.0140   1.4190  26.7053   0.2250   1.5179  0.12881E+03  0.12876E+03  0.55538E-01  0.15187E+03  0.53866E-01  0.59537E+01  0.14586E+03  0.10018E+01
    5.0140   1.4190  27.3035   0.2350   1.5853  0.11667E+03  0.11662E+03  0.43497E-01  0.13660E+03  0.35158E-01  0.51865E+01  0.13137E+03  0.10019E+01
    5.0140   1.4190  27.8899   0.2450   1.6528  0.10587E+03  0.10584E+03  0.33406E-01  0.12313E+03  0.22825E-01  0.45332E+01  0.11857E+03  0.10021E+01
    5.0140   1.4190  28.4651   0.2550   1.7203  0.96232E+02  0.96207E+02  0.25009E-01  0.11121E+03  0.14740E-01  0.39745E+01  0.10722E+03  0.10022E+01
    5.0140   1.4190  29.0299   0.2650   1.7877  0.87602E+02  0.87584E+02  0.18079E-01  0.10061E+03  0.94733E-02  0.34944E+01  0.97109E+02  0.10024E+01
    5.0140   1.4190  29.5849   0.2750   1.8552  0.79850E+02  0.79838E+02  0.12414E-01  0.91168E+02  0.60699E-02  0.30803E+01  0.88082E+02  0.10025E+01
    5.0140   1.4190  30.3999   0.2900   1.9564  0.69640E+02  0.69634E+02  0.59128E-02  0.78838E+02  0.31204E-02  0.25611E+01  0.76274E+02  0.10028E+01
    5.0140   1.4190  31.7163   0.3150   2.1250  0.55687E+02  0.55688E+02 -0.37053E-03  0.62217E+02  0.11001E-02  0.19040E+01  0.60312E+02  0.10032E+01
    5.0140   1.4190  33.2340   0.3450   2.3274  0.42811E+02  0.42813E+02 -0.19109E-02  0.47156E+02  0.43113E-03  0.13570E+01  0.45799E+02  0.10038E+01
    5.0140   1.4190  34.6927   0.3750   2.5298  0.33044E+02  0.33046E+02 -0.19586E-02  0.35933E+02  0.25217E-03  0.98016E+00  0.34952E+02  0.10044E+01
    5.0140   1.4190  36.3295   0.4100   2.7659  0.24503E+02  0.24504E+02 -0.99984E-03  0.26287E+02  0.15823E-03  0.68020E+00  0.25607E+02  0.10051E+01
    5.0140   1.4190  38.3450   0.4550   3.0695  0.16720E+02  0.16718E+02  0.20036E-02  0.17662E+02  0.78173E-04  0.43541E+00  0.17227E+02  0.10061E+01
    5.0140   1.4190  41.1078   0.5200   3.5080  0.96187E+01  0.96102E+01  0.85211E-02  0.99605E+01  0.20372E-04  0.23919E+00  0.97213E+01  0.10077E+01
    5.0140   1.3340  23.4504   0.1600   1.1049  0.22651E+03  0.22635E+03  0.16862E+00  0.28561E+03  0.77010E+00  0.15349E+02  0.26949E+03  0.10010E+01
    5.0140   1.3340  24.5414   0.1750   1.2085  0.18984E+03  0.18971E+03  0.12873E+00  0.23589E+03  0.41487E+00  0.11955E+02  0.22352E+03  0.10012E+01
    5.0140   1.3340  25.2441   0.1850   1.2775  0.16960E+03  0.16949E+03  0.10660E+00  0.20883E+03  0.27468E+00  0.10197E+02  0.19836E+03  0.10014E+01
    5.0140   1.3340  25.9290   0.1950   1.3466  0.15204E+03  0.15195E+03  0.87586E-01  0.18561E+03  0.18162E+00  0.87449E+01  0.17668E+03  0.10015E+01
    5.0140   1.3340  26.5974   0.2050   1.4157  0.13672E+03  0.13665E+03  0.71324E-01  0.16555E+03  0.11980E+00  0.75357E+01  0.15789E+03  0.10017E+01
    5.0140   1.3340  27.2506   0.2150   1.4847  0.12328E+03  0.12322E+03  0.57479E-01  0.14811E+03  0.78762E-01  0.65215E+01  0.14151E+03  0.10018E+01
    5.0140   1.3340  27.8896   0.2250   1.5538  0.11143E+03  0.11139E+03  0.45751E-01  0.13289E+03  0.51568E-01  0.56662E+01  0.12717E+03  0.10019E+01
    5.0140   1.3340  28.5155   0.2350   1.6228  0.10094E+03  0.10090E+03  0.35866E-01  0.11951E+03  0.33595E-01  0.49405E+01  0.11454E+03  0.10021E+01
    5.0140   1.3340  29.1290   0.2450   1.6919  0.91605E+02  0.91577E+02  0.27587E-01  0.10772E+03  0.21773E-01  0.43218E+01  0.10338E+03  0.10023E+01
    5.0140   1.3340  29.7310   0.2550   1.7610  0.83274E+02  0.83253E+02  0.20699E-01  0.97279E+02  0.14036E-01  0.37921E+01  0.93473E+02  0.10024E+01
    5.0140   1.3340  30.3220   0.2650   1.8300  0.75813E+02  0.75798E+02  0.15015E-01  0.88004E+02  0.90086E-02  0.33368E+01  0.84658E+02  0.10026E+01
    5.0140   1.3340  30.9029   0.2750   1.8991  0.69108E+02  0.69098E+02  0.10367E-01  0.79735E+02  0.57655E-02  0.29436E+01  0.76785E+02  0.10027E+01
    5.0140   1.3340  31.7561   0.2900   2.0026  0.60275E+02  0.60270E+02  0.50295E-02  0.68937E+02  0.29616E-02  0.24499E+01  0.66485E+02  0.10030E+01
    5.0140   1.3340  33.1344   0.3150   2.1753  0.48203E+02  0.48203E+02 -0.21516E-03  0.54389E+02  0.10480E-02  0.18240E+01  0.52564E+02  0.10035E+01
    5.0140   1.3340  34.7242   0.3450   2.3825  0.37055E+02  0.37057E+02 -0.14211E-02  0.41199E+02  0.41563E-03  0.13014E+01  0.39897E+02  0.10041E+01
    5.0140   1.3340  36.2527   0.3750   2.5896  0.28595E+02  0.28597E+02 -0.14828E-02  0.31375E+02  0.24421E-03  0.94064E+00  0.30434E+02  0.10047E+01
    5.0140   1.3340  37.9685   0.4100   2.8313  0.21196E+02  0.21197E+02 -0.77885E-03  0.22935E+02  0.15237E-03  0.65300E+00  0.22282E+02  0.10055E+01
    5.0140   1.3340  40.0824   0.4550   3.1421  0.14452E+02  0.14451E+02  0.15130E-02  0.15391E+02  0.74420E-04  0.41728E+00  0.14973E+02  0.10065E+01
    5.0140   1.3340  42.9822   0.5200   3.5909  0.82996E+01  0.82929E+01  0.67207E-02  0.86607E+01  0.19074E-04  0.22826E+00  0.84324E+01  0.10082E+01
    5.0140   1.2540  24.4635   0.1600   1.1289  0.19695E+03  0.19681E+03  0.14033E+00  0.25174E+03  0.74783E+00  0.14623E+02  0.23637E+03  0.10012E+01
    5.0140   1.2540  25.6031   0.1750   1.2348  0.16512E+03  0.16501E+03  0.10706E+00  0.20790E+03  0.40239E+00  0.11409E+02  0.19609E+03  0.10014E+01
    5.0140   1.2540  26.3373   0.1850   1.3053  0.14754E+03  0.14745E+03  0.88631E-01  0.18404E+03  0.26612E+00  0.97428E+01  0.17403E+03  0.10015E+01
    5.0140   1.2540  27.0529   0.1950   1.3759  0.13229E+03  0.13222E+03  0.72815E-01  0.16357E+03  0.17574E+00  0.83641E+01  0.15503E+03  0.10017E+01
    5.0140   1.2540  27.7514   0.2050   1.4464  0.11899E+03  0.11893E+03  0.59299E-01  0.14589E+03  0.11576E+00  0.72149E+01  0.13856E+03  0.10018E+01
    5.0140   1.2540  28.4341   0.2150   1.5170  0.10731E+03  0.10726E+03  0.47800E-01  0.13052E+03  0.75987E-01  0.62506E+01  0.12419E+03  0.10020E+01
    5.0140   1.2540  29.1021   0.2250   1.5876  0.97009E+02  0.96971E+02  0.38065E-01  0.11709E+03  0.49667E-01  0.54362E+01  0.11161E+03  0.10021E+01
    5.0140   1.2540  29.7564   0.2350   1.6581  0.87885E+02  0.87856E+02  0.29867E-01  0.10530E+03  0.32305E-01  0.47448E+01  0.10052E+03  0.10023E+01
    5.0140   1.2540  30.3979   0.2450   1.7287  0.79770E+02  0.79747E+02  0.23002E-01  0.94922E+02  0.20902E-01  0.41699E+01  0.90731E+02  0.10024E+01
    5.0140   1.2540  31.0273   0.2550   1.7992  0.72525E+02  0.72507E+02  0.17293E-01  0.85704E+02  0.13456E-01  0.36491E+01  0.82042E+02  0.10026E+01
    5.0140   1.2540  31.6455   0.2650   1.8698  0.66032E+02  0.66020E+02  0.12580E-01  0.77524E+02  0.86241E-02  0.32136E+01  0.74302E+02  0.10028E+01
    5.0140   1.2540  32.2530   0.2750   1.9403  0.60199E+02  0.60190E+02  0.87283E-02  0.70234E+02  0.55146E-02  0.28374E+01  0.67391E+02  0.10030E+01
    5.0140   1.2540  33.1456   0.2900   2.0462  0.52508E+02  0.52504E+02  0.43009E-02  0.60714E+02  0.28316E-02  0.23644E+01  0.58347E+02  0.10032E+01
    5.0140   1.2540  34.5879   0.3150   2.2226  0.41996E+02  0.41996E+02 -0.11849E-03  0.47887E+02  0.10062E-02  0.17634E+01  0.46122E+02  0.10037E+01
    5.0140   1.2540  36.2521   0.3450   2.4343  0.32285E+02  0.32286E+02 -0.10688E-02  0.36259E+02  0.40372E-03  0.12601E+01  0.34999E+02  0.10044E+01
    5.0140   1.2540  37.8527   0.3750   2.6459  0.24912E+02  0.24913E+02 -0.11338E-02  0.27598E+02  0.23813E-03  0.91196E+00  0.26686E+02  0.10050E+01
    5.0140   1.2540  39.6504   0.4100   2.8929  0.18460E+02  0.18461E+02 -0.61027E-03  0.20159E+02  0.14767E-03  0.63362E+00  0.19526E+02  0.10058E+01
    5.0140   1.2540  41.8664   0.4550   3.2104  0.12579E+02  0.12578E+02  0.11602E-02  0.13513E+02  0.71327E-04  0.40473E+00  0.13108E+02  0.10070E+01
    5.0140   1.2540  44.9087   0.5200   3.6690  0.72127E+01  0.72073E+01  0.53744E-02  0.75887E+01  0.17994E-04  0.22087E+00  0.73678E+01  0.10087E+01
    5.0140   1.1790  25.4967   0.1600   1.1514  0.17231E+03  0.17219E+03  0.11796E+00  0.22341E+03  0.72951E+00  0.14023E+02  0.20866E+03  0.10013E+01
    5.0140   1.1790  26.6862   0.1750   1.2594  0.14451E+03  0.14442E+03  0.89933E-01  0.18449E+03  0.39222E+00  0.10961E+02  0.17313E+03  0.10015E+01
    5.0140   1.1790  27.4526   0.1850   1.3314  0.12916E+03  0.12908E+03  0.74432E-01  0.16331E+03  0.25920E+00  0.93714E+01  0.15368E+03  0.10017E+01
    5.0140   1.1790  28.1997   0.1950   1.4033  0.11583E+03  0.11577E+03  0.61141E-01  0.14514E+03  0.17100E+00  0.80548E+01  0.13692E+03  0.10018E+01
    5.0140   1.1790  28.9291   0.2050   1.4753  0.10420E+03  0.10415E+03  0.49792E-01  0.12945E+03  0.11251E+00  0.69560E+01  0.12238E+03  0.10020E+01
    5.0140   1.1790  29.6421   0.2150   1.5473  0.93989E+02  0.93949E+02  0.40144E-01  0.11581E+03  0.73752E-01  0.60329E+01  0.10970E+03  0.10021E+01
    5.0140   1.1790  30.3398   0.2250   1.6192  0.84983E+02  0.84951E+02  0.31982E-01  0.10389E+03  0.48138E-01  0.52527E+01  0.98592E+02  0.10023E+01
    5.0140   1.1790  31.0233   0.2350   1.6912  0.77003E+02  0.76977E+02  0.25111E-01  0.93431E+02  0.31264E-01  0.45897E+01  0.88810E+02  0.10025E+01
    5.0140   1.1790  31.6934   0.2450   1.7631  0.69903E+02  0.69884E+02  0.19362E-01  0.84202E+02  0.20201E-01  0.40233E+01  0.80158E+02  0.10026E+01
    5.0140   1.1790  32.3512   0.2550   1.8351  0.63561E+02  0.63546E+02  0.14580E-01  0.76033E+02  0.12985E-01  0.35372E+01  0.72483E+02  0.10028E+01
    5.0140   1.1790  32.9972   0.2650   1.9071  0.57878E+02  0.57867E+02  0.10634E-01  0.68773E+02  0.83136E-02  0.31183E+01  0.65647E+02  0.10030E+01
    5.0140   1.1790  33.6321   0.2750   1.9790  0.52770E+02  0.52763E+02  0.74088E-02  0.62301E+02  0.53123E-02  0.27557E+01  0.59540E+02  0.10032E+01
    5.0140   1.1790  34.5653   0.2900   2.0870  0.46034E+02  0.46030E+02  0.36992E-02  0.53849E+02  0.27276E-02  0.22996E+01  0.51547E+02  0.10035E+01
    5.0140   1.1790  36.0734   0.3150   2.2669  0.36823E+02  0.36823E+02 -0.58763E-04  0.42462E+02  0.97377E-03  0.17186E+01  0.40743E+02  0.10040E+01
    5.0140   1.1790  37.8143   0.3450   2.4828  0.28310E+02  0.28311E+02 -0.81290E-03  0.32141E+02  0.39488E-03  0.12306E+01  0.30910E+02  0.10047E+01
    5.0140   1.1790  39.4894   0.3750   2.6987  0.21843E+02  0.21844E+02 -0.87544E-03  0.24451E+02  0.23366E-03  0.89207E+00  0.23559E+02  0.10054E+01
    5.0140   1.1790  41.3717   0.4100   2.9506  0.16184E+02  0.16184E+02 -0.48131E-03  0.17849E+02  0.14400E-03  0.62071E+00  0.17228E+02  0.10062E+01
    5.0140   1.1790  43.6934   0.4550   3.2744  0.11022E+02  0.11021E+02  0.90301E-03  0.11952E+02  0.68813E-04  0.39671E+00  0.11555E+02  0.10074E+01
    5.0140   1.1790  46.8837   0.5200   3.7422  0.63112E+01  0.63068E+01  0.43551E-02  0.66989E+01  0.17101E-04  0.21571E+00  0.64832E+01  0.10093E+01
    5.0140   1.1090  26.5464   0.1600   1.1725  0.15170E+03  0.15160E+03  0.10013E+00  0.19959E+03  0.71457E+00  0.13526E+02  0.18535E+03  0.10014E+01
    5.0140   1.1090  27.7867   0.1750   1.2824  0.12727E+03  0.12719E+03  0.76292E-01  0.16483E+03  0.38411E+00  0.10593E+02  0.15385E+03  0.10017E+01
    5.0140   1.1090  28.5860   0.1850   1.3557  0.11377E+03  0.11371E+03  0.63124E-01  0.14590E+03  0.25374E+00  0.90676E+01  0.13658E+03  0.10018E+01
    5.0140   1.1090  29.3654   0.1950   1.4289  0.10205E+03  0.10200E+03  0.51842E-01  0.12967E+03  0.16729E+00  0.78032E+01  0.12170E+03  0.10020E+01
    5.0140   1.1090  30.1263   0.2050   1.5022  0.91824E+02  0.91781E+02  0.42219E-01  0.11565E+03  0.10998E+00  0.67470E+01  0.10879E+03  0.10021E+01
    5.0140   1.1090  30.8702   0.2150   1.5755  0.82841E+02  0.82807E+02  0.34044E-01  0.10346E+03  0.72024E-01  0.58585E+01  0.97532E+02  0.10023E+01
    5.0140   1.1090  31.5983   0.2250   1.6488  0.74916E+02  0.74889E+02  0.27131E-01  0.92816E+02  0.46956E-01  0.51068E+01  0.87662E+02  0.10025E+01
    5.0140   1.1090  32.3116   0.2350   1.7221  0.67893E+02  0.67872E+02  0.21316E-01  0.83441E+02  0.30461E-01  0.44673E+01  0.78944E+02  0.10026E+01
    5.0140   1.1090  33.0112   0.2450   1.7953  0.61641E+02  0.61625E+02  0.16450E-01  0.75224E+02  0.19656E-01  0.39205E+01  0.71284E+02  0.10028E+01
    5.0140   1.1090  33.6978   0.2550   1.8686  0.56057E+02  0.56045E+02  0.12406E-01  0.67924E+02  0.12622E-01  0.34507E+01  0.64461E+02  0.10030E+01
    5.0140   1.1090  34.3723   0.2650   1.9419  0.51052E+02  0.51043E+02  0.90696E-02  0.61435E+02  0.80747E-02  0.30454E+01  0.58381E+02  0.10032E+01
    5.0140   1.1090  35.0355   0.2750   2.0152  0.46551E+02  0.46544E+02  0.63407E-02  0.55650E+02  0.51559E-02  0.26943E+01  0.52951E+02  0.10034E+01
    5.0140   1.1090  36.0101   0.2900   2.1251  0.40614E+02  0.40611E+02  0.32024E-02  0.48097E+02  0.26484E-02  0.22516E+01  0.45842E+02  0.10037E+01
    5.0140   1.1090  37.5859   0.3150   2.3083  0.32492E+02  0.32492E+02 -0.22384E-04  0.37918E+02  0.95023E-03  0.16866E+01  0.36231E+02  0.10043E+01
    5.0140   1.1090  39.4055   0.3450   2.5281  0.24984E+02  0.24985E+02 -0.62537E-03  0.28693E+02  0.38911E-03  0.12105E+01  0.27483E+02  0.10050E+01
    5.0140   1.1090  41.1574   0.3750   2.7480  0.19276E+02  0.19277E+02 -0.68282E-03  0.21819E+02  0.23076E-03  0.87933E+00  0.20940E+02  0.10057E+01
    5.0140   1.1090  43.1268   0.4100   3.0044  0.14280E+02  0.14280E+02 -0.38235E-03  0.15918E+02  0.14129E-03  0.61308E+00  0.15305E+02  0.10066E+01
    5.0140   1.1090  45.5577   0.4550   3.3342  0.97213E+01  0.97206E+01  0.71325E-03  0.10649E+02  0.66817E-04  0.39236E+00  0.10257E+02  0.10079E+01
    5.0140   1.1090  48.9011   0.5200   3.8105  0.55598E+01  0.55562E+01  0.35748E-02  0.59577E+01  0.16370E-04  0.21297E+00  0.57447E+01  0.10099E+01
    5.0140   1.0390  25.3979   0.1350   1.0070  0.18269E+03  0.18256E+03  0.12983E+00  0.25110E+03  0.19886E+01  0.20334E+02  0.22878E+03  0.10012E+01
    5.0140   1.0390  27.6927   0.1600   1.1935  0.13314E+03  0.13306E+03  0.84807E-01  0.17804E+03  0.70174E+00  0.13083E+02  0.16425E+03  0.10016E+01
    5.0140   1.0390  28.9889   0.1750   1.3054  0.11174E+03  0.11168E+03  0.64573E-01  0.14705E+03  0.37735E+00  0.10267E+02  0.13641E+03  0.10018E+01
    5.0140   1.0390  29.8243   0.1850   1.3800  0.99915E+02  0.99862E+02  0.53412E-01  0.13017E+03  0.24929E+00  0.88007E+01  0.12112E+03  0.10020E+01
    5.0140   1.0390  30.6390   0.1950   1.4546  0.89646E+02  0.89602E+02  0.43858E-01  0.11569E+03  0.16433E+00  0.75840E+01  0.10794E+03  0.10022E+01
    5.0140   1.0390  31.4346   0.2050   1.5291  0.80676E+02  0.80640E+02  0.35715E-01  0.10318E+03  0.10799E+00  0.65663E+01  0.96507E+02  0.10023E+01
    5.0140   1.0390  32.2125   0.2150   1.6037  0.72799E+02  0.72770E+02  0.28802E-01  0.92309E+02  0.70684E-01  0.57095E+01  0.86529E+02  0.10025E+01
    5.0140   1.0390  32.9740   0.2250   1.6783  0.65847E+02  0.65824E+02  0.22961E-01  0.82811E+02  0.46051E-01  0.49835E+01  0.77781E+02  0.10027E+01
    5.0140   1.0390  33.7202   0.2350   1.7529  0.59684E+02  0.59666E+02  0.18050E-01  0.74470E+02  0.29848E-01  0.43650E+01  0.70076E+02  0.10029E+01
    5.0140   1.0390  34.4521   0.2450   1.8275  0.54197E+02  0.54184E+02  0.13942E-01  0.67116E+02  0.19244E-01  0.38356E+01  0.63261E+02  0.10031E+01
    5.0140   1.0390  35.1706   0.2550   1.9021  0.49295E+02  0.49284E+02  0.10529E-01  0.60602E+02  0.12347E-01  0.33803E+01  0.57210E+02  0.10033E+01
    5.0140   1.0390  35.8766   0.2650   1.9767  0.44899E+02  0.44891E+02  0.77134E-02  0.54812E+02  0.78927E-02  0.29870E+01  0.51817E+02  0.10035E+01
    5.0140   1.0390  36.5708   0.2750   2.0513  0.40945E+02  0.40940E+02  0.54106E-02  0.49650E+02  0.50388E-02  0.26459E+01  0.46999E+02  0.10037E+01
    5.0140   1.0390  37.5912   0.2900   2.1632  0.35729E+02  0.35727E+02  0.27615E-02  0.42907E+02  0.25904E-02  0.22152E+01  0.40689E+02  0.10040E+01
    5.0140   1.0390  39.2416   0.3150   2.3497  0.28590E+02  0.28590E+02  0.19104E-05  0.33821E+02  0.93484E-03  0.16637E+01  0.32157E+02  0.10046E+01
    5.0140   1.0390  41.1484   0.3450   2.5734  0.21987E+02  0.21987E+02 -0.47733E-03  0.25587E+02  0.38636E-03  0.11975E+01  0.24389E+02  0.10053E+01
    5.0140   1.0390  42.9852   0.3750   2.7972  0.16964E+02  0.16965E+02 -0.52827E-03  0.19451E+02  0.22917E-03  0.87215E+00  0.18578E+02  0.10061E+01
    5.0140   1.0390  45.0514   0.4100   3.0583  0.12566E+02  0.12566E+02 -0.30086E-03  0.14182E+02  0.13934E-03  0.60967E+00  0.13572E+02  0.10071E+01
    5.0140   1.0390  47.6036   0.4550   3.3940  0.85513E+01  0.85507E+01  0.56184E-03  0.94786E+01  0.65192E-04  0.39105E+00  0.90875E+01  0.10084E+01
    5.0140   1.0390  51.1178   0.5200   3.8788  0.48854E+01  0.48825E+01  0.29297E-02  0.52936E+01  0.15742E-04  0.21228E+00  0.50813E+01  0.10106E+01
    5.0140   0.9740  26.4640   0.1350   1.0235  0.16121E+03  0.16110E+03  0.11116E+00  0.22508E+03  0.19559E+01  0.19686E+02  0.20344E+03  0.10013E+01
    5.0140   0.9740  28.8590   0.1600   1.2130  0.11757E+03  0.11749E+03  0.72503E-01  0.15980E+03  0.69161E+00  0.12712E+02  0.14639E+03  0.10017E+01
    5.0140   0.9740  30.2122   0.1750   1.3267  0.98708E+02  0.98653E+02  0.55169E-01  0.13207E+03  0.37224E+00  0.99974E+01  0.12170E+03  0.10020E+01
    5.0140   0.9740  31.0846   0.1850   1.4025  0.88281E+02  0.88235E+02  0.45620E-01  0.11691E+03  0.24611E+00  0.85829E+01  0.10808E+03  0.10022E+01
    5.0140   0.9740  31.9355   0.1950   1.4783  0.79225E+02  0.79187E+02  0.37453E-01  0.10391E+03  0.16231E+00  0.74067E+01  0.96340E+02  0.10023E+01
    5.0140   0.9740  32.7666   0.2050   1.5541  0.71313E+02  0.71282E+02  0.30497E-01  0.92674E+02  0.10669E+00  0.64219E+01  0.86145E+02  0.10025E+01
    5.0140   0.9740  33.5794   0.2150   1.6300  0.64363E+02  0.64338E+02  0.24596E-01  0.82913E+02  0.69843E-01  0.55916E+01  0.77252E+02  0.10027E+01
    5.0140   0.9740  34.3752   0.2250   1.7058  0.58227E+02  0.58207E+02  0.19613E-01  0.74382E+02  0.45501E-01  0.48873E+01  0.69449E+02  0.10029E+01
    5.0140   0.9740  35.1551   0.2350   1.7816  0.52786E+02  0.52771E+02  0.15425E-01  0.66893E+02  0.29487E-01  0.42866E+01  0.62577E+02  0.10031E+01
    5.0140   0.9740  35.9202   0.2450   1.8574  0.47942E+02  0.47930E+02  0.11924E-01  0.60287E+02  0.19008E-01  0.37717E+01  0.56496E+02  0.10033E+01
    5.0140   0.9740  36.6715   0.2550   1.9332  0.43611E+02  0.43602E+02  0.90157E-02  0.54436E+02  0.12193E-01  0.33283E+01  0.51096E+02  0.10035E+01
    5.0140   0.9740  37.4098   0.2650   2.0090  0.39727E+02  0.39721E+02  0.66167E-02  0.49236E+02  0.77939E-02  0.29448E+01  0.46284E+02  0.10037E+01
    5.0140   0.9740  38.1358   0.2750   2.0848  0.36234E+02  0.36230E+02  0.46552E-02  0.44599E+02  0.49775E-02  0.26120E+01  0.41982E+02  0.10039E+01
    5.0140   0.9740  39.2035   0.2900   2.1986  0.31623E+02  0.31620E+02  0.23973E-02  0.38541E+02  0.25623E-02  0.21909E+01  0.36347E+02  0.10043E+01
    5.0140   0.9740  40.9308   0.3150   2.3881  0.25309E+02  0.25309E+02  0.42529E-04  0.30376E+02  0.93033E-03  0.16504E+01  0.28725E+02  0.10049E+01
    5.0140   0.9740  42.9275   0.3450   2.6155  0.19467E+02  0.19467E+02 -0.36836E-03  0.22976E+02  0.38744E-03  0.11917E+01  0.21784E+02  0.10057E+01
    5.0140   0.9740  44.8521   0.3750   2.8430  0.15021E+02  0.15021E+02 -0.41267E-03  0.17461E+02  0.22933E-03  0.87041E+00  0.16590E+02  0.10066E+01
    5.0140   0.9740  47.0184   0.4100   3.1083  0.11125E+02  0.11126E+02 -0.23850E-03  0.12725E+02  0.13839E-03  0.61034E+00  0.12115E+02  0.10076E+01
    5.0140   0.9740  49.6966   0.4550   3.4495  0.75689E+01  0.75685E+01  0.44890E-03  0.84980E+01  0.64043E-04  0.39265E+00  0.81053E+01  0.10090E+01
    5.0140   0.9740  53.3887   0.5200   3.9422  0.43202E+01  0.43178E+01  0.24305E-02  0.47383E+01  0.15254E-04  0.21344E+00  0.45249E+01  0.10112E+01
    5.0140   0.9190  27.4477   0.1350   1.0374  0.14460E+03  0.14451E+03  0.97252E-01  0.20511E+03  0.19309E+01  0.19178E+02  0.18400E+03  0.10014E+01
    5.0140   0.9190  29.9357   0.1600   1.2295  0.10552E+03  0.10545E+03  0.63349E-01  0.14559E+03  0.68432E+00  0.12427E+02  0.13248E+03  0.10019E+01
    5.0140   0.9190  31.3419   0.1750   1.3448  0.88620E+02  0.88572E+02  0.48177E-01  0.12040E+03  0.36898E+00  0.97939E+01  0.11024E+03  0.10022E+01
    5.0140   0.9190  32.2487   0.1850   1.4216  0.79274E+02  0.79235E+02  0.39827E-01  0.10661E+03  0.24415E+00  0.84181E+01  0.97943E+02  0.10023E+01
    5.0140   0.9190  33.1333   0.1950   1.4985  0.71156E+02  0.71124E+02  0.32691E-01  0.94752E+02  0.16117E+00  0.72744E+01  0.87317E+02  0.10025E+01
    5.0140   0.9190  33.9974   0.2050   1.5753  0.64062E+02  0.64036E+02  0.26617E-01  0.84512E+02  0.10604E+00  0.63154E+01  0.78091E+02  0.10027E+01
    5.0140   0.9190  34.8426   0.2150   1.6522  0.57829E+02  0.57808E+02  0.21468E-01  0.75613E+02  0.69475E-01  0.55060E+01  0.70038E+02  0.10029E+01
    5.0140   0.9190  35.6703   0.2250   1.7290  0.52325E+02  0.52308E+02  0.17122E-01  0.67837E+02  0.45296E-01  0.48186E+01  0.62973E+02  0.10031E+01
    5.0140   0.9190  36.4816   0.2350   1.8058  0.47443E+02  0.47430E+02  0.13471E-01  0.61009E+02  0.29375E-01  0.42318E+01  0.56747E+02  0.10033E+01
    5.0140   0.9190  37.2777   0.2450   1.8827  0.43095E+02  0.43084E+02  0.10420E-01  0.54985E+02  0.18948E-01  0.37282E+01  0.51238E+02  0.10035E+01
    5.0140   0.9190  38.0595   0.2550   1.9595  0.39207E+02  0.39200E+02  0.78860E-02  0.49651E+02  0.12163E-01  0.32939E+01  0.46345E+02  0.10037E+01
    5.0140   0.9190  38.8279   0.2650   2.0364  0.35720E+02  0.35715E+02  0.57961E-02  0.44909E+02  0.77814E-02  0.29179E+01  0.41983E+02  0.10040E+01
    5.0140   0.9190  39.5837   0.2750   2.1132  0.32583E+02  0.32579E+02  0.40873E-02  0.40680E+02  0.49746E-02  0.25912E+01  0.38084E+02  0.10042E+01
    5.0140   0.9190  40.6954   0.2900   2.2285  0.28441E+02  0.28439E+02  0.21200E-02  0.35155E+02  0.25666E-02  0.21774E+01  0.32975E+02  0.10046E+01
    5.0140   0.9190  42.4946   0.3150   2.4206  0.22766E+02  0.22766E+02  0.66161E-04  0.27706E+02  0.93743E-03  0.16449E+01  0.26060E+02  0.10052E+01
    5.0140   0.9190  44.5755   0.3450   2.6511  0.17514E+02  0.17514E+02 -0.29364E-03  0.20954E+02  0.39229E-03  0.11914E+01  0.19762E+02  0.10061E+01
    5.0140   0.9190  46.5824   0.3750   2.8817  0.13515E+02  0.13515E+02 -0.33230E-03  0.15921E+02  0.23118E-03  0.87273E+00  0.15048E+02  0.10069E+01
    5.0140   0.9190  48.8429   0.4100   3.1506  0.10010E+02  0.10010E+02 -0.19428E-03  0.11599E+02  0.13826E-03  0.61387E+00  0.10985E+02  0.10080E+01
    5.0140   0.9190  51.6398   0.4550   3.4964  0.68084E+01  0.68080E+01  0.37025E-03  0.77411E+01  0.63403E-04  0.39623E+00  0.73448E+01  0.10095E+01
    5.0140   0.9190  55.5002   0.5200   3.9959  0.38829E+01  0.38808E+01  0.20710E-02  0.43104E+01  0.14921E-04  0.21590E+00  0.40945E+01  0.10119E+01
    5.0140   0.8640  28.5191   0.1350   1.0513  0.12930E+03  0.12922E+03  0.84868E-01  0.18647E+03  0.19083E+01  0.18701E+02  0.16586E+03  0.10016E+01
    5.0140   0.8640  31.1089   0.1600   1.2460  0.94411E+02  0.94356E+02  0.55208E-01  0.13241E+03  0.67805E+00  0.12165E+02  0.11956E+03  0.10020E+01
    5.0140   0.8640  32.5732   0.1750   1.3628  0.79320E+02  0.79278E+02  0.41962E-01  0.10957E+03  0.36642E+00  0.96079E+01  0.99594E+02  0.10023E+01
    5.0140   0.8640  33.5176   0.1850   1.4407  0.70972E+02  0.70937E+02  0.34679E-01  0.97062E+02  0.24285E+00  0.82709E+01  0.88548E+02  0.10025E+01
    5.0140   0.8640  34.4391   0.1950   1.5186  0.63717E+02  0.63689E+02  0.28461E-01  0.86278E+02  0.16058E+00  0.71564E+01  0.78961E+02  0.10027E+01
    5.0140   0.8640  35.3394   0.2050   1.5965  0.57376E+02  0.57353E+02  0.23171E-01  0.76960E+02  0.10584E+00  0.62222E+01  0.70632E+02  0.10029E+01
    5.0140   0.8640  36.2203   0.2150   1.6743  0.51803E+02  0.51784E+02  0.18689E-01  0.68860E+02  0.69464E-01  0.54323E+01  0.63359E+02  0.10031E+01
    5.0140   0.8640  37.0830   0.2250   1.7522  0.46880E+02  0.46865E+02  0.14908E-01  0.61783E+02  0.45371E-01  0.47608E+01  0.56977E+02  0.10033E+01
    5.0140   0.8640  37.9288   0.2350   1.8301  0.42513E+02  0.42502E+02  0.11734E-01  0.55567E+02  0.29480E-01  0.41869E+01  0.51351E+02  0.10036E+01
    5.0140   0.8640  38.7590   0.2450   1.9080  0.38623E+02  0.38613E+02  0.90811E-02  0.50084E+02  0.19052E-01  0.36936E+01  0.46371E+02  0.10038E+01
    5.0140   0.8640  39.5744   0.2550   1.9859  0.35144E+02  0.35137E+02  0.68788E-02  0.45227E+02  0.12255E-01  0.32679E+01  0.41946E+02  0.10040E+01
    5.0140   0.8640  40.3760   0.2650   2.0637  0.32022E+02  0.32017E+02  0.50629E-02  0.40909E+02  0.78576E-02  0.28987E+01  0.38002E+02  0.10043E+01
    5.0140   0.8640  41.1646   0.2750   2.1416  0.29213E+02  0.29209E+02  0.35782E-02  0.37058E+02  0.50356E-02  0.25775E+01  0.34475E+02  0.10045E+01
    5.0140   0.8640  42.3249   0.2900   2.2584  0.25503E+02  0.25501E+02  0.18685E-02  0.32026E+02  0.26089E-02  0.21701E+01  0.29854E+02  0.10049E+01
    5.0140   0.8640  44.2035   0.3150   2.4531  0.20419E+02  0.20418E+02  0.81934E-04  0.25241E+02  0.95988E-03  0.16447E+01  0.23595E+02  0.10056E+01
    5.0140   0.8640  46.3775   0.3450   2.6867  0.15711E+02  0.15711E+02 -0.23223E-03  0.19089E+02  0.40261E-03  0.11955E+01  0.17893E+02  0.10065E+01
    5.0140   0.8640  48.4756   0.3750   2.9204  0.12125E+02  0.12125E+02 -0.26540E-03  0.14503E+02  0.23533E-03  0.87865E+00  0.13624E+02  0.10074E+01
    5.0140   0.8640  50.8406   0.4100   3.1929  0.89799E+01  0.89800E+01 -0.15686E-03  0.10563E+02  0.13909E-03  0.62023E+00  0.99429E+01  0.10086E+01
    5.0140   0.8640  53.7697   0.4550   3.5434  0.61066E+01  0.61063E+01  0.30445E-03  0.70456E+01  0.63129E-04  0.40195E+00  0.66436E+01  0.10101E+01
    5.0140   0.8640  57.8182   0.5200   4.0496  0.34802E+01  0.34784E+01  0.17606E-02  0.39181E+01  0.14673E-04  0.21981E+00  0.36983E+01  0.10127E+01
    5.0140   0.7990  29.9190   0.1350   1.0678  0.11277E+03  0.11270E+03  0.71961E-01  0.16616E+03  0.18850E+01  0.18164E+02  0.14611E+03  0.10018E+01
    5.0140   0.7990  32.6426   0.1600   1.2655  0.82404E+02  0.82357E+02  0.46738E-01  0.11804E+03  0.67177E+00  0.11880E+02  0.10548E+03  0.10023E+01
    5.0140   0.7990  34.1833   0.1750   1.3842  0.69262E+02  0.69227E+02  0.35499E-01  0.97750E+02  0.36431E+00  0.94092E+01  0.87977E+02  0.10026E+01
    5.0140   0.7990  35.1774   0.1850   1.4633  0.61988E+02  0.61959E+02  0.29329E-01  0.86646E+02  0.24211E+00  0.81147E+01  0.78289E+02  0.10028E+01
    5.0140   0.7990  36.1475   0.1950   1.5424  0.55667E+02  0.55643E+02  0.24064E-01  0.77065E+02  0.16059E+00  0.70350E+01  0.69870E+02  0.10030E+01
    5.0140   0.7990  37.0957   0.2050   1.6215  0.50139E+02  0.50119E+02  0.19589E-01  0.68751E+02  0.10620E+00  0.61274E+01  0.62517E+02  0.10032E+01
    5.0140   0.7990  38.0236   0.2150   1.7006  0.45279E+02  0.45263E+02  0.15800E-01  0.61519E+02  0.69952E-01  0.53593E+01  0.56089E+02  0.10034E+01
    5.0140   0.7990  38.9326   0.2250   1.7797  0.40985E+02  0.40973E+02  0.12606E-01  0.55205E+02  0.45873E-01  0.47053E+01  0.50454E+02  0.10037E+01
    5.0140   0.7990  39.8241   0.2350   1.8588  0.37175E+02  0.37165E+02  0.99253E-02  0.49656E+02  0.29935E-01  0.41455E+01  0.45480E+02  0.10039E+01
    5.0140   0.7990  40.6993   0.2450   1.9379  0.33779E+02  0.33771E+02  0.76867E-02  0.44760E+02  0.19439E-01  0.36637E+01  0.41077E+02  0.10041E+01
    5.0140   0.7990  41.5592   0.2550   2.0169  0.30741E+02  0.30735E+02  0.58284E-02  0.40423E+02  0.12569E-01  0.32471E+01  0.37164E+02  0.10044E+01
    5.0140   0.7990  42.4048   0.2650   2.0960  0.28015E+02  0.28011E+02  0.42965E-02  0.36567E+02  0.81045E-02  0.28854E+01  0.33674E+02  0.10046E+01
    5.0140   0.7990  43.2370   0.2750   2.1751  0.25561E+02  0.25558E+02  0.30439E-02  0.33127E+02  0.52252E-02  0.25702E+01  0.30552E+02  0.10049E+01
    5.0140   0.7990  44.4617   0.2900   2.2938  0.22319E+02  0.22318E+02  0.16016E-02  0.28632E+02  0.27334E-02  0.21695E+01  0.26460E+02  0.10053E+01
    5.0140   0.7990  46.4459   0.3150   2.4915  0.17874E+02  0.17874E+02  0.92654E-04  0.22569E+02  0.10192E-02  0.16511E+01  0.20917E+02  0.10061E+01
    5.0140   0.7990  48.7440   0.3450   2.7288  0.13756E+02  0.13756E+02 -0.17387E-03  0.17070E+02  0.42667E-03  0.12059E+01  0.15863E+02  0.10070E+01
    5.0140   0.7990  50.9639   0.3750   2.9661  0.10617E+02  0.10618E+02 -0.20096E-03  0.12968E+02  0.24492E-03  0.89035E+00  0.12078E+02  0.10080E+01
    5.0140   0.7990  53.4690   0.4100   3.2429  0.78634E+01  0.78635E+01 -0.12017E-03  0.94440E+01  0.14193E-03  0.63168E+00  0.88122E+01  0.10092E+01
    5.0140   0.7990  56.5757   0.4550   3.5989  0.53463E+01  0.53460E+01  0.24051E-03  0.62960E+01  0.63363E-04  0.41171E+00  0.58842E+01  0.10110E+01
    5.0140   0.7990  60.8781   0.5200   4.1130  0.30444E+01  0.30429E+01  0.14480E-02  0.34967E+01  0.14513E-04  0.22650E+00  0.32702E+01  0.10138E+01
