 #***Ebeam    Eprime  Theta     x        Q2      Sig_Born     Sig_Born_In  Sig_Born_QE  Sig_Rad      Sig_Rad_EL   Sig_Rad_QE   Sig_Rad_DIS  C_cor
    5.0140   2.6640  16.0112   0.2350   1.0363  0.15311E+03  0.15310E+03  0.15757E-01  0.16464E+03  0.38107E-01  0.44499E+01  0.16015E+03  0.10000E+01
    5.0140   2.6640  16.3506   0.2450   1.0804  0.13937E+03  0.13935E+03  0.15383E-01  0.14909E+03  0.30273E-01  0.38888E+01  0.14517E+03  0.10000E+01
    5.0140   2.6640  16.6833   0.2550   1.1245  0.12683E+03  0.12681E+03  0.15155E-01  0.13506E+03  0.24176E-01  0.34132E+01  0.13162E+03  0.10000E+01
    5.0140   2.6640  17.0096   0.2650   1.1686  0.11547E+03  0.11546E+03  0.14801E-01  0.12250E+03  0.19399E-01  0.30054E+01  0.11947E+03  0.10000E+01
    5.0140   2.6640  17.3300   0.2750   1.2127  0.10533E+03  0.10532E+03  0.14656E-01  0.11133E+03  0.15650E-01  0.26564E+01  0.10865E+03  0.10000E+01
    5.0140   2.6640  17.8001   0.2900   1.2789  0.92124E+02  0.92110E+02  0.14164E-01  0.96832E+02  0.11462E-01  0.22237E+01  0.94597E+02  0.10000E+01
    5.0140   2.6640  18.5580   0.3150   1.3891  0.74313E+02  0.74300E+02  0.13489E-01  0.77409E+02  0.69332E-02  0.16700E+01  0.75732E+02  0.10000E+01
    5.0140   2.6640  19.4298   0.3450   1.5214  0.58084E+02  0.58072E+02  0.12827E-01  0.59875E+02  0.38700E-02  0.12139E+01  0.58657E+02  0.10000E+01
    5.0140   2.6640  20.2655   0.3750   1.6537  0.45867E+02  0.45855E+02  0.12020E-01  0.46762E+02  0.22104E-02  0.89646E+00  0.45864E+02  0.10000E+01
    5.0140   2.6640  21.2006   0.4100   1.8080  0.34613E+02  0.34602E+02  0.11284E-01  0.34996E+02  0.11869E-02  0.64480E+00  0.34350E+02  0.10000E+01
    5.0140   2.6640  22.3480   0.4550   2.0065  0.24668E+02  0.24658E+02  0.10658E-01  0.24638E+02  0.56224E-03  0.43371E+00  0.24204E+02  0.10000E+01
    5.0140   2.6640  23.9130   0.5200   2.2931  0.16077E+02  0.16067E+02  0.99771E-02  0.15595E+02  0.19773E-03  0.26006E+00  0.15335E+02  0.10000E+01
    5.0140   2.4590  16.6253   0.2150   1.0308  0.12879E+03  0.12878E+03  0.88317E-02  0.14154E+03  0.50161E-01  0.42581E+01  0.13723E+03  0.10000E+01
    5.0140   2.4590  17.0103   0.2250   1.0788  0.11659E+03  0.11658E+03  0.86773E-02  0.12743E+03  0.39214E-01  0.36814E+01  0.12371E+03  0.10000E+01
    5.0140   2.4590  17.3871   0.2350   1.1267  0.10582E+03  0.10581E+03  0.84373E-02  0.11506E+03  0.30858E-01  0.31980E+01  0.11183E+03  0.10000E+01
    5.0140   2.4590  17.7561   0.2450   1.1747  0.96320E+02  0.96312E+02  0.82901E-02  0.10418E+03  0.24471E-01  0.27894E+01  0.10136E+03  0.10000E+01
    5.0140   2.4590  18.1178   0.2550   1.2226  0.87889E+02  0.87881E+02  0.80820E-02  0.94557E+02  0.19504E-01  0.24359E+01  0.92102E+02  0.10000E+01
    5.0140   2.4590  18.4727   0.2650   1.2706  0.80395E+02  0.80387E+02  0.79515E-02  0.86036E+02  0.15621E-01  0.21433E+01  0.83877E+02  0.10000E+01
    5.0140   2.4590  18.8212   0.2750   1.3185  0.73619E+02  0.73611E+02  0.78615E-02  0.78379E+02  0.12579E-01  0.18917E+01  0.76475E+02  0.10000E+01
    5.0140   2.4590  19.3324   0.2900   1.3904  0.64398E+02  0.64391E+02  0.75295E-02  0.68129E+02  0.91746E-02  0.15760E+01  0.66544E+02  0.10000E+01
    5.0140   2.4590  20.1569   0.3150   1.5103  0.51568E+02  0.51561E+02  0.71926E-02  0.54104E+02  0.55078E-02  0.11770E+01  0.52921E+02  0.10000E+01
    5.0140   2.4590  21.1054   0.3450   1.6541  0.40021E+02  0.40014E+02  0.68160E-02  0.41575E+02  0.30503E-02  0.84600E+00  0.40726E+02  0.10000E+01
    5.0140   2.4590  22.0149   0.3750   1.7980  0.31414E+02  0.31407E+02  0.63479E-02  0.32306E+02  0.17274E-02  0.61846E+00  0.31686E+02  0.10000E+01
    5.0140   2.4590  23.0327   0.4100   1.9658  0.23849E+02  0.23843E+02  0.59799E-02  0.24237E+02  0.91916E-03  0.44006E+00  0.23796E+02  0.10000E+01
    5.0140   2.4590  24.2821   0.4550   2.1815  0.16670E+02  0.16664E+02  0.56017E-02  0.16768E+02  0.42926E-03  0.29174E+00  0.16475E+02  0.10000E+01
    5.0140   2.4590  25.9870   0.5200   2.4932  0.10365E+02  0.10360E+02  0.52649E-02  0.10229E+02  0.14723E-03  0.16986E+00  0.10059E+02  0.10000E+01
    5.0140   2.2740  17.0534   0.1950   1.0026  0.11632E+03  0.11631E+03  0.53563E-02  0.13047E+03  0.71337E-01  0.44780E+01  0.12592E+03  0.10000E+01
    5.0140   2.2740  17.4885   0.2050   1.0540  0.10458E+03  0.10458E+03  0.52523E-02  0.11660E+03  0.54977E-01  0.38320E+01  0.11271E+03  0.10000E+01
    5.0140   2.2740  17.9134   0.2150   1.1055  0.94303E+02  0.94298E+02  0.51125E-02  0.10453E+03  0.42674E-01  0.32944E+01  0.10119E+03  0.10000E+01
    5.0140   2.2740  18.3288   0.2250   1.1569  0.85253E+02  0.85247E+02  0.50902E-02  0.93975E+02  0.33320E-01  0.28447E+01  0.91097E+02  0.10000E+01
    5.0140   2.2740  18.7353   0.2350   1.2083  0.77255E+02  0.77250E+02  0.49898E-02  0.84718E+02  0.26177E-01  0.24669E+01  0.82225E+02  0.10000E+01
    5.0140   2.2740  19.1334   0.2450   1.2597  0.70166E+02  0.70161E+02  0.48491E-02  0.76558E+02  0.20724E-01  0.21469E+01  0.74391E+02  0.10000E+01
    5.0140   2.2740  19.5237   0.2550   1.3111  0.63863E+02  0.63858E+02  0.47208E-02  0.69347E+02  0.16489E-01  0.18772E+01  0.67453E+02  0.10000E+01
    5.0140   2.2740  19.9067   0.2650   1.3626  0.58253E+02  0.58248E+02  0.46293E-02  0.62955E+02  0.13180E-01  0.16476E+01  0.61295E+02  0.10000E+01
    5.0140   2.2740  20.2827   0.2750   1.4140  0.53245E+02  0.53240E+02  0.45194E-02  0.57274E+02  0.10591E-01  0.14487E+01  0.55814E+02  0.10000E+01
    5.0140   2.2740  20.8345   0.2900   1.4911  0.46724E+02  0.46720E+02  0.43680E-02  0.49900E+02  0.77004E-02  0.12047E+01  0.48687E+02  0.10000E+01
    5.0140   2.2740  21.7245   0.3150   1.6196  0.37729E+02  0.37725E+02  0.41654E-02  0.39834E+02  0.45931E-02  0.89443E+00  0.38935E+02  0.10000E+01
    5.0140   2.2740  22.7486   0.3450   1.7739  0.29062E+02  0.29058E+02  0.39119E-02  0.30400E+02  0.25306E-02  0.63770E+00  0.29760E+02  0.10000E+01
    5.0140   2.2740  23.7309   0.3750   1.9281  0.22658E+02  0.22654E+02  0.37035E-02  0.23480E+02  0.14238E-02  0.46352E+00  0.23016E+02  0.10000E+01
    5.0140   2.2740  24.8305   0.4100   2.1081  0.17178E+02  0.17175E+02  0.34455E-02  0.17592E+02  0.75166E-03  0.32635E+00  0.17265E+02  0.10000E+01
    5.0140   2.2740  26.1806   0.4550   2.3395  0.11923E+02  0.11919E+02  0.31916E-02  0.12074E+02  0.34710E-03  0.21291E+00  0.11861E+02  0.10000E+01
    5.0140   2.2740  28.0239   0.5200   2.6737  0.72130E+01  0.72100E+01  0.29858E-02  0.71893E+01  0.11722E-03  0.12096E+00  0.70682E+01  0.10000E+01
    5.0140   2.1240  17.6558   0.1850   1.0033  0.10147E+03  0.10147E+03  0.36334E-02  0.11555E+03  0.83580E-01  0.44003E+01  0.11107E+03  0.10000E+01
    5.0140   2.1240  18.1306   0.1950   1.0575  0.90937E+02  0.90934E+02  0.35600E-02  0.10285E+03  0.63731E-01  0.37336E+01  0.99055E+02  0.10000E+01
    5.0140   2.1240  18.5937   0.2050   1.1118  0.81747E+02  0.81744E+02  0.34678E-02  0.91880E+02  0.49044E-01  0.31948E+01  0.88636E+02  0.10000E+01
    5.0140   2.1240  19.0459   0.2150   1.1660  0.73690E+02  0.73687E+02  0.34044E-02  0.82322E+02  0.38037E-01  0.27414E+01  0.79543E+02  0.10000E+01
    5.0140   2.1240  19.4880   0.2250   1.2202  0.66595E+02  0.66592E+02  0.33049E-02  0.73976E+02  0.29675E-01  0.23661E+01  0.71580E+02  0.10000E+01
    5.0140   2.1240  19.9207   0.2350   1.2745  0.60318E+02  0.60314E+02  0.32407E-02  0.66642E+02  0.23277E-01  0.20497E+01  0.64569E+02  0.10000E+01
    5.0140   2.1240  20.3445   0.2450   1.3287  0.54747E+02  0.54744E+02  0.31487E-02  0.60177E+02  0.18397E-01  0.17820E+01  0.58377E+02  0.10000E+01
    5.0140   2.1240  20.7601   0.2550   1.3829  0.49785E+02  0.49782E+02  0.31276E-02  0.54455E+02  0.14617E-01  0.15573E+01  0.52883E+02  0.10000E+01
    5.0140   2.1240  21.1678   0.2650   1.4371  0.45357E+02  0.45354E+02  0.30418E-02  0.49379E+02  0.11666E-01  0.13634E+01  0.48003E+02  0.10000E+01
    5.0140   2.1240  21.5682   0.2750   1.4914  0.41394E+02  0.41391E+02  0.29825E-02  0.44860E+02  0.93557E-02  0.11974E+01  0.43653E+02  0.10000E+01
    5.0140   2.1240  22.1559   0.2900   1.5727  0.36206E+02  0.36203E+02  0.28463E-02  0.38980E+02  0.67860E-02  0.99391E+00  0.37979E+02  0.10000E+01
    5.0140   2.1240  23.1038   0.3150   1.7083  0.29231E+02  0.29228E+02  0.27035E-02  0.31116E+02  0.40370E-02  0.73516E+00  0.30377E+02  0.10000E+01
    5.0140   2.1240  24.1948   0.3450   1.8710  0.22671E+02  0.22669E+02  0.25445E-02  0.23843E+02  0.22126E-02  0.52193E+00  0.23319E+02  0.10000E+01
    5.0140   2.1240  25.2415   0.3750   2.0337  0.17560E+02  0.17557E+02  0.23893E-02  0.18309E+02  0.12392E-02  0.37724E+00  0.17931E+02  0.10000E+01
    5.0140   2.1240  26.4135   0.4100   2.2235  0.13216E+02  0.13214E+02  0.22328E-02  0.13632E+02  0.65011E-03  0.26350E+00  0.13368E+02  0.10000E+01
    5.0140   2.1240  27.8530   0.4550   2.4676  0.92228E+01  0.92207E+01  0.20873E-02  0.93829E+01  0.29781E-03  0.17001E+00  0.92126E+01  0.10000E+01
    5.0140   2.1240  29.8191   0.5200   2.8201  0.54931E+01  0.54912E+01  0.19242E-02  0.55059E+01  0.99758E-04  0.94875E-01  0.54109E+01  0.10000E+01
    5.0140   1.9990  18.5969   0.1850   1.0467  0.82806E+02  0.82804E+02  0.25798E-02  0.95069E+02  0.76931E-01  0.38373E+01  0.91154E+02  0.10000E+01
    5.0140   1.9990  19.0975   0.1950   1.1033  0.74207E+02  0.74204E+02  0.25267E-02  0.84604E+02  0.58626E-01  0.32612E+01  0.81285E+02  0.10000E+01
    5.0140   1.9990  19.5857   0.2050   1.1598  0.66709E+02  0.66706E+02  0.24637E-02  0.75553E+02  0.45046E-01  0.27812E+01  0.72726E+02  0.10000E+01
    5.0140   1.9990  20.0626   0.2150   1.2164  0.60131E+02  0.60129E+02  0.24077E-02  0.67686E+02  0.34908E-01  0.23918E+01  0.65260E+02  0.10000E+01
    5.0140   1.9990  20.5288   0.2250   1.2730  0.54338E+02  0.54336E+02  0.23751E-02  0.60805E+02  0.27210E-01  0.20638E+01  0.58714E+02  0.10000E+01
    5.0140   1.9990  20.9851   0.2350   1.3296  0.49212E+02  0.49209E+02  0.23235E-02  0.54758E+02  0.21325E-01  0.17846E+01  0.52952E+02  0.10000E+01
    5.0140   1.9990  21.4321   0.2450   1.3862  0.44658E+02  0.44655E+02  0.22573E-02  0.49428E+02  0.16822E-01  0.15518E+01  0.47859E+02  0.10000E+01
    5.0140   1.9990  21.8704   0.2550   1.4427  0.40600E+02  0.40598E+02  0.22047E-02  0.44710E+02  0.13353E-01  0.13545E+01  0.43343E+02  0.10000E+01
    5.0140   1.9990  22.3005   0.2650   1.4993  0.36973E+02  0.36971E+02  0.21585E-02  0.40519E+02  0.10644E-01  0.11850E+01  0.39324E+02  0.10000E+01
    5.0140   1.9990  22.7229   0.2750   1.5559  0.33723E+02  0.33721E+02  0.20980E-02  0.36788E+02  0.85230E-02  0.10406E+01  0.35739E+02  0.10000E+01
    5.0140   1.9990  23.3428   0.2900   1.6407  0.29460E+02  0.29458E+02  0.20454E-02  0.31925E+02  0.61689E-02  0.86249E+00  0.31056E+02  0.10000E+01
    5.0140   1.9990  24.3430   0.3150   1.7822  0.23693E+02  0.23691E+02  0.19247E-02  0.25402E+02  0.36593E-02  0.63581E+00  0.24762E+02  0.10000E+01
    5.0140   1.9990  25.4944   0.3450   1.9519  0.18464E+02  0.18462E+02  0.17933E-02  0.19531E+02  0.19999E-02  0.44979E+00  0.19080E+02  0.10000E+01
    5.0140   1.9990  26.5992   0.3750   2.1217  0.14286E+02  0.14284E+02  0.16916E-02  0.14973E+02  0.11165E-02  0.32403E+00  0.14647E+02  0.10000E+01
    5.0140   1.9990  27.8367   0.4100   2.3197  0.10694E+02  0.10693E+02  0.15781E-02  0.11094E+02  0.58285E-03  0.22483E+00  0.10869E+02  0.10000E+01
    5.0140   1.9990  29.3571   0.4550   2.5743  0.74895E+01  0.74880E+01  0.14608E-02  0.76525E+01  0.26532E-03  0.14420E+00  0.75081E+01  0.10000E+01
    5.0140   1.9990  31.4347   0.5200   2.9420  0.44150E+01  0.44137E+01  0.13466E-02  0.44460E+01  0.88529E-04  0.79140E-01  0.43668E+01  0.10000E+01
    5.0140   1.8940  18.9055   0.1750   1.0246  0.78209E+02  0.78207E+02  0.20158E-02  0.91200E+02  0.95591E-01  0.41003E+01  0.87005E+02  0.10000E+01
    5.0140   1.8940  19.4432   0.1850   1.0831  0.69845E+02  0.69843E+02  0.19502E-02  0.80822E+02  0.72255E-01  0.34616E+01  0.77288E+02  0.10000E+01
    5.0140   1.8940  19.9670   0.1950   1.1417  0.62593E+02  0.62591E+02  0.19336E-02  0.71909E+02  0.55042E-01  0.29373E+01  0.68916E+02  0.10000E+01
    5.0140   1.8940  20.4780   0.2050   1.2002  0.56269E+02  0.56267E+02  0.18867E-02  0.64198E+02  0.42238E-01  0.25050E+01  0.61651E+02  0.10000E+01
    5.0140   1.8940  20.9770   0.2150   1.2588  0.50725E+02  0.50723E+02  0.18228E-02  0.57507E+02  0.32708E-01  0.21553E+01  0.55319E+02  0.10000E+01
    5.0140   1.8940  21.4650   0.2250   1.3173  0.45839E+02  0.45837E+02  0.17853E-02  0.51651E+02  0.25478E-01  0.18565E+01  0.49769E+02  0.10000E+01
    5.0140   1.8940  21.9426   0.2350   1.3759  0.41516E+02  0.41514E+02  0.17422E-02  0.46504E+02  0.19952E-01  0.16015E+01  0.44883E+02  0.10000E+01
    5.0140   1.8940  22.4105   0.2450   1.4344  0.37675E+02  0.37673E+02  0.17067E-02  0.41973E+02  0.15713E-01  0.13967E+01  0.40561E+02  0.10000E+01
    5.0140   1.8940  22.8693   0.2550   1.4930  0.34250E+02  0.34248E+02  0.16544E-02  0.37958E+02  0.12461E-01  0.12171E+01  0.36728E+02  0.10000E+01
    5.0140   1.8940  23.3196   0.2650   1.5515  0.31187E+02  0.31186E+02  0.16176E-02  0.34392E+02  0.99240E-02  0.10657E+01  0.33316E+02  0.10000E+01
    5.0140   1.8940  23.7618   0.2750   1.6101  0.28440E+02  0.28439E+02  0.15940E-02  0.31213E+02  0.79375E-02  0.93566E+00  0.30270E+02  0.10000E+01
    5.0140   1.8940  24.4110   0.2900   1.6979  0.24831E+02  0.24830E+02  0.15298E-02  0.27066E+02  0.57325E-02  0.77191E+00  0.26288E+02  0.10000E+01
    5.0140   1.8940  25.4584   0.3150   1.8443  0.19934E+02  0.19932E+02  0.14473E-02  0.21499E+02  0.33932E-02  0.56974E+00  0.20926E+02  0.10000E+01
    5.0140   1.8940  26.6644   0.3450   2.0199  0.15492E+02  0.15491E+02  0.13372E-02  0.16497E+02  0.18509E-02  0.40277E+00  0.16092E+02  0.10000E+01
    5.0140   1.8940  27.8219   0.3750   2.1955  0.12056E+02  0.12055E+02  0.12662E-02  0.12692E+02  0.10309E-02  0.28886E+00  0.12403E+02  0.10000E+01
    5.0140   1.8940  29.1187   0.4100   2.4005  0.89816E+01  0.89805E+01  0.11799E-02  0.93636E+01  0.53611E-03  0.19957E+00  0.91635E+01  0.10000E+01
    5.0140   1.8940  30.7124   0.4550   2.6639  0.62731E+01  0.62720E+01  0.10885E-02  0.64437E+01  0.24280E-03  0.12728E+00  0.63161E+01  0.10000E+01
    5.0140   1.8940  32.8911   0.5200   3.0445  0.36738E+01  0.36728E+01  0.99909E-03  0.37189E+01  0.80933E-04  0.69158E-01  0.36496E+01  0.10000E+01
    5.0140   1.7940  19.7422   0.1750   1.0574  0.66500E+02  0.66499E+02  0.15552E-02  0.78219E+02  0.90607E-01  0.37485E+01  0.74380E+02  0.10000E+01
    5.0140   1.7940  20.3042   0.1850   1.1179  0.59390E+02  0.59389E+02  0.15302E-02  0.69300E+02  0.68474E-01  0.31601E+01  0.66071E+02  0.10000E+01
    5.0140   1.7940  20.8518   0.1950   1.1783  0.53226E+02  0.53224E+02  0.14753E-02  0.61649E+02  0.52140E-01  0.26879E+01  0.58909E+02  0.10000E+01
    5.0140   1.7940  21.3859   0.2050   1.2387  0.47851E+02  0.47850E+02  0.14441E-02  0.55029E+02  0.39989E-01  0.22904E+01  0.52699E+02  0.10000E+01
    5.0140   1.7940  21.9076   0.2150   1.2991  0.43139E+02  0.43138E+02  0.14017E-02  0.49284E+02  0.30917E-01  0.19698E+01  0.47283E+02  0.10000E+01
    5.0140   1.7940  22.4177   0.2250   1.3596  0.38987E+02  0.38986E+02  0.13716E-02  0.44258E+02  0.24072E-01  0.16970E+01  0.42537E+02  0.10000E+01
    5.0140   1.7940  22.9171   0.2350   1.4200  0.35313E+02  0.35311E+02  0.13290E-02  0.39848E+02  0.18839E-01  0.14690E+01  0.38361E+02  0.10000E+01
    5.0140   1.7940  23.4063   0.2450   1.4804  0.32049E+02  0.32047E+02  0.12990E-02  0.35959E+02  0.14819E-01  0.12769E+01  0.34668E+02  0.10000E+01
    5.0140   1.7940  23.8861   0.2550   1.5408  0.29137E+02  0.29136E+02  0.12785E-02  0.32510E+02  0.11734E-01  0.11081E+01  0.31390E+02  0.10000E+01
    5.0140   1.7940  24.3570   0.2650   1.6012  0.26532E+02  0.26530E+02  0.12482E-02  0.29453E+02  0.93383E-02  0.97301E+00  0.28471E+02  0.10000E+01
    5.0140   1.7940  24.8195   0.2750   1.6617  0.24194E+02  0.24193E+02  0.12114E-02  0.26726E+02  0.74626E-02  0.85311E+00  0.25865E+02  0.10000E+01
    5.0140   1.7940  25.4985   0.2900   1.7523  0.21120E+02  0.21119E+02  0.11604E-02  0.23167E+02  0.53762E-02  0.70521E+00  0.22456E+02  0.10000E+01
    5.0140   1.7940  26.5942   0.3150   1.9034  0.16939E+02  0.16938E+02  0.10968E-02  0.18381E+02  0.31770E-02  0.51987E+00  0.17858E+02  0.10000E+01
    5.0140   1.7940  27.8562   0.3450   2.0847  0.13124E+02  0.13123E+02  0.10330E-02  0.14067E+02  0.17301E-02  0.36607E+00  0.13699E+02  0.10000E+01
    5.0140   1.7940  29.0676   0.3750   2.2659  0.10261E+02  0.10260E+02  0.96382E-03  0.10858E+02  0.96193E-03  0.26171E+00  0.10595E+02  0.10000E+01
    5.0140   1.7940  30.4251   0.4100   2.4774  0.76230E+01  0.76221E+01  0.89603E-03  0.79876E+01  0.49861E-03  0.18067E+00  0.78064E+01  0.10000E+01
    5.0140   1.7940  32.0940   0.4550   2.7493  0.52937E+01  0.52929E+01  0.82970E-03  0.54701E+01  0.22472E-03  0.11443E+00  0.53555E+01  0.10000E+01
    5.0140   1.7940  34.3765   0.5200   3.1421  0.30929E+01  0.30922E+01  0.75996E-03  0.31464E+01  0.74985E-04  0.61484E-01  0.30849E+01  0.10000E+01
    5.0140   1.6940  20.6391   0.1750   1.0903  0.56516E+02  0.56515E+02  0.12015E-02  0.67117E+02  0.86397E-01  0.34509E+01  0.63580E+02  0.10000E+01
    5.0140   1.6940  21.2273   0.1850   1.1526  0.50476E+02  0.50475E+02  0.11743E-02  0.59454E+02  0.65267E-01  0.29131E+01  0.56476E+02  0.10000E+01
    5.0140   1.6940  21.8003   0.1950   1.2149  0.45241E+02  0.45240E+02  0.11401E-02  0.52863E+02  0.49686E-01  0.24619E+01  0.50351E+02  0.10000E+01
    5.0140   1.6940  22.3593   0.2050   1.2772  0.40676E+02  0.40675E+02  0.11134E-02  0.47180E+02  0.38090E-01  0.21129E+01  0.45029E+02  0.10000E+01
    5.0140   1.6940  22.9053   0.2150   1.3395  0.36674E+02  0.36673E+02  0.10748E-02  0.42256E+02  0.29400E-01  0.18114E+01  0.40415E+02  0.10000E+01
    5.0140   1.6940  23.4394   0.2250   1.4018  0.33147E+02  0.33146E+02  0.10467E-02  0.37945E+02  0.22876E-01  0.15629E+01  0.36359E+02  0.10000E+01
    5.0140   1.6940  23.9621   0.2350   1.4641  0.30027E+02  0.30026E+02  0.10385E-02  0.34158E+02  0.17896E-01  0.13524E+01  0.32787E+02  0.10000E+01
    5.0140   1.6940  24.4744   0.2450   1.5264  0.27253E+02  0.27252E+02  0.10056E-02  0.30809E+02  0.14067E-01  0.11706E+01  0.29624E+02  0.10000E+01
    5.0140   1.6940  24.9768   0.2550   1.5887  0.24779E+02  0.24778E+02  0.98255E-03  0.27865E+02  0.11116E-01  0.10239E+01  0.26830E+02  0.10000E+01
    5.0140   1.6940  25.4699   0.2650   1.6510  0.22566E+02  0.22565E+02  0.95034E-03  0.25241E+02  0.88388E-02  0.89738E+00  0.24335E+02  0.10000E+01
    5.0140   1.6940  25.9542   0.2750   1.7133  0.20579E+02  0.20578E+02  0.92908E-03  0.22897E+02  0.70581E-02  0.78359E+00  0.22107E+02  0.10000E+01
    5.0140   1.6940  26.6653   0.2900   1.8067  0.17965E+02  0.17964E+02  0.90166E-03  0.19846E+02  0.50736E-02  0.64967E+00  0.19191E+02  0.10000E+01
    5.0140   1.6940  27.8131   0.3150   1.9625  0.14402E+02  0.14401E+02  0.85067E-03  0.15734E+02  0.29920E-02  0.47861E+00  0.15253E+02  0.10000E+01
    5.0140   1.6940  29.1354   0.3450   2.1494  0.11139E+02  0.11138E+02  0.78870E-03  0.12019E+02  0.16273E-02  0.33593E+00  0.11681E+02  0.10000E+01
    5.0140   1.6940  30.4050   0.3750   2.3363  0.87064E+01  0.87057E+01  0.73562E-03  0.92746E+01  0.90365E-03  0.24016E+00  0.90335E+01  0.10000E+01
    5.0140   1.6940  31.8282   0.4100   2.5543  0.64805E+01  0.64798E+01  0.69102E-03  0.68273E+01  0.46695E-03  0.16510E+00  0.66617E+01  0.10000E+01
    5.0140   1.6940  33.5784   0.4550   2.8347  0.44758E+01  0.44751E+01  0.63375E-03  0.46528E+01  0.20948E-03  0.10401E+00  0.45485E+01  0.10000E+01
    5.0140   1.6940  35.9733   0.5200   3.2397  0.26108E+01  0.26102E+01  0.57534E-03  0.26696E+01  0.70131E-04  0.55489E-01  0.26140E+01  0.10000E+01
    5.0140   1.5990  20.6007   0.1600   1.0253  0.57745E+02  0.57744E+02  0.98798E-03  0.70269E+02  0.13007E+00  0.42099E+01  0.65929E+02  0.10000E+01
    5.0140   1.5990  21.5558   0.1750   1.1215  0.48377E+02  0.48376E+02  0.94348E-03  0.58050E+02  0.83203E-01  0.32193E+01  0.54747E+02  0.10000E+01
    5.0140   1.5990  22.1707   0.1850   1.1856  0.43212E+02  0.43211E+02  0.91895E-03  0.51409E+02  0.62712E-01  0.27152E+01  0.48631E+02  0.10000E+01
    5.0140   1.5990  22.7698   0.1950   1.2496  0.38734E+02  0.38734E+02  0.89336E-03  0.45711E+02  0.47741E-01  0.23039E+01  0.43359E+02  0.10000E+01
    5.0140   1.5990  23.3544   0.2050   1.3137  0.34829E+02  0.34828E+02  0.87662E-03  0.40795E+02  0.36588E-01  0.19698E+01  0.38788E+02  0.10000E+01
    5.0140   1.5990  23.9254   0.2150   1.3778  0.31405E+02  0.31405E+02  0.85320E-03  0.36520E+02  0.28218E-01  0.16890E+01  0.34803E+02  0.10000E+01
    5.0140   1.5990  24.4839   0.2250   1.4419  0.28389E+02  0.28388E+02  0.82918E-03  0.32789E+02  0.21922E-01  0.14569E+01  0.31310E+02  0.10000E+01
    5.0140   1.5990  25.0307   0.2350   1.5060  0.25718E+02  0.25718E+02  0.80983E-03  0.29515E+02  0.17142E-01  0.12625E+01  0.28235E+02  0.10000E+01
    5.0140   1.5990  25.5666   0.2450   1.5701  0.23345E+02  0.23345E+02  0.78248E-03  0.26629E+02  0.13468E-01  0.10992E+01  0.25516E+02  0.10000E+01
    5.0140   1.5990  26.0921   0.2550   1.6341  0.21230E+02  0.21229E+02  0.76499E-03  0.24073E+02  0.10631E-01  0.95694E+00  0.23106E+02  0.10000E+01
    5.0140   1.5990  26.6081   0.2650   1.6982  0.19335E+02  0.19334E+02  0.74011E-03  0.21801E+02  0.84372E-02  0.83543E+00  0.20957E+02  0.10000E+01
    5.0140   1.5990  27.1148   0.2750   1.7623  0.17635E+02  0.17634E+02  0.72241E-03  0.19780E+02  0.67334E-02  0.73501E+00  0.19038E+02  0.10000E+01
    5.0140   1.5990  27.8590   0.2900   1.8584  0.15396E+02  0.15395E+02  0.69939E-03  0.17138E+02  0.48341E-02  0.60589E+00  0.16527E+02  0.10000E+01
    5.0140   1.5990  29.0604   0.3150   2.0186  0.12342E+02  0.12342E+02  0.65916E-03  0.13580E+02  0.28425E-02  0.44562E+00  0.13132E+02  0.10000E+01
    5.0140   1.5990  30.4447   0.3450   2.2109  0.95367E+01  0.95361E+01  0.61079E-03  0.10362E+02  0.15442E-02  0.31373E+00  0.10047E+02  0.10000E+01
    5.0140   1.5990  31.7743   0.3750   2.4031  0.74361E+01  0.74355E+01  0.57663E-03  0.79793E+01  0.85705E-03  0.22337E+00  0.77551E+01  0.10000E+01
    5.0140   1.5990  33.2651   0.4100   2.6274  0.55594E+01  0.55589E+01  0.53321E-03  0.58900E+01  0.44188E-03  0.15356E+00  0.57360E+01  0.10000E+01
    5.0140   1.5990  35.0993   0.4550   2.9158  0.38214E+01  0.38209E+01  0.48742E-03  0.39966E+01  0.19743E-03  0.96296E-01  0.39001E+01  0.10000E+01
    5.0140   1.5990  37.6104   0.5200   3.3324  0.22264E+01  0.22260E+01  0.45121E-03  0.22882E+01  0.66391E-04  0.50916E-01  0.22372E+01  0.10000E+01
    5.0140   1.5090  21.4941   0.1600   1.0524  0.49761E+02  0.49760E+02  0.78334E-03  0.61258E+02  0.12631E+00  0.39621E+01  0.57169E+02  0.10000E+01
    5.0140   1.5090  22.4916   0.1750   1.1510  0.41698E+02  0.41697E+02  0.74952E-03  0.50580E+02  0.80799E-01  0.30241E+01  0.47475E+02  0.10000E+01
    5.0140   1.5090  23.1339   0.1850   1.2168  0.37250E+02  0.37250E+02  0.74032E-03  0.44788E+02  0.60719E-01  0.25549E+01  0.42172E+02  0.10000E+01
    5.0140   1.5090  23.7598   0.1950   1.2826  0.33395E+02  0.33394E+02  0.71945E-03  0.39820E+02  0.46206E-01  0.21720E+01  0.37602E+02  0.10000E+01
    5.0140   1.5090  24.3705   0.2050   1.3483  0.30032E+02  0.30031E+02  0.69260E-03  0.35529E+02  0.35416E-01  0.18546E+01  0.33639E+02  0.10000E+01
    5.0140   1.5090  24.9672   0.2150   1.4141  0.27083E+02  0.27082E+02  0.67557E-03  0.31803E+02  0.27304E-01  0.15927E+01  0.30183E+02  0.10000E+01
    5.0140   1.5090  25.5508   0.2250   1.4799  0.24484E+02  0.24483E+02  0.65395E-03  0.28549E+02  0.21177E-01  0.13730E+01  0.27155E+02  0.10000E+01
    5.0140   1.5090  26.1223   0.2350   1.5457  0.22183E+02  0.22183E+02  0.63914E-03  0.25697E+02  0.16547E-01  0.11923E+01  0.24489E+02  0.10000E+01
    5.0140   1.5090  26.6823   0.2450   1.6114  0.20139E+02  0.20139E+02  0.61780E-03  0.23179E+02  0.12998E-01  0.10341E+01  0.22132E+02  0.10000E+01
    5.0140   1.5090  27.2317   0.2550   1.6772  0.18316E+02  0.18315E+02  0.60289E-03  0.20953E+02  0.10253E-01  0.90194E+00  0.20040E+02  0.10000E+01
    5.0140   1.5090  27.7710   0.2650   1.7430  0.16683E+02  0.16683E+02  0.58777E-03  0.18975E+02  0.81240E-02  0.78896E+00  0.18178E+02  0.10000E+01
    5.0140   1.5090  28.3008   0.2750   1.8087  0.15218E+02  0.15218E+02  0.57721E-03  0.17213E+02  0.64752E-02  0.69246E+00  0.16514E+02  0.10000E+01
    5.0140   1.5090  29.0790   0.2900   1.9074  0.13288E+02  0.13288E+02  0.55054E-03  0.14912E+02  0.46453E-02  0.57217E+00  0.14335E+02  0.10000E+01
    5.0140   1.5090  30.3353   0.3150   2.0718  0.10654E+02  0.10654E+02  0.51771E-03  0.11813E+02  0.27224E-02  0.42023E+00  0.11390E+02  0.10000E+01
    5.0140   1.5090  31.7835   0.3450   2.2692  0.82293E+01  0.82288E+01  0.48244E-03  0.90064E+01  0.14777E-02  0.29563E+00  0.87093E+01  0.10000E+01
    5.0140   1.5090  33.1748   0.3750   2.4665  0.64032E+01  0.64028E+01  0.45209E-03  0.69226E+01  0.82034E-03  0.21088E+00  0.67109E+01  0.10000E+01
    5.0140   1.5090  34.7354   0.4100   2.6967  0.48068E+01  0.48064E+01  0.41975E-03  0.51231E+01  0.42261E-03  0.14434E+00  0.49783E+01  0.10000E+01
    5.0140   1.5090  36.6561   0.4550   2.9927  0.32913E+01  0.32910E+01  0.38360E-03  0.34637E+01  0.18800E-03  0.90498E-01  0.33730E+01  0.10000E+01
    5.0140   1.5090  39.2873   0.5200   3.4202  0.19158E+01  0.19154E+01  0.35377E-03  0.19795E+01  0.63594E-04  0.47442E-01  0.19320E+01  0.10000E+01
    5.0140   1.4190  22.4601   0.1600   1.0794  0.42805E+02  0.42805E+02  0.62771E-03  0.53361E+02  0.12337E+00  0.37263E+01  0.49511E+02  0.10000E+01
    5.0140   1.4190  23.5037   0.1750   1.1806  0.35878E+02  0.35877E+02  0.60498E-03  0.44067E+02  0.78961E-01  0.28671E+01  0.41121E+02  0.10000E+01
    5.0140   1.4190  24.1758   0.1850   1.2480  0.32057E+02  0.32056E+02  0.58603E-03  0.39009E+02  0.59274E-01  0.24207E+01  0.36529E+02  0.10000E+01
    5.0140   1.4190  24.8307   0.1950   1.3155  0.28743E+02  0.28743E+02  0.57040E-03  0.34673E+02  0.44988E-01  0.20564E+01  0.32572E+02  0.10000E+01
    5.0140   1.4190  25.4698   0.2050   1.3830  0.25853E+02  0.25852E+02  0.55176E-03  0.30933E+02  0.34481E-01  0.17585E+01  0.29140E+02  0.10000E+01
    5.0140   1.4190  26.0944   0.2150   1.4504  0.23317E+02  0.23317E+02  0.53854E-03  0.27686E+02  0.26582E-01  0.15118E+01  0.26148E+02  0.10000E+01
    5.0140   1.4190  26.7053   0.2250   1.5179  0.21083E+02  0.21082E+02  0.51779E-03  0.24849E+02  0.20607E-01  0.13035E+01  0.23525E+02  0.10000E+01
    5.0140   1.4190  27.3035   0.2350   1.5853  0.19104E+02  0.19104E+02  0.50423E-03  0.22364E+02  0.16069E-01  0.11315E+01  0.21216E+02  0.10000E+01
    5.0140   1.4190  27.8899   0.2450   1.6528  0.17346E+02  0.17345E+02  0.49130E-03  0.20172E+02  0.12620E-01  0.98466E+00  0.19175E+02  0.10000E+01
    5.0140   1.4190  28.4651   0.2550   1.7203  0.15777E+02  0.15777E+02  0.48246E-03  0.18232E+02  0.99534E-02  0.85900E+00  0.17363E+02  0.10000E+01
    5.0140   1.4190  29.0299   0.2650   1.7877  0.14373E+02  0.14373E+02  0.47018E-03  0.16508E+02  0.78814E-02  0.75043E+00  0.15750E+02  0.10000E+01
    5.0140   1.4190  29.5849   0.2750   1.8552  0.13112E+02  0.13112E+02  0.45437E-03  0.14973E+02  0.62673E-02  0.65867E+00  0.14308E+02  0.10000E+01
    5.0140   1.4190  30.3999   0.2900   1.9564  0.11452E+02  0.11452E+02  0.43641E-03  0.12972E+02  0.44920E-02  0.54517E+00  0.12422E+02  0.10000E+01
    5.0140   1.4190  31.7163   0.3150   2.1250  0.91842E+01  0.91838E+01  0.41003E-03  0.10272E+02  0.26234E-02  0.40022E+00  0.98694E+01  0.10000E+01
    5.0140   1.4190  33.2340   0.3450   2.3274  0.70933E+01  0.70930E+01  0.38377E-03  0.78274E+01  0.14232E-02  0.28153E+00  0.75445E+01  0.10000E+01
    5.0140   1.4190  34.6927   0.3750   2.5298  0.55128E+01  0.55125E+01  0.35676E-03  0.60086E+01  0.79046E-03  0.20113E+00  0.58067E+01  0.10000E+01
    5.0140   1.4190  36.3295   0.4100   2.7659  0.41460E+01  0.41457E+01  0.33071E-03  0.44514E+01  0.40734E-03  0.13733E+00  0.43136E+01  0.10000E+01
    5.0140   1.4190  38.3450   0.4550   3.0695  0.28338E+01  0.28335E+01  0.30195E-03  0.30030E+01  0.18062E-03  0.85894E-01  0.29169E+01  0.10000E+01
    5.0140   1.4190  41.1078   0.5200   3.5080  0.16482E+01  0.16479E+01  0.27743E-03  0.17135E+01  0.61047E-04  0.44831E-01  0.16687E+01  0.10000E+01
    5.0140   1.3340  23.4504   0.1600   1.1049  0.37053E+02  0.37052E+02  0.50504E-03  0.46836E+02  0.12134E+00  0.35576E+01  0.43157E+02  0.10000E+01
    5.0140   1.3340  24.5414   0.1750   1.2085  0.31065E+02  0.31065E+02  0.48965E-03  0.38664E+02  0.77735E-01  0.27384E+01  0.35848E+02  0.10000E+01
    5.0140   1.3340  25.2441   0.1850   1.2775  0.27762E+02  0.27761E+02  0.47302E-03  0.34220E+02  0.58358E-01  0.23137E+01  0.31848E+02  0.10000E+01
    5.0140   1.3340  25.9290   0.1950   1.3466  0.24896E+02  0.24896E+02  0.46061E-03  0.30411E+02  0.44164E-01  0.19685E+01  0.28398E+02  0.10000E+01
    5.0140   1.3340  26.5974   0.2050   1.4157  0.22397E+02  0.22396E+02  0.44233E-03  0.27123E+02  0.33815E-01  0.16820E+01  0.25407E+02  0.10000E+01
    5.0140   1.3340  27.2506   0.2150   1.4847  0.20203E+02  0.20203E+02  0.43024E-03  0.24268E+02  0.26074E-01  0.14426E+01  0.22800E+02  0.10000E+01
    5.0140   1.3340  27.8896   0.2250   1.5538  0.18270E+02  0.18270E+02  0.41753E-03  0.21784E+02  0.20213E-01  0.12494E+01  0.20514E+02  0.10000E+01
    5.0140   1.3340  28.5155   0.2350   1.6228  0.16558E+02  0.16557E+02  0.40878E-03  0.19600E+02  0.15750E-01  0.10836E+01  0.18501E+02  0.10000E+01
    5.0140   1.3340  29.1290   0.2450   1.6919  0.15036E+02  0.15035E+02  0.39816E-03  0.17678E+02  0.12347E-01  0.94346E+00  0.16722E+02  0.10000E+01
    5.0140   1.3340  29.7310   0.2550   1.7610  0.13678E+02  0.13677E+02  0.38749E-03  0.15976E+02  0.97380E-02  0.82403E+00  0.15143E+02  0.10000E+01
    5.0140   1.3340  30.3220   0.2650   1.8300  0.12462E+02  0.12462E+02  0.37770E-03  0.14464E+02  0.77098E-02  0.72046E+00  0.13736E+02  0.10000E+01
    5.0140   1.3340  30.9029   0.2750   1.8991  0.11370E+02  0.11370E+02  0.36449E-03  0.13119E+02  0.61273E-02  0.63333E+00  0.12480E+02  0.10000E+01
    5.0140   1.3340  31.7561   0.2900   2.0026  0.99324E+01  0.99321E+01  0.35249E-03  0.11362E+02  0.43792E-02  0.52352E+00  0.10835E+02  0.10000E+01
    5.0140   1.3340  33.1344   0.3150   2.1753  0.79680E+01  0.79677E+01  0.32857E-03  0.89972E+01  0.25546E-02  0.38576E+00  0.86089E+01  0.10000E+01
    5.0140   1.3340  34.7242   0.3450   2.3825  0.61547E+01  0.61544E+01  0.30459E-03  0.68520E+01  0.13820E-02  0.27074E+00  0.65799E+01  0.10000E+01
    5.0140   1.3340  36.2527   0.3750   2.5896  0.47805E+01  0.47802E+01  0.28488E-03  0.52551E+01  0.76802E-03  0.19353E+00  0.50608E+01  0.10000E+01
    5.0140   1.3340  37.9685   0.4100   2.8313  0.35921E+01  0.35919E+01  0.26391E-03  0.38899E+01  0.39635E-03  0.13242E+00  0.37571E+01  0.10000E+01
    5.0140   1.3340  40.0824   0.4550   3.1421  0.24579E+01  0.24577E+01  0.24214E-03  0.26238E+01  0.17543E-03  0.82547E-01  0.25411E+01  0.10000E+01
    5.0140   1.3340  42.9822   0.5200   3.5909  0.14290E+01  0.14287E+01  0.22044E-03  0.14953E+01  0.59135E-04  0.42902E-01  0.14524E+01  0.10000E+01
    5.0140   1.2540  24.4635   0.1600   1.1289  0.32270E+02  0.32270E+02  0.41380E-03  0.41384E+02  0.12012E+00  0.34141E+01  0.37849E+02  0.10000E+01
    5.0140   1.2540  25.6031   0.1750   1.2348  0.27064E+02  0.27064E+02  0.40026E-03  0.34160E+02  0.77047E-01  0.26357E+01  0.31447E+02  0.10000E+01
    5.0140   1.2540  26.3373   0.1850   1.3053  0.24191E+02  0.24190E+02  0.38378E-03  0.30226E+02  0.57873E-01  0.22267E+01  0.27942E+02  0.10000E+01
    5.0140   1.2540  27.0529   0.1950   1.3759  0.21698E+02  0.21698E+02  0.37574E-03  0.26855E+02  0.43792E-01  0.18932E+01  0.24918E+02  0.10000E+01
    5.0140   1.2540  27.7514   0.2050   1.4464  0.19523E+02  0.19523E+02  0.36103E-03  0.23951E+02  0.33399E-01  0.16226E+01  0.22295E+02  0.10000E+01
    5.0140   1.2540  28.4341   0.2150   1.5170  0.17614E+02  0.17614E+02  0.35619E-03  0.21430E+02  0.25760E-01  0.13958E+01  0.20009E+02  0.10000E+01
    5.0140   1.2540  29.1021   0.2250   1.5876  0.15931E+02  0.15931E+02  0.34533E-03  0.19231E+02  0.19975E-01  0.12081E+01  0.18003E+02  0.10000E+01
    5.0140   1.2540  29.7564   0.2350   1.6581  0.14440E+02  0.14440E+02  0.33229E-03  0.17301E+02  0.15567E-01  0.10480E+01  0.16238E+02  0.10000E+01
    5.0140   1.2540  30.3979   0.2450   1.7287  0.13115E+02  0.13114E+02  0.32373E-03  0.15600E+02  0.12186E-01  0.91130E+00  0.14677E+02  0.10000E+01
    5.0140   1.2540  31.0273   0.2550   1.7992  0.11932E+02  0.11932E+02  0.31460E-03  0.14099E+02  0.95990E-02  0.79792E+00  0.13291E+02  0.10000E+01
    5.0140   1.2540  31.6455   0.2650   1.8698  0.10873E+02  0.10872E+02  0.30674E-03  0.12764E+02  0.76003E-02  0.69914E+00  0.12057E+02  0.10000E+01
    5.0140   1.2540  32.2530   0.2750   1.9403  0.99216E+01  0.99213E+01  0.29604E-03  0.11574E+02  0.60407E-02  0.61415E+00  0.10954E+02  0.10000E+01
    5.0140   1.2540  33.1456   0.2900   2.0462  0.86684E+01  0.86681E+01  0.28583E-03  0.10023E+02  0.43083E-02  0.50750E+00  0.95109E+01  0.10000E+01
    5.0140   1.2540  34.5879   0.3150   2.2226  0.69560E+01  0.69557E+01  0.26809E-03  0.79335E+01  0.25089E-02  0.37486E+00  0.75562E+01  0.10000E+01
    5.0140   1.2540  36.2521   0.3450   2.4343  0.53744E+01  0.53741E+01  0.24802E-03  0.60416E+01  0.13523E-02  0.26409E+00  0.57761E+01  0.10000E+01
    5.0140   1.2540  37.8527   0.3750   2.6459  0.41733E+01  0.41731E+01  0.23012E-03  0.46299E+01  0.75213E-03  0.18838E+00  0.44408E+01  0.10000E+01
    5.0140   1.2540  39.6504   0.4100   2.8929  0.31304E+01  0.31302E+01  0.21306E-03  0.34215E+01  0.38916E-03  0.12893E+00  0.32921E+01  0.10000E+01
    5.0140   1.2540  41.8664   0.4550   3.2104  0.21468E+01  0.21466E+01  0.19649E-03  0.23100E+01  0.17222E-03  0.80457E-01  0.22294E+01  0.10000E+01
    5.0140   1.2540  44.9087   0.5200   3.6690  0.12478E+01  0.12476E+01  0.17848E-03  0.13151E+01  0.57832E-04  0.41707E-01  0.12733E+01  0.10000E+01
    5.0140   1.1790  25.4967   0.1600   1.1514  0.28278E+02  0.28277E+02  0.34821E-03  0.36828E+02  0.11984E+00  0.33021E+01  0.33406E+02  0.10000E+01
    5.0140   1.1790  26.6862   0.1750   1.2594  0.23723E+02  0.23723E+02  0.33033E-03  0.30388E+02  0.76832E-01  0.25463E+01  0.27765E+02  0.10000E+01
    5.0140   1.1790  27.4526   0.1850   1.3314  0.21209E+02  0.21209E+02  0.31696E-03  0.26893E+02  0.57781E-01  0.21616E+01  0.24673E+02  0.10000E+01
    5.0140   1.1790  28.1997   0.1950   1.4033  0.19028E+02  0.19027E+02  0.30961E-03  0.23889E+02  0.43738E-01  0.18429E+01  0.22002E+02  0.10000E+01
    5.0140   1.1790  28.9291   0.2050   1.4753  0.17123E+02  0.17123E+02  0.30233E-03  0.21300E+02  0.33324E-01  0.15783E+01  0.19688E+02  0.10000E+01
    5.0140   1.1790  29.6421   0.2150   1.5473  0.15452E+02  0.15451E+02  0.29301E-03  0.19052E+02  0.25617E-01  0.13578E+01  0.17669E+02  0.10000E+01
    5.0140   1.1790  30.3398   0.2250   1.6192  0.13977E+02  0.13977E+02  0.28444E-03  0.17095E+02  0.19873E-01  0.11754E+01  0.15899E+02  0.10000E+01
    5.0140   1.1790  31.0233   0.2350   1.6912  0.12671E+02  0.12671E+02  0.27292E-03  0.15376E+02  0.15492E-01  0.10199E+01  0.14341E+02  0.10000E+01
    5.0140   1.1790  31.6934   0.2450   1.7631  0.11510E+02  0.11510E+02  0.26599E-03  0.13863E+02  0.12131E-01  0.88829E+00  0.12963E+02  0.10000E+01
    5.0140   1.1790  32.3512   0.2550   1.8351  0.10473E+02  0.10473E+02  0.25834E-03  0.12526E+02  0.95403E-02  0.77691E+00  0.11740E+02  0.10000E+01
    5.0140   1.1790  32.9972   0.2650   1.9071  0.95448E+01  0.95445E+01  0.25176E-03  0.11339E+02  0.75471E-02  0.68204E+00  0.10650E+02  0.10000E+01
    5.0140   1.1790  33.6321   0.2750   1.9790  0.87109E+01  0.87106E+01  0.24303E-03  0.10282E+02  0.60001E-02  0.59940E+00  0.96765E+01  0.10000E+01
    5.0140   1.1790  34.5653   0.2900   2.0870  0.76118E+01  0.76116E+01  0.23428E-03  0.89026E+01  0.42793E-02  0.49669E+00  0.84016E+01  0.10000E+01
    5.0140   1.1790  36.0734   0.3150   2.2669  0.61100E+01  0.61098E+01  0.21965E-03  0.70458E+01  0.24841E-02  0.36650E+00  0.66768E+01  0.10000E+01
    5.0140   1.1790  37.8143   0.3450   2.4828  0.47221E+01  0.47219E+01  0.20302E-03  0.53628E+01  0.13350E-02  0.25854E+00  0.51029E+01  0.10000E+01
    5.0140   1.1790  39.4894   0.3750   2.6987  0.36668E+01  0.36666E+01  0.18928E-03  0.41081E+01  0.74264E-03  0.18503E+00  0.39223E+01  0.10000E+01
    5.0140   1.1790  41.3717   0.4100   2.9506  0.27468E+01  0.27466E+01  0.17510E-03  0.30314E+01  0.38528E-03  0.12678E+00  0.29042E+01  0.10000E+01
    5.0140   1.1790  43.6934   0.4550   3.2744  0.18878E+01  0.18876E+01  0.16026E-03  0.20487E+01  0.17102E-03  0.79136E-01  0.19694E+01  0.10000E+01
    5.0140   1.1790  46.8837   0.5200   3.7422  0.10968E+01  0.10966E+01  0.14518E-03  0.11649E+01  0.57154E-04  0.40962E-01  0.11239E+01  0.10000E+01
    5.0140   1.1090  26.5464   0.1600   1.1725  0.24931E+02  0.24931E+02  0.29099E-03  0.33006E+02  0.12071E+00  0.32166E+01  0.29668E+02  0.10000E+01
    5.0140   1.1090  27.7867   0.1750   1.2824  0.20923E+02  0.20923E+02  0.27527E-03  0.27215E+02  0.77049E-01  0.24789E+01  0.24659E+02  0.10000E+01
    5.0140   1.1090  28.5860   0.1850   1.3557  0.18709E+02  0.18709E+02  0.26866E-03  0.24080E+02  0.57998E-01  0.21058E+01  0.21916E+02  0.10000E+01
    5.0140   1.1090  29.3654   0.1950   1.4289  0.16788E+02  0.16788E+02  0.25991E-03  0.21391E+02  0.43950E-01  0.17984E+01  0.19548E+02  0.10000E+01
    5.0140   1.1090  30.1263   0.2050   1.5022  0.15111E+02  0.15111E+02  0.25185E-03  0.19070E+02  0.33512E-01  0.15419E+01  0.17495E+02  0.10000E+01
    5.0140   1.1090  30.8702   0.2150   1.5755  0.13638E+02  0.13638E+02  0.24346E-03  0.17054E+02  0.25704E-01  0.13262E+01  0.15702E+02  0.10000E+01
    5.0140   1.1090  31.5983   0.2250   1.6488  0.12339E+02  0.12339E+02  0.23667E-03  0.15301E+02  0.19896E-01  0.11508E+01  0.14130E+02  0.10000E+01
    5.0140   1.1090  32.3116   0.2350   1.7221  0.11188E+02  0.11188E+02  0.22677E-03  0.13759E+02  0.15520E-01  0.99730E+00  0.12746E+02  0.10000E+01
    5.0140   1.1090  33.0112   0.2450   1.7953  0.10164E+02  0.10164E+02  0.22255E-03  0.12406E+02  0.12159E-01  0.87228E+00  0.11522E+02  0.10000E+01
    5.0140   1.1090  33.6978   0.2550   1.8686  0.92499E+01  0.92497E+01  0.21451E-03  0.11207E+02  0.95647E-02  0.76293E+00  0.10435E+02  0.10000E+01
    5.0140   1.1090  34.3723   0.2650   1.9419  0.84310E+01  0.84308E+01  0.20879E-03  0.10144E+02  0.75546E-02  0.66936E+00  0.94670E+01  0.10000E+01
    5.0140   1.1090  35.0355   0.2750   2.0152  0.76952E+01  0.76950E+01  0.20306E-03  0.91975E+01  0.60008E-02  0.58996E+00  0.86015E+01  0.10000E+01
    5.0140   1.1090  36.0101   0.2900   2.1251  0.67255E+01  0.67253E+01  0.19418E-03  0.79618E+01  0.42768E-02  0.48876E+00  0.74688E+01  0.10000E+01
    5.0140   1.1090  37.5859   0.3150   2.3083  0.54000E+01  0.53998E+01  0.18315E-03  0.62997E+01  0.24790E-02  0.36158E+00  0.59357E+01  0.10000E+01
    5.0140   1.1090  39.4055   0.3450   2.5281  0.41747E+01  0.41745E+01  0.16799E-03  0.47924E+01  0.13317E-02  0.25483E+00  0.45363E+01  0.10000E+01
    5.0140   1.1090  41.1574   0.3750   2.7480  0.32419E+01  0.32417E+01  0.15741E-03  0.36703E+01  0.73844E-03  0.18311E+00  0.34865E+01  0.10000E+01
    5.0140   1.1090  43.1268   0.4100   3.0044  0.24262E+01  0.24260E+01  0.14551E-03  0.27054E+01  0.38412E-03  0.12574E+00  0.25792E+01  0.10000E+01
    5.0140   1.1090  45.5577   0.4550   3.3342  0.16709E+01  0.16707E+01  0.13303E-03  0.18299E+01  0.17134E-03  0.78479E-01  0.17512E+01  0.10000E+01
    5.0140   1.1090  48.9011   0.5200   3.8105  0.96963E+00  0.96950E+00  0.12112E-03  0.10387E+01  0.57099E-04  0.40628E-01  0.99803E+00  0.10000E+01
    5.0140   1.0390  25.3979   0.1350   1.0070  0.30087E+02  0.30086E+02  0.26483E-03  0.41930E+02  0.27237E+00  0.50147E+01  0.36643E+02  0.10000E+01
    5.0140   1.0390  27.6927   0.1600   1.1935  0.21914E+02  0.21914E+02  0.24259E-03  0.29543E+02  0.12242E+00  0.31358E+01  0.26285E+02  0.10000E+01
    5.0140   1.0390  28.9889   0.1750   1.3054  0.18397E+02  0.18397E+02  0.23095E-03  0.24351E+02  0.77806E-01  0.24208E+01  0.21852E+02  0.10000E+01
    5.0140   1.0390  29.8243   0.1850   1.3800  0.16455E+02  0.16454E+02  0.22542E-03  0.21540E+02  0.58577E-01  0.20588E+01  0.19422E+02  0.10000E+01
    5.0140   1.0390  30.6390   0.1950   1.4546  0.14768E+02  0.14768E+02  0.21580E-03  0.19136E+02  0.44452E-01  0.17638E+01  0.17328E+02  0.10000E+01
    5.0140   1.0390  31.4346   0.2050   1.5291  0.13295E+02  0.13295E+02  0.20931E-03  0.17058E+02  0.33936E-01  0.15147E+01  0.15509E+02  0.10000E+01
    5.0140   1.0390  32.2125   0.2150   1.6037  0.12002E+02  0.12002E+02  0.20181E-03  0.15252E+02  0.26043E-01  0.13047E+01  0.13922E+02  0.10000E+01
    5.0140   1.0390  32.9740   0.2250   1.6783  0.10861E+02  0.10861E+02  0.19637E-03  0.13681E+02  0.20100E-01  0.11315E+01  0.12529E+02  0.10000E+01
    5.0140   1.0390  33.7202   0.2350   1.7529  0.98493E+01  0.98491E+01  0.18962E-03  0.12302E+02  0.15654E-01  0.98435E+00  0.11302E+02  0.10000E+01
    5.0140   1.0390  34.4521   0.2450   1.8275  0.89493E+01  0.89491E+01  0.18433E-03  0.11089E+02  0.12272E-01  0.85898E+00  0.10217E+02  0.10000E+01
    5.0140   1.0390  35.1706   0.2550   1.9021  0.81455E+01  0.81454E+01  0.17772E-03  0.10016E+02  0.96623E-02  0.75278E+00  0.92540E+01  0.10000E+01
    5.0140   1.0390  35.8766   0.2650   1.9767  0.74254E+01  0.74252E+01  0.17546E-03  0.90644E+01  0.76336E-02  0.66083E+00  0.83959E+01  0.10000E+01
    5.0140   1.0390  36.5708   0.2750   2.0513  0.67782E+01  0.67780E+01  0.16931E-03  0.82180E+01  0.60540E-02  0.58321E+00  0.76287E+01  0.10000E+01
    5.0140   1.0390  37.5912   0.2900   2.1632  0.59252E+01  0.59250E+01  0.16176E-03  0.71123E+01  0.43184E-02  0.48369E+00  0.66243E+01  0.10000E+01
    5.0140   1.0390  39.2416   0.3150   2.3497  0.47588E+01  0.47586E+01  0.15132E-03  0.56261E+01  0.25018E-02  0.35897E+00  0.52647E+01  0.10000E+01
    5.0140   1.0390  41.1484   0.3450   2.5734  0.36801E+01  0.36799E+01  0.13964E-03  0.42801E+01  0.13397E-02  0.25440E+00  0.40243E+01  0.10000E+01
    5.0140   1.0390  42.9852   0.3750   2.7972  0.28583E+01  0.28582E+01  0.12971E-03  0.32757E+01  0.73974E-03  0.18275E+00  0.30922E+01  0.10000E+01
    5.0140   1.0390  45.0514   0.4100   3.0583  0.21378E+01  0.21377E+01  0.12068E-03  0.24116E+01  0.38583E-03  0.12531E+00  0.22859E+01  0.10000E+01
    5.0140   1.0390  47.6036   0.4550   3.3940  0.14754E+01  0.14752E+01  0.10949E-03  0.16329E+01  0.17322E-03  0.78527E-01  0.15542E+01  0.10000E+01
    5.0140   1.0390  51.1178   0.5200   3.8788  0.85426E+00  0.85416E+00  0.10016E-03  0.92452E+00  0.57792E-04  0.40657E-01  0.88380E+00  0.10000E+01
    5.0140   0.9740  26.4640   0.1350   1.0235  0.26587E+02  0.26587E+02  0.22276E-03  0.37796E+02  0.27632E+00  0.49081E+01  0.32611E+02  0.10000E+01
    5.0140   0.9740  28.8590   0.1600   1.2130  0.19377E+02  0.19377E+02  0.20579E-03  0.26627E+02  0.12479E+00  0.30750E+01  0.23428E+02  0.10000E+01
    5.0140   0.9740  30.2122   0.1750   1.3267  0.16273E+02  0.16273E+02  0.19559E-03  0.21945E+02  0.79466E-01  0.23829E+01  0.19482E+02  0.10000E+01
    5.0140   0.9740  31.0846   0.1850   1.4025  0.14558E+02  0.14558E+02  0.18940E-03  0.19402E+02  0.59502E-01  0.20231E+01  0.17320E+02  0.10000E+01
    5.0140   0.9740  31.9355   0.1950   1.4783  0.13069E+02  0.13069E+02  0.18249E-03  0.17232E+02  0.45209E-01  0.17330E+01  0.15453E+02  0.10000E+01
    5.0140   0.9740  32.7666   0.2050   1.5541  0.11768E+02  0.11768E+02  0.17702E-03  0.15363E+02  0.34569E-01  0.14946E+01  0.13834E+02  0.10000E+01
    5.0140   0.9740  33.5794   0.2150   1.6300  0.10625E+02  0.10625E+02  0.17063E-03  0.13735E+02  0.26567E-01  0.12901E+01  0.12418E+02  0.10000E+01
    5.0140   0.9740  34.3752   0.2250   1.7058  0.96167E+01  0.96165E+01  0.16578E-03  0.12316E+02  0.20514E-01  0.11179E+01  0.11177E+02  0.10000E+01
    5.0140   0.9740  35.1551   0.2350   1.7816  0.87225E+01  0.87224E+01  0.15898E-03  0.11073E+02  0.15924E-01  0.97365E+00  0.10084E+02  0.10000E+01
    5.0140   0.9740  35.9202   0.2450   1.8574  0.79267E+01  0.79266E+01  0.15416E-03  0.99800E+01  0.12466E-01  0.85133E+00  0.91162E+01  0.10000E+01
    5.0140   0.9740  36.6715   0.2550   1.9332  0.72158E+01  0.72157E+01  0.15209E-03  0.90129E+01  0.98248E-02  0.74622E+00  0.82569E+01  0.10000E+01
    5.0140   0.9740  37.4098   0.2650   2.0090  0.65788E+01  0.65786E+01  0.14665E-03  0.81558E+01  0.77709E-02  0.65640E+00  0.74916E+01  0.10000E+01
    5.0140   0.9740  38.1358   0.2750   2.0848  0.60062E+01  0.60061E+01  0.14260E-03  0.73922E+01  0.61671E-02  0.57855E+00  0.68075E+01  0.10000E+01
    5.0140   0.9740  39.2035   0.2900   2.1986  0.52512E+01  0.52511E+01  0.13512E-03  0.63985E+01  0.43878E-02  0.48272E+00  0.59114E+01  0.10000E+01
    5.0140   0.9740  40.9308   0.3150   2.3881  0.42186E+01  0.42185E+01  0.12719E-03  0.50585E+01  0.25462E-02  0.35783E+00  0.46981E+01  0.10000E+01
    5.0140   0.9740  42.9275   0.3450   2.6155  0.32633E+01  0.32632E+01  0.11807E-03  0.38470E+01  0.13587E-02  0.25428E+00  0.35913E+01  0.10000E+01
    5.0140   0.9740  44.8521   0.3750   2.8430  0.25351E+01  0.25350E+01  0.10878E-03  0.29435E+01  0.75052E-03  0.18313E+00  0.27596E+01  0.10000E+01
    5.0140   0.9740  47.0184   0.4100   3.1083  0.18955E+01  0.18954E+01  0.10048E-03  0.21657E+01  0.39052E-03  0.12639E+00  0.20389E+01  0.10000E+01
    5.0140   0.9740  49.6966   0.4550   3.4495  0.13105E+01  0.13104E+01  0.91680E-04  0.14672E+01  0.17648E-03  0.79262E-01  0.13877E+01  0.10000E+01
    5.0140   0.9740  53.3887   0.5200   3.9422  0.75680E+00  0.75672E+00  0.83714E-04  0.82842E+00  0.59139E-04  0.41131E-01  0.78723E+00  0.10000E+01
    5.0140   0.9190  27.4477   0.1350   1.0374  0.23878E+02  0.23878E+02  0.19533E-03  0.34555E+02  0.28030E+00  0.48000E+01  0.29475E+02  0.10000E+01
    5.0140   0.9190  29.9357   0.1600   1.2295  0.17412E+02  0.17412E+02  0.17673E-03  0.24361E+02  0.12744E+00  0.30327E+01  0.21200E+02  0.10000E+01
    5.0140   0.9190  31.3419   0.1750   1.3448  0.14627E+02  0.14627E+02  0.16772E-03  0.20071E+02  0.81399E-01  0.23502E+01  0.17639E+02  0.10000E+01
    5.0140   0.9190  32.2487   0.1850   1.4216  0.13088E+02  0.13088E+02  0.16399E-03  0.17743E+02  0.60925E-01  0.19984E+01  0.15683E+02  0.10000E+01
    5.0140   0.9190  33.1333   0.1950   1.4985  0.11752E+02  0.11751E+02  0.15655E-03  0.15756E+02  0.46103E-01  0.17149E+01  0.13995E+02  0.10000E+01
    5.0140   0.9190  33.9974   0.2050   1.5753  0.10584E+02  0.10584E+02  0.15304E-03  0.14039E+02  0.35305E-01  0.14745E+01  0.12529E+02  0.10000E+01
    5.0140   0.9190  34.8426   0.2150   1.6522  0.95576E+01  0.95574E+01  0.14643E-03  0.12559E+02  0.27176E-01  0.12831E+01  0.11249E+02  0.10000E+01
    5.0140   0.9190  35.6703   0.2250   1.7290  0.86517E+01  0.86515E+01  0.14195E-03  0.11257E+02  0.21017E-01  0.11110E+01  0.10125E+02  0.10000E+01
    5.0140   0.9190  36.4816   0.2350   1.8058  0.78485E+01  0.78483E+01  0.13732E-03  0.10120E+02  0.16322E-01  0.96781E+00  0.91357E+01  0.10000E+01
    5.0140   0.9190  37.2777   0.2450   1.8827  0.71334E+01  0.71332E+01  0.13405E-03  0.91181E+01  0.12738E-01  0.84589E+00  0.82595E+01  0.10000E+01
    5.0140   0.9190  38.0595   0.2550   1.9595  0.64945E+01  0.64944E+01  0.13020E-03  0.82330E+01  0.10026E-01  0.74165E+00  0.74813E+01  0.10000E+01
    5.0140   0.9190  38.8279   0.2650   2.0364  0.59219E+01  0.59218E+01  0.12639E-03  0.74503E+01  0.79392E-02  0.65428E+00  0.67881E+01  0.10000E+01
    5.0140   0.9190  39.5837   0.2750   2.1132  0.54071E+01  0.54070E+01  0.12290E-03  0.67521E+01  0.63075E-02  0.57743E+00  0.61683E+01  0.10000E+01
    5.0140   0.9190  40.6954   0.2900   2.2285  0.47282E+01  0.47280E+01  0.11723E-03  0.58421E+01  0.44928E-02  0.48096E+00  0.53566E+01  0.10000E+01
    5.0140   0.9190  42.4946   0.3150   2.4206  0.37993E+01  0.37992E+01  0.10864E-03  0.46184E+01  0.26026E-02  0.35833E+00  0.42574E+01  0.10000E+01
    5.0140   0.9190  44.5755   0.3450   2.6511  0.29397E+01  0.29396E+01  0.10154E-03  0.35115E+01  0.13899E-02  0.25552E+00  0.32546E+01  0.10000E+01
    5.0140   0.9190  46.5824   0.3750   2.8817  0.22842E+01  0.22841E+01  0.93484E-04  0.26856E+01  0.76641E-03  0.18418E+00  0.25007E+01  0.10000E+01
    5.0140   0.9190  48.8429   0.4100   3.1506  0.17076E+01  0.17075E+01  0.86269E-04  0.19749E+01  0.39706E-03  0.12755E+00  0.18470E+01  0.10000E+01
    5.0140   0.9190  51.6398   0.4550   3.4964  0.11819E+01  0.11818E+01  0.78640E-04  0.13383E+01  0.18038E-03  0.80182E-01  0.12579E+01  0.10000E+01
    5.0140   0.9190  55.5002   0.5200   3.9959  0.68111E+00  0.68104E+00  0.71694E-04  0.75396E+00  0.61073E-04  0.41798E-01  0.71210E+00  0.10000E+01
    5.0140   0.8640  28.5191   0.1350   1.0513  0.21378E+02  0.21378E+02  0.16910E-03  0.31585E+02  0.28603E+00  0.47292E+01  0.26569E+02  0.10000E+01
    5.0140   0.8640  31.1089   0.1600   1.2460  0.15598E+02  0.15598E+02  0.15279E-03  0.22261E+02  0.13073E+00  0.29974E+01  0.19133E+02  0.10000E+01
    5.0140   0.8640  32.5732   0.1750   1.3628  0.13108E+02  0.13108E+02  0.14479E-03  0.18342E+02  0.83856E-01  0.23266E+01  0.15931E+02  0.10000E+01
    5.0140   0.8640  33.5176   0.1850   1.4407  0.11731E+02  0.11731E+02  0.14039E-03  0.16209E+02  0.62885E-01  0.19805E+01  0.14166E+02  0.10000E+01
    5.0140   0.8640  34.4391   0.1950   1.5186  0.10535E+02  0.10535E+02  0.13517E-03  0.14389E+02  0.47477E-01  0.16980E+01  0.12643E+02  0.10000E+01
    5.0140   0.8640  35.3394   0.2050   1.5965  0.94901E+01  0.94900E+01  0.13085E-03  0.12821E+02  0.36258E-01  0.14637E+01  0.11321E+02  0.10000E+01
    5.0140   0.8640  36.2203   0.2150   1.6743  0.85715E+01  0.85714E+01  0.12628E-03  0.11462E+02  0.27961E-01  0.12690E+01  0.10165E+02  0.10000E+01
    5.0140   0.8640  37.0830   0.2250   1.7522  0.77604E+01  0.77603E+01  0.12224E-03  0.10279E+02  0.21667E-01  0.11070E+01  0.91508E+01  0.10000E+01
    5.0140   0.8640  37.9288   0.2350   1.8301  0.70410E+01  0.70409E+01  0.11918E-03  0.92393E+01  0.16856E-01  0.96503E+00  0.82574E+01  0.10000E+01
    5.0140   0.8640  38.7590   0.2450   1.9080  0.64004E+01  0.64003E+01  0.11532E-03  0.83239E+01  0.13166E-01  0.84484E+00  0.74659E+01  0.10000E+01
    5.0140   0.8640  39.5744   0.2550   1.9859  0.58280E+01  0.58279E+01  0.11202E-03  0.75150E+01  0.10328E-01  0.74178E+00  0.67629E+01  0.10000E+01
    5.0140   0.8640  40.3760   0.2650   2.0637  0.53148E+01  0.53147E+01  0.10865E-03  0.67982E+01  0.81645E-02  0.65383E+00  0.61362E+01  0.10000E+01
    5.0140   0.8640  41.1646   0.2750   2.1416  0.48534E+01  0.48533E+01  0.10565E-03  0.61611E+01  0.64963E-02  0.57838E+00  0.55763E+01  0.10000E+01
    5.0140   0.8640  42.3249   0.2900   2.2584  0.42447E+01  0.42446E+01  0.10071E-03  0.53296E+01  0.46365E-02  0.48249E+00  0.48425E+01  0.10000E+01
    5.0140   0.8640  44.2035   0.3150   2.4531  0.34116E+01  0.34115E+01  0.93237E-04  0.42121E+01  0.26808E-02  0.36034E+00  0.38490E+01  0.10000E+01
    5.0140   0.8640  46.3775   0.3450   2.6867  0.26404E+01  0.26403E+01  0.86510E-04  0.32015E+01  0.14363E-02  0.25778E+00  0.29423E+01  0.10000E+01
    5.0140   0.8640  48.4756   0.3750   2.9204  0.20521E+01  0.20520E+01  0.80143E-04  0.24477E+01  0.78898E-03  0.18629E+00  0.22606E+01  0.10000E+01
    5.0140   0.8640  50.8406   0.4100   3.1929  0.15341E+01  0.15340E+01  0.73888E-04  0.17991E+01  0.40834E-03  0.12940E+00  0.16693E+01  0.10000E+01
    5.0140   0.8640  53.7697   0.4550   3.5434  0.10624E+01  0.10623E+01  0.67290E-04  0.12192E+01  0.18576E-03  0.81862E-01  0.11371E+01  0.10000E+01
    5.0140   0.8640  57.8182   0.5200   4.0496  0.61128E+00  0.61122E+00  0.61252E-04  0.68549E+00  0.63655E-04  0.42748E-01  0.64267E+00  0.10000E+01
    5.0140   0.7990  29.9190   0.1350   1.0678  0.18673E+02  0.18673E+02  0.14081E-03  0.28358E+02  0.29623E+00  0.46571E+01  0.23405E+02  0.10000E+01
    5.0140   0.7990  32.6426   0.1600   1.2655  0.13635E+02  0.13634E+02  0.12834E-03  0.19962E+02  0.13553E+00  0.29499E+01  0.16877E+02  0.10000E+01
    5.0140   0.7990  34.1833   0.1750   1.3842  0.11462E+02  0.11462E+02  0.12162E-03  0.16462E+02  0.87488E-01  0.23042E+01  0.14070E+02  0.10000E+01
    5.0140   0.7990  35.1774   0.1850   1.4633  0.10261E+02  0.10261E+02  0.11772E-03  0.14549E+02  0.65853E-01  0.19669E+01  0.12516E+02  0.10000E+01
    5.0140   0.7990  36.1475   0.1950   1.5424  0.92173E+01  0.92172E+01  0.11335E-03  0.12912E+02  0.49851E-01  0.16891E+01  0.11173E+02  0.10000E+01
    5.0140   0.7990  37.0957   0.2050   1.6215  0.83047E+01  0.83046E+01  0.10956E-03  0.11498E+02  0.37946E-01  0.14539E+01  0.10006E+02  0.10000E+01
    5.0140   0.7990  38.0236   0.2150   1.7006  0.75025E+01  0.75024E+01  0.10574E-03  0.10278E+02  0.29167E-01  0.12626E+01  0.89857E+01  0.10000E+01
    5.0140   0.7990  38.9326   0.2250   1.7797  0.67940E+01  0.67939E+01  0.10307E-03  0.92150E+01  0.22655E-01  0.11015E+01  0.80909E+01  0.10000E+01
    5.0140   0.7990  39.8241   0.2350   1.8588  0.61654E+01  0.61653E+01  0.99683E-04  0.82838E+01  0.17676E-01  0.96512E+00  0.73010E+01  0.10000E+01
    5.0140   0.7990  40.6993   0.2450   1.9379  0.56055E+01  0.56054E+01  0.96306E-04  0.74630E+01  0.13840E-01  0.84621E+00  0.66030E+01  0.10000E+01
    5.0140   0.7990  41.5592   0.2550   2.0169  0.51050E+01  0.51049E+01  0.93539E-04  0.67357E+01  0.10874E-01  0.74403E+00  0.59808E+01  0.10000E+01
    5.0140   0.7990  42.4048   0.2650   2.0960  0.46562E+01  0.46562E+01  0.89914E-04  0.60921E+01  0.85730E-02  0.65641E+00  0.54271E+01  0.10000E+01
    5.0140   0.7990  43.2370   0.2750   2.1751  0.42526E+01  0.42525E+01  0.87479E-04  0.55194E+01  0.67948E-02  0.58078E+00  0.49318E+01  0.10000E+01
    5.0140   0.7990  44.4617   0.2900   2.2938  0.37200E+01  0.37199E+01  0.83950E-04  0.47741E+01  0.48628E-02  0.48605E+00  0.42832E+01  0.10000E+01
    5.0140   0.7990  46.4459   0.3150   2.4915  0.29908E+01  0.29907E+01  0.78209E-04  0.37722E+01  0.28241E-02  0.36478E+00  0.34046E+01  0.10000E+01
    5.0140   0.7990  48.7440   0.3450   2.7288  0.23154E+01  0.23154E+01  0.71979E-04  0.28659E+01  0.15112E-02  0.26188E+00  0.26025E+01  0.10000E+01
    5.0140   0.7990  50.9639   0.3750   2.9661  0.18000E+01  0.17999E+01  0.66632E-04  0.21906E+01  0.83122E-03  0.19031E+00  0.19995E+01  0.10000E+01
    5.0140   0.7990  53.4690   0.4100   3.2429  0.13457E+01  0.13456E+01  0.61364E-04  0.16089E+01  0.42933E-03  0.13246E+00  0.14760E+01  0.10000E+01
    5.0140   0.7990  56.5757   0.4550   3.5989  0.93175E+00  0.93169E+00  0.55824E-04  0.10895E+01  0.19432E-03  0.84171E-01  0.10051E+01  0.10000E+01
    5.0140   0.7990  60.8781   0.5200   4.1130  0.53573E+00  0.53568E+00  0.50728E-04  0.61162E+00  0.67667E-04  0.44267E-01  0.56729E+00  0.10000E+01
