 #***Ebeam    Eprime  Theta     x        Q2      Sig_Born     Sig_Born_In  Sig_Born_QE  Sig_Rad      Sig_Rad_EL   Sig_Rad_QE   Sig_Rad_DIS  C_cor
    5.0140   2.6640  16.0112   0.2350   1.0363  0.46387E+04  0.46351E+04  0.36028E+01  0.49559E+04  0.10180E+00  0.98319E+02  0.48575E+04  0.10000E+01
    5.0140   2.6640  16.3506   0.2450   1.0804  0.42148E+04  0.42122E+04  0.26209E+01  0.44802E+04  0.82187E-01  0.85961E+02  0.43941E+04  0.10000E+01
    5.0140   2.6640  16.6833   0.2550   1.1245  0.38362E+04  0.38344E+04  0.18084E+01  0.40576E+04  0.64867E-01  0.75418E+02  0.39822E+04  0.10000E+01
    5.0140   2.6640  17.0096   0.2650   1.1686  0.34966E+04  0.34955E+04  0.11448E+01  0.36811E+04  0.49877E-01  0.66395E+02  0.36147E+04  0.10000E+01
    5.0140   2.6640  17.3300   0.2750   1.2127  0.31916E+04  0.31910E+04  0.61135E+00  0.33447E+04  0.37301E-01  0.58643E+02  0.32860E+04  0.10000E+01
    5.0140   2.6640  17.8001   0.2900   1.2789  0.27894E+04  0.27893E+04  0.19421E-01  0.29039E+04  0.22871E-01  0.48997E+02  0.28549E+04  0.10000E+01
    5.0140   2.6640  18.5580   0.3150   1.3891  0.22385E+04  0.22390E+04 -0.42122E+00  0.23072E+04  0.87718E-02  0.37291E+02  0.22699E+04  0.10000E+01
    5.0140   2.6640  19.4298   0.3450   1.5214  0.17291E+04  0.17296E+04 -0.53866E+00  0.17625E+04  0.22569E-02  0.27420E+02  0.17351E+04  0.10000E+01
    5.0140   2.6640  20.2655   0.3750   1.6537  0.13414E+04  0.13418E+04 -0.38353E+00  0.13536E+04  0.60898E-03  0.20554E+02  0.13330E+04  0.10000E+01
    5.0140   2.6640  21.2006   0.4100   1.8080  0.10018E+04  0.10018E+04 -0.20836E-01  0.99971E+03  0.28252E-03  0.14991E+02  0.98472E+03  0.10000E+01
    5.0140   2.6640  22.3480   0.4550   2.0065  0.69120E+03  0.69049E+03  0.70322E+00  0.68100E+03  0.12458E-03  0.10892E+02  0.67010E+03  0.10000E+01
    5.0140   2.6640  23.9130   0.5200   2.2931  0.40540E+03  0.40368E+03  0.17220E+01  0.39272E+03  0.43508E-06  0.77456E+01  0.38497E+03  0.10000E+01
    5.0140   2.4590  16.6253   0.2150   1.0308  0.39160E+04  0.39122E+04  0.37239E+01  0.42716E+04  0.12926E+00  0.92999E+02  0.41784E+04  0.10000E+01
    5.0140   2.4590  17.0103   0.2250   1.0788  0.35393E+04  0.35364E+04  0.29079E+01  0.38393E+04  0.10556E+00  0.80635E+02  0.37586E+04  0.10000E+01
    5.0140   2.4590  17.3871   0.2350   1.1267  0.32059E+04  0.32037E+04  0.22179E+01  0.34591E+04  0.86039E-01  0.70179E+02  0.33888E+04  0.10000E+01
    5.0140   2.4590  17.7561   0.2450   1.1747  0.29098E+04  0.29082E+04  0.16398E+01  0.31233E+04  0.68973E-01  0.61293E+02  0.30619E+04  0.10000E+01
    5.0140   2.4590  18.1178   0.2550   1.2226  0.26458E+04  0.26446E+04  0.11600E+01  0.28257E+04  0.53996E-01  0.53723E+02  0.27719E+04  0.10000E+01
    5.0140   2.4590  18.4727   0.2650   1.2706  0.24094E+04  0.24086E+04  0.76656E+00  0.25608E+04  0.41148E-01  0.47244E+02  0.25135E+04  0.10000E+01
    5.0140   2.4590  18.8212   0.2750   1.3185  0.21970E+04  0.21966E+04  0.44850E+00  0.23243E+04  0.30482E-01  0.41667E+02  0.22826E+04  0.10000E+01
    5.0140   2.4590  19.3324   0.2900   1.3904  0.19174E+04  0.19173E+04  0.91911E-01  0.20150E+04  0.18415E-01  0.34723E+02  0.19802E+04  0.10000E+01
    5.0140   2.4590  20.1569   0.3150   1.5103  0.15350E+04  0.15352E+04 -0.18820E+00  0.15966E+04  0.68808E-02  0.26204E+02  0.15704E+04  0.10000E+01
    5.0140   2.4590  21.1054   0.3450   1.6541  0.11820E+04  0.11823E+04 -0.27523E+00  0.12158E+04  0.17283E-02  0.19094E+02  0.11967E+04  0.10000E+01
    5.0140   2.4590  22.0149   0.3750   1.7980  0.91414E+03  0.91435E+03 -0.21309E+00  0.93071E+03  0.47814E-03  0.14171E+02  0.91654E+03  0.10000E+01
    5.0140   2.4590  23.0327   0.4100   1.9658  0.68017E+03  0.68021E+03 -0.40250E-01  0.68488E+03  0.23027E-03  0.10192E+02  0.67469E+03  0.10000E+01
    5.0140   2.4590  24.2821   0.4550   2.1815  0.46711E+03  0.46678E+03  0.32801E+00  0.46434E+03  0.94298E-04  0.71487E+01  0.45719E+03  0.10000E+01
    5.0140   2.4590  25.9870   0.5200   2.4932  0.27249E+03  0.27162E+03  0.87189E+00  0.26626E+03  0.29745E-06  0.48178E+01  0.26144E+03  0.10000E+01
    5.0140   2.2740  17.0534   0.1950   1.0026  0.35109E+04  0.35072E+04  0.36980E+01  0.39147E+04  0.18885E+00  0.96082E+02  0.38185E+04  0.10000E+01
    5.0140   2.2740  17.4885   0.2050   1.0540  0.31538E+04  0.31508E+04  0.29942E+01  0.34950E+04  0.14202E+00  0.82559E+02  0.34123E+04  0.10000E+01
    5.0140   2.2740  17.9134   0.2150   1.1055  0.28410E+04  0.28386E+04  0.23908E+01  0.31298E+04  0.11330E+00  0.71253E+02  0.30584E+04  0.10000E+01
    5.0140   2.2740  18.3288   0.2250   1.1569  0.25658E+04  0.25639E+04  0.18770E+01  0.28104E+04  0.92304E-01  0.61748E+02  0.27486E+04  0.10000E+01
    5.0140   2.2740  18.7353   0.2350   1.2083  0.23224E+04  0.23209E+04  0.14425E+01  0.25299E+04  0.74872E-01  0.53713E+02  0.24761E+04  0.10000E+01
    5.0140   2.2740  19.1334   0.2450   1.2597  0.21063E+04  0.21053E+04  0.10781E+01  0.22825E+04  0.59649E-01  0.46891E+02  0.22355E+04  0.10000E+01
    5.0140   2.2740  19.5237   0.2550   1.3111  0.19137E+04  0.19129E+04  0.77523E+00  0.20631E+04  0.46366E-01  0.41072E+02  0.20220E+04  0.10000E+01
    5.0140   2.2740  19.9067   0.2650   1.3626  0.17414E+04  0.17409E+04  0.52625E+00  0.18682E+04  0.35062E-01  0.36085E+02  0.18321E+04  0.10000E+01
    5.0140   2.2740  20.2827   0.2750   1.4140  0.15868E+04  0.15865E+04  0.32432E+00  0.16942E+04  0.25767E-01  0.31804E+02  0.16624E+04  0.10000E+01
    5.0140   2.2740  20.8345   0.2900   1.4911  0.13833E+04  0.13832E+04  0.96265E-01  0.14669E+04  0.15370E-01  0.26460E+02  0.14404E+04  0.10000E+01
    5.0140   2.2740  21.7245   0.3150   1.6196  0.11054E+04  0.11055E+04 -0.90302E-01  0.11600E+04  0.56197E-02  0.19849E+02  0.11401E+04  0.10000E+01
    5.0140   2.2740  22.7486   0.3450   1.7739  0.84930E+03  0.84945E+03 -0.15108E+00  0.88109E+03  0.13865E-02  0.14365E+02  0.86673E+03  0.10000E+01
    5.0140   2.2740  23.7309   0.3750   1.9281  0.65528E+03  0.65540E+03 -0.12455E+00  0.67278E+03  0.39357E-03  0.10577E+02  0.66221E+03  0.10000E+01
    5.0140   2.2740  24.8305   0.4100   2.1081  0.48605E+03  0.48608E+03 -0.34552E-01  0.49353E+03  0.19406E-03  0.75269E+01  0.48600E+03  0.10000E+01
    5.0140   2.2740  26.1806   0.4550   2.3395  0.33261E+03  0.33244E+03  0.16913E+00  0.33334E+03  0.74234E-04  0.51371E+01  0.32821E+03  0.10000E+01
    5.0140   2.2740  28.0239   0.5200   2.6737  0.19293E+03  0.19244E+03  0.48510E+00  0.19005E+03  0.21684E-06  0.33026E+01  0.18675E+03  0.10000E+01
    5.0140   2.1240  17.6558   0.1850   1.0033  0.30433E+04  0.30401E+04  0.31571E+01  0.34472E+04  0.24860E+00  0.92771E+02  0.33542E+04  0.10000E+01
    5.0140   2.1240  18.1306   0.1950   1.0575  0.27238E+04  0.27212E+04  0.25892E+01  0.30650E+04  0.17042E+00  0.79314E+02  0.29855E+04  0.10000E+01
    5.0140   2.1240  18.5937   0.2050   1.1118  0.24456E+04  0.24435E+04  0.20999E+01  0.27347E+04  0.12862E+00  0.68140E+02  0.26664E+04  0.10000E+01
    5.0140   2.1240  19.0459   0.2150   1.1660  0.22021E+04  0.22005E+04  0.16809E+01  0.24475E+04  0.10267E+00  0.58802E+02  0.23886E+04  0.10000E+01
    5.0140   2.1240  19.4880   0.2250   1.2202  0.19879E+04  0.19866E+04  0.13242E+01  0.21965E+04  0.83463E-01  0.50949E+02  0.21455E+04  0.10000E+01
    5.0140   2.1240  19.9207   0.2350   1.2745  0.17986E+04  0.17975E+04  0.10226E+01  0.19761E+04  0.67437E-01  0.44312E+02  0.19317E+04  0.10000E+01
    5.0140   2.1240  20.3445   0.2450   1.3287  0.16305E+04  0.16297E+04  0.76963E+00  0.17818E+04  0.53460E-01  0.38688E+02  0.17430E+04  0.10000E+01
    5.0140   2.1240  20.7601   0.2550   1.3829  0.14807E+04  0.14801E+04  0.55918E+00  0.16096E+04  0.41321E-01  0.33876E+02  0.15757E+04  0.10000E+01
    5.0140   2.1240  21.1678   0.2650   1.4371  0.13467E+04  0.13463E+04  0.38599E+00  0.14567E+04  0.31062E-01  0.29757E+02  0.14269E+04  0.10000E+01
    5.0140   2.1240  21.5682   0.2750   1.4914  0.12266E+04  0.12263E+04  0.24518E+00  0.13202E+04  0.22682E-01  0.26210E+02  0.12940E+04  0.10000E+01
    5.0140   2.1240  22.1559   0.2900   1.5727  0.10684E+04  0.10683E+04  0.85453E-01  0.11420E+04  0.13396E-01  0.21787E+02  0.11202E+04  0.10000E+01
    5.0140   2.1240  23.1038   0.3150   1.7083  0.85279E+03  0.85284E+03 -0.49208E-01  0.90177E+03  0.48174E-02  0.16284E+02  0.88548E+03  0.10000E+01
    5.0140   2.1240  24.1948   0.3450   1.8710  0.65420E+03  0.65430E+03 -0.93098E-01  0.68375E+03  0.11741E-02  0.11730E+02  0.67202E+03  0.10000E+01
    5.0140   2.1240  25.2415   0.3750   2.0337  0.50389E+03  0.50397E+03 -0.80278E-01  0.52113E+03  0.34087E-03  0.85908E+01  0.51254E+03  0.10000E+01
    5.0140   2.1240  26.4135   0.4100   2.2235  0.37303E+03  0.37305E+03 -0.26862E-01  0.38147E+03  0.17031E-03  0.60689E+01  0.37540E+03  0.10000E+01
    5.0140   2.1240  27.8530   0.4550   2.4676  0.25451E+03  0.25441E+03  0.10032E+00  0.25686E+03  0.61588E-04  0.40649E+01  0.25280E+03  0.10000E+01
    5.0140   2.1240  29.8191   0.5200   2.8201  0.14697E+03  0.14666E+03  0.30654E+00  0.14578E+03  0.17052E-06  0.25201E+01  0.14326E+03  0.10000E+01
    5.0140   1.9990  18.5969   0.1850   1.0467  0.24696E+04  0.24673E+04  0.23552E+01  0.28212E+04  0.22858E+00  0.80307E+02  0.27407E+04  0.10000E+01
    5.0140   1.9990  19.0975   0.1950   1.1033  0.22097E+04  0.22077E+04  0.19328E+01  0.25076E+04  0.15736E+00  0.68661E+02  0.24388E+04  0.10000E+01
    5.0140   1.9990  19.5857   0.2050   1.1598  0.19835E+04  0.19819E+04  0.15694E+01  0.22364E+04  0.11910E+00  0.58992E+02  0.21773E+04  0.10000E+01
    5.0140   1.9990  20.0626   0.2150   1.2164  0.17855E+04  0.17843E+04  0.12582E+01  0.20007E+04  0.95080E-01  0.50907E+02  0.19497E+04  0.10000E+01
    5.0140   1.9990  20.5288   0.2250   1.2730  0.16114E+04  0.16104E+04  0.99354E+00  0.17948E+04  0.77147E-01  0.44111E+02  0.17506E+04  0.10000E+01
    5.0140   1.9990  20.9851   0.2350   1.3296  0.14575E+04  0.14568E+04  0.76986E+00  0.16141E+04  0.62131E-01  0.38365E+02  0.15756E+04  0.10000E+01
    5.0140   1.9990  21.4321   0.2450   1.3862  0.13210E+04  0.13204E+04  0.58220E+00  0.14547E+04  0.49051E-01  0.33483E+02  0.14212E+04  0.10000E+01
    5.0140   1.9990  21.8704   0.2550   1.4427  0.11993E+04  0.11988E+04  0.42607E+00  0.13136E+04  0.37740E-01  0.29317E+02  0.12843E+04  0.10000E+01
    5.0140   1.9990  22.3005   0.2650   1.4993  0.10905E+04  0.10902E+04  0.29745E+00  0.11883E+04  0.28231E-01  0.25747E+02  0.11625E+04  0.10000E+01
    5.0140   1.9990  22.7229   0.2750   1.5559  0.99282E+03  0.99263E+03  0.19273E+00  0.10765E+04  0.20509E-01  0.22677E+02  0.10538E+04  0.10000E+01
    5.0140   1.9990  23.3428   0.2900   1.6407  0.86439E+03  0.86432E+03  0.73624E-01  0.93062E+03  0.12017E-01  0.18840E+02  0.91177E+03  0.10000E+01
    5.0140   1.9990  24.3430   0.3150   1.7822  0.68935E+03  0.68938E+03 -0.29280E-01  0.73403E+03  0.42641E-02  0.14053E+02  0.71997E+03  0.10000E+01
    5.0140   1.9990  25.4944   0.3450   1.9519  0.52828E+03  0.52834E+03 -0.62191E-01  0.55585E+03  0.10302E-02  0.10089E+02  0.54576E+03  0.10000E+01
    5.0140   1.9990  26.5992   0.3750   2.1217  0.40645E+03  0.40650E+03 -0.55508E-01  0.42309E+03  0.30508E-03  0.73613E+01  0.41573E+03  0.10000E+01
    5.0140   1.9990  27.8367   0.4100   2.3197  0.30042E+03  0.30044E+03 -0.20822E-01  0.30918E+03  0.15357E-03  0.51788E+01  0.30400E+03  0.10000E+01
    5.0140   1.9990  29.3571   0.4550   2.5743  0.20454E+03  0.20447E+03  0.65442E-01  0.20771E+03  0.52952E-04  0.34219E+01  0.20429E+03  0.10000E+01
    5.0140   1.9990  31.4347   0.5200   2.9420  0.11768E+03  0.11747E+03  0.21112E+00  0.11743E+03  0.14088E-06  0.20611E+01  0.11537E+03  0.10000E+01
    5.0140   1.8940  18.9055   0.1750   1.0246  0.23266E+04  0.23244E+04  0.22288E+01  0.26990E+04  0.34726E+00  0.84460E+02  0.26142E+04  0.10000E+01
    5.0140   1.8940  19.4432   0.1850   1.0831  0.20741E+04  0.20722E+04  0.18465E+01  0.23887E+04  0.21387E+00  0.71838E+02  0.23166E+04  0.10000E+01
    5.0140   1.8940  19.9670   0.1950   1.1417  0.18555E+04  0.18540E+04  0.15160E+01  0.21222E+04  0.14777E+00  0.61433E+02  0.20606E+04  0.10000E+01
    5.0140   1.8940  20.4780   0.2050   1.2002  0.16652E+04  0.16640E+04  0.12317E+01  0.18920E+04  0.11207E+00  0.52792E+02  0.18391E+04  0.10000E+01
    5.0140   1.8940  20.9770   0.2150   1.2588  0.14988E+04  0.14978E+04  0.98870E+00  0.16921E+04  0.89473E-01  0.45568E+02  0.16465E+04  0.10000E+01
    5.0140   1.8940  21.4650   0.2250   1.3173  0.13525E+04  0.13517E+04  0.78203E+00  0.15175E+04  0.72473E-01  0.39490E+02  0.14780E+04  0.10000E+01
    5.0140   1.8940  21.9426   0.2350   1.3759  0.12231E+04  0.12225E+04  0.60745E+00  0.13643E+04  0.58206E-01  0.34351E+02  0.13299E+04  0.10000E+01
    5.0140   1.8940  22.4105   0.2450   1.4344  0.11084E+04  0.11079E+04  0.46101E+00  0.12293E+04  0.45796E-01  0.29984E+02  0.11993E+04  0.10000E+01
    5.0140   1.8940  22.8693   0.2550   1.4930  0.10061E+04  0.10058E+04  0.33915E+00  0.11098E+04  0.35103E-01  0.26255E+02  0.10835E+04  0.10000E+01
    5.0140   1.8940  23.3196   0.2650   1.5515  0.91463E+03  0.91439E+03  0.23870E+00  0.10035E+04  0.26151E-01  0.23060E+02  0.98046E+03  0.10000E+01
    5.0140   1.8940  23.7618   0.2750   1.6101  0.83259E+03  0.83244E+03  0.15686E+00  0.90888E+03  0.18919E-01  0.20310E+02  0.88855E+03  0.10000E+01
    5.0140   1.8940  24.4110   0.2900   1.6979  0.72465E+03  0.72459E+03  0.63547E-01  0.78530E+03  0.11012E-01  0.16872E+02  0.76842E+03  0.10000E+01
    5.0140   1.8940  25.4584   0.3150   1.8443  0.57758E+03  0.57760E+03 -0.18681E-01  0.61893E+03  0.38653E-02  0.12565E+02  0.60636E+03  0.10000E+01
    5.0140   1.8940  26.6644   0.3450   2.0199  0.44231E+03  0.44236E+03 -0.44269E-01  0.46825E+03  0.92799E-03  0.90030E+01  0.45924E+03  0.10000E+01
    5.0140   1.8940  27.8219   0.3750   2.1955  0.34002E+03  0.34006E+03 -0.40605E-01  0.35603E+03  0.27951E-03  0.65520E+01  0.34948E+03  0.10000E+01
    5.0140   1.8940  29.1187   0.4100   2.4005  0.25104E+03  0.25106E+03 -0.16451E-01  0.25984E+03  0.14127E-03  0.45966E+01  0.25524E+03  0.10000E+01
    5.0140   1.8940  30.7124   0.4550   2.6639  0.17061E+03  0.17056E+03  0.45927E-01  0.17422E+03  0.46773E-04  0.30080E+01  0.17121E+03  0.10000E+01
    5.0140   1.8940  32.8911   0.5200   3.0445  0.97894E+02  0.97739E+02  0.15523E+00  0.98213E+02  0.12075E-06  0.17719E+01  0.96441E+02  0.10000E+01
    5.0140   1.7940  19.7422   0.1750   1.0574  0.19708E+04  0.19690E+04  0.17711E+01  0.23058E+04  0.32604E+00  0.76564E+02  0.22289E+04  0.10000E+01
    5.0140   1.7940  20.3042   0.1850   1.1179  0.17567E+04  0.17552E+04  0.14673E+01  0.20401E+04  0.20142E+00  0.65149E+02  0.19748E+04  0.10000E+01
    5.0140   1.7940  20.8518   0.1950   1.1783  0.15714E+04  0.15702E+04  0.12049E+01  0.18121E+04  0.13964E+00  0.55726E+02  0.17562E+04  0.10000E+01
    5.0140   1.7940  21.3859   0.2050   1.2387  0.14102E+04  0.14093E+04  0.97956E+00  0.16152E+04  0.10610E+00  0.47904E+02  0.15672E+04  0.10000E+01
    5.0140   1.7940  21.9076   0.2150   1.2991  0.12692E+04  0.12684E+04  0.78699E+00  0.14442E+04  0.84696E-01  0.41361E+02  0.14027E+04  0.10000E+01
    5.0140   1.7940  22.4177   0.2250   1.3596  0.11451E+04  0.11445E+04  0.62338E+00  0.12949E+04  0.68494E-01  0.35856E+02  0.12590E+04  0.10000E+01
    5.0140   1.7940  22.9171   0.2350   1.4200  0.10355E+04  0.10351E+04  0.48519E+00  0.11639E+04  0.54862E-01  0.31198E+02  0.11326E+04  0.10000E+01
    5.0140   1.7940  23.4063   0.2450   1.4804  0.93831E+03  0.93794E+03  0.36933E+00  0.10484E+04  0.43027E-01  0.27239E+02  0.10212E+04  0.10000E+01
    5.0140   1.7940  23.8861   0.2550   1.5408  0.85165E+03  0.85138E+03  0.27289E+00  0.94629E+03  0.32861E-01  0.23857E+02  0.92240E+03  0.10000E+01
    5.0140   1.7940  24.3570   0.2650   1.6012  0.77415E+03  0.77395E+03  0.19338E+00  0.85551E+03  0.24389E-01  0.20957E+02  0.83453E+03  0.10000E+01
    5.0140   1.7940  24.8195   0.2750   1.6617  0.70462E+03  0.70449E+03  0.12855E+00  0.77460E+03  0.17573E-01  0.18460E+02  0.75613E+03  0.10000E+01
    5.0140   1.7940  25.4985   0.2900   1.7523  0.61314E+03  0.61308E+03  0.54509E-01  0.66903E+03  0.10165E-01  0.15336E+02  0.65368E+03  0.10000E+01
    5.0140   1.7940  26.5942   0.3150   1.9034  0.48847E+03  0.48849E+03 -0.11991E-01  0.52691E+03  0.35326E-02  0.11412E+02  0.51549E+03  0.10000E+01
    5.0140   1.7940  27.8562   0.3450   2.0847  0.37386E+03  0.37389E+03 -0.31971E-01  0.39827E+03  0.84357E-03  0.81650E+01  0.39010E+03  0.10000E+01
    5.0140   1.7940  29.0676   0.3750   2.2659  0.28722E+03  0.28725E+03 -0.30059E-01  0.30257E+03  0.25836E-03  0.59303E+01  0.29664E+03  0.10000E+01
    5.0140   1.7940  30.4251   0.4100   2.4774  0.21186E+03  0.21187E+03 -0.12955E-01  0.22058E+03  0.13086E-03  0.41523E+01  0.21642E+03  0.10000E+01
    5.0140   1.7940  32.0940   0.4550   2.7493  0.14378E+03  0.14374E+03  0.32886E-01  0.14765E+03  0.41655E-04  0.26966E+01  0.14496E+03  0.10000E+01
    5.0140   1.7940  34.3765   0.5200   3.1421  0.82274E+02  0.82158E+02  0.11631E+00  0.82998E+02  0.10476E-06  0.15583E+01  0.81440E+02  0.10000E+01
    5.0140   1.6940  20.6391   0.1750   1.0903  0.16686E+04  0.16672E+04  0.14093E+01  0.19708E+04  0.30712E+00  0.69941E+02  0.19006E+04  0.10000E+01
    5.0140   1.6940  21.2273   0.1850   1.1526  0.14874E+04  0.14862E+04  0.11675E+01  0.17434E+04  0.19033E+00  0.59539E+02  0.16837E+04  0.10000E+01
    5.0140   1.6940  21.8003   0.1950   1.2149  0.13306E+04  0.13296E+04  0.95889E+00  0.15483E+04  0.13239E+00  0.50958E+02  0.14972E+04  0.10000E+01
    5.0140   1.6940  22.3593   0.2050   1.2772  0.11941E+04  0.11933E+04  0.77988E+00  0.13798E+04  0.10077E+00  0.43824E+02  0.13359E+04  0.10000E+01
    5.0140   1.6940  22.9053   0.2150   1.3395  0.10746E+04  0.10740E+04  0.62707E+00  0.12332E+04  0.80423E-01  0.37857E+02  0.11952E+04  0.10000E+01
    5.0140   1.6940  23.4394   0.2250   1.4018  0.96955E+03  0.96905E+03  0.49728E+00  0.11057E+04  0.64923E-01  0.32845E+02  0.10728E+04  0.10000E+01
    5.0140   1.6940  23.9621   0.2350   1.4641  0.87673E+03  0.87635E+03  0.38777E+00  0.99368E+03  0.51865E-01  0.28590E+02  0.96504E+03  0.10000E+01
    5.0140   1.6940  24.4744   0.2450   1.5264  0.79436E+03  0.79406E+03  0.29593E+00  0.89495E+03  0.40542E-01  0.24970E+02  0.86994E+03  0.10000E+01
    5.0140   1.6940  24.9768   0.2550   1.5887  0.72096E+03  0.72074E+03  0.21951E+00  0.80756E+03  0.30853E-01  0.21877E+02  0.78566E+03  0.10000E+01
    5.0140   1.6940  25.4699   0.2650   1.6510  0.65532E+03  0.65516E+03  0.15650E+00  0.72996E+03  0.22811E-01  0.19223E+02  0.71072E+03  0.10000E+01
    5.0140   1.6940  25.9542   0.2750   1.7133  0.59643E+03  0.59632E+03  0.10508E+00  0.66080E+03  0.16373E-01  0.16938E+02  0.64384E+03  0.10000E+01
    5.0140   1.6940  26.6653   0.2900   1.8067  0.51893E+03  0.51888E+03  0.46283E-01  0.57054E+03  0.94139E-02  0.14076E+02  0.55646E+03  0.10000E+01
    5.0140   1.6940  27.8131   0.3150   1.9625  0.41328E+03  0.41329E+03 -0.75458E-02  0.44905E+03  0.32393E-02  0.10472E+02  0.43858E+03  0.10000E+01
    5.0140   1.6940  29.1354   0.3450   2.1494  0.31617E+03  0.31619E+03 -0.23028E-01  0.33917E+03  0.77007E-03  0.74847E+01  0.33168E+03  0.10000E+01
    5.0140   1.6940  30.4050   0.3750   2.3363  0.24276E+03  0.24279E+03 -0.22173E-01  0.25746E+03  0.23990E-03  0.54285E+01  0.25203E+03  0.10000E+01
    5.0140   1.6940  31.8282   0.4100   2.5543  0.17892E+03  0.17893E+03 -0.10078E-01  0.18748E+03  0.12157E-03  0.37907E+01  0.18369E+03  0.10000E+01
    5.0140   1.6940  33.5784   0.4550   2.8347  0.12127E+03  0.12124E+03  0.23605E-01  0.12531E+03  0.37176E-04  0.24504E+01  0.12286E+03  0.10000E+01
    5.0140   1.6940  35.9733   0.5200   3.2397  0.69227E+02  0.69140E+02  0.87448E-01  0.70252E+02  0.91290E-07  0.13910E+01  0.68861E+02  0.10000E+01
    5.0140   1.5990  20.6007   0.1600   1.0253  0.17039E+04  0.17025E+04  0.14854E+01  0.20584E+04  0.71392E+00  0.83137E+02  0.19745E+04  0.10000E+01
    5.0140   1.5990  21.5558   0.1750   1.1215  0.14234E+04  0.14222E+04  0.11352E+01  0.16980E+04  0.29105E+00  0.64648E+02  0.16331E+04  0.10000E+01
    5.0140   1.5990  22.1707   0.1850   1.1856  0.12689E+04  0.12679E+04  0.94031E+00  0.15019E+04  0.18095E+00  0.55070E+02  0.14467E+04  0.10000E+01
    5.0140   1.5990  22.7698   0.1950   1.2496  0.11352E+04  0.11344E+04  0.77236E+00  0.13337E+04  0.12624E+00  0.47163E+02  0.12864E+04  0.10000E+01
    5.0140   1.5990  23.3544   0.2050   1.3137  0.10188E+04  0.10181E+04  0.62836E+00  0.11883E+04  0.96236E-01  0.40583E+02  0.11477E+04  0.10000E+01
    5.0140   1.5990  23.9254   0.2150   1.3778  0.91691E+03  0.91640E+03  0.50555E+00  0.10622E+04  0.76782E-01  0.35076E+02  0.10270E+04  0.10000E+01
    5.0140   1.5990  24.4839   0.2250   1.4419  0.82729E+03  0.82689E+03  0.40134E+00  0.95206E+03  0.61880E-01  0.30438E+02  0.92156E+03  0.10000E+01
    5.0140   1.5990  25.0307   0.2350   1.5060  0.74809E+03  0.74777E+03  0.31342E+00  0.85544E+03  0.49306E-01  0.26509E+02  0.82888E+03  0.10000E+01
    5.0140   1.5990  25.5666   0.2450   1.5701  0.67780E+03  0.67756E+03  0.23972E+00  0.77029E+03  0.38424E-01  0.23164E+02  0.74709E+03  0.10000E+01
    5.0140   1.5990  26.0921   0.2550   1.6341  0.61518E+03  0.61500E+03  0.17843E+00  0.69498E+03  0.29144E-01  0.20305E+02  0.67465E+03  0.10000E+01
    5.0140   1.5990  26.6081   0.2650   1.6982  0.55916E+03  0.55903E+03  0.12785E+00  0.62809E+03  0.21469E-01  0.17849E+02  0.61022E+03  0.10000E+01
    5.0140   1.5990  27.1148   0.2750   1.7623  0.50891E+03  0.50882E+03  0.86577E-01  0.56850E+03  0.15353E-01  0.15734E+02  0.55275E+03  0.10000E+01
    5.0140   1.5990  27.8590   0.2900   1.8584  0.44275E+03  0.44272E+03  0.39314E-01  0.49071E+03  0.87769E-02  0.13082E+02  0.47762E+03  0.10000E+01
    5.0140   1.5990  29.0604   0.3150   2.0186  0.35255E+03  0.35255E+03 -0.47416E-02  0.38601E+03  0.29924E-02  0.97348E+01  0.37628E+03  0.10000E+01
    5.0140   1.5990  30.4447   0.3450   2.2109  0.26962E+03  0.26963E+03 -0.16804E-01  0.29136E+03  0.70894E-03  0.69561E+01  0.28441E+03  0.10000E+01
    5.0140   1.5990  31.7743   0.3750   2.4031  0.20694E+03  0.20695E+03 -0.16537E-01  0.22101E+03  0.22451E-03  0.50410E+01  0.21597E+03  0.10000E+01
    5.0140   1.5990  33.2651   0.4100   2.6274  0.15242E+03  0.15243E+03 -0.78559E-02  0.16080E+03  0.11367E-03  0.35153E+01  0.15728E+03  0.10000E+01
    5.0140   1.5990  35.0993   0.4550   2.9158  0.10319E+03  0.10318E+03  0.17253E-01  0.10733E+03  0.33431E-04  0.22656E+01  0.10507E+03  0.10000E+01
    5.0140   1.5990  37.6104   0.5200   3.3324  0.58784E+02  0.58717E+02  0.66867E-01  0.60025E+02  0.80412E-07  0.12679E+01  0.58757E+02  0.10000E+01
    5.0140   1.5090  21.4941   0.1600   1.0524  0.14636E+04  0.14624E+04  0.12112E+01  0.17873E+04  0.67917E+00  0.77534E+02  0.17091E+04  0.10000E+01
    5.0140   1.5090  22.4916   0.1750   1.1510  0.12228E+04  0.12219E+04  0.92516E+00  0.14742E+04  0.27740E+00  0.60338E+02  0.14136E+04  0.10000E+01
    5.0140   1.5090  23.1339   0.1850   1.2168  0.10903E+04  0.10895E+04  0.76615E+00  0.13038E+04  0.17298E+00  0.51438E+02  0.12522E+04  0.10000E+01
    5.0140   1.5090  23.7598   0.1950   1.2826  0.97547E+03  0.97484E+03  0.62931E+00  0.11577E+04  0.12103E+00  0.44084E+02  0.11135E+04  0.10000E+01
    5.0140   1.5090  24.3705   0.2050   1.3483  0.87555E+03  0.87503E+03  0.51210E+00  0.10315E+04  0.92385E-01  0.37964E+02  0.99342E+03  0.10000E+01
    5.0140   1.5090  24.9672   0.2150   1.4141  0.78806E+03  0.78765E+03  0.41221E+00  0.92185E+03  0.73682E-01  0.32834E+02  0.88894E+03  0.10000E+01
    5.0140   1.5090  25.5508   0.2250   1.4799  0.71110E+03  0.71077E+03  0.32751E+00  0.82617E+03  0.59283E-01  0.28512E+02  0.79760E+03  0.10000E+01
    5.0140   1.5090  26.1223   0.2350   1.5457  0.64305E+03  0.64280E+03  0.25609E+00  0.74225E+03  0.47120E-01  0.24848E+02  0.71736E+03  0.10000E+01
    5.0140   1.5090  26.6823   0.2450   1.6114  0.58266E+03  0.58247E+03  0.19626E+00  0.66831E+03  0.36615E-01  0.21728E+02  0.64654E+03  0.10000E+01
    5.0140   1.5090  27.2317   0.2550   1.6772  0.52884E+03  0.52869E+03  0.14648E+00  0.60287E+03  0.27682E-01  0.19057E+02  0.58379E+03  0.10000E+01
    5.0140   1.5090  27.7710   0.2650   1.7430  0.48071E+03  0.48060E+03  0.10543E+00  0.54478E+03  0.20325E-01  0.16762E+02  0.52800E+03  0.10000E+01
    5.0140   1.5090  28.3008   0.2750   1.8087  0.43751E+03  0.43744E+03  0.71903E-01  0.49303E+03  0.14483E-01  0.14783E+02  0.47823E+03  0.10000E+01
    5.0140   1.5090  29.0790   0.2900   1.9074  0.38064E+03  0.38061E+03  0.33477E-01  0.42548E+03  0.82351E-02  0.12300E+02  0.41317E+03  0.10000E+01
    5.0140   1.5090  30.3353   0.3150   2.0718  0.30308E+03  0.30308E+03 -0.29603E-02  0.33456E+03  0.27842E-02  0.91592E+01  0.32539E+03  0.10000E+01
    5.0140   1.5090  31.7835   0.3450   2.2692  0.23173E+03  0.23174E+03 -0.12418E-01  0.25237E+03  0.65784E-03  0.65454E+01  0.24583E+03  0.10000E+01
    5.0140   1.5090  33.1748   0.3750   2.4665  0.17780E+03  0.17782E+03 -0.12468E-01  0.19132E+03  0.21165E-03  0.47421E+01  0.18657E+03  0.10000E+01
    5.0140   1.5090  34.7354   0.4100   2.6967  0.13090E+03  0.13091E+03 -0.61468E-02  0.13908E+03  0.10694E-03  0.33043E+01  0.13578E+03  0.10000E+01
    5.0140   1.5090  36.6561   0.4550   2.9927  0.88540E+02  0.88528E+02  0.12828E-01  0.92727E+02  0.30286E-04  0.21286E+01  0.90598E+02  0.10000E+01
    5.0140   1.5090  39.2873   0.5200   3.4202  0.50337E+02  0.50285E+02  0.51948E-01  0.51738E+02  0.71556E-07  0.11771E+01  0.50561E+02  0.10000E+01
    5.0140   1.4190  22.4601   0.1600   1.0794  0.12550E+04  0.12540E+04  0.98747E+00  0.15512E+04  0.64780E+00  0.72674E+02  0.14778E+04  0.10000E+01
    5.0140   1.4190  23.5037   0.1750   1.1806  0.10488E+04  0.10480E+04  0.75376E+00  0.12793E+04  0.26521E+00  0.56636E+02  0.12224E+04  0.10000E+01
    5.0140   1.4190  24.1758   0.1850   1.2480  0.93522E+03  0.93459E+03  0.62405E+00  0.11314E+04  0.16587E+00  0.48328E+02  0.10829E+04  0.10000E+01
    5.0140   1.4190  24.8307   0.1950   1.3155  0.83690E+03  0.83639E+03  0.51256E+00  0.10045E+04  0.11638E+00  0.41458E+02  0.96294E+03  0.10000E+01
    5.0140   1.4190  25.4698   0.2050   1.3830  0.75128E+03  0.75087E+03  0.41717E+00  0.89497E+03  0.88952E-01  0.35734E+02  0.85915E+03  0.10000E+01
    5.0140   1.4190  26.0944   0.2150   1.4504  0.67630E+03  0.67596E+03  0.33592E+00  0.79978E+03  0.70902E-01  0.30933E+02  0.76877E+03  0.10000E+01
    5.0140   1.4190  26.7053   0.2250   1.5179  0.61032E+03  0.61005E+03  0.26709E+00  0.71673E+03  0.56949E-01  0.26882E+02  0.68979E+03  0.10000E+01
    5.0140   1.4190  27.3035   0.2350   1.5853  0.55199E+03  0.55178E+03  0.20909E+00  0.64386E+03  0.45153E-01  0.23448E+02  0.62037E+03  0.10000E+01
    5.0140   1.4190  27.8899   0.2450   1.6528  0.50018E+03  0.50002E+03  0.16052E+00  0.57965E+03  0.34983E-01  0.20519E+02  0.55909E+03  0.10000E+01
    5.0140   1.4190  28.4651   0.2550   1.7203  0.45401E+03  0.45389E+03  0.12012E+00  0.52286E+03  0.26366E-01  0.18011E+02  0.50482E+03  0.10000E+01
    5.0140   1.4190  29.0299   0.2650   1.7877  0.41271E+03  0.41263E+03  0.86798E-01  0.47242E+03  0.19294E-01  0.15853E+02  0.45655E+03  0.10000E+01
    5.0140   1.4190  29.5849   0.2750   1.8552  0.37564E+03  0.37558E+03  0.59575E-01  0.42748E+03  0.13700E-01  0.13990E+02  0.41348E+03  0.10000E+01
    5.0140   1.4190  30.3999   0.2900   1.9564  0.32684E+03  0.32681E+03  0.28359E-01  0.36885E+03  0.77488E-02  0.11652E+02  0.35719E+03  0.10000E+01
    5.0140   1.4190  31.7163   0.3150   2.1250  0.26024E+03  0.26024E+03 -0.17724E-02  0.28993E+03  0.25978E-02  0.86865E+01  0.28124E+03  0.10000E+01
    5.0140   1.4190  33.2340   0.3450   2.3274  0.19895E+03  0.19896E+03 -0.91312E-02  0.21858E+03  0.61264E-03  0.62124E+01  0.21237E+03  0.10000E+01
    5.0140   1.4190  34.6927   0.3750   2.5298  0.15263E+03  0.15264E+03 -0.93485E-02  0.16562E+03  0.20031E-03  0.45029E+01  0.16111E+03  0.10000E+01
    5.0140   1.4190  36.3295   0.4100   2.7659  0.11232E+03  0.11233E+03 -0.47655E-02  0.12031E+03  0.10089E-03  0.31371E+01  0.11717E+03  0.10000E+01
    5.0140   1.4190  38.3450   0.4550   3.0695  0.75909E+02  0.75900E+02  0.95391E-02  0.80113E+02  0.27482E-04  0.20175E+01  0.78095E+02  0.10000E+01
    5.0140   1.4190  41.1078   0.5200   3.5080  0.43089E+02  0.43049E+02  0.40404E-01  0.44613E+02  0.63892E-07  0.11084E+01  0.43505E+02  0.10000E+01
    5.0140   1.3340  23.4504   0.1600   1.1049  0.10830E+04  0.10822E+04  0.81367E+00  0.13557E+04  0.62115E+00  0.68696E+02  0.12864E+04  0.10000E+01
    5.0140   1.3340  24.5414   0.1750   1.2085  0.90536E+03  0.90474E+03  0.62067E+00  0.11181E+04  0.25488E+00  0.53621E+02  0.10642E+04  0.10000E+01
    5.0140   1.3340  25.2441   0.1850   1.2775  0.80747E+03  0.80696E+03  0.51373E+00  0.98880E+03  0.15991E+00  0.45802E+02  0.94284E+03  0.10000E+01
    5.0140   1.3340  25.9290   0.1950   1.3466  0.72271E+03  0.72229E+03  0.42190E+00  0.87789E+03  0.11249E+00  0.39332E+02  0.83845E+03  0.10000E+01
    5.0140   1.3340  26.5974   0.2050   1.4157  0.64889E+03  0.64855E+03  0.34340E+00  0.78213E+03  0.86065E-01  0.33936E+02  0.74811E+03  0.10000E+01
    5.0140   1.3340  27.2506   0.2150   1.4847  0.58423E+03  0.58395E+03  0.27662E+00  0.69896E+03  0.68566E-01  0.29406E+02  0.66949E+03  0.10000E+01
    5.0140   1.3340  27.8896   0.2250   1.5538  0.52732E+03  0.52710E+03  0.22008E+00  0.62632E+03  0.54977E-01  0.25581E+02  0.60068E+03  0.10000E+01
    5.0140   1.3340  28.5155   0.2350   1.6228  0.47697E+03  0.47680E+03  0.17245E+00  0.56262E+03  0.43486E-01  0.22333E+02  0.54025E+03  0.10000E+01
    5.0140   1.3340  29.1290   0.2450   1.6919  0.43226E+03  0.43213E+03  0.13259E+00  0.50648E+03  0.33598E-01  0.19560E+02  0.48688E+03  0.10000E+01
    5.0140   1.3340  29.7310   0.2550   1.7610  0.39239E+03  0.39230E+03  0.99439E-01  0.45681E+03  0.25244E-01  0.17184E+02  0.43960E+03  0.10000E+01
    5.0140   1.3340  30.3220   0.2650   1.8300  0.35673E+03  0.35666E+03  0.72102E-01  0.41272E+03  0.18416E-01  0.15139E+02  0.39756E+03  0.10000E+01
    5.0140   1.3340  30.9029   0.2750   1.8991  0.32472E+03  0.32467E+03  0.49763E-01  0.37343E+03  0.13034E-01  0.13371E+02  0.36004E+03  0.10000E+01
    5.0140   1.3340  31.7561   0.2900   2.0026  0.28256E+03  0.28254E+03  0.24128E-01  0.32216E+03  0.73352E-02  0.11148E+02  0.31100E+03  0.10000E+01
    5.0140   1.3340  33.1344   0.3150   2.1753  0.22501E+03  0.22501E+03 -0.10293E-02  0.25315E+03  0.24404E-02  0.83238E+01  0.24483E+03  0.10000E+01
    5.0140   1.3340  34.7242   0.3450   2.3825  0.17201E+03  0.17202E+03 -0.67918E-02  0.19078E+03  0.57481E-03  0.59605E+01  0.18481E+03  0.10000E+01
    5.0140   1.3340  36.2527   0.3750   2.5896  0.13194E+03  0.13195E+03 -0.70792E-02  0.14447E+03  0.19087E-03  0.43239E+01  0.14015E+03  0.10000E+01
    5.0140   1.3340  37.9685   0.4100   2.8313  0.97071E+02  0.97074E+02 -0.37132E-02  0.10488E+03  0.95746E-04  0.30142E+01  0.10186E+03  0.10000E+01
    5.0140   1.3340  40.0824   0.4550   3.1421  0.65560E+02  0.65553E+02  0.72064E-02  0.69762E+02  0.25117E-04  0.19361E+01  0.67826E+02  0.10000E+01
    5.0140   1.3340  42.9822   0.5200   3.5909  0.37159E+02  0.37127E+02  0.31882E-01  0.38779E+02  0.57594E-07  0.10608E+01  0.37718E+02  0.10000E+01
    5.0140   1.2540  24.4635   0.1600   1.1289  0.94055E+03  0.93987E+03  0.67735E+00  0.11932E+04  0.59856E+00  0.65418E+02  0.11272E+04  0.10000E+01
    5.0140   1.2540  25.6031   0.1750   1.2348  0.78652E+03  0.78600E+03  0.51635E+00  0.98405E+03  0.24626E+00  0.51152E+02  0.93265E+03  0.10000E+01
    5.0140   1.2540  26.3373   0.1850   1.3053  0.70163E+03  0.70120E+03  0.42725E+00  0.87025E+03  0.15494E+00  0.43743E+02  0.82636E+03  0.10000E+01
    5.0140   1.2540  27.0529   0.1950   1.3759  0.62811E+03  0.62776E+03  0.35084E+00  0.77267E+03  0.10927E+00  0.37606E+02  0.73495E+03  0.10000E+01
    5.0140   1.2540  27.7514   0.2050   1.4464  0.56406E+03  0.56378E+03  0.28558E+00  0.68838E+03  0.83670E-01  0.32483E+02  0.65582E+03  0.10000E+01
    5.0140   1.2540  28.4341   0.2150   1.5170  0.50795E+03  0.50772E+03  0.23009E+00  0.61518E+03  0.66614E-01  0.28178E+02  0.58693E+03  0.10000E+01
    5.0140   1.2540  29.1021   0.2250   1.5876  0.45854E+03  0.45836E+03  0.18315E+00  0.55125E+03  0.53320E-01  0.24538E+02  0.52665E+03  0.10000E+01
    5.0140   1.2540  29.7564   0.2350   1.6581  0.41483E+03  0.41469E+03  0.14364E+00  0.49514E+03  0.42078E-01  0.21445E+02  0.47366E+03  0.10000E+01
    5.0140   1.2540  30.3979   0.2450   1.7287  0.37600E+03  0.37588E+03  0.11057E+00  0.44573E+03  0.32425E-01  0.18802E+02  0.42689E+03  0.10000E+01
    5.0140   1.2540  31.0273   0.2550   1.7992  0.34136E+03  0.34128E+03  0.83094E-01  0.40200E+03  0.24295E-01  0.16533E+02  0.38544E+03  0.10000E+01
    5.0140   1.2540  31.6455   0.2650   1.8698  0.31037E+03  0.31031E+03  0.60426E-01  0.36316E+03  0.17670E-01  0.14579E+02  0.34857E+03  0.10000E+01
    5.0140   1.2540  32.2530   0.2750   1.9403  0.28254E+03  0.28250E+03  0.41906E-01  0.32857E+03  0.12469E-01  0.12889E+02  0.31567E+03  0.10000E+01
    5.0140   1.2540  33.1456   0.2900   2.0462  0.24589E+03  0.24587E+03  0.20637E-01  0.28344E+03  0.69843E-02  0.10760E+02  0.27267E+03  0.10000E+01
    5.0140   1.2540  34.5879   0.3150   2.2226  0.19584E+03  0.19584E+03 -0.56699E-03  0.22267E+03  0.23072E-02  0.80492E+01  0.21462E+03  0.10000E+01
    5.0140   1.2540  36.2521   0.3450   2.4343  0.14972E+03  0.14973E+03 -0.51090E-02  0.16774E+03  0.54320E-03  0.57738E+01  0.16197E+03  0.10000E+01
    5.0140   1.2540  37.8527   0.3750   2.6459  0.11484E+03  0.11485E+03 -0.54139E-02  0.12697E+03  0.18307E-03  0.41944E+01  0.12278E+03  0.10000E+01
    5.0140   1.2540  39.6504   0.4100   2.8929  0.84471E+02  0.84474E+02 -0.29103E-02  0.92120E+02  0.91398E-04  0.29273E+01  0.89192E+02  0.10000E+01
    5.0140   1.2540  41.8664   0.4550   3.2104  0.57023E+02  0.57017E+02  0.55279E-02  0.61219E+02  0.23115E-04  0.18801E+01  0.59339E+02  0.10000E+01
    5.0140   1.2540  44.9087   0.5200   3.6690  0.32276E+02  0.32251E+02  0.25507E-01  0.33972E+02  0.52393E-07  0.10303E+01  0.32942E+02  0.10000E+01
    5.0140   1.1790  25.4967   0.1600   1.1514  0.82196E+03  0.82139E+03  0.56954E+00  0.10574E+04  0.57959E+00  0.62708E+02  0.99409E+03  0.10000E+01
    5.0140   1.1790  26.6862   0.1750   1.2594  0.68759E+03  0.68716E+03  0.43386E+00  0.87206E+03  0.23909E+00  0.49124E+02  0.82269E+03  0.10000E+01
    5.0140   1.1790  27.4526   0.1850   1.3314  0.61352E+03  0.61316E+03  0.35890E+00  0.77127E+03  0.15088E+00  0.42059E+02  0.72906E+03  0.10000E+01
    5.0140   1.1790  28.1997   0.1950   1.4033  0.54936E+03  0.54906E+03  0.29466E+00  0.68477E+03  0.10663E+00  0.36201E+02  0.64847E+03  0.10000E+01
    5.0140   1.1790  28.9291   0.2050   1.4753  0.49344E+03  0.49320E+03  0.23985E+00  0.61010E+03  0.81708E-01  0.31306E+02  0.57871E+03  0.10000E+01
    5.0140   1.1790  29.6421   0.2150   1.5473  0.44444E+03  0.44424E+03  0.19329E+00  0.54522E+03  0.65002E-01  0.27189E+02  0.51796E+03  0.10000E+01
    5.0140   1.1790  30.3398   0.2250   1.6192  0.40128E+03  0.40112E+03  0.15392E+00  0.48857E+03  0.51945E-01  0.23704E+02  0.46482E+03  0.10000E+01
    5.0140   1.1790  31.0233   0.2350   1.6912  0.36309E+03  0.36297E+03  0.12080E+00  0.43886E+03  0.40903E-01  0.20739E+02  0.41808E+03  0.10000E+01
    5.0140   1.1790  31.6934   0.2450   1.7631  0.32915E+03  0.32906E+03  0.93097E-01  0.39504E+03  0.31441E-01  0.18204E+02  0.37680E+03  0.10000E+01
    5.0140   1.1790  32.3512   0.2550   1.8351  0.29887E+03  0.29880E+03  0.70074E-01  0.35627E+03  0.23495E-01  0.16025E+02  0.34022E+03  0.10000E+01
    5.0140   1.1790  32.9972   0.2650   1.9071  0.27177E+03  0.27172E+03  0.51090E-01  0.32184E+03  0.17041E-01  0.14144E+02  0.30768E+03  0.10000E+01
    5.0140   1.1790  33.6321   0.2750   1.9790  0.24743E+03  0.24740E+03  0.35579E-01  0.29117E+03  0.11991E-01  0.12517E+02  0.27864E+03  0.10000E+01
    5.0140   1.1790  34.5653   0.2900   2.0870  0.21536E+03  0.21535E+03  0.17754E-01  0.25115E+03  0.66871E-02  0.10465E+02  0.24068E+03  0.10000E+01
    5.0140   1.1790  36.0734   0.3150   2.2669  0.17156E+03  0.17156E+03 -0.28124E-03  0.19728E+03  0.21949E-02  0.78460E+01  0.18943E+03  0.10000E+01
    5.0140   1.1790  37.8143   0.3450   2.4828  0.13118E+03  0.13118E+03 -0.38868E-02  0.14857E+03  0.51689E-03  0.56402E+01  0.14293E+03  0.10000E+01
    5.0140   1.1790  39.4894   0.3750   2.6987  0.10062E+03  0.10062E+03 -0.41814E-02  0.11242E+03  0.17666E-03  0.41049E+01  0.10831E+03  0.10000E+01
    5.0140   1.1790  41.3717   0.4100   2.9506  0.74000E+02  0.74003E+02 -0.22960E-02  0.81514E+02  0.87741E-04  0.28695E+01  0.78645E+02  0.10000E+01
    5.0140   1.1790  43.6934   0.4550   3.2744  0.49933E+02  0.49928E+02  0.43041E-02  0.54125E+02  0.21419E-04  0.18450E+01  0.52280E+02  0.10000E+01
    5.0140   1.1790  46.8837   0.5200   3.7422  0.28232E+02  0.28211E+02  0.20680E-01  0.29991E+02  0.48083E-07  0.10122E+01  0.28979E+02  0.10000E+01
    5.0140   1.1090  26.5464   0.1600   1.1725  0.72287E+03  0.72239E+03  0.48359E+00  0.94335E+03  0.56380E+00  0.60455E+02  0.88233E+03  0.10000E+01
    5.0140   1.1090  27.7867   0.1750   1.2824  0.60493E+03  0.60456E+03  0.36815E+00  0.77813E+03  0.23324E+00  0.47452E+02  0.73045E+03  0.10000E+01
    5.0140   1.1090  28.5860   0.1850   1.3557  0.53989E+03  0.53959E+03  0.30445E+00  0.68823E+03  0.14759E+00  0.40680E+02  0.64740E+03  0.10000E+01
    5.0140   1.1090  29.3654   0.1950   1.4289  0.48353E+03  0.48328E+03  0.24991E+00  0.61109E+03  0.10452E+00  0.35057E+02  0.57593E+03  0.10000E+01
    5.0140   1.1090  30.1263   0.2050   1.5022  0.43441E+03  0.43420E+03  0.20342E+00  0.54446E+03  0.80136E-01  0.30355E+02  0.51403E+03  0.10000E+01
    5.0140   1.1090  30.8702   0.2150   1.5755  0.39135E+03  0.39118E+03  0.16395E+00  0.48660E+03  0.63705E-01  0.26395E+02  0.46014E+03  0.10000E+01
    5.0140   1.1090  31.5983   0.2250   1.6488  0.35341E+03  0.35328E+03  0.13060E+00  0.43604E+03  0.50822E-01  0.23040E+02  0.41295E+03  0.10000E+01
    5.0140   1.1090  32.3116   0.2350   1.7221  0.31984E+03  0.31973E+03  0.10256E+00  0.39169E+03  0.39935E-01  0.20182E+02  0.37147E+03  0.10000E+01
    5.0140   1.1090  33.0112   0.2450   1.7953  0.28999E+03  0.28991E+03  0.79117E-01  0.35258E+03  0.30625E-01  0.17735E+02  0.33482E+03  0.10000E+01
    5.0140   1.1090  33.6978   0.2550   1.8686  0.26336E+03  0.26330E+03  0.59642E-01  0.31798E+03  0.22828E-01  0.15631E+02  0.30232E+03  0.10000E+01
    5.0140   1.1090  34.3723   0.2650   1.9419  0.23950E+03  0.23946E+03  0.43583E-01  0.28728E+03  0.16515E-01  0.13845E+02  0.27341E+03  0.10000E+01
    5.0140   1.1090  35.0355   0.2750   2.0152  0.21808E+03  0.21805E+03  0.30457E-01  0.25986E+03  0.11588E-01  0.12237E+02  0.24761E+03  0.10000E+01
    5.0140   1.1090  36.0101   0.2900   2.1251  0.18985E+03  0.18983E+03  0.15373E-01  0.22413E+03  0.64375E-02  0.10247E+02  0.21388E+03  0.10000E+01
    5.0140   1.1090  37.5859   0.3150   2.3083  0.15127E+03  0.15127E+03 -0.10715E-03  0.17604E+03  0.21005E-02  0.77006E+01  0.16833E+03  0.10000E+01
    5.0140   1.1090  39.4055   0.3450   2.5281  0.11568E+03  0.11568E+03 -0.29908E-02  0.13254E+03  0.49514E-03  0.55495E+01  0.12699E+03  0.10000E+01
    5.0140   1.1090  41.1574   0.3750   2.7480  0.88733E+02  0.88736E+02 -0.32623E-02  0.10025E+03  0.17147E-03  0.40478E+01  0.96206E+02  0.10000E+01
    5.0140   1.1090  43.1268   0.4100   3.0044  0.65258E+02  0.65259E+02 -0.18245E-02  0.72665E+02  0.84692E-04  0.28360E+01  0.69829E+02  0.10000E+01
    5.0140   1.1090  45.5577   0.4550   3.3342  0.44020E+02  0.44017E+02  0.34010E-02  0.48212E+02  0.19981E-04  0.18266E+01  0.46386E+02  0.10000E+01
    5.0140   1.1090  48.9011   0.5200   3.8105  0.24867E+02  0.24850E+02  0.16985E-01  0.26676E+02  0.44513E-07  0.10010E+01  0.25675E+02  0.10000E+01
    5.0140   1.0390  25.3979   0.1350   1.0070  0.87323E+03  0.87260E+03  0.62819E+00  0.11860E+04  0.30058E+01  0.90449E+02  0.10926E+04  0.10000E+01
    5.0140   1.0390  27.6927   0.1600   1.1935  0.63378E+03  0.63337E+03  0.40970E+00  0.84009E+03  0.54994E+00  0.58442E+02  0.78110E+03  0.10000E+01
    5.0140   1.0390  28.9889   0.1750   1.3054  0.53058E+03  0.53027E+03  0.31168E+00  0.69332E+03  0.22824E+00  0.45969E+02  0.64712E+03  0.10000E+01
    5.0140   1.0390  29.8243   0.1850   1.3800  0.47366E+03  0.47340E+03  0.25768E+00  0.61328E+03  0.14485E+00  0.39465E+02  0.57367E+03  0.10000E+01
    5.0140   1.0390  30.6390   0.1950   1.4546  0.42432E+03  0.42411E+03  0.21148E+00  0.54457E+03  0.10278E+00  0.34059E+02  0.51041E+03  0.10000E+01
    5.0140   1.0390  31.4346   0.2050   1.5291  0.38130E+03  0.38113E+03  0.17213E+00  0.48524E+03  0.78833E-01  0.29531E+02  0.45563E+03  0.10000E+01
    5.0140   1.0390  32.2125   0.2150   1.6037  0.34358E+03  0.34344E+03  0.13875E+00  0.43369E+03  0.62612E-01  0.25714E+02  0.40791E+03  0.10000E+01
    5.0140   1.0390  32.9740   0.2250   1.6783  0.31034E+03  0.31023E+03  0.11056E+00  0.38866E+03  0.49863E-01  0.22476E+02  0.36614E+03  0.10000E+01
    5.0140   1.0390  33.7202   0.2350   1.7529  0.28091E+03  0.28083E+03  0.86869E-01  0.34914E+03  0.39096E-01  0.19714E+02  0.32938E+03  0.10000E+01
    5.0140   1.0390  34.4521   0.2450   1.8275  0.25474E+03  0.25468E+03  0.67072E-01  0.31430E+03  0.29910E-01  0.17347E+02  0.29692E+03  0.10000E+01
    5.0140   1.0390  35.1706   0.2550   1.9021  0.23139E+03  0.23134E+03  0.50631E-01  0.28346E+03  0.22239E-01  0.15308E+02  0.26813E+03  0.10000E+01
    5.0140   1.0390  35.8766   0.2650   1.9767  0.21046E+03  0.21042E+03  0.37075E-01  0.25607E+03  0.16046E-01  0.13546E+02  0.24251E+03  0.10000E+01
    5.0140   1.0390  36.5708   0.2750   2.0513  0.19166E+03  0.19163E+03  0.25996E-01  0.23164E+03  0.11230E-01  0.12015E+02  0.21962E+03  0.10000E+01
    5.0140   1.0390  37.5912   0.2900   2.1632  0.16688E+03  0.16687E+03  0.13260E-01  0.19979E+03  0.62140E-02  0.10080E+02  0.18970E+03  0.10000E+01
    5.0140   1.0390  39.2416   0.3150   2.3497  0.13300E+03  0.13300E+03  0.91642E-05  0.15691E+03  0.20163E-02  0.75963E+01  0.14931E+03  0.10000E+01
    5.0140   1.0390  41.1484   0.3450   2.5734  0.10173E+03  0.10173E+03 -0.22835E-02  0.11812E+03  0.47603E-03  0.54908E+01  0.11263E+03  0.10000E+01
    5.0140   1.0390  42.9852   0.3750   2.7972  0.78041E+02  0.78044E+02 -0.25247E-02  0.89323E+02  0.16710E-03  0.40161E+01  0.85306E+02  0.10000E+01
    5.0140   1.0390  45.0514   0.4100   3.0583  0.57394E+02  0.57396E+02 -0.14362E-02  0.64714E+02  0.82004E-04  0.28218E+01  0.61892E+02  0.10000E+01
    5.0140   1.0390  47.6036   0.4550   3.3940  0.38707E+02  0.38704E+02  0.26803E-02  0.42906E+02  0.18678E-04  0.18222E+01  0.41084E+02  0.10000E+01
    5.0140   1.0390  51.1178   0.5200   3.8788  0.21847E+02  0.21833E+02  0.13928E-01  0.23707E+02  0.41346E-07  0.99927E+00  0.22708E+02  0.10000E+01
    5.0140   0.9740  26.4640   0.1350   1.0235  0.76977E+03  0.76923E+03  0.53802E+00  0.10619E+04  0.29473E+01  0.87478E+02  0.97148E+03  0.10000E+01
    5.0140   0.9740  28.8590   0.1600   1.2130  0.55909E+03  0.55874E+03  0.35036E+00  0.75294E+03  0.53899E+00  0.56758E+02  0.69564E+03  0.10000E+01
    5.0140   0.9740  30.2122   0.1750   1.3267  0.46825E+03  0.46798E+03  0.26637E+00  0.62186E+03  0.22445E+00  0.44744E+02  0.57689E+03  0.10000E+01
    5.0140   0.9740  31.0846   0.1850   1.4025  0.41812E+03  0.41790E+03  0.22014E+00  0.55015E+03  0.14284E+00  0.38469E+02  0.51154E+03  0.10000E+01
    5.0140   0.9740  31.9355   0.1950   1.4783  0.37466E+03  0.37448E+03  0.18064E+00  0.48858E+03  0.10153E+00  0.33248E+02  0.45523E+03  0.10000E+01
    5.0140   0.9740  32.7666   0.2050   1.5541  0.33675E+03  0.33661E+03  0.14702E+00  0.43539E+03  0.77896E-01  0.28869E+02  0.40644E+03  0.10000E+01
    5.0140   0.9740  33.5794   0.2150   1.6300  0.30351E+03  0.30339E+03  0.11851E+00  0.38917E+03  0.61804E-01  0.25173E+02  0.36393E+03  0.10000E+01
    5.0140   0.9740  34.3752   0.2250   1.7058  0.27420E+03  0.27411E+03  0.94459E-01  0.34879E+03  0.49133E-01  0.22034E+02  0.32670E+03  0.10000E+01
    5.0140   0.9740  35.1551   0.2350   1.7816  0.24825E+03  0.24817E+03  0.74256E-01  0.31333E+03  0.38443E-01  0.19353E+02  0.29394E+03  0.10000E+01
    5.0140   0.9740  35.9202   0.2450   1.8574  0.22516E+03  0.22511E+03  0.57378E-01  0.28209E+03  0.29343E-01  0.17053E+02  0.26501E+03  0.10000E+01
    5.0140   0.9740  36.6715   0.2550   1.9332  0.20455E+03  0.20451E+03  0.43364E-01  0.25442E+03  0.21766E-01  0.15069E+02  0.23933E+03  0.10000E+01
    5.0140   0.9740  37.4098   0.2650   2.0090  0.18608E+03  0.18605E+03  0.31812E-01  0.22984E+03  0.15667E-01  0.13352E+02  0.21648E+03  0.10000E+01
    5.0140   0.9740  38.1358   0.2750   2.0848  0.16948E+03  0.16946E+03  0.22372E-01  0.20793E+03  0.10939E-01  0.11859E+02  0.19607E+03  0.10000E+01
    5.0140   0.9740  39.2035   0.2900   2.1986  0.14760E+03  0.14758E+03  0.11514E-01  0.17934E+03  0.60302E-02  0.99679E+01  0.16936E+03  0.10000E+01
    5.0140   0.9740  40.9308   0.3150   2.3881  0.11766E+03  0.11766E+03  0.20407E-03  0.14084E+03  0.19469E-02  0.75354E+01  0.13331E+03  0.10000E+01
    5.0140   0.9740  42.9275   0.3450   2.6155  0.90022E+02  0.90024E+02 -0.17627E-02  0.10602E+03  0.46071E-03  0.54644E+01  0.10056E+03  0.10000E+01
    5.0140   0.9740  44.8521   0.3750   2.8430  0.69066E+02  0.69068E+02 -0.19729E-02  0.80160E+02  0.16378E-03  0.40090E+01  0.76151E+02  0.10000E+01
    5.0140   0.9740  47.0184   0.4100   3.1083  0.50795E+02  0.50796E+02 -0.11389E-02  0.58054E+02  0.79848E-04  0.28261E+01  0.55228E+02  0.10000E+01
    5.0140   0.9740  49.6966   0.4550   3.4495  0.34251E+02  0.34249E+02  0.21426E-02  0.38468E+02  0.17581E-04  0.18310E+01  0.36637E+02  0.10000E+01
    5.0140   0.9740  53.3887   0.5200   3.9422  0.19317E+02  0.19306E+02  0.11562E-01  0.21227E+02  0.38740E-07  0.10056E+01  0.20221E+02  0.10000E+01
    5.0140   0.9190  27.4477   0.1350   1.0374  0.68986E+03  0.68939E+03  0.47083E+00  0.96549E+03  0.29447E+01  0.85117E+02  0.87743E+03  0.10000E+01
    5.0140   0.9190  29.9357   0.1600   1.2295  0.50137E+03  0.50106E+03  0.30620E+00  0.68511E+03  0.53146E+00  0.55458E+02  0.62912E+03  0.10000E+01
    5.0140   0.9190  31.3419   0.1750   1.3448  0.42006E+03  0.41983E+03  0.23267E+00  0.56629E+03  0.22200E+00  0.43805E+02  0.52226E+03  0.10000E+01
    5.0140   0.9190  32.2487   0.1850   1.4216  0.37518E+03  0.37498E+03  0.19224E+00  0.50114E+03  0.14161E+00  0.37716E+02  0.46329E+03  0.10000E+01
    5.0140   0.9190  33.1333   0.1950   1.4985  0.33625E+03  0.33610E+03  0.15771E+00  0.44512E+03  0.10080E+00  0.32640E+02  0.41238E+03  0.10000E+01
    5.0140   0.9190  33.9974   0.2050   1.5753  0.30230E+03  0.30217E+03  0.12835E+00  0.39670E+03  0.77332E-01  0.28379E+02  0.36824E+03  0.10000E+01
    5.0140   0.9190  34.8426   0.2150   1.6522  0.27251E+03  0.27240E+03  0.10347E+00  0.35462E+03  0.61293E-01  0.24779E+02  0.32978E+03  0.10000E+01
    5.0140   0.9190  35.6703   0.2250   1.7290  0.24624E+03  0.24616E+03  0.82483E-01  0.31786E+03  0.48650E-01  0.21717E+02  0.29609E+03  0.10000E+01
    5.0140   0.9190  36.4816   0.2350   1.8058  0.22297E+03  0.22291E+03  0.64866E-01  0.28557E+03  0.37994E-01  0.19100E+02  0.26643E+03  0.10000E+01
    5.0140   0.9190  37.2777   0.2450   1.8827  0.20227E+03  0.20222E+03  0.50152E-01  0.25711E+03  0.28943E-01  0.16850E+02  0.24023E+03  0.10000E+01
    5.0140   0.9190  38.0595   0.2550   1.9595  0.18378E+03  0.18375E+03  0.37939E-01  0.23191E+03  0.21425E-01  0.14909E+02  0.21698E+03  0.10000E+01
    5.0140   0.9190  38.8279   0.2650   2.0364  0.16721E+03  0.16719E+03  0.27874E-01  0.20952E+03  0.15390E-01  0.13227E+02  0.19628E+03  0.10000E+01
    5.0140   0.9190  39.5837   0.2750   2.1132  0.15232E+03  0.15230E+03  0.19648E-01  0.18956E+03  0.10724E-01  0.11763E+02  0.17778E+03  0.10000E+01
    5.0140   0.9190  40.6954   0.2900   2.2285  0.13267E+03  0.13266E+03  0.10185E-01  0.16350E+03  0.58940E-02  0.99049E+01  0.15359E+03  0.10000E+01
    5.0140   0.9190  42.4946   0.3150   2.4206  0.10579E+03  0.10579E+03  0.31756E-03  0.12841E+03  0.18954E-02  0.75097E+01  0.12090E+03  0.10000E+01
    5.0140   0.9190  44.5755   0.3450   2.6511  0.80957E+02  0.80958E+02 -0.14056E-02  0.96660E+02  0.44969E-03  0.54634E+01  0.91196E+02  0.10000E+01
    5.0140   0.9190  46.5824   0.3750   2.8817  0.62119E+02  0.62120E+02 -0.15892E-02  0.73076E+02  0.16162E-03  0.40205E+01  0.69055E+02  0.10000E+01
    5.0140   0.9190  48.8429   0.4100   3.1506  0.45688E+02  0.45689E+02 -0.92815E-03  0.52914E+02  0.78303E-04  0.28435E+01  0.50071E+02  0.10000E+01
    5.0140   0.9190  51.6398   0.4550   3.4964  0.30804E+02  0.30802E+02  0.17680E-02  0.35045E+02  0.16737E-04  0.18487E+01  0.33197E+02  0.10000E+01
    5.0140   0.9190  55.5002   0.5200   3.9959  0.17364E+02  0.17354E+02  0.98582E-02  0.19323E+02  0.36779E-07  0.10190E+01  0.18304E+02  0.10000E+01
    5.0140   0.8640  28.5191   0.1350   1.0513  0.61634E+03  0.61593E+03  0.41099E+00  0.87617E+03  0.29223E+01  0.82851E+02  0.79040E+03  0.10000E+01
    5.0140   0.8640  31.1089   0.1600   1.2460  0.44824E+03  0.44797E+03  0.26692E+00  0.62237E+03  0.52583E+00  0.54402E+02  0.56744E+03  0.10000E+01
    5.0140   0.8640  32.5732   0.1750   1.3628  0.37569E+03  0.37549E+03  0.20270E+00  0.51473E+03  0.22035E+00  0.42956E+02  0.47155E+03  0.10000E+01
    5.0140   0.8640  33.5176   0.1850   1.4407  0.33563E+03  0.33546E+03  0.16743E+00  0.45579E+03  0.14090E+00  0.37032E+02  0.41862E+03  0.10000E+01
    5.0140   0.8640  34.4391   0.1950   1.5186  0.30088E+03  0.30074E+03  0.13734E+00  0.40493E+03  0.10041E+00  0.32098E+02  0.37273E+03  0.10000E+01
    5.0140   0.8640  35.3394   0.2050   1.5965  0.27056E+03  0.27044E+03  0.11176E+00  0.36094E+03  0.77024E-01  0.27948E+02  0.33292E+03  0.10000E+01
    5.0140   0.8640  36.2203   0.2150   1.6743  0.24394E+03  0.24385E+03  0.90097E-01  0.32269E+03  0.60973E-01  0.24437E+02  0.29819E+03  0.10000E+01
    5.0140   0.8640  37.0830   0.2250   1.7522  0.22047E+03  0.22040E+03  0.71837E-01  0.28927E+03  0.48312E-01  0.21448E+02  0.26778E+03  0.10000E+01
    5.0140   0.8640  37.9288   0.2350   1.8301  0.19968E+03  0.19962E+03  0.56514E-01  0.25993E+03  0.37656E-01  0.18890E+02  0.24100E+03  0.10000E+01
    5.0140   0.8640  38.7590   0.2450   1.9080  0.18117E+03  0.18113E+03  0.43719E-01  0.23404E+03  0.28626E-01  0.16689E+02  0.21732E+03  0.10000E+01
    5.0140   0.8640  39.5744   0.2550   1.9859  0.16464E+03  0.16461E+03  0.33103E-01  0.21112E+03  0.21147E-01  0.14787E+02  0.19631E+03  0.10000E+01
    5.0140   0.8640  40.3760   0.2650   2.0637  0.14982E+03  0.14979E+03  0.24355E-01  0.19075E+03  0.15160E-01  0.13136E+02  0.17760E+03  0.10000E+01
    5.0140   0.8640  41.1646   0.2750   2.1416  0.13649E+03  0.13647E+03  0.17206E-01  0.17259E+03  0.10541E-01  0.11697E+02  0.16088E+03  0.10000E+01
    5.0140   0.8640  42.3249   0.2900   2.2584  0.11891E+03  0.11890E+03  0.89797E-02  0.14888E+03  0.57766E-02  0.98699E+01  0.13900E+03  0.10000E+01
    5.0140   0.8640  44.2035   0.3150   2.4531  0.94841E+02  0.94840E+02  0.39340E-03  0.11694E+03  0.18507E-02  0.75077E+01  0.10943E+03  0.10000E+01
    5.0140   0.8640  46.3775   0.3450   2.6867  0.72595E+02  0.72596E+02 -0.11120E-02  0.87931E+02  0.44059E-03  0.54817E+01  0.82448E+02  0.10000E+01
    5.0140   0.8640  48.4756   0.3750   2.9204  0.55711E+02  0.55712E+02 -0.12698E-02  0.66554E+02  0.16011E-03  0.40479E+01  0.62506E+02  0.10000E+01
    5.0140   0.8640  50.8406   0.4100   3.1929  0.40979E+02  0.40980E+02 -0.74970E-03  0.48189E+02  0.77045E-04  0.28738E+01  0.45316E+02  0.10000E+01
    5.0140   0.8640  53.7697   0.4550   3.5434  0.27627E+02  0.27625E+02  0.14546E-02  0.31904E+02  0.15971E-04  0.18765E+01  0.30027E+02  0.10000E+01
    5.0140   0.8640  57.8182   0.5200   4.0496  0.15565E+02  0.15556E+02  0.83871E-02  0.17573E+02  0.35044E-07  0.10386E+01  0.16534E+02  0.10000E+01
    5.0140   0.7990  29.9190   0.1350   1.0678  0.53698E+03  0.53663E+03  0.34861E+00  0.77890E+03  0.28830E+01  0.80234E+02  0.69578E+03  0.10000E+01
    5.0140   0.7990  32.6426   0.1600   1.2655  0.39086E+03  0.39063E+03  0.22604E+00  0.55375E+03  0.52328E+00  0.52932E+02  0.50029E+03  0.10000E+01
    5.0140   0.7990  34.1833   0.1750   1.3842  0.32776E+03  0.32758E+03  0.17154E+00  0.45847E+03  0.21984E+00  0.42040E+02  0.41621E+03  0.10000E+01
    5.0140   0.7990  35.1774   0.1850   1.4633  0.29290E+03  0.29275E+03  0.14165E+00  0.40633E+03  0.14092E+00  0.36314E+02  0.36987E+03  0.10000E+01
    5.0140   0.7990  36.1475   0.1950   1.5424  0.26265E+03  0.26253E+03  0.11616E+00  0.36126E+03  0.10054E+00  0.31532E+02  0.32963E+03  0.10000E+01
    5.0140   0.7990  37.0957   0.2050   1.6215  0.23624E+03  0.23615E+03  0.94512E-01  0.32210E+03  0.77066E-01  0.27506E+02  0.29452E+03  0.10000E+01
    5.0140   0.7990  38.0236   0.2150   1.7006  0.21306E+03  0.21298E+03  0.76196E-01  0.28804E+03  0.60893E-01  0.24095E+02  0.26388E+03  0.10000E+01
    5.0140   0.7990  38.9326   0.2250   1.7797  0.19261E+03  0.19255E+03  0.60765E-01  0.25825E+03  0.48135E-01  0.21187E+02  0.23702E+03  0.10000E+01
    5.0140   0.7990  39.8241   0.2350   1.8588  0.17448E+03  0.17443E+03  0.47821E-01  0.23209E+03  0.37422E-01  0.18694E+02  0.21336E+03  0.10000E+01
    5.0140   0.7990  40.6993   0.2450   1.9379  0.15834E+03  0.15831E+03  0.37019E-01  0.20901E+03  0.28377E-01  0.16546E+02  0.19244E+03  0.10000E+01
    5.0140   0.7990  41.5592   0.2550   2.0169  0.14392E+03  0.14390E+03  0.28059E-01  0.18857E+03  0.20911E-01  0.14687E+02  0.17386E+03  0.10000E+01
    5.0140   0.7990  42.4048   0.2650   2.0960  0.13099E+03  0.13097E+03  0.20676E-01  0.17040E+03  0.14954E-01  0.13070E+02  0.15732E+03  0.10000E+01
    5.0140   0.7990  43.2370   0.2750   2.1751  0.11936E+03  0.11935E+03  0.14642E-01  0.15420E+03  0.10481E-01  0.11660E+02  0.14253E+03  0.10000E+01
    5.0140   0.7990  44.4617   0.2900   2.2938  0.10401E+03  0.10400E+03  0.77002E-02  0.13304E+03  0.56655E-02  0.98638E+01  0.12317E+03  0.10000E+01
    5.0140   0.7990  46.4459   0.3150   2.4915  0.82984E+02  0.82984E+02  0.44507E-03  0.10453E+03  0.18080E-02  0.75356E+01  0.96988E+02  0.10000E+01
    5.0140   0.7990  48.7440   0.3450   2.7288  0.63540E+02  0.63541E+02 -0.83295E-03  0.78704E+02  0.43267E-03  0.55289E+01  0.73175E+02  0.10000E+01
    5.0140   0.7990  50.9639   0.3750   2.9661  0.48772E+02  0.48773E+02 -0.96196E-03  0.59511E+02  0.15934E-03  0.41019E+01  0.55409E+02  0.10000E+01
    5.0140   0.7990  53.4690   0.4100   3.2429  0.35879E+02  0.35879E+02 -0.57470E-03  0.43091E+02  0.75978E-04  0.29272E+01  0.40164E+02  0.10000E+01
    5.0140   0.7990  56.5757   0.4550   3.5989  0.24187E+02  0.24186E+02  0.11500E-02  0.28524E+02  0.15167E-04  0.19230E+01  0.26601E+02  0.10000E+01
    5.0140   0.7990  60.8781   0.5200   4.1130  0.13619E+02  0.13612E+02  0.69045E-02  0.15698E+02  0.33294E-07  0.10713E+01  0.14627E+02  0.10000E+01
