 #***Ebeam    Eprime  Theta     x        Q2      Sig_Born     Sig_Born_In  Sig_Born_QE  Sig_Rad      Sig_Rad_EL   Sig_Rad_QE   Sig_Rad_DIS  C_cor
    5.0140   2.6640  16.0112   0.2350   1.0363  0.19313E+05  0.19300E+05  0.12768E+02  0.20470E+05  0.22983E+00  0.34022E+03  0.20130E+05  0.10000E+01
    5.0140   2.6640  16.3506   0.2450   1.0804  0.17514E+05  0.17505E+05  0.92887E+01  0.18473E+05  0.14619E+00  0.29769E+03  0.18175E+05  0.10000E+01
    5.0140   2.6640  16.6833   0.2550   1.1245  0.15908E+05  0.15902E+05  0.64090E+01  0.16701E+05  0.93273E-01  0.26133E+03  0.16440E+05  0.10000E+01
    5.0140   2.6640  17.0096   0.2650   1.1686  0.14472E+05  0.14468E+05  0.40572E+01  0.15124E+05  0.59674E-01  0.23021E+03  0.14894E+05  0.10000E+01
    5.0140   2.6640  17.3300   0.2750   1.2127  0.13181E+05  0.13179E+05  0.21666E+01  0.13715E+05  0.38254E-01  0.20346E+03  0.13511E+05  0.10000E+01
    5.0140   2.6640  17.8001   0.2900   1.2789  0.11479E+05  0.11479E+05  0.68819E-01  0.11869E+05  0.19693E-01  0.17014E+03  0.11699E+05  0.10000E+01
    5.0140   2.6640  18.5580   0.3150   1.3891  0.91545E+04  0.91560E+04 -0.14885E+01  0.93738E+04  0.65416E-02  0.12969E+03  0.92441E+04  0.10000E+01
    5.0140   2.6640  19.4298   0.3450   1.5214  0.70094E+04  0.70113E+04 -0.19029E+01  0.71015E+04  0.17457E-02  0.95512E+02  0.70060E+04  0.10000E+01
    5.0140   2.6640  20.2655   0.3750   1.6537  0.53846E+04  0.53860E+04 -0.13541E+01  0.54029E+04  0.46357E-03  0.71683E+02  0.53312E+04  0.10000E+01
    5.0140   2.6640  21.2006   0.4100   1.8080  0.39710E+04  0.39710E+04 -0.73500E-01  0.39432E+04  0.97362E-04  0.52311E+02  0.38909E+04  0.10000E+01
    5.0140   2.6640  22.3480   0.4550   2.0065  0.26945E+04  0.26920E+04  0.24814E+01  0.26439E+04  0.12691E-04  0.38051E+02  0.26058E+04  0.10000E+01
    5.0140   2.6640  23.9130   0.5200   2.2931  0.15440E+04  0.15379E+04  0.60585E+01  0.14913E+04  0.61766E-06  0.27070E+02  0.14643E+04  0.10000E+01
    5.0140   2.4590  16.6253   0.2150   1.0308  0.16208E+05  0.16195E+05  0.13212E+02  0.17548E+05  0.47315E+00  0.32137E+03  0.17227E+05  0.10000E+01
    5.0140   2.4590  17.0103   0.2250   1.0788  0.14618E+05  0.14608E+05  0.10317E+02  0.15745E+05  0.29711E+00  0.27888E+03  0.15466E+05  0.10000E+01
    5.0140   2.4590  17.3871   0.2350   1.1267  0.13214E+05  0.13206E+05  0.78692E+01  0.14160E+05  0.18737E+00  0.24292E+03  0.13917E+05  0.10000E+01
    5.0140   2.4590  17.7561   0.2450   1.1747  0.11969E+05  0.11963E+05  0.58177E+01  0.12762E+05  0.11861E+00  0.21232E+03  0.12550E+05  0.10000E+01
    5.0140   2.4590  18.1178   0.2550   1.2226  0.10860E+05  0.10855E+05  0.41154E+01  0.11524E+05  0.75312E-01  0.18624E+03  0.11338E+05  0.10000E+01
    5.0140   2.4590  18.4727   0.2650   1.2706  0.98678E+04  0.98651E+04  0.27192E+01  0.10423E+05  0.47939E-01  0.16390E+03  0.10259E+05  0.10000E+01
    5.0140   2.4590  18.8212   0.2750   1.3185  0.89781E+04  0.89766E+04  0.15908E+01  0.94412E+04  0.30575E-01  0.14464E+03  0.92965E+04  0.10000E+01
    5.0140   2.4590  19.3324   0.2900   1.3904  0.78078E+04  0.78075E+04  0.32593E+00  0.81579E+04  0.15620E-01  0.12065E+03  0.80372E+04  0.10000E+01
    5.0140   2.4590  20.1569   0.3150   1.5103  0.62109E+04  0.62115E+04 -0.66523E+00  0.64250E+04  0.51199E-02  0.91191E+02  0.63338E+04  0.10000E+01
    5.0140   2.4590  21.1054   0.3450   1.6541  0.47416E+04  0.47426E+04 -0.97235E+00  0.48523E+04  0.13437E-02  0.66558E+02  0.47857E+04  0.10000E+01
    5.0140   2.4590  22.0149   0.3750   1.7980  0.36326E+04  0.36333E+04 -0.75227E+00  0.36810E+04  0.35057E-03  0.49463E+02  0.36315E+04  0.10000E+01
    5.0140   2.4590  23.0327   0.4100   1.9658  0.26701E+04  0.26702E+04 -0.14194E+00  0.26773E+04  0.72054E-04  0.35586E+02  0.26417E+04  0.10000E+01
    5.0140   2.4590  24.2821   0.4550   2.1815  0.18044E+04  0.18032E+04  0.11571E+01  0.17874E+04  0.91128E-05  0.24986E+02  0.17624E+04  0.10000E+01
    5.0140   2.4590  25.9870   0.5200   2.4932  0.10286E+04  0.10255E+04  0.30660E+01  0.10027E+04  0.42247E-06  0.16841E+02  0.98584E+03  0.10000E+01
    5.0140   2.2740  17.0534   0.1950   1.0026  0.14469E+05  0.14456E+05  0.13134E+02  0.16012E+05  0.10460E+01  0.33135E+03  0.15680E+05  0.10000E+01
    5.0140   2.2740  17.4885   0.2050   1.0540  0.12966E+05  0.12955E+05  0.10634E+02  0.14267E+05  0.64700E+00  0.28501E+03  0.13981E+05  0.10000E+01
    5.0140   2.2740  17.9134   0.2150   1.1055  0.11653E+05  0.11644E+05  0.84912E+01  0.12751E+05  0.40260E+00  0.24622E+03  0.12504E+05  0.10000E+01
    5.0140   2.2740  18.3288   0.2250   1.1569  0.10499E+05  0.10492E+05  0.66658E+01  0.11427E+05  0.25180E+00  0.21357E+03  0.11213E+05  0.10000E+01
    5.0140   2.2740  18.7353   0.2350   1.2083  0.94813E+04  0.94761E+04  0.51223E+01  0.10266E+05  0.15816E+00  0.18595E+03  0.10080E+05  0.10000E+01
    5.0140   2.2740  19.1334   0.2450   1.2597  0.85795E+04  0.85757E+04  0.38279E+01  0.92428E+04  0.99717E-01  0.16246E+03  0.90802E+04  0.10000E+01
    5.0140   2.2740  19.5237   0.2550   1.3111  0.77773E+04  0.77745E+04  0.27522E+01  0.83378E+04  0.63057E-01  0.14240E+03  0.81954E+04  0.10000E+01
    5.0140   2.2740  19.9067   0.2650   1.3626  0.70606E+04  0.70587E+04  0.18680E+01  0.75338E+04  0.39970E-01  0.12522E+03  0.74086E+04  0.10000E+01
    5.0140   2.2740  20.2827   0.2750   1.4140  0.64187E+04  0.64175E+04  0.11510E+01  0.68176E+04  0.25387E-01  0.11044E+03  0.67071E+04  0.10000E+01
    5.0140   2.2740  20.8345   0.2900   1.4911  0.55752E+04  0.55748E+04  0.34153E+00  0.58828E+04  0.12885E-01  0.91976E+02  0.57908E+04  0.10000E+01
    5.0140   2.2740  21.7245   0.3150   1.6196  0.44264E+04  0.44267E+04 -0.31921E+00  0.46232E+04  0.41766E-02  0.69110E+02  0.45541E+04  0.10000E+01
    5.0140   2.2740  22.7486   0.3450   1.7739  0.33721E+04  0.33726E+04 -0.53368E+00  0.34832E+04  0.10809E-02  0.50102E+02  0.34331E+04  0.10000E+01
    5.0140   2.2740  23.7309   0.3750   1.9281  0.25775E+04  0.25779E+04 -0.43959E+00  0.26358E+04  0.27787E-03  0.36946E+02  0.25989E+04  0.10000E+01
    5.0140   2.2740  24.8305   0.4100   2.1081  0.18896E+04  0.18897E+04 -0.12181E+00  0.19119E+04  0.56077E-04  0.26299E+02  0.18856E+04  0.10000E+01
    5.0140   2.2740  26.1806   0.4550   2.3395  0.12729E+04  0.12723E+04  0.59645E+00  0.12720E+04  0.69175E-05  0.17962E+02  0.12541E+04  0.10000E+01
    5.0140   2.2740  28.0239   0.5200   2.6737  0.72193E+03  0.72023E+03  0.17050E+01  0.70980E+03  0.30812E-06  0.11546E+02  0.69825E+03  0.10000E+01
    5.0140   2.1240  17.6558   0.1850   1.0033  0.12488E+05  0.12477E+05  0.11223E+02  0.14037E+05  0.15203E+01  0.31950E+03  0.13716E+05  0.10000E+01
    5.0140   2.1240  18.1306   0.1950   1.0575  0.11147E+05  0.11138E+05  0.92040E+01  0.12453E+05  0.93121E+00  0.27347E+03  0.12179E+05  0.10000E+01
    5.0140   2.1240  18.5937   0.2050   1.1118  0.99822E+04  0.99748E+04  0.74643E+01  0.11087E+05  0.57432E+00  0.23520E+03  0.10851E+05  0.10000E+01
    5.0140   2.1240  19.0459   0.2150   1.1660  0.89652E+04  0.89593E+04  0.59742E+01  0.99010E+04  0.35633E+00  0.20317E+03  0.96975E+04  0.10000E+01
    5.0140   2.1240  19.4880   0.2250   1.2202  0.80728E+04  0.80681E+04  0.47059E+01  0.88666E+04  0.22220E+00  0.17621E+03  0.86902E+04  0.10000E+01
    5.0140   2.1240  19.9207   0.2350   1.2745  0.72857E+04  0.72821E+04  0.36336E+01  0.79598E+04  0.13914E+00  0.15340E+03  0.78062E+04  0.10000E+01
    5.0140   2.1240  20.3445   0.2450   1.3287  0.65888E+04  0.65861E+04  0.27342E+01  0.71616E+04  0.87454E-01  0.13405E+03  0.70274E+04  0.10000E+01
    5.0140   2.1240  20.7601   0.2550   1.3829  0.59689E+04  0.59669E+04  0.19862E+01  0.64554E+04  0.55124E-01  0.11747E+03  0.63379E+04  0.10000E+01
    5.0140   2.1240  21.1678   0.2650   1.4371  0.54158E+04  0.54144E+04  0.13707E+01  0.58292E+04  0.34832E-01  0.10327E+03  0.57259E+04  0.10000E+01
    5.0140   2.1240  21.5682   0.2750   1.4914  0.49203E+04  0.49194E+04  0.87048E+00  0.52713E+04  0.22051E-01  0.91034E+02  0.51802E+04  0.10000E+01
    5.0140   2.1240  22.1559   0.2900   1.5727  0.42699E+04  0.42696E+04  0.30327E+00  0.45438E+04  0.11135E-01  0.75752E+02  0.44681E+04  0.10000E+01
    5.0140   2.1240  23.1038   0.3150   1.7083  0.33859E+04  0.33860E+04 -0.17394E+00  0.35657E+04  0.35784E-02  0.56715E+02  0.35090E+04  0.10000E+01
    5.0140   2.1240  24.1948   0.3450   1.8710  0.25752E+04  0.25756E+04 -0.32882E+00  0.26814E+04  0.91616E-03  0.40929E+02  0.26405E+04  0.10000E+01
    5.0140   2.1240  25.2415   0.3750   2.0337  0.19654E+04  0.19657E+04 -0.28327E+00  0.20256E+04  0.23286E-03  0.30019E+02  0.19956E+04  0.10000E+01
    5.0140   2.1240  26.4135   0.4100   2.2235  0.14382E+04  0.14383E+04 -0.94662E-01  0.14663E+04  0.46346E-04  0.21218E+02  0.14451E+04  0.10000E+01
    5.0140   2.1240  27.8530   0.4550   2.4676  0.96644E+03  0.96608E+03  0.35366E+00  0.97298E+03  0.56085E-05  0.14223E+02  0.95876E+03  0.10000E+01
    5.0140   2.1240  29.8191   0.5200   2.8201  0.54603E+03  0.54495E+03  0.10769E+01  0.54074E+03  0.24238E-06  0.88157E+01  0.53192E+03  0.10000E+01
    5.0140   1.9990  18.5969   0.1850   1.0467  0.10077E+05  0.10068E+05  0.83785E+01  0.11426E+05  0.13908E+01  0.27639E+03  0.11148E+05  0.10000E+01
    5.0140   1.9990  19.0975   0.1950   1.1033  0.89901E+04  0.89832E+04  0.68752E+01  0.10131E+05  0.84987E+00  0.23668E+03  0.98931E+04  0.10000E+01
    5.0140   1.9990  19.5857   0.2050   1.1598  0.80475E+04  0.80419E+04  0.55816E+01  0.90139E+04  0.52297E+00  0.20358E+03  0.88098E+04  0.10000E+01
    5.0140   1.9990  20.0626   0.2150   1.2164  0.72246E+04  0.72201E+04  0.44743E+01  0.80454E+04  0.32367E+00  0.17587E+03  0.78692E+04  0.10000E+01
    5.0140   1.9990  20.5288   0.2250   1.2730  0.65028E+04  0.64993E+04  0.35326E+01  0.72012E+04  0.20135E+00  0.15255E+03  0.70484E+04  0.10000E+01
    5.0140   1.9990  20.9851   0.2350   1.3296  0.58665E+04  0.58638E+04  0.27367E+01  0.64613E+04  0.12578E+00  0.13280E+03  0.63284E+04  0.10000E+01
    5.0140   1.9990  21.4321   0.2450   1.3862  0.53032E+04  0.53012E+04  0.20692E+01  0.58103E+04  0.78853E-01  0.11601E+03  0.56942E+04  0.10000E+01
    5.0140   1.9990  21.8704   0.2550   1.4427  0.48025E+04  0.48010E+04  0.15139E+01  0.52348E+04  0.49578E-01  0.10166E+03  0.51331E+04  0.10000E+01
    5.0140   1.9990  22.3005   0.2650   1.4993  0.43557E+04  0.43546E+04  0.10566E+01  0.47245E+04  0.31245E-01  0.89360E+02  0.46351E+04  0.10000E+01
    5.0140   1.9990  22.7229   0.2750   1.5559  0.39556E+04  0.39549E+04  0.68443E+00  0.42702E+04  0.19727E-01  0.78768E+02  0.41914E+04  0.10000E+01
    5.0140   1.9990  23.3428   0.2900   1.6407  0.34307E+04  0.34304E+04  0.26133E+00  0.36782E+04  0.99226E-02  0.65516E+02  0.36127E+04  0.10000E+01
    5.0140   1.9990  24.3430   0.3150   1.7822  0.27179E+04  0.27180E+04 -0.10349E+00  0.28830E+04  0.31667E-02  0.48959E+02  0.28341E+04  0.10000E+01
    5.0140   1.9990  25.4944   0.3450   1.9519  0.20649E+04  0.20652E+04 -0.21962E+00  0.21653E+04  0.80376E-03  0.35213E+02  0.21301E+04  0.10000E+01
    5.0140   1.9990  26.5992   0.3750   2.1217  0.15742E+04  0.15744E+04 -0.19582E+00  0.16337E+04  0.20247E-03  0.25734E+02  0.16079E+04  0.10000E+01
    5.0140   1.9990  27.8367   0.4100   2.3197  0.11505E+04  0.11506E+04 -0.73353E-01  0.11809E+04  0.39849E-04  0.18116E+02  0.11628E+04  0.10000E+01
    5.0140   1.9990  29.3571   0.4550   2.5743  0.77166E+03  0.77143E+03  0.23064E+00  0.78195E+03  0.47493E-05  0.11979E+02  0.76997E+03  0.10000E+01
    5.0140   1.9990  31.4347   0.5200   2.9420  0.43470E+03  0.43396E+03  0.74143E+00  0.43318E+03  0.20031E-06  0.72139E+01  0.42597E+03  0.10000E+01
    5.0140   1.8940  18.9055   0.1750   1.0246  0.94767E+04  0.94687E+04  0.79343E+01  0.10904E+05  0.21401E+01  0.29034E+03  0.10612E+05  0.10000E+01
    5.0140   1.8940  19.4432   0.1850   1.0831  0.84219E+04  0.84153E+04  0.65725E+01  0.96266E+04  0.12951E+01  0.24726E+03  0.93780E+04  0.10000E+01
    5.0140   1.8940  19.9670   0.1950   1.1417  0.75119E+04  0.75065E+04  0.53953E+01  0.85317E+04  0.78998E+00  0.21170E+03  0.83192E+04  0.10000E+01
    5.0140   1.8940  20.4780   0.2050   1.2002  0.67221E+04  0.67177E+04  0.43829E+01  0.75879E+04  0.48515E+00  0.18214E+03  0.74053E+04  0.10000E+01
    5.0140   1.8940  20.9770   0.2150   1.2588  0.60334E+04  0.60299E+04  0.35175E+01  0.67701E+04  0.29972E+00  0.15739E+03  0.66124E+04  0.10000E+01
    5.0140   1.8940  21.4650   0.2250   1.3173  0.54293E+04  0.54265E+04  0.27816E+01  0.60574E+04  0.18607E+00  0.13654E+03  0.59206E+04  0.10000E+01
    5.0140   1.8940  21.9426   0.2350   1.3759  0.48970E+04  0.48948E+04  0.21601E+01  0.54333E+04  0.11600E+00  0.11889E+03  0.53143E+04  0.10000E+01
    5.0140   1.8940  22.4105   0.2450   1.4344  0.44257E+04  0.44241E+04  0.16389E+01  0.48840E+04  0.72576E-01  0.10388E+03  0.47801E+04  0.10000E+01
    5.0140   1.8940  22.8693   0.2550   1.4930  0.40068E+04  0.40056E+04  0.12054E+01  0.43989E+04  0.45538E-01  0.91043E+02  0.43078E+04  0.10000E+01
    5.0140   1.8940  23.3196   0.2650   1.5515  0.36331E+04  0.36323E+04  0.84811E+00  0.39685E+04  0.28638E-01  0.80031E+02  0.38884E+04  0.10000E+01
    5.0140   1.8940  23.7618   0.2750   1.6101  0.32987E+04  0.32981E+04  0.55713E+00  0.35856E+04  0.18043E-01  0.70549E+02  0.35151E+04  0.10000E+01
    5.0140   1.8940  24.4110   0.2900   1.6979  0.28597E+04  0.28595E+04  0.22559E+00  0.30869E+04  0.90445E-02  0.58674E+02  0.30282E+04  0.10000E+01
    5.0140   1.8940  25.4584   0.3150   1.8443  0.22640E+04  0.22640E+04 -0.66019E-01  0.24174E+04  0.28702E-02  0.43778E+02  0.23736E+04  0.10000E+01
    5.0140   1.8940  26.6644   0.3450   2.0199  0.17189E+04  0.17190E+04 -0.15630E+00  0.18138E+04  0.72337E-03  0.31431E+02  0.17824E+04  0.10000E+01
    5.0140   1.8940  27.8219   0.3750   2.1955  0.13093E+04  0.13095E+04 -0.14321E+00  0.13671E+04  0.18087E-03  0.22912E+02  0.13442E+04  0.10000E+01
    5.0140   1.8940  29.1187   0.4100   2.4005  0.95588E+03  0.95594E+03 -0.57937E-01  0.98701E+03  0.35274E-04  0.16087E+02  0.97092E+03  0.10000E+01
    5.0140   1.8940  30.7124   0.4550   2.6639  0.64032E+03  0.64015E+03  0.16183E+00  0.65260E+03  0.41522E-05  0.10536E+02  0.64207E+03  0.10000E+01
    5.0140   1.8940  32.8911   0.5200   3.0445  0.35970E+03  0.35915E+03  0.54498E+00  0.36048E+03  0.17174E-06  0.62055E+01  0.35427E+03  0.10000E+01
    5.0140   1.7940  19.7422   0.1750   1.0574  0.79911E+04  0.79848E+04  0.63082E+01  0.92734E+04  0.20089E+01  0.26307E+03  0.90083E+04  0.10000E+01
    5.0140   1.7940  20.3042   0.1850   1.1179  0.71005E+04  0.70953E+04  0.52253E+01  0.81839E+04  0.12137E+01  0.22415E+03  0.79585E+04  0.10000E+01
    5.0140   1.7940  20.8518   0.1950   1.1783  0.63321E+04  0.63278E+04  0.42902E+01  0.72507E+04  0.73899E+00  0.19198E+03  0.70580E+04  0.10000E+01
    5.0140   1.7940  21.3859   0.2050   1.2387  0.56655E+04  0.56620E+04  0.34870E+01  0.64467E+04  0.45307E+00  0.16523E+03  0.62810E+04  0.10000E+01
    5.0140   1.7940  21.9076   0.2150   1.2991  0.50841E+04  0.50813E+04  0.28009E+01  0.57501E+04  0.27938E+00  0.14283E+03  0.56070E+04  0.10000E+01
    5.0140   1.7940  22.4177   0.2250   1.3596  0.45744E+04  0.45722E+04  0.22180E+01  0.51434E+04  0.17314E+00  0.12395E+03  0.50192E+04  0.10000E+01
    5.0140   1.7940  22.9171   0.2350   1.4200  0.41253E+04  0.41235E+04  0.17259E+01  0.46120E+04  0.10774E+00  0.10796E+03  0.45039E+04  0.10000E+01
    5.0140   1.7940  23.4063   0.2450   1.4804  0.37278E+04  0.37264E+04  0.13133E+01  0.41447E+04  0.67281E-01  0.94354E+02  0.40503E+04  0.10000E+01
    5.0140   1.7940  23.8861   0.2550   1.5408  0.33744E+04  0.33734E+04  0.97011E+00  0.37319E+04  0.42133E-01  0.82717E+02  0.36491E+04  0.10000E+01
    5.0140   1.7940  24.3570   0.2650   1.6012  0.30592E+04  0.30585E+04  0.68722E+00  0.33659E+04  0.26444E-01  0.72727E+02  0.32931E+04  0.10000E+01
    5.0140   1.7940  24.8195   0.2750   1.6617  0.27770E+04  0.27766E+04  0.45664E+00  0.30402E+04  0.16627E-01  0.64119E+02  0.29761E+04  0.10000E+01
    5.0140   1.7940  25.4985   0.2900   1.7523  0.24068E+04  0.24066E+04  0.19352E+00  0.26161E+04  0.83096E-02  0.53334E+02  0.25628E+04  0.10000E+01
    5.0140   1.7940  26.5942   0.3150   1.9034  0.19044E+04  0.19045E+04 -0.42371E-01  0.20472E+04  0.26231E-02  0.39765E+02  0.20075E+04  0.10000E+01
    5.0140   1.7940  27.8562   0.3450   2.0847  0.14450E+04  0.14451E+04 -0.11286E+00  0.15348E+04  0.65665E-03  0.28510E+02  0.15063E+04  0.10000E+01
    5.0140   1.7940  29.0676   0.3750   2.2659  0.11000E+04  0.11001E+04 -0.10599E+00  0.11558E+04  0.16305E-03  0.20743E+02  0.11351E+04  0.10000E+01
    5.0140   1.7940  30.4251   0.4100   2.4774  0.80251E+03  0.80255E+03 -0.45613E-01  0.83369E+03  0.31533E-04  0.14545E+02  0.81915E+03  0.10000E+01
    5.0140   1.7940  32.0940   0.4550   2.7493  0.53683E+03  0.53671E+03  0.11585E+00  0.55036E+03  0.36691E-05  0.94505E+01  0.54091E+03  0.10000E+01
    5.0140   1.7940  34.3765   0.5200   3.1421  0.30094E+03  0.30053E+03  0.40822E+00  0.30331E+03  0.14903E-06  0.54608E+01  0.29785E+03  0.10000E+01
    5.0140   1.6940  20.6391   0.1750   1.0903  0.67352E+04  0.67302E+04  0.50223E+01  0.78903E+04  0.18911E+01  0.24125E+03  0.76471E+04  0.10000E+01
    5.0140   1.6940  21.2273   0.1850   1.1526  0.59841E+04  0.59799E+04  0.41596E+01  0.69606E+04  0.11406E+01  0.20478E+03  0.67547E+04  0.10000E+01
    5.0140   1.6940  21.8003   0.1950   1.2149  0.53362E+04  0.53328E+04  0.34156E+01  0.61655E+04  0.69336E+00  0.17548E+03  0.59894E+04  0.10000E+01
    5.0140   1.6940  22.3593   0.2050   1.2772  0.47742E+04  0.47714E+04  0.27773E+01  0.54805E+04  0.42437E+00  0.15111E+03  0.53290E+04  0.10000E+01
    5.0140   1.6940  22.9053   0.2150   1.3395  0.42839E+04  0.42817E+04  0.22325E+01  0.48872E+04  0.26125E+00  0.13069E+03  0.47563E+04  0.10000E+01
    5.0140   1.6940  23.4394   0.2250   1.4018  0.38539E+04  0.38522E+04  0.17699E+01  0.43703E+04  0.16160E+00  0.11351E+03  0.42567E+04  0.10000E+01
    5.0140   1.6940  23.9621   0.2350   1.4641  0.34753E+04  0.34739E+04  0.13797E+01  0.39180E+04  0.10038E+00  0.98912E+02  0.38190E+04  0.10000E+01
    5.0140   1.6940  24.4744   0.2450   1.5264  0.31401E+04  0.31391E+04  0.10526E+01  0.35201E+04  0.62564E-01  0.86478E+02  0.34336E+04  0.10000E+01
    5.0140   1.6940  24.9768   0.2550   1.5887  0.28422E+04  0.28414E+04  0.78049E+00  0.31688E+04  0.39103E-01  0.75840E+02  0.30929E+04  0.10000E+01
    5.0140   1.6940  25.4699   0.2650   1.6510  0.25765E+04  0.25759E+04  0.55622E+00  0.28574E+04  0.24496E-01  0.66703E+02  0.27906E+04  0.10000E+01
    5.0140   1.6940  25.9542   0.2750   1.7133  0.23386E+04  0.23382E+04  0.37333E+00  0.25803E+04  0.15373E-01  0.58826E+02  0.25215E+04  0.10000E+01
    5.0140   1.6940  26.6653   0.2900   1.8067  0.20265E+04  0.20263E+04  0.16433E+00  0.22196E+04  0.76597E-02  0.48949E+02  0.21706E+04  0.10000E+01
    5.0140   1.6940  27.8131   0.3150   1.9625  0.16028E+04  0.16029E+04 -0.26660E-01  0.17357E+04  0.24054E-02  0.36490E+02  0.16992E+04  0.10000E+01
    5.0140   1.6940  29.1354   0.3450   2.1494  0.12156E+04  0.12157E+04 -0.81271E-01  0.13003E+04  0.59821E-03  0.26137E+02  0.12742E+04  0.10000E+01
    5.0140   1.6940  30.4050   0.3750   2.3363  0.92495E+03  0.92503E+03 -0.78160E-01  0.97851E+03  0.14754E-03  0.18992E+02  0.95952E+03  0.10000E+01
    5.0140   1.6940  31.8282   0.4100   2.5543  0.67424E+03  0.67428E+03 -0.35470E-01  0.70510E+03  0.28294E-04  0.13290E+02  0.69181E+03  0.10000E+01
    5.0140   1.6940  33.5784   0.4550   2.8347  0.45059E+03  0.45051E+03  0.83130E-01  0.46491E+03  0.32552E-05  0.85921E+01  0.45632E+03  0.10000E+01
    5.0140   1.6940  35.9733   0.5200   3.2397  0.25208E+03  0.25177E+03  0.30683E+00  0.25562E+03  0.12990E-06  0.48802E+01  0.25074E+03  0.10000E+01
    5.0140   1.5990  20.6007   0.1600   1.0253  0.68828E+04  0.68775E+04  0.52976E+01  0.82352E+04  0.38981E+01  0.28479E+03  0.79465E+04  0.10000E+01
    5.0140   1.5990  21.5558   0.1750   1.1215  0.57200E+04  0.57160E+04  0.40475E+01  0.67662E+04  0.17901E+01  0.22186E+03  0.65426E+04  0.10000E+01
    5.0140   1.5990  22.1707   0.1850   1.1856  0.50823E+04  0.50789E+04  0.33516E+01  0.59689E+04  0.10781E+01  0.18933E+03  0.57785E+04  0.10000E+01
    5.0140   1.5990  22.7698   0.1950   1.2496  0.45322E+04  0.45294E+04  0.27523E+01  0.52862E+04  0.65440E+00  0.16236E+03  0.51232E+04  0.10000E+01
    5.0140   1.5990  23.3544   0.2050   1.3137  0.40548E+04  0.40526E+04  0.22385E+01  0.46980E+04  0.39988E+00  0.13988E+03  0.45577E+04  0.10000E+01
    5.0140   1.5990  23.9254   0.2150   1.3778  0.36384E+04  0.36366E+04  0.18004E+01  0.41887E+04  0.24578E+00  0.12105E+03  0.40674E+04  0.10000E+01
    5.0140   1.5990  24.4839   0.2250   1.4419  0.32733E+04  0.32718E+04  0.14288E+01  0.37451E+04  0.15179E+00  0.10516E+03  0.36398E+04  0.10000E+01
    5.0140   1.5990  25.0307   0.2350   1.5060  0.29515E+04  0.29504E+04  0.11154E+01  0.33568E+04  0.94123E-01  0.91688E+02  0.32650E+04  0.10000E+01
    5.0140   1.5990  25.5666   0.2450   1.5701  0.26668E+04  0.26659E+04  0.85281E+00  0.30154E+04  0.58561E-01  0.80205E+02  0.29351E+04  0.10000E+01
    5.0140   1.5990  26.0921   0.2550   1.6341  0.24138E+04  0.24132E+04  0.63450E+00  0.27140E+04  0.36540E-01  0.70377E+02  0.26436E+04  0.10000E+01
    5.0140   1.5990  26.6081   0.2650   1.6982  0.21880E+04  0.21875E+04  0.45445E+00  0.24468E+04  0.22847E-01  0.61925E+02  0.23849E+04  0.10000E+01
    5.0140   1.5990  27.1148   0.2750   1.7623  0.19859E+04  0.19856E+04  0.30762E+00  0.22092E+04  0.14312E-01  0.54637E+02  0.21546E+04  0.10000E+01
    5.0140   1.5990  27.8590   0.2900   1.8584  0.17207E+04  0.17205E+04  0.13960E+00  0.18998E+04  0.71110E-02  0.45488E+02  0.18543E+04  0.10000E+01
    5.0140   1.5990  29.0604   0.3150   2.0186  0.13606E+04  0.13607E+04 -0.16750E-01  0.14849E+04  0.22221E-02  0.33921E+02  0.14510E+04  0.10000E+01
    5.0140   1.5990  30.4447   0.3450   2.2109  0.10316E+04  0.10317E+04 -0.59293E-01  0.11117E+04  0.54930E-03  0.24293E+02  0.10874E+04  0.10000E+01
    5.0140   1.5990  31.7743   0.3750   2.4031  0.78467E+03  0.78473E+03 -0.58278E-01  0.83609E+03  0.13460E-03  0.17640E+02  0.81845E+03  0.10000E+01
    5.0140   1.5990  33.2651   0.4100   2.6274  0.57172E+03  0.57175E+03 -0.27642E-01  0.60199E+03  0.25616E-04  0.12324E+02  0.58966E+03  0.10000E+01
    5.0140   1.5990  35.0993   0.4550   2.9158  0.38167E+03  0.38161E+03  0.60745E-01  0.39644E+03  0.29158E-05  0.79519E+01  0.38849E+03  0.10000E+01
    5.0140   1.5990  37.6104   0.5200   3.3324  0.21313E+03  0.21290E+03  0.23455E+00  0.21751E+03  0.11444E-06  0.44506E+01  0.21306E+03  0.10000E+01
    5.0140   1.5090  21.4941   0.1600   1.0524  0.58873E+04  0.58830E+04  0.43218E+01  0.71193E+04  0.37167E+01  0.26545E+03  0.68501E+04  0.10000E+01
    5.0140   1.5090  22.4916   0.1750   1.1510  0.48934E+04  0.48901E+04  0.32998E+01  0.58483E+04  0.17035E+01  0.20705E+03  0.56396E+04  0.10000E+01
    5.0140   1.5090  23.1339   0.1850   1.2168  0.43482E+04  0.43455E+04  0.27319E+01  0.51586E+04  0.10245E+01  0.17676E+03  0.49808E+04  0.10000E+01
    5.0140   1.5090  23.7598   0.1950   1.2826  0.38779E+04  0.38756E+04  0.22432E+01  0.45682E+04  0.62100E+00  0.15170E+03  0.44158E+04  0.10000E+01
    5.0140   1.5090  24.3705   0.2050   1.3483  0.34697E+04  0.34679E+04  0.18249E+01  0.40596E+04  0.37894E+00  0.13081E+03  0.39284E+04  0.10000E+01
    5.0140   1.5090  24.9672   0.2150   1.4141  0.31136E+04  0.31121E+04  0.14684E+01  0.36189E+04  0.23255E+00  0.11327E+03  0.35054E+04  0.10000E+01
    5.0140   1.5090  25.5508   0.2250   1.4799  0.28012E+04  0.28001E+04  0.11662E+01  0.32353E+04  0.14340E+00  0.98474E+02  0.31366E+04  0.10000E+01
    5.0140   1.5090  26.1223   0.2350   1.5457  0.25260E+04  0.25250E+04  0.91154E+00  0.28994E+04  0.88779E-01  0.85917E+02  0.28134E+04  0.10000E+01
    5.0140   1.5090  26.6823   0.2450   1.6114  0.22824E+04  0.22817E+04  0.69829E+00  0.26042E+04  0.55153E-01  0.75209E+02  0.25290E+04  0.10000E+01
    5.0140   1.5090  27.2317   0.2550   1.6772  0.20659E+04  0.20653E+04  0.52097E+00  0.23436E+04  0.34354E-01  0.66033E+02  0.22775E+04  0.10000E+01
    5.0140   1.5090  27.7710   0.2650   1.7430  0.18727E+04  0.18723E+04  0.37479E+00  0.21126E+04  0.21446E-01  0.58139E+02  0.20545E+04  0.10000E+01
    5.0140   1.5090  28.3008   0.2750   1.8087  0.16997E+04  0.16995E+04  0.25549E+00  0.19072E+04  0.13411E-01  0.51325E+02  0.18559E+04  0.10000E+01
    5.0140   1.5090  29.0790   0.2900   1.9074  0.14727E+04  0.14726E+04  0.11887E+00  0.16398E+04  0.66454E-02  0.42762E+02  0.15970E+04  0.10000E+01
    5.0140   1.5090  30.3353   0.3150   2.0718  0.11645E+04  0.11645E+04 -0.10456E-01  0.12811E+04  0.20675E-02  0.31912E+02  0.12492E+04  0.10000E+01
    5.0140   1.5090  31.7835   0.3450   2.2692  0.88269E+03  0.88274E+03 -0.43807E-01  0.95861E+03  0.50814E-03  0.22859E+02  0.93575E+03  0.10000E+01
    5.0140   1.5090  33.1748   0.3750   2.4665  0.67122E+03  0.67126E+03 -0.43927E-01  0.72054E+03  0.12378E-03  0.16595E+02  0.70394E+03  0.10000E+01
    5.0140   1.5090  34.7354   0.4100   2.6967  0.48885E+03  0.48887E+03 -0.21623E-01  0.51846E+03  0.23383E-04  0.11587E+02  0.50687E+03  0.10000E+01
    5.0140   1.5090  36.6561   0.4550   2.9927  0.32610E+03  0.32605E+03  0.45156E-01  0.34109E+03  0.26356E-05  0.74732E+01  0.33362E+03  0.10000E+01
    5.0140   1.5090  39.2873   0.5200   3.4202  0.18181E+03  0.18163E+03  0.18217E+00  0.18679E+03  0.10186E-06  0.41352E+01  0.18265E+03  0.10000E+01
    5.0140   1.4190  22.4601   0.1600   1.0794  0.50266E+04  0.50231E+04  0.35251E+01  0.61504E+04  0.35522E+01  0.24866E+03  0.58982E+04  0.10000E+01
    5.0140   1.4190  23.5037   0.1750   1.1806  0.41789E+04  0.41762E+04  0.26896E+01  0.50518E+04  0.16249E+01  0.19425E+03  0.48560E+04  0.10000E+01
    5.0140   1.4190  24.1758   0.1850   1.2480  0.37138E+04  0.37116E+04  0.22260E+01  0.44557E+04  0.97597E+00  0.16599E+03  0.42888E+04  0.10000E+01
    5.0140   1.4190  24.8307   0.1950   1.3155  0.33126E+04  0.33107E+04  0.18277E+01  0.39455E+04  0.59079E+00  0.14259E+03  0.38024E+04  0.10000E+01
    5.0140   1.4190  25.4698   0.2050   1.3830  0.29643E+04  0.29629E+04  0.14870E+01  0.35061E+04  0.36001E+00  0.12306E+03  0.33827E+04  0.10000E+01
    5.0140   1.4190  26.0944   0.2150   1.4504  0.26604E+04  0.26592E+04  0.11969E+01  0.31253E+04  0.22059E+00  0.10666E+03  0.30184E+04  0.10000E+01
    5.0140   1.4190  26.7053   0.2250   1.5179  0.23938E+04  0.23928E+04  0.95128E+00  0.27937E+04  0.13583E+00  0.92808E+02  0.27008E+04  0.10000E+01
    5.0140   1.4190  27.3035   0.2350   1.5853  0.21588E+04  0.21580E+04  0.74440E+00  0.25036E+04  0.83969E-01  0.81045E+02  0.24224E+04  0.10000E+01
    5.0140   1.4190  27.8899   0.2450   1.6528  0.19507E+04  0.19501E+04  0.57121E+00  0.22485E+04  0.52080E-01  0.70999E+02  0.21775E+04  0.10000E+01
    5.0140   1.4190  28.4651   0.2550   1.7203  0.17658E+04  0.17653E+04  0.42727E+00  0.20233E+04  0.32390E-01  0.62389E+02  0.19609E+04  0.10000E+01
    5.0140   1.4190  29.0299   0.2650   1.7877  0.16008E+04  0.16005E+04  0.30859E+00  0.18237E+04  0.20187E-01  0.54972E+02  0.17687E+04  0.10000E+01
    5.0140   1.4190  29.5849   0.2750   1.8552  0.14530E+04  0.14528E+04  0.21170E+00  0.16462E+04  0.12601E-01  0.48562E+02  0.15976E+04  0.10000E+01
    5.0140   1.4190  30.3999   0.2900   1.9564  0.12590E+04  0.12589E+04  0.10070E+00  0.14151E+04  0.62288E-02  0.40501E+02  0.13746E+04  0.10000E+01
    5.0140   1.4190  31.7163   0.3150   2.1250  0.99551E+03  0.99552E+03 -0.62588E-02  0.11052E+04  0.19290E-02  0.30261E+02  0.10750E+04  0.10000E+01
    5.0140   1.4190  33.2340   0.3450   2.3274  0.75455E+03  0.75458E+03 -0.32206E-01  0.82662E+03  0.47148E-03  0.21695E+02  0.80493E+03  0.10000E+01
    5.0140   1.4190  34.6927   0.3750   2.5298  0.57369E+03  0.57372E+03 -0.32929E-01  0.62105E+03  0.11417E-03  0.15759E+02  0.60529E+03  0.10000E+01
    5.0140   1.4190  36.3295   0.4100   2.7659  0.41770E+03  0.41771E+03 -0.16759E-01  0.44660E+03  0.21413E-04  0.11002E+02  0.43560E+03  0.10000E+01
    5.0140   1.4190  38.3450   0.4550   3.0695  0.27845E+03  0.27842E+03  0.33570E-01  0.29354E+03  0.23899E-05  0.70927E+01  0.28645E+03  0.10000E+01
    5.0140   1.4190  41.1078   0.5200   3.5080  0.15506E+03  0.15492E+03  0.14165E+00  0.16049E+03  0.90977E-07  0.38968E+01  0.15660E+03  0.10000E+01
    5.0140   1.3340  23.4504   0.1600   1.1049  0.43199E+04  0.43170E+04  0.29059E+01  0.53518E+04  0.34110E+01  0.23491E+03  0.51135E+04  0.10000E+01
    5.0140   1.3340  24.5414   0.1750   1.2085  0.35924E+04  0.35902E+04  0.22155E+01  0.43954E+04  0.15576E+01  0.18379E+03  0.42101E+04  0.10000E+01
    5.0140   1.3340  25.2441   0.1850   1.2775  0.31932E+04  0.31914E+04  0.18331E+01  0.38769E+04  0.93444E+00  0.15723E+03  0.37187E+04  0.10000E+01
    5.0140   1.3340  25.9290   0.1950   1.3466  0.28487E+04  0.28472E+04  0.15048E+01  0.34329E+04  0.56492E+00  0.13520E+03  0.32972E+04  0.10000E+01
    5.0140   1.3340  26.5974   0.2050   1.4157  0.25497E+04  0.25485E+04  0.12244E+01  0.30506E+04  0.34379E+00  0.11681E+03  0.29334E+04  0.10000E+01
    5.0140   1.3340  27.2506   0.2150   1.4847  0.22887E+04  0.22877E+04  0.98582E+00  0.27193E+04  0.21039E+00  0.10135E+03  0.26177E+04  0.10000E+01
    5.0140   1.3340  27.8896   0.2250   1.5538  0.20597E+04  0.20589E+04  0.78397E+00  0.24306E+04  0.12937E+00  0.88276E+02  0.23422E+04  0.10000E+01
    5.0140   1.3340  28.5155   0.2350   1.6228  0.18577E+04  0.18571E+04  0.61404E+00  0.21781E+04  0.79862E-01  0.77159E+02  0.21008E+04  0.10000E+01
    5.0140   1.3340  29.1290   0.2450   1.6919  0.16789E+04  0.16784E+04  0.47187E+00  0.19560E+04  0.49463E-01  0.67656E+02  0.18883E+04  0.10000E+01
    5.0140   1.3340  29.7310   0.2550   1.7610  0.15198E+04  0.15195E+04  0.35373E+00  0.17600E+04  0.30715E-01  0.59502E+02  0.17005E+04  0.10000E+01
    5.0140   1.3340  30.3220   0.2650   1.8300  0.13780E+04  0.13777E+04  0.25636E+00  0.15863E+04  0.19115E-01  0.52475E+02  0.15338E+04  0.10000E+01
    5.0140   1.3340  30.9029   0.2750   1.8991  0.12509E+04  0.12507E+04  0.17684E+00  0.14318E+04  0.11913E-01  0.46396E+02  0.13854E+04  0.10000E+01
    5.0140   1.3340  31.7561   0.2900   2.0026  0.10840E+04  0.10839E+04  0.85673E-01  0.12307E+04  0.58747E-02  0.38740E+02  0.11920E+04  0.10000E+01
    5.0140   1.3340  33.1344   0.3150   2.1753  0.85724E+03  0.85725E+03 -0.36343E-02  0.96103E+03  0.18119E-02  0.28993E+02  0.93204E+03  0.10000E+01
    5.0140   1.3340  34.7242   0.3450   2.3825  0.64974E+03  0.64976E+03 -0.23949E-01  0.71848E+03  0.44052E-03  0.20814E+02  0.69766E+03  0.10000E+01
    5.0140   1.3340  36.2527   0.3750   2.5896  0.49397E+03  0.49400E+03 -0.24929E-01  0.53957E+03  0.10609E-03  0.15133E+02  0.52444E+03  0.10000E+01
    5.0140   1.3340  37.9685   0.4100   2.8313  0.35959E+03  0.35960E+03 -0.13055E-01  0.38781E+03  0.19763E-04  0.10574E+02  0.37724E+03  0.10000E+01
    5.0140   1.3340  40.0824   0.4550   3.1421  0.23960E+03  0.23957E+03  0.25356E-01  0.25468E+03  0.21856E-05  0.68088E+01  0.24787E+03  0.10000E+01
    5.0140   1.3340  42.9822   0.5200   3.5909  0.13324E+03  0.13313E+03  0.11175E+00  0.13902E+03  0.82028E-07  0.37324E+01  0.13528E+03  0.10000E+01
    5.0140   1.2540  24.4635   0.1600   1.1289  0.37367E+04  0.37342E+04  0.24200E+01  0.46896E+04  0.32899E+01  0.22355E+03  0.44628E+04  0.10000E+01
    5.0140   1.2540  25.6031   0.1750   1.2348  0.31084E+04  0.31066E+04  0.18437E+01  0.38519E+04  0.15001E+01  0.17523E+03  0.36752E+04  0.10000E+01
    5.0140   1.2540  26.3373   0.1850   1.3053  0.27637E+04  0.27621E+04  0.15249E+01  0.33975E+04  0.89891E+00  0.15007E+03  0.32465E+04  0.10000E+01
    5.0140   1.2540  27.0529   0.1950   1.3759  0.24661E+04  0.24648E+04  0.12517E+01  0.30085E+04  0.54284E+00  0.12920E+03  0.28788E+04  0.10000E+01
    5.0140   1.2540  27.7514   0.2050   1.4464  0.22077E+04  0.22067E+04  0.10184E+01  0.26734E+04  0.32997E+00  0.11175E+03  0.25613E+04  0.10000E+01
    5.0140   1.2540  28.4341   0.2150   1.5170  0.19821E+04  0.19812E+04  0.82017E+00  0.23832E+04  0.20169E+00  0.97069E+02  0.22859E+04  0.10000E+01
    5.0140   1.2540  29.1021   0.2250   1.5876  0.17840E+04  0.17834E+04  0.65253E+00  0.21303E+04  0.12386E+00  0.84636E+02  0.20455E+04  0.10000E+01
    5.0140   1.2540  29.7564   0.2350   1.6581  0.16094E+04  0.16089E+04  0.51151E+00  0.19090E+04  0.76364E-01  0.74274E+02  0.18347E+04  0.10000E+01
    5.0140   1.2540  30.3979   0.2450   1.7287  0.14547E+04  0.14543E+04  0.39356E+00  0.17143E+04  0.47232E-01  0.65007E+02  0.16492E+04  0.10000E+01
    5.0140   1.2540  31.0273   0.2550   1.7992  0.13171E+04  0.13168E+04  0.29560E+00  0.15424E+04  0.29292E-01  0.57226E+02  0.14852E+04  0.10000E+01
    5.0140   1.2540  31.6455   0.2650   1.8698  0.11942E+04  0.11940E+04  0.21485E+00  0.13901E+04  0.18203E-01  0.50517E+02  0.13396E+04  0.10000E+01
    5.0140   1.2540  32.2530   0.2750   1.9403  0.10842E+04  0.10841E+04  0.14892E+00  0.12547E+04  0.11330E-01  0.44707E+02  0.12100E+04  0.10000E+01
    5.0140   1.2540  33.1456   0.2900   2.0462  0.93976E+03  0.93969E+03  0.73277E-01  0.10784E+04  0.55744E-02  0.37381E+02  0.10410E+04  0.10000E+01
    5.0140   1.2540  34.5879   0.3150   2.2226  0.74330E+03  0.74331E+03 -0.20015E-02  0.84195E+03  0.17127E-02  0.28030E+02  0.81392E+03  0.10000E+01
    5.0140   1.2540  36.2521   0.3450   2.4343  0.56344E+03  0.56346E+03 -0.18012E-01  0.62929E+03  0.41437E-03  0.20159E+02  0.60913E+03  0.10000E+01
    5.0140   1.2540  37.8527   0.3750   2.6459  0.42838E+03  0.42840E+03 -0.19060E-01  0.47245E+03  0.99288E-04  0.14679E+02  0.45777E+03  0.10000E+01
    5.0140   1.2540  39.6504   0.4100   2.8929  0.31181E+03  0.31182E+03 -0.10229E-01  0.33942E+03  0.18379E-04  0.10270E+02  0.32915E+03  0.10000E+01
    5.0140   1.2540  41.8664   0.4550   3.2104  0.20768E+03  0.20766E+03  0.19446E-01  0.22274E+03  0.20153E-05  0.66136E+01  0.21612E+03  0.10000E+01
    5.0140   1.2540  44.9087   0.5200   3.6690  0.11537E+03  0.11528E+03  0.89384E-01  0.12143E+03  0.74637E-07  0.36295E+01  0.11780E+03  0.10000E+01
    5.0140   1.1790  25.4967   0.1600   1.1514  0.32530E+04  0.32510E+04  0.20355E+01  0.41383E+04  0.31868E+01  0.21416E+03  0.39210E+04  0.10000E+01
    5.0140   1.1790  26.6862   0.1750   1.2594  0.27071E+04  0.27056E+04  0.15496E+01  0.33993E+04  0.14510E+01  0.16818E+03  0.32297E+04  0.10000E+01
    5.0140   1.1790  27.4526   0.1850   1.3314  0.24075E+04  0.24062E+04  0.12813E+01  0.29984E+04  0.86868E+00  0.14421E+03  0.28533E+04  0.10000E+01
    5.0140   1.1790  28.1997   0.1950   1.4033  0.21488E+04  0.21477E+04  0.10515E+01  0.26553E+04  0.52406E+00  0.12430E+03  0.25304E+04  0.10000E+01
    5.0140   1.1790  28.9291   0.2050   1.4753  0.19241E+04  0.19232E+04  0.85550E+00  0.23597E+04  0.31821E+00  0.10765E+03  0.22518E+04  0.10000E+01
    5.0140   1.1790  29.6421   0.2150   1.5473  0.17278E+04  0.17271E+04  0.68908E+00  0.21036E+04  0.19429E+00  0.93615E+02  0.20098E+04  0.10000E+01
    5.0140   1.1790  30.3398   0.2250   1.6192  0.15555E+04  0.15550E+04  0.54845E+00  0.18805E+04  0.11918E+00  0.81722E+02  0.17986E+04  0.10000E+01
    5.0140   1.1790  31.0233   0.2350   1.6912  0.14035E+04  0.14031E+04  0.43021E+00  0.16851E+04  0.73391E-01  0.71587E+02  0.16135E+04  0.10000E+01
    5.0140   1.1790  31.6934   0.2450   1.7631  0.12688E+04  0.12685E+04  0.33139E+00  0.15133E+04  0.45343E-01  0.62910E+02  0.14504E+04  0.10000E+01
    5.0140   1.1790  32.3512   0.2550   1.8351  0.11490E+04  0.11487E+04  0.24930E+00  0.13616E+04  0.28083E-01  0.55444E+02  0.13061E+04  0.10000E+01
    5.0140   1.1790  32.9972   0.2650   1.9071  0.10420E+04  0.10418E+04  0.18166E+00  0.12272E+04  0.17429E-01  0.48992E+02  0.11781E+04  0.10000E+01
    5.0140   1.1790  33.6321   0.2750   1.9790  0.94613E+03  0.94600E+03  0.12644E+00  0.11076E+04  0.10835E-01  0.43403E+02  0.10642E+04  0.10000E+01
    5.0140   1.1790  34.5653   0.2900   2.0870  0.82019E+03  0.82013E+03  0.63039E-01  0.95196E+03  0.53197E-02  0.36345E+02  0.91561E+03  0.10000E+01
    5.0140   1.1790  36.0734   0.3150   2.2669  0.64890E+03  0.64890E+03 -0.99263E-03  0.74317E+03  0.16288E-02  0.27315E+02  0.71585E+03  0.10000E+01
    5.0140   1.1790  37.8143   0.3450   2.4828  0.49196E+03  0.49198E+03 -0.13700E-01  0.55533E+03  0.39230E-03  0.19689E+02  0.53564E+03  0.10000E+01
    5.0140   1.1790  39.4894   0.3750   2.6987  0.37408E+03  0.37409E+03 -0.14718E-01  0.41683E+03  0.93557E-04  0.14364E+02  0.40247E+03  0.10000E+01
    5.0140   1.1790  41.3717   0.4100   2.9506  0.27227E+03  0.27227E+03 -0.80679E-02  0.29935E+03  0.17218E-04  0.10067E+02  0.28928E+03  0.10000E+01
    5.0140   1.1790  43.6934   0.4550   3.2744  0.18131E+03  0.18129E+03  0.15138E-01  0.19633E+03  0.18731E-05  0.64915E+01  0.18984E+03  0.10000E+01
    5.0140   1.1790  46.8837   0.5200   3.7422  0.10064E+03  0.10057E+03  0.72455E-01  0.10692E+03  0.68513E-07  0.35727E+01  0.10334E+03  0.10000E+01
    5.0140   1.1090  26.5464   0.1600   1.1725  0.28504E+04  0.28487E+04  0.17288E+01  0.36770E+04  0.30992E+01  0.20633E+03  0.34676E+04  0.10000E+01
    5.0140   1.1090  27.7867   0.1750   1.2824  0.23731E+04  0.23717E+04  0.13153E+01  0.30210E+04  0.14094E+01  0.16236E+03  0.28572E+04  0.10000E+01
    5.0140   1.1090  28.5860   0.1850   1.3557  0.21109E+04  0.21098E+04  0.10872E+01  0.26650E+04  0.84308E+00  0.13940E+03  0.25248E+04  0.10000E+01
    5.0140   1.1090  29.3654   0.1950   1.4289  0.18846E+04  0.18837E+04  0.89198E+00  0.23601E+04  0.50812E+00  0.12031E+03  0.22393E+04  0.10000E+01
    5.0140   1.1090  30.1263   0.2050   1.5022  0.16879E+04  0.16872E+04  0.72568E+00  0.20977E+04  0.30825E+00  0.10432E+03  0.19930E+04  0.10000E+01
    5.0140   1.1090  30.8702   0.2150   1.5755  0.15161E+04  0.15155E+04  0.58458E+00  0.18701E+04  0.18803E+00  0.90833E+02  0.17791E+04  0.10000E+01
    5.0140   1.1090  31.5983   0.2250   1.6488  0.13652E+04  0.13648E+04  0.46542E+00  0.16719E+04  0.11522E+00  0.79390E+02  0.15924E+04  0.10000E+01
    5.0140   1.1090  32.3116   0.2350   1.7221  0.12321E+04  0.12317E+04  0.36530E+00  0.14983E+04  0.70883E-01  0.69631E+02  0.14286E+04  0.10000E+01
    5.0140   1.1090  33.0112   0.2450   1.7953  0.11140E+04  0.11138E+04  0.28164E+00  0.13456E+04  0.43742E-01  0.61263E+02  0.12843E+04  0.10000E+01
    5.0140   1.1090  33.6978   0.2550   1.8686  0.10090E+04  0.10088E+04  0.21219E+00  0.12108E+04  0.27064E-01  0.54057E+02  0.11567E+04  0.10000E+01
    5.0140   1.1090  34.3723   0.2650   1.9419  0.91520E+03  0.91504E+03  0.15497E+00  0.10912E+04  0.16778E-01  0.47824E+02  0.10433E+04  0.10000E+01
    5.0140   1.1090  35.0355   0.2750   2.0152  0.83112E+03  0.83101E+03  0.10824E+00  0.98488E+03  0.10416E-01  0.42414E+02  0.94245E+03  0.10000E+01
    5.0140   1.1090  36.0101   0.2900   2.1251  0.72065E+03  0.72059E+03  0.54584E-01  0.84647E+03  0.51052E-02  0.35572E+02  0.81090E+03  0.10000E+01
    5.0140   1.1090  37.5859   0.3150   2.3083  0.57031E+03  0.57031E+03 -0.37812E-03  0.66083E+03  0.15580E-02  0.26801E+02  0.63403E+03  0.10000E+01
    5.0140   1.1090  39.4055   0.3450   2.5281  0.43248E+03  0.43249E+03 -0.10540E-01  0.49377E+03  0.37375E-03  0.19368E+02  0.47440E+03  0.10000E+01
    5.0140   1.1090  41.1574   0.3750   2.7480  0.32888E+03  0.32889E+03 -0.11481E-01  0.37054E+03  0.88736E-04  0.14163E+02  0.35638E+03  0.10000E+01
    5.0140   1.1090  43.1268   0.4100   3.0044  0.23939E+03  0.23940E+03 -0.64097E-02  0.26602E+03  0.16245E-04  0.99496E+01  0.25607E+03  0.10000E+01
    5.0140   1.1090  45.5577   0.4550   3.3342  0.15938E+03  0.15937E+03  0.11959E-01  0.17438E+03  0.17542E-05  0.64275E+01  0.16795E+03  0.10000E+01
    5.0140   1.1090  48.9011   0.5200   3.8105  0.88404E+02  0.88344E+02  0.59496E-01  0.94855E+02  0.63441E-07  0.35348E+01  0.91320E+02  0.10000E+01
    5.0140   1.0390  25.3979   0.1350   1.0070  0.34606E+04  0.34584E+04  0.22492E+01  0.46332E+04  0.11939E+02  0.30693E+03  0.43143E+04  0.10000E+01
    5.0140   1.0390  27.6927   0.1600   1.1935  0.24897E+04  0.24883E+04  0.14651E+01  0.32609E+04  0.30203E+01  0.19931E+03  0.30585E+04  0.10000E+01
    5.0140   1.0390  28.9889   0.1750   1.3054  0.20737E+04  0.20726E+04  0.11138E+01  0.26807E+04  0.13719E+01  0.15717E+03  0.25221E+04  0.10000E+01
    5.0140   1.0390  29.8243   0.1850   1.3800  0.18452E+04  0.18443E+04  0.92033E+00  0.23650E+04  0.81996E+00  0.13514E+03  0.22291E+04  0.10000E+01
    5.0140   1.0390  30.6390   0.1950   1.4546  0.16478E+04  0.16471E+04  0.75494E+00  0.20948E+04  0.49379E+00  0.11681E+03  0.19775E+04  0.10000E+01
    5.0140   1.0390  31.4346   0.2050   1.5291  0.14763E+04  0.14757E+04  0.61414E+00  0.18619E+04  0.29928E+00  0.10143E+03  0.17602E+04  0.10000E+01
    5.0140   1.0390  32.2125   0.2150   1.6037  0.13264E+04  0.13259E+04  0.49477E+00  0.16602E+04  0.18239E+00  0.88435E+02  0.15716E+04  0.10000E+01
    5.0140   1.0390  32.9740   0.2250   1.6783  0.11947E+04  0.11943E+04  0.39403E+00  0.14843E+04  0.11166E+00  0.77402E+02  0.14068E+04  0.10000E+01
    5.0140   1.0390  33.7202   0.2350   1.7529  0.10784E+04  0.10781E+04  0.30943E+00  0.13299E+04  0.68621E-01  0.67979E+02  0.12619E+04  0.10000E+01
    5.0140   1.0390  34.4521   0.2450   1.8275  0.97532E+03  0.97508E+03  0.23878E+00  0.11949E+04  0.42304E-01  0.59891E+02  0.11349E+04  0.10000E+01
    5.0140   1.0390  35.1706   0.2550   1.9021  0.88354E+03  0.88336E+03  0.18014E+00  0.10752E+04  0.26145E-01  0.52916E+02  0.10223E+04  0.10000E+01
    5.0140   1.0390  35.8766   0.2650   1.9767  0.80153E+03  0.80140E+03  0.13183E+00  0.96910E+03  0.16190E-01  0.46876E+02  0.92221E+03  0.10000E+01
    5.0140   1.0390  36.5708   0.2750   2.0513  0.72802E+03  0.72792E+03  0.92382E-01  0.87470E+03  0.10040E-01  0.41626E+02  0.83307E+03  0.10000E+01
    5.0140   1.0390  37.5912   0.2900   2.1632  0.63140E+03  0.63135E+03  0.47080E-01  0.75180E+03  0.49122E-02  0.34979E+02  0.71682E+03  0.10000E+01
    5.0140   1.0390  39.2416   0.3150   2.3497  0.49985E+03  0.49985E+03  0.32489E-04  0.58693E+03  0.14945E-02  0.26428E+02  0.56051E+03  0.10000E+01
    5.0140   1.0390  41.1484   0.3450   2.5734  0.37916E+03  0.37917E+03 -0.80457E-02  0.43855E+03  0.35708E-03  0.19157E+02  0.41939E+03  0.10000E+01
    5.0140   1.0390  42.9852   0.3750   2.7972  0.28838E+03  0.28839E+03 -0.88829E-02  0.32905E+03  0.84419E-04  0.14049E+02  0.31500E+03  0.10000E+01
    5.0140   1.0390  45.0514   0.4100   3.0583  0.20993E+03  0.20993E+03 -0.50444E-02  0.23619E+03  0.15372E-04  0.98990E+01  0.22629E+03  0.10000E+01
    5.0140   1.0390  47.6036   0.4550   3.3940  0.13976E+03  0.13975E+03  0.94234E-02  0.15475E+03  0.16482E-05  0.64127E+01  0.14834E+03  0.10000E+01
    5.0140   1.0390  51.1178   0.5200   3.8788  0.77474E+02  0.77425E+02  0.48779E-01  0.84094E+02  0.58940E-07  0.35303E+01  0.80564E+02  0.10000E+01
    5.0140   0.9740  26.4640   0.1350   1.0235  0.30395E+04  0.30376E+04  0.19270E+01  0.41315E+04  0.11698E+02  0.29651E+03  0.38233E+04  0.10000E+01
    5.0140   0.9740  28.8590   0.1600   1.2130  0.21885E+04  0.21873E+04  0.12532E+01  0.29110E+04  0.29548E+01  0.19343E+03  0.27146E+04  0.10000E+01
    5.0140   0.9740  30.2122   0.1750   1.3267  0.18237E+04  0.18228E+04  0.95207E+00  0.23949E+04  0.13409E+01  0.15288E+03  0.22407E+04  0.10000E+01
    5.0140   0.9740  31.0846   0.1850   1.4025  0.16233E+04  0.16225E+04  0.78643E+00  0.21134E+04  0.80085E+00  0.13165E+03  0.19809E+04  0.10000E+01
    5.0140   0.9740  31.9355   0.1950   1.4783  0.14500E+04  0.14494E+04  0.64496E+00  0.18722E+04  0.48192E+00  0.11395E+03  0.17577E+04  0.10000E+01
    5.0140   0.9740  32.7666   0.2050   1.5541  0.12994E+04  0.12989E+04  0.52462E+00  0.16643E+04  0.29187E+00  0.99093E+02  0.15650E+04  0.10000E+01
    5.0140   0.9740  33.5794   0.2150   1.6300  0.11678E+04  0.11674E+04  0.42267E+00  0.14841E+04  0.17772E+00  0.86526E+02  0.13974E+04  0.10000E+01
    5.0140   0.9740  34.3752   0.2250   1.7058  0.10521E+04  0.10518E+04  0.33669E+00  0.13271E+04  0.10871E+00  0.75837E+02  0.12512E+04  0.10000E+01
    5.0140   0.9740  35.1551   0.2350   1.7816  0.94993E+03  0.94967E+03  0.26452E+00  0.11895E+04  0.66750E-01  0.66697E+02  0.11228E+04  0.10000E+01
    5.0140   0.9740  35.9202   0.2450   1.8574  0.85932E+03  0.85912E+03  0.20427E+00  0.10685E+04  0.41113E-01  0.58845E+02  0.10096E+04  0.10000E+01
    5.0140   0.9740  36.6715   0.2550   1.9332  0.77862E+03  0.77846E+03  0.15429E+00  0.96159E+03  0.25385E-01  0.52064E+02  0.90950E+03  0.10000E+01
    5.0140   0.9740  37.4098   0.2650   2.0090  0.70648E+03  0.70637E+03  0.11312E+00  0.86677E+03  0.15704E-01  0.46184E+02  0.82057E+03  0.10000E+01
    5.0140   0.9740  38.1358   0.2750   2.0848  0.64181E+03  0.64173E+03  0.79503E-01  0.78243E+03  0.97290E-02  0.41067E+02  0.74135E+03  0.10000E+01
    5.0140   0.9740  39.2035   0.2900   2.1986  0.55675E+03  0.55671E+03  0.40880E-01  0.67252E+03  0.47521E-02  0.34575E+02  0.63794E+03  0.10000E+01
    5.0140   0.9740  40.9308   0.3150   2.3881  0.44091E+03  0.44091E+03  0.72342E-03  0.52507E+03  0.14417E-02  0.26207E+02  0.49887E+03  0.10000E+01
    5.0140   0.9740  42.9275   0.3450   2.6155  0.33456E+03  0.33457E+03 -0.62096E-02  0.39235E+03  0.34326E-03  0.19060E+02  0.37329E+03  0.10000E+01
    5.0140   0.9740  44.8521   0.3750   2.8430  0.25451E+03  0.25452E+03 -0.69401E-02  0.29440E+03  0.80839E-04  0.14021E+02  0.28038E+03  0.10000E+01
    5.0140   0.9740  47.0184   0.4100   3.1083  0.18530E+03  0.18531E+03 -0.39995E-02  0.21128E+03  0.14651E-04  0.99128E+01  0.20137E+03  0.10000E+01
    5.0140   0.9740  49.6966   0.4550   3.4495  0.12335E+03  0.12334E+03  0.75317E-02  0.13837E+03  0.15605E-05  0.64440E+01  0.13193E+03  0.10000E+01
    5.0140   0.9740  53.3887   0.5200   3.9422  0.68344E+02  0.68303E+02  0.40486E-01  0.75128E+02  0.55237E-07  0.35540E+01  0.71574E+02  0.10000E+01
    5.0140   0.9190  27.4477   0.1350   1.0374  0.27154E+04  0.27137E+04  0.16868E+01  0.37428E+04  0.11517E+02  0.28819E+03  0.34431E+04  0.10000E+01
    5.0140   0.9190  29.9357   0.1600   1.2295  0.19566E+04  0.19555E+04  0.10955E+01  0.26398E+04  0.29057E+01  0.18887E+03  0.24480E+04  0.10000E+01
    5.0140   0.9190  31.3419   0.1750   1.3448  0.16311E+04  0.16303E+04  0.83175E+00  0.21733E+04  0.13176E+01  0.14958E+03  0.20224E+04  0.10000E+01
    5.0140   0.9190  32.2487   0.1850   1.4216  0.14522E+04  0.14515E+04  0.68684E+00  0.19186E+04  0.78647E+00  0.12900E+03  0.17888E+04  0.10000E+01
    5.0140   0.9190  33.1333   0.1950   1.4985  0.12976E+04  0.12970E+04  0.56317E+00  0.16999E+04  0.47298E+00  0.11181E+03  0.15876E+04  0.10000E+01
    5.0140   0.9190  33.9974   0.2050   1.5753  0.11631E+04  0.11627E+04  0.45804E+00  0.15114E+04  0.28628E+00  0.97357E+02  0.14138E+04  0.10000E+01
    5.0140   0.9190  34.8426   0.2150   1.6522  0.10455E+04  0.10452E+04  0.36904E+00  0.13480E+04  0.17421E+00  0.85126E+02  0.12627E+04  0.10000E+01
    5.0140   0.9190  35.6703   0.2250   1.7290  0.94217E+03  0.94188E+03  0.29402E+00  0.12055E+04  0.10649E+00  0.74711E+02  0.11307E+04  0.10000E+01
    5.0140   0.9190  36.4816   0.2350   1.8058  0.85087E+03  0.85064E+03  0.23108E+00  0.10807E+04  0.65343E-01  0.65794E+02  0.10148E+04  0.10000E+01
    5.0140   0.9190  37.2777   0.2450   1.8827  0.76986E+03  0.76968E+03  0.17855E+00  0.97085E+03  0.40216E-01  0.58119E+02  0.91269E+03  0.10000E+01
    5.0140   0.9190  38.0595   0.2550   1.9595  0.69770E+03  0.69756E+03  0.13499E+00  0.87379E+03  0.24812E-01  0.51487E+02  0.82228E+03  0.10000E+01
    5.0140   0.9190  38.8279   0.2650   2.0364  0.63318E+03  0.63308E+03  0.99114E-01  0.78771E+03  0.15338E-01  0.45732E+02  0.74196E+03  0.10000E+01
    5.0140   0.9190  39.5837   0.2750   2.1132  0.57530E+03  0.57523E+03  0.69821E-01  0.71111E+03  0.94946E-02  0.40716E+02  0.67038E+03  0.10000E+01
    5.0140   0.9190  40.6954   0.2900   2.2285  0.49917E+03  0.49914E+03  0.36161E-01  0.61130E+03  0.46318E-02  0.34344E+02  0.57696E+03  0.10000E+01
    5.0140   0.9190  42.4946   0.3150   2.4206  0.39545E+03  0.39544E+03  0.11257E-02  0.47734E+03  0.14021E-02  0.26108E+02  0.45124E+03  0.10000E+01
    5.0140   0.9190  44.5755   0.3450   2.6511  0.30015E+03  0.30016E+03 -0.49507E-02  0.35674E+03  0.33285E-03  0.19051E+02  0.33769E+03  0.10000E+01
    5.0140   0.9190  46.5824   0.3750   2.8817  0.22838E+03  0.22839E+03 -0.55895E-02  0.26769E+03  0.78145E-04  0.14058E+02  0.25363E+03  0.10000E+01
    5.0140   0.9190  48.8429   0.4100   3.1506  0.16630E+03  0.16630E+03 -0.32587E-02  0.19210E+03  0.14107E-04  0.99724E+01  0.18213E+03  0.10000E+01
    5.0140   0.9190  51.6398   0.4550   3.4964  0.11070E+03  0.11070E+03  0.62142E-02  0.12579E+03  0.14945E-05  0.65066E+01  0.11928E+03  0.10000E+01
    5.0140   0.9190  55.5002   0.5200   3.9959  0.61315E+02  0.61281E+02  0.34515E-01  0.68254E+02  0.52451E-07  0.36022E+01  0.64651E+02  0.10000E+01
    5.0140   0.8640  28.5191   0.1350   1.0513  0.24181E+04  0.24166E+04  0.14728E+01  0.33838E+04  0.11359E+02  0.28014E+03  0.30923E+04  0.10000E+01
    5.0140   0.8640  31.1089   0.1600   1.2460  0.17438E+04  0.17428E+04  0.95518E+00  0.23890E+04  0.28627E+01  0.18463E+03  0.22016E+04  0.10000E+01
    5.0140   0.8640  32.5732   0.1750   1.3628  0.14544E+04  0.14536E+04  0.72476E+00  0.19686E+04  0.12971E+01  0.14658E+03  0.18207E+04  0.10000E+01
    5.0140   0.8640  33.5176   0.1850   1.4407  0.12952E+04  0.12946E+04  0.59831E+00  0.17388E+04  0.77391E+00  0.12658E+03  0.16114E+04  0.10000E+01
    5.0140   0.8640  34.4391   0.1950   1.5186  0.11577E+04  0.11572E+04  0.49048E+00  0.15411E+04  0.46519E+00  0.10989E+03  0.14308E+04  0.10000E+01
    5.0140   0.8640  35.3394   0.2050   1.5965  0.10380E+04  0.10376E+04  0.39888E+00  0.13705E+04  0.28142E+00  0.95819E+02  0.12744E+04  0.10000E+01
    5.0140   0.8640  36.2203   0.2150   1.6743  0.93328E+03  0.93295E+03  0.32138E+00  0.12225E+04  0.17114E+00  0.83905E+02  0.11384E+04  0.10000E+01
    5.0140   0.8640  37.0830   0.2250   1.7522  0.84122E+03  0.84096E+03  0.25608E+00  0.10935E+04  0.10456E+00  0.73743E+02  0.10196E+04  0.10000E+01
    5.0140   0.8640  37.9288   0.2350   1.8301  0.75988E+03  0.75968E+03  0.20133E+00  0.98043E+03  0.64114E-01  0.65037E+02  0.91533E+03  0.10000E+01
    5.0140   0.8640  38.7590   0.2450   1.9080  0.68768E+03  0.68752E+03  0.15566E+00  0.88089E+03  0.39432E-01  0.57534E+02  0.82332E+03  0.10000E+01
    5.0140   0.8640  39.5744   0.2550   1.9859  0.62334E+03  0.62323E+03  0.11778E+00  0.79257E+03  0.24311E-01  0.51038E+02  0.74151E+03  0.10000E+01
    5.0140   0.8640  40.3760   0.2650   2.0637  0.56581E+03  0.56572E+03  0.86600E-01  0.71491E+03  0.15017E-01  0.45395E+02  0.66950E+03  0.10000E+01
    5.0140   0.8640  41.1646   0.2750   2.1416  0.51418E+03  0.51412E+03  0.61141E-01  0.64546E+03  0.92891E-02  0.40472E+02  0.60498E+03  0.10000E+01
    5.0140   0.8640  42.3249   0.2900   2.2584  0.44624E+03  0.44621E+03  0.31879E-01  0.55496E+03  0.45261E-02  0.34207E+02  0.52075E+03  0.10000E+01
    5.0140   0.8640  44.2035   0.3150   2.4531  0.35364E+03  0.35364E+03  0.13944E-02  0.43346E+03  0.13672E-02  0.26091E+02  0.40737E+03  0.10000E+01
    5.0140   0.8640  46.3775   0.3450   2.6867  0.26851E+03  0.26852E+03 -0.39161E-02  0.32400E+03  0.32367E-03  0.19108E+02  0.30489E+03  0.10000E+01
    5.0140   0.8640  48.4756   0.3750   2.9204  0.20435E+03  0.20436E+03 -0.44652E-02  0.24315E+03  0.75765E-04  0.14150E+02  0.22900E+03  0.10000E+01
    5.0140   0.8640  50.8406   0.4100   3.1929  0.14883E+03  0.14883E+03 -0.26317E-02  0.17452E+03  0.13627E-04  0.10077E+02  0.16445E+03  0.10000E+01
    5.0140   0.8640  53.7697   0.4550   3.5434  0.99080E+02  0.99075E+02  0.51120E-02  0.11426E+03  0.14361E-05  0.66038E+01  0.10766E+03  0.10000E+01
    5.0140   0.8640  57.8182   0.5200   4.0496  0.54857E+02  0.54828E+02  0.29360E-01  0.61964E+02  0.49987E-07  0.36720E+01  0.58292E+02  0.10000E+01
    5.0140   0.7990  29.9190   0.1350   1.0678  0.20985E+04  0.20973E+04  0.12497E+01  0.29945E+04  0.11207E+02  0.27080E+03  0.27125E+04  0.10000E+01
    5.0140   0.7990  32.6426   0.1600   1.2655  0.15148E+04  0.15140E+04  0.80910E+00  0.21171E+04  0.28210E+01  0.17992E+03  0.19344E+04  0.10000E+01
    5.0140   0.7990  34.1833   0.1750   1.3842  0.12642E+04  0.12635E+04  0.61347E+00  0.17463E+04  0.12773E+01  0.14333E+03  0.16017E+04  0.10000E+01
    5.0140   0.7990  35.1774   0.1850   1.4633  0.11263E+04  0.11257E+04  0.50625E+00  0.15437E+04  0.76168E+00  0.12402E+03  0.14189E+04  0.10000E+01
    5.0140   0.7990  36.1475   0.1950   1.5424  0.10070E+04  0.10066E+04  0.41490E+00  0.13692E+04  0.45761E+00  0.10785E+03  0.12609E+04  0.10000E+01
    5.0140   0.7990  37.0957   0.2050   1.6215  0.90318E+03  0.90284E+03  0.33737E+00  0.12180E+04  0.27665E+00  0.94238E+02  0.11235E+04  0.10000E+01
    5.0140   0.7990  38.0236   0.2150   1.7006  0.81234E+03  0.81207E+03  0.27182E+00  0.10868E+04  0.16815E+00  0.82674E+02  0.10040E+04  0.10000E+01
    5.0140   0.7990  38.9326   0.2250   1.7797  0.73243E+03  0.73222E+03  0.21663E+00  0.97231E+03  0.10266E+00  0.72795E+02  0.89941E+03  0.10000E+01
    5.0140   0.7990  39.8241   0.2350   1.8588  0.66180E+03  0.66163E+03  0.17037E+00  0.87199E+03  0.62908E-01  0.64318E+02  0.80761E+03  0.10000E+01
    5.0140   0.7990  40.6993   0.2450   1.9379  0.59909E+03  0.59896E+03  0.13180E+00  0.78365E+03  0.38664E-01  0.57004E+02  0.72661E+03  0.10000E+01
    5.0140   0.7990  41.5592   0.2550   2.0169  0.54318E+03  0.54308E+03  0.99835E-01  0.70554E+03  0.23820E-01  0.50663E+02  0.65486E+03  0.10000E+01
    5.0140   0.7990  42.4048   0.2650   2.0960  0.49316E+03  0.49309E+03  0.73518E-01  0.63624E+03  0.14702E-01  0.45143E+02  0.59108E+03  0.10000E+01
    5.0140   0.7990  43.2370   0.2750   2.1751  0.44826E+03  0.44821E+03  0.52031E-01  0.57453E+03  0.90864E-02  0.40319E+02  0.53421E+03  0.10000E+01
    5.0140   0.7990  44.4617   0.2900   2.2938  0.38915E+03  0.38913E+03  0.27335E-01  0.49411E+03  0.44218E-02  0.34168E+02  0.45994E+03  0.10000E+01
    5.0140   0.7990  46.4459   0.3150   2.4915  0.30853E+03  0.30853E+03  0.15774E-02  0.38609E+03  0.13326E-02  0.26175E+02  0.35992E+03  0.10000E+01
    5.0140   0.7990  48.7440   0.3450   2.7288  0.23436E+03  0.23437E+03 -0.29329E-02  0.28870E+03  0.31453E-03  0.19264E+02  0.26944E+03  0.10000E+01
    5.0140   0.7990  50.9639   0.3750   2.9661  0.17842E+03  0.17842E+03 -0.33821E-02  0.21674E+03  0.73386E-04  0.14334E+02  0.20240E+03  0.10000E+01
    5.0140   0.7990  53.4690   0.4100   3.2429  0.12997E+03  0.12998E+03 -0.20170E-02  0.15561E+03  0.13143E-04  0.10261E+02  0.14534E+03  0.10000E+01
    5.0140   0.7990  56.5757   0.4550   3.5989  0.86537E+02  0.86533E+02  0.40408E-02  0.10189E+03  0.13772E-05  0.67666E+01  0.95121E+02  0.10000E+01
    5.0140   0.7990  60.8781   0.5200   4.1130  0.47899E+02  0.47874E+02  0.24166E-01  0.55240E+02  0.47504E-07  0.37885E+01  0.51451E+02  0.10000E+01
