EXTERNAL/TSAI:  VERSION OF 8/8/96

RUNPLAN for CLAS hadronization experiment                               
 inclusive:                                                             
                                                                        
Stein deuterium                                                         
from Dunne 8/01                                                         

----*----1----*----2----*----3----*----4----*----5----*----6----*----7--
                                                                        

TARGET (iZ,iA) = (  1,  2);   avgA =   2.000; amuM=  2.013; avgM=  1.875
 targ=   TUNA; ttarg(rl)=0.00533; twall=0.00143; tbeam=0.00143; tspec=0.00761
         Nseg  =   4
 MODELS: P elastc(ikk)=14; deut elastic=13; inelastc=206; Pauli Supresion= 4
 NUCLEAR METHOD= 1;   NUCLEAR_MODEL= 1

    E1    TH    Q2 COS_K         SMR     NUC          INT-SMR
    EP     X    W2 QE-PK  INELA  Q-ELA  ELAST   TOTAL  MODEL

 Deut Elastic Model: ia,iamec,rsc,rscmec (1,2,3,4)=  3
 TJON DEUT ELASTIC FILESS TO BE OPEN=rscctj.tjon_input   rscqtj.tjon_input   rscmtj.tjon_input   
   5.014 15.757  1.01    3.15    4.59    2.93    0.03    7.55  0.965
   2.689  0.232  4.23    0.00 -100.00    0.00    0.00 -100.00 1.645E+02

   5.014 16.442  1.10    2.92    3.78    2.71    0.02    6.51  0.968
   2.689  0.253  4.14    0.00 -100.00    0.00    0.00 -100.00 1.354E+02

   5.014 17.101  1.19    2.73    3.13    2.54    0.01    5.68  0.973
   2.689  0.273  4.05    0.00 -100.00    0.00    0.00 -100.00 1.119E+02

   5.014 17.736  1.28    2.57    2.48    2.39    0.01    4.88  0.981
   2.689  0.294  3.96    0.00 -100.00    0.00    0.00 -100.00 9.329E+01

   5.014 18.349  1.37    2.43    1.84    2.25    0.01    4.10  0.981
   2.689  0.314  3.87    0.00 -100.00    0.00    0.00 -100.00 7.830E+01

   5.014 18.944  1.46    2.31    1.21    2.14    0.01    3.36  0.986
   2.689  0.335  3.78    0.00 -100.00    0.00    0.00 -100.00 6.610E+01

   5.014 19.521  1.55    2.20    0.53    2.04    0.01    2.58  0.990
   2.689  0.355  3.69    0.00 -100.00    0.00    0.00 -100.00 5.616E+01

   5.014 20.082  1.64    2.11   -0.11    1.96    0.00    1.85  0.993
   2.689  0.376  3.60    0.00 -100.00    0.00    0.00 -100.00 4.774E+01

   5.014 20.628  1.73    2.05   -0.52    1.90    0.00    1.39  0.998
   2.689  0.396  3.51    0.00 -100.00    0.00    0.00 -100.00 4.041E+01

   5.014 21.161  1.82    1.98   -1.03    1.85    0.00    0.83  1.001
   2.689  0.417  3.43    0.00 -100.00    0.00    0.00 -100.00 3.449E+01

   5.014 21.681  1.91    1.93   -1.49    1.81    0.00    0.31  1.005
   2.689  0.437  3.34    0.00 -100.00    0.00    0.00 -100.00 2.950E+01

   5.014 22.190  2.00    1.88   -2.09    1.76    0.00   -0.33  1.009
   2.689  0.458  3.25    0.00 -100.00    0.00    0.00 -100.00 2.546E+01

   5.014 22.688  2.09    1.82   -2.83    1.71    0.00   -1.12  1.009
   2.689  0.478  3.16    0.00 -100.00    0.00    0.00 -100.00 2.215E+01

   5.014 23.176  2.18    1.76   -3.74    1.66    0.00   -2.07  1.015
   2.689  0.499  3.07    0.00 -100.00    0.00    0.00 -100.00 1.941E+01

   5.014 23.654  2.27    1.70   -4.82    1.62    0.00   -3.20  1.020
   2.689  0.519  2.98    0.00 -100.00    0.00    0.00 -100.00 1.707E+01

   5.014 24.123  2.35    1.68   -5.89    1.61    0.00   -4.28  1.025
   2.689  0.540  2.89    0.00 -100.00    0.00    0.00 -100.00 1.485E+01

   5.014 16.498  1.02    3.61    6.71    3.36    0.04   10.10  0.956
   2.459  0.212  4.66    0.00 -100.00    0.00    0.00 -100.00 1.331E+02

   5.014 17.284  1.11    3.30    5.80    3.06    0.03    8.89  0.960
   2.459  0.232  4.56    0.00 -100.00    0.00    0.00 -100.00 1.086E+02

   5.014 18.037  1.21    3.04    4.89    2.80    0.02    7.72  0.962
   2.459  0.253  4.46    0.00 -100.00    0.00    0.00 -100.00 8.970E+01

   5.014 18.761  1.31    2.81    3.96    2.59    0.02    6.56  0.967
   2.459  0.273  4.36    0.00 -100.00    0.00    0.00 -100.00 7.476E+01

   5.014 19.458  1.41    2.64    3.21    2.42    0.01    5.65  0.972
   2.459  0.294  4.27    0.00 -100.00    0.00    0.00 -100.00 6.226E+01

   5.014 20.133  1.51    2.50    2.65    2.29    0.01    4.94  0.976
   2.459  0.314  4.17    0.00 -100.00    0.00    0.00 -100.00 5.190E+01

   5.014 20.786  1.60    2.37    2.06    2.17    0.01    4.23  0.979
   2.459  0.335  4.07    0.00 -100.00    0.00    0.00 -100.00 4.358E+01

   5.014 21.420  1.70    2.26    1.46    2.06    0.01    3.53  0.983
   2.459  0.355  3.97    0.00 -100.00    0.00    0.00 -100.00 3.680E+01

   5.014 22.037  1.80    2.16    0.84    1.97    0.01    2.82  0.985
   2.459  0.376  3.87    0.00 -100.00    0.00    0.00 -100.00 3.123E+01

   5.014 22.638  1.90    2.07    0.14    1.89    0.00    2.03  0.990
   2.459  0.396  3.78    0.00 -100.00    0.00    0.00 -100.00 2.664E+01

   5.014 23.224  2.00    2.01   -0.33    1.83    0.00    1.51  0.992
   2.459  0.417  3.68    0.00 -100.00    0.00    0.00 -100.00 2.254E+01

   5.014 23.797  2.10    1.96   -0.72    1.79    0.00    1.07  0.994
   2.459  0.437  3.58    0.00 -100.00    0.00    0.00 -100.00 1.911E+01

   5.014 24.357  2.19    1.91   -1.23    1.74    0.00    0.52  0.996
   2.459  0.458  3.48    0.00 -100.00    0.00    0.00 -100.00 1.632E+01

   5.014 24.904  2.29    1.87   -1.67    1.71    0.00    0.04  0.999
   2.459  0.478  3.38    0.00 -100.00    0.00    0.00 -100.00 1.394E+01

   5.014 25.441  2.39    1.83   -2.22    1.68    0.00   -0.54  1.002
   2.459  0.499  3.28    0.00 -100.00    0.00    0.00 -100.00 1.200E+01

   5.014 25.968  2.49    1.78   -2.92    1.64    0.00   -1.28  1.005
   2.459  0.519  3.19    0.00 -100.00    0.00    0.00 -100.00 1.042E+01

   5.014 26.485  2.59    1.72   -3.88    1.60    0.00   -2.28  1.009
   2.459  0.540  3.09    0.00 -100.00    0.00    0.00 -100.00 9.131E+00

   5.014 17.776  1.09    3.82    7.45    3.54    0.05   11.04  0.951
   2.274  0.212  4.93    0.00 -100.00    0.00    0.00 -100.00 9.750E+01

   5.014 18.624  1.19    3.49    6.55    3.23    0.04    9.82  0.957
   2.274  0.232  4.83    0.00 -100.00    0.00    0.00 -100.00 7.936E+01

   5.014 19.437  1.30    3.22    5.71    2.97    0.03    8.70  0.960
   2.274  0.253  4.72    0.00 -100.00    0.00    0.00 -100.00 6.522E+01

   5.014 20.217  1.40    2.99    4.90    2.74    0.02    7.66  0.963
   2.274  0.273  4.62    0.00 -100.00    0.00    0.00 -100.00 5.408E+01

   5.014 20.970  1.51    2.78    4.04    2.54    0.02    6.60  0.968
   2.274  0.294  4.51    0.00 -100.00    0.00    0.00 -100.00 4.525E+01

   5.014 21.698  1.62    2.61    3.22    2.37    0.01    5.60  0.969
   2.274  0.314  4.41    0.00 -100.00    0.00    0.00 -100.00 3.798E+01

   5.014 22.404  1.72    2.48    2.67    2.25    0.01    4.93  0.976
   2.274  0.335  4.30    0.00 -100.00    0.00    0.00 -100.00 3.173E+01

   5.014 23.089  1.83    2.37    2.13    2.14    0.01    4.28  0.977
   2.274  0.355  4.20    0.00 -100.00    0.00    0.00 -100.00 2.666E+01

   5.014 23.755  1.93    2.26    1.56    2.04    0.01    3.61  0.980
   2.274  0.376  4.09    0.00 -100.00    0.00    0.00 -100.00 2.252E+01

   5.014 24.404  2.04    2.17    0.96    1.96    0.01    2.92  0.984
   2.274  0.396  3.98    0.00 -100.00    0.00    0.00 -100.00 1.911E+01

   5.014 25.037  2.14    2.08    0.27    1.87    0.00    2.14  0.987
   2.274  0.417  3.88    0.00 -100.00    0.00    0.00 -100.00 1.631E+01

   5.014 25.656  2.25    2.02   -0.22    1.82    0.00    1.60  0.987
   2.274  0.437  3.77    0.00 -100.00    0.00    0.00 -100.00 1.380E+01

   5.014 26.261  2.35    1.98   -0.57    1.78    0.00    1.21  0.988
   2.274  0.458  3.67    0.00 -100.00    0.00    0.00 -100.00 1.166E+01

   5.014 26.853  2.46    1.93   -1.07    1.74    0.00    0.67  0.991
   2.274  0.478  3.56    0.00 -100.00    0.00    0.00 -100.00 9.945E+00

   5.014 27.434  2.56    1.89   -1.54    1.71    0.00    0.17  0.993
   2.274  0.499  3.46    0.00 -100.00    0.00    0.00 -100.00 8.480E+00

   5.014 28.003  2.67    1.86   -1.99    1.68    0.00   -0.31  0.995
   2.274  0.519  3.35    0.00 -100.00    0.00    0.00 -100.00 7.253E+00

   5.014 28.562  2.78    1.81   -2.64    1.65    0.00   -0.99  0.999
   2.274  0.540  3.25    0.00 -100.00    0.00    0.00 -100.00 6.267E+00

   5.014 17.954  1.04    4.47    9.12    4.19    0.07   13.39  0.946
   2.124  0.191  5.27    0.00 -100.00    0.00    0.00 -100.00 9.472E+01

   5.014 18.900  1.15    4.05    8.10    3.78    0.05   11.94  0.951
   2.124  0.212  5.16    0.00 -100.00    0.00    0.00 -100.00 7.620E+01

   5.014 19.803  1.26    3.71    7.17    3.44    0.04   10.65  0.953
   2.124  0.232  5.04    0.00 -100.00    0.00    0.00 -100.00 6.197E+01

   5.014 20.667  1.37    3.42    6.31    3.16    0.03    9.50  0.958
   2.124  0.253  4.93    0.00 -100.00    0.00    0.00 -100.00 5.085E+01

   5.014 21.499  1.48    3.18    5.52    2.91    0.02    8.46  0.960
   2.124  0.273  4.82    0.00 -100.00    0.00    0.00 -100.00 4.206E+01

   5.014 22.301  1.59    2.96    4.76    2.71    0.02    7.48  0.965
   2.124  0.294  4.71    0.00 -100.00    0.00    0.00 -100.00 3.504E+01

   5.014 23.076  1.70    2.77    3.95    2.52    0.01    6.48  0.968
   2.124  0.314  4.60    0.00 -100.00    0.00    0.00 -100.00 2.942E+01

   5.014 23.827  1.82    2.61    3.14    2.36    0.01    5.51  0.969
   2.124  0.335  4.49    0.00 -100.00    0.00    0.00 -100.00 2.477E+01

   5.014 24.557  1.93    2.49    2.61    2.24    0.01    4.86  0.971
   2.124  0.355  4.38    0.00 -100.00    0.00    0.00 -100.00 2.075E+01

   5.014 25.267  2.04    2.39    2.09    2.14    0.01    4.24  0.976
   2.124  0.376  4.27    0.00 -100.00    0.00    0.00 -100.00 1.745E+01

   5.014 25.959  2.15    2.29    1.54    2.05    0.01    3.60  0.979
   2.124  0.396  4.15    0.00 -100.00    0.00    0.00 -100.00 1.476E+01

   5.014 26.634  2.26    2.20    0.94    1.97    0.00    2.91  0.982
   2.124  0.417  4.04    0.00 -100.00    0.00    0.00 -100.00 1.253E+01

   5.014 27.294  2.37    2.12    0.25    1.89    0.00    2.14  0.982
   2.124  0.437  3.93    0.00 -100.00    0.00    0.00 -100.00 1.069E+01

   5.014 27.939  2.48    2.07   -0.15    1.84    0.00    1.69  0.984
   2.124  0.458  3.82    0.00 -100.00    0.00    0.00 -100.00 9.013E+00

   5.014 28.570  2.59    2.03   -0.52    1.80    0.00    1.29  0.986
   2.124  0.478  3.71    0.00 -100.00    0.00    0.00 -100.00 7.619E+00

   5.014 29.190  2.70    1.98   -1.01    1.76    0.00    0.75  0.987
   2.124  0.499  3.60    0.00 -100.00    0.00    0.00 -100.00 6.492E+00

   5.014 29.797  2.82    1.94   -1.48    1.73    0.00    0.25  0.988
   2.124  0.519  3.49    0.00 -100.00    0.00    0.00 -100.00 5.526E+00

   5.014 30.393  2.93    1.90   -1.94    1.70    0.00   -0.24  0.988
   2.124  0.540  3.38    0.00 -100.00    0.00    0.00 -100.00 4.719E+00

   5.014 18.636  1.07    4.67    9.56    4.39    0.08   14.03  0.943
   2.034  0.191  5.40    0.00 -100.00    0.00    0.00 -100.00 8.181E+01

   5.014 19.619  1.18    4.23    8.52    3.96    0.06   12.54  0.947
   2.034  0.212  5.29    0.00 -100.00    0.00    0.00 -100.00 6.581E+01

   5.014 20.557  1.30    3.87    7.56    3.60    0.04   11.20  0.950
   2.034  0.232  5.17    0.00 -100.00    0.00    0.00 -100.00 5.352E+01

   5.014 21.455  1.41    3.57    6.69    3.30    0.03   10.02  0.954
   2.034  0.253  5.06    0.00 -100.00    0.00    0.00 -100.00 4.390E+01

   5.014 22.319  1.53    3.32    5.89    3.05    0.03    8.96  0.959
   2.034  0.273  4.94    0.00 -100.00    0.00    0.00 -100.00 3.628E+01

   5.014 23.152  1.64    3.10    5.14    2.83    0.02    7.99  0.963
   2.034  0.294  4.83    0.00 -100.00    0.00    0.00 -100.00 3.018E+01

   5.014 23.958  1.76    2.90    4.38    2.64    0.02    7.04  0.966
   2.034  0.314  4.72    0.00 -100.00    0.00    0.00 -100.00 2.528E+01

   5.014 24.739  1.87    2.73    3.56    2.47    0.01    6.04  0.969
   2.034  0.335  4.60    0.00 -100.00    0.00    0.00 -100.00 2.131E+01

   5.014 25.498  1.99    2.59    2.89    2.34    0.01    5.23  0.973
   2.034  0.355  4.49    0.00 -100.00    0.00    0.00 -100.00 1.792E+01

   5.014 26.236  2.10    2.48    2.40    2.23    0.01    4.63  0.974
   2.034  0.376  4.37    0.00 -100.00    0.00    0.00 -100.00 1.503E+01

   5.014 26.955  2.22    2.38    1.87    2.13    0.01    4.00  0.976
   2.034  0.396  4.26    0.00 -100.00    0.00    0.00 -100.00 1.268E+01

   5.014 27.657  2.33    2.29    1.31    2.04    0.00    3.35  0.978
   2.034  0.417  4.14    0.00 -100.00    0.00    0.00 -100.00 1.074E+01

   5.014 28.343  2.45    2.20    0.66    1.95    0.00    2.61  0.980
   2.034  0.437  4.03    0.00 -100.00    0.00    0.00 -100.00 9.150E+00

   5.014 29.014  2.56    2.14    0.08    1.89    0.00    1.98  0.981
   2.034  0.458  3.91    0.00 -100.00    0.00    0.00 -100.00 7.758E+00

   5.014 29.671  2.67    2.10   -0.23    1.85    0.00    1.62  0.982
   2.034  0.478  3.80    0.00 -100.00    0.00    0.00 -100.00 6.529E+00

   5.014 30.315  2.79    2.05   -0.66    1.82    0.00    1.16  0.984
   2.034  0.499  3.68    0.00 -100.00    0.00    0.00 -100.00 5.538E+00

   5.014 30.947  2.90    2.00   -1.20    1.77    0.00    0.57  0.984
   2.034  0.519  3.57    0.00 -100.00    0.00    0.00 -100.00 4.721E+00

   5.014 31.568  3.02    1.97   -1.60    1.75    0.00    0.16  0.986
   2.034  0.540  3.45    0.00 -100.00    0.00    0.00 -100.00 4.008E+00

   5.014 19.479  1.11    4.94   10.11    4.68    0.09   14.89  0.942
   1.929  0.191  5.56    0.00 -100.00    0.00    0.00 -100.00 6.900E+01

   5.014 20.507  1.23    4.48    9.01    4.22    0.07   13.30  0.946
   1.929  0.212  5.44    0.00 -100.00    0.00    0.00 -100.00 5.551E+01

   5.014 21.488  1.34    4.10    8.06    3.83    0.05   11.93  0.948
   1.929  0.232  5.33    0.00 -100.00    0.00    0.00 -100.00 4.514E+01

   5.014 22.428  1.46    3.78    7.16    3.51    0.04   10.71  0.952
   1.929  0.253  5.21    0.00 -100.00    0.00    0.00 -100.00 3.703E+01

   5.014 23.332  1.58    3.51    6.34    3.24    0.03    9.61  0.955
   1.929  0.273  5.09    0.00 -100.00    0.00    0.00 -100.00 3.059E+01

   5.014 24.204  1.70    3.28    5.58    3.01    0.02    8.61  0.961
   1.929  0.294  4.97    0.00 -100.00    0.00    0.00 -100.00 2.542E+01

   5.014 25.048  1.82    3.08    4.85    2.81    0.02    7.67  0.964
   1.929  0.314  4.85    0.00 -100.00    0.00    0.00 -100.00 2.124E+01

   5.014 25.866  1.94    2.90    4.10    2.62    0.01    6.74  0.967
   1.929  0.335  4.73    0.00 -100.00    0.00    0.00 -100.00 1.787E+01

   5.014 26.660  2.06    2.73    3.30    2.46    0.01    5.77  0.968
   1.929  0.355  4.61    0.00 -100.00    0.00    0.00 -100.00 1.510E+01

   5.014 27.433  2.18    2.62    2.74    2.34    0.01    5.09  0.971
   1.929  0.376  4.49    0.00 -100.00    0.00    0.00 -100.00 1.267E+01

   5.014 28.187  2.29    2.51    2.25    2.24    0.01    4.50  0.973
   1.929  0.396  4.38    0.00 -100.00    0.00    0.00 -100.00 1.066E+01

   5.014 28.922  2.41    2.42    1.71    2.15    0.01    3.87  0.976
   1.929  0.417  4.26    0.00 -100.00    0.00    0.00 -100.00 9.008E+00

   5.014 29.641  2.53    2.33    1.13    2.06    0.00    3.19  0.977
   1.929  0.437  4.14    0.00 -100.00    0.00    0.00 -100.00 7.646E+00

   5.014 30.344  2.65    2.24    0.44    1.98    0.00    2.43  0.979
   1.929  0.458  4.02    0.00 -100.00    0.00    0.00 -100.00 6.512E+00

   5.014 31.033  2.77    2.20    0.08    1.94    0.00    2.01  0.978
   1.929  0.478  3.90    0.00 -100.00    0.00    0.00 -100.00 5.476E+00

   5.014 31.708  2.89    2.15   -0.29    1.90    0.00    1.61  0.980
   1.929  0.499  3.78    0.00 -100.00    0.00    0.00 -100.00 4.622E+00

   5.014 32.371  3.01    2.10   -0.78    1.85    0.00    1.07  0.980
   1.929  0.519  3.66    0.00 -100.00    0.00    0.00 -100.00 3.928E+00

   5.014 33.021  3.12    2.06   -1.27    1.82    0.00    0.55  0.980
   1.929  0.540  3.54    0.00 -100.00    0.00    0.00 -100.00 3.337E+00

   5.014 19.499  1.03    5.99   12.11    5.78    0.15   18.04  0.937
   1.794  0.171  5.89    0.00 -100.00    0.00    0.00 -100.00 6.986E+01

   5.014 20.648  1.16    5.38   10.89    5.14    0.10   16.14  0.938
   1.794  0.191  5.77    0.00 -100.00    0.00    0.00 -100.00 5.544E+01

   5.014 21.739  1.28    4.89    9.78    4.63    0.08   14.48  0.941
   1.794  0.212  5.64    0.00 -100.00    0.00    0.00 -100.00 4.460E+01

   5.014 22.781  1.40    4.47    8.76    4.21    0.06   13.03  0.946
   1.794  0.232  5.52    0.00 -100.00    0.00    0.00 -100.00 3.628E+01

   5.014 23.779  1.53    4.12    7.83    3.85    0.04   11.73  0.949
   1.794  0.253  5.40    0.00 -100.00    0.00    0.00 -100.00 2.976E+01

   5.014 24.739  1.65    3.83    6.98    3.55    0.03   10.56  0.952
   1.794  0.273  5.27    0.00 -100.00    0.00    0.00 -100.00 2.459E+01

   5.014 25.666  1.77    3.57    6.19    3.30    0.02    9.51  0.956
   1.794  0.294  5.15    0.00 -100.00    0.00    0.00 -100.00 2.042E+01

   5.014 26.562  1.90    3.35    5.45    3.07    0.02    8.55  0.960
   1.794  0.314  5.02    0.00 -100.00    0.00    0.00 -100.00 1.705E+01

   5.014 27.431  2.02    3.16    4.74    2.88    0.01    7.64  0.963
   1.794  0.335  4.90    0.00 -100.00    0.00    0.00 -100.00 1.430E+01

   5.014 28.275  2.15    2.98    3.99    2.70    0.01    6.71  0.966
   1.794  0.355  4.78    0.00 -100.00    0.00    0.00 -100.00 1.206E+01

   5.014 29.097  2.27    2.83    3.23    2.55    0.01    5.79  0.968
   1.794  0.376  4.65    0.00 -100.00    0.00    0.00 -100.00 1.020E+01

   5.014 29.899  2.39    2.72    2.74    2.44    0.01    5.18  0.970
   1.794  0.396  4.53    0.00 -100.00    0.00    0.00 -100.00 8.557E+00

   5.014 30.681  2.52    2.62    2.24    2.34    0.01    4.58  0.973
   1.794  0.417  4.40    0.00 -100.00    0.00    0.00 -100.00 7.208E+00

   5.014 31.445  2.64    2.52    1.70    2.24    0.01    3.94  0.973
   1.794  0.437  4.28    0.00 -100.00    0.00    0.00 -100.00 6.097E+00

   5.014 32.194  2.77    2.43    1.07    2.15    0.00    3.22  0.974
   1.794  0.458  4.16    0.00 -100.00    0.00    0.00 -100.00 5.181E+00

   5.014 32.927  2.89    2.36    0.48    2.08    0.00    2.56  0.975
   1.794  0.478  4.03    0.00 -100.00    0.00    0.00 -100.00 4.388E+00

   5.014 33.645  3.01    2.31    0.17    2.03    0.00    2.20  0.974
   1.794  0.499  3.91    0.00 -100.00    0.00    0.00 -100.00 3.683E+00

   5.014 34.351  3.14    2.27   -0.24    1.99    0.00    1.75  0.976
   1.794  0.519  3.79    0.00 -100.00    0.00    0.00 -100.00 3.111E+00

   5.014 35.044  3.26    2.21   -0.77    1.95    0.00    1.18  0.977
   1.794  0.540  3.66    0.00 -100.00    0.00    0.00 -100.00 2.644E+00

   5.014 20.384  1.06    6.43   12.77    6.27    0.16   19.20  0.935
   1.694  0.171  6.05    0.00 -100.00    0.00    0.00 -100.00 5.937E+01

   5.014 21.587  1.19    5.78   11.52    5.57    0.12   17.20  0.935
   1.694  0.191  5.92    0.00 -100.00    0.00    0.00 -100.00 4.712E+01

   5.014 22.729  1.32    5.25   10.37    5.02    0.08   15.48  0.939
   1.694  0.212  5.79    0.00 -100.00    0.00    0.00 -100.00 3.792E+01

   5.014 23.819  1.45    4.81    9.33    4.56    0.06   13.95  0.943
   1.694  0.232  5.66    0.00 -100.00    0.00    0.00 -100.00 3.085E+01

   5.014 24.865  1.57    4.43    8.38    4.18    0.05   12.60  0.947
   1.694  0.253  5.54    0.00 -100.00    0.00    0.00 -100.00 2.531E+01

   5.014 25.870  1.70    4.11    7.50    3.85    0.04   11.38  0.950
   1.694  0.273  5.41    0.00 -100.00    0.00    0.00 -100.00 2.091E+01

   5.014 26.840  1.83    3.84    6.68    3.57    0.03   10.28  0.954
   1.694  0.294  5.28    0.00 -100.00    0.00    0.00 -100.00 1.737E+01

   5.014 27.779  1.96    3.60    5.94    3.33    0.02    9.29  0.958
   1.694  0.314  5.15    0.00 -100.00    0.00    0.00 -100.00 1.450E+01

   5.014 28.690  2.09    3.40    5.22    3.11    0.02    8.35  0.960
   1.694  0.335  5.03    0.00 -100.00    0.00    0.00 -100.00 1.215E+01

   5.014 29.575  2.21    3.21    4.51    2.92    0.01    7.45  0.962
   1.694  0.355  4.90    0.00 -100.00    0.00    0.00 -100.00 1.023E+01

   5.014 30.436  2.34    3.04    3.73    2.75    0.01    6.49  0.965
   1.694  0.376  4.77    0.00 -100.00    0.00    0.00 -100.00 8.653E+00

   5.014 31.276  2.47    2.91    3.10    2.62    0.01    5.73  0.968
   1.694  0.396  4.64    0.00 -100.00    0.00    0.00 -100.00 7.288E+00

   5.014 32.096  2.60    2.81    2.63    2.51    0.01    5.15  0.970
   1.694  0.417  4.51    0.00 -100.00    0.00    0.00 -100.00 6.123E+00

   5.014 32.898  2.72    2.70    2.11    2.41    0.01    4.53  0.971
   1.694  0.437  4.39    0.00 -100.00    0.00    0.00 -100.00 5.168E+00

   5.014 33.683  2.85    2.61    1.54    2.31    0.00    3.86  0.971
   1.694  0.458  4.26    0.00 -100.00    0.00    0.00 -100.00 4.379E+00

   5.014 34.452  2.98    2.50    0.87    2.22    0.00    3.09  0.973
   1.694  0.478  4.13    0.00 -100.00    0.00    0.00 -100.00 3.721E+00

   5.014 35.206  3.11    2.47    0.51    2.17    0.00    2.68  0.972
   1.694  0.499  4.00    0.00 -100.00    0.00    0.00 -100.00 3.121E+00

   5.014 35.946  3.23    2.42    0.14    2.13    0.00    2.27  0.973
   1.694  0.519  3.88    0.00 -100.00    0.00    0.00 -100.00 2.627E+00

   5.014 36.674  3.36    2.36   -0.33    2.08    0.00    1.75  0.974
   1.694  0.540  3.75    0.00 -100.00    0.00    0.00 -100.00 2.223E+00

   5.014 21.289  1.09    6.93   13.44    6.82    0.19   20.45  0.933
   1.599  0.171  6.19    0.00 -100.00    0.00    0.00 -100.00 5.082E+01

   5.014 22.547  1.23    6.24   12.16    6.07    0.13   18.36  0.934
   1.599  0.191  6.06    0.00 -100.00    0.00    0.00 -100.00 4.034E+01

   5.014 23.741  1.36    5.66   10.99    5.46    0.09   16.55  0.936
   1.599  0.212  5.93    0.00 -100.00    0.00    0.00 -100.00 3.247E+01

   5.014 24.882  1.49    5.19    9.92    4.98    0.07   14.97  0.942
   1.599  0.232  5.80    0.00 -100.00    0.00    0.00 -100.00 2.642E+01

   5.014 25.975  1.62    4.78    8.94    4.55    0.05   13.54  0.944
   1.599  0.253  5.67    0.00 -100.00    0.00    0.00 -100.00 2.168E+01

   5.014 27.027  1.75    4.44    8.03    4.19    0.04   12.26  0.947
   1.599  0.273  5.54    0.00 -100.00    0.00    0.00 -100.00 1.792E+01

   5.014 28.042  1.88    4.14    7.20    3.88    0.03   11.11  0.950
   1.599  0.294  5.41    0.00 -100.00    0.00    0.00 -100.00 1.489E+01

   5.014 29.025  2.01    3.89    6.42    3.62    0.02   10.06  0.954
   1.599  0.314  5.27    0.00 -100.00    0.00    0.00 -100.00 1.242E+01

   5.014 29.978  2.15    3.67    5.70    3.39    0.02    9.11  0.958
   1.599  0.335  5.14    0.00 -100.00    0.00    0.00 -100.00 1.041E+01

   5.014 30.905  2.28    3.47    5.00    3.19    0.01    8.21  0.963
   1.599  0.355  5.01    0.00 -100.00    0.00    0.00 -100.00 8.749E+00

   5.014 31.807  2.41    3.29    4.26    3.00    0.01    7.27  0.962
   1.599  0.376  4.88    0.00 -100.00    0.00    0.00 -100.00 7.390E+00

   5.014 32.687  2.54    3.13    3.51    2.84    0.01    6.35  0.965
   1.599  0.396  4.75    0.00 -100.00    0.00    0.00 -100.00 6.252E+00

   5.014 33.546  2.67    3.02    3.02    2.72    0.01    5.75  0.967
   1.599  0.417  4.62    0.00 -100.00    0.00    0.00 -100.00 5.248E+00

   5.014 34.386  2.80    2.91    2.52    2.61    0.01    5.14  0.968
   1.599  0.437  4.49    0.00 -100.00    0.00    0.00 -100.00 4.421E+00

   5.014 35.209  2.93    2.81    1.98    2.50    0.01    4.49  0.968
   1.599  0.458  4.36    0.00 -100.00    0.00    0.00 -100.00 3.737E+00

   5.014 36.015  3.06    2.71    1.33    2.41    0.00    3.74  0.971
   1.599  0.478  4.22    0.00 -100.00    0.00    0.00 -100.00 3.173E+00

   5.014 36.806  3.20    2.64    0.84    2.34    0.00    3.19  0.970
   1.599  0.499  4.09    0.00 -100.00    0.00    0.00 -100.00 2.670E+00

   5.014 37.582  3.33    2.59    0.50    2.29    0.00    2.79  0.970
   1.599  0.519  3.96    0.00 -100.00    0.00    0.00 -100.00 2.241E+00

   5.014 38.345  3.46    2.53    0.07    2.24    0.00    2.31  0.971
   1.599  0.540  3.83    0.00 -100.00    0.00    0.00 -100.00 1.889E+00

   5.014 22.213  1.12    7.48   14.14    7.45    0.21   21.80  0.933
   1.509  0.171  6.33    0.00 -100.00    0.00    0.00 -100.00 4.380E+01

   5.014 23.527  1.26    6.74   12.82    6.62    0.15   19.59  0.930
   1.509  0.191  6.20    0.00 -100.00    0.00    0.00 -100.00 3.478E+01

   5.014 24.775  1.39    6.13   11.63    5.98    0.11   17.71  0.935
   1.509  0.212  6.06    0.00 -100.00    0.00    0.00 -100.00 2.800E+01

   5.014 25.966  1.53    5.61   10.53    5.44    0.08   16.05  0.939
   1.509  0.232  5.93    0.00 -100.00    0.00    0.00 -100.00 2.279E+01

   5.014 27.109  1.66    5.18    9.52    4.98    0.06   14.56  0.942
   1.509  0.253  5.80    0.00 -100.00    0.00    0.00 -100.00 1.871E+01

   5.014 28.209  1.80    4.81    8.57    4.58    0.04   13.19  0.944
   1.509  0.273  5.66    0.00 -100.00    0.00    0.00 -100.00 1.546E+01

   5.014 29.271  1.93    4.49    7.73    4.25    0.03   12.01  0.948
   1.509  0.294  5.53    0.00 -100.00    0.00    0.00 -100.00 1.285E+01

   5.014 30.298  2.07    4.21    6.93    3.96    0.03   10.92  0.953
   1.509  0.314  5.39    0.00 -100.00    0.00    0.00 -100.00 1.072E+01

   5.014 31.295  2.20    3.98    6.19    3.71    0.02    9.92  0.955
   1.509  0.335  5.26    0.00 -100.00    0.00    0.00 -100.00 8.982E+00

   5.014 32.265  2.34    3.76    5.48    3.49    0.02    8.98  0.958
   1.509  0.355  5.12    0.00 -100.00    0.00    0.00 -100.00 7.546E+00

   5.014 33.209  2.47    3.57    4.78    3.29    0.01    8.07  0.960
   1.509  0.376  4.99    0.00 -100.00    0.00    0.00 -100.00 6.364E+00

   5.014 34.130  2.61    3.39    4.00    3.10    0.01    7.11  0.962
   1.509  0.396  4.85    0.00 -100.00    0.00    0.00 -100.00 5.391E+00

   5.014 35.029  2.74    3.26    3.41    2.97    0.01    6.38  0.965
   1.509  0.417  4.72    0.00 -100.00    0.00    0.00 -100.00 4.537E+00

   5.014 35.909  2.88    3.15    2.93    2.85    0.01    5.79  0.967
   1.509  0.437  4.58    0.00 -100.00    0.00    0.00 -100.00 3.813E+00

   5.014 36.771  3.01    3.04    2.41    2.73    0.01    5.14  0.966
   1.509  0.458  4.45    0.00 -100.00    0.00    0.00 -100.00 3.218E+00

   5.014 37.615  3.15    2.93    1.80    2.62    0.00    4.43  0.968
   1.509  0.478  4.31    0.00 -100.00    0.00    0.00 -100.00 2.726E+00

   5.014 38.444  3.28    2.84    1.20    2.53    0.00    3.73  0.967
   1.509  0.499  4.18    0.00 -100.00    0.00    0.00 -100.00 2.304E+00

   5.014 39.258  3.42    2.79    0.86    2.48    0.00    3.34  0.967
   1.509  0.519  4.04    0.00 -100.00    0.00    0.00 -100.00 1.928E+00

   5.014 40.058  3.55    2.73    0.46    2.43    0.00    2.89  0.970
   1.509  0.540  3.91    0.00 -100.00    0.00    0.00 -100.00 1.621E+00

   5.014 21.756  1.01    9.10   16.40    9.26    0.35   26.00  0.929
   1.419  0.150  6.61    0.00 -100.00    0.00    0.00 -100.00 4.828E+01

   5.014 23.212  1.15    8.12   14.90    8.19    0.24   23.33  0.931
   1.419  0.171  6.47    0.00 -100.00    0.00    0.00 -100.00 3.768E+01

   5.014 24.587  1.29    7.33   13.55    7.30    0.17   21.02  0.930
   1.419  0.191  6.34    0.00 -100.00    0.00    0.00 -100.00 2.993E+01

   5.014 25.893  1.43    6.67   12.32    6.58    0.12   19.03  0.932
   1.419  0.212  6.20    0.00 -100.00    0.00    0.00 -100.00 2.411E+01

   5.014 27.140  1.57    6.12   11.20    5.99    0.09   17.27  0.934
   1.419  0.232  6.06    0.00 -100.00    0.00    0.00 -100.00 1.963E+01

   5.014 28.337  1.71    5.65   10.13    5.48    0.07   15.68  0.937
   1.419  0.253  5.92    0.00 -100.00    0.00    0.00 -100.00 1.612E+01

   5.014 29.488  1.84    5.25    9.20    5.05    0.05   14.31  0.940
   1.419  0.273  5.78    0.00 -100.00    0.00    0.00 -100.00 1.332E+01

   5.014 30.601  1.98    4.90    8.31    4.69    0.04   13.04  0.945
   1.419  0.294  5.64    0.00 -100.00    0.00    0.00 -100.00 1.108E+01

   5.014 31.677  2.12    4.60    7.49    4.37    0.03   11.89  0.947
   1.419  0.314  5.51    0.00 -100.00    0.00    0.00 -100.00 9.245E+00

   5.014 32.722  2.26    4.34    6.72    4.10    0.02   10.84  0.952
   1.419  0.335  5.37    0.00 -100.00    0.00    0.00 -100.00 7.742E+00

   5.014 33.739  2.40    4.11    6.01    3.85    0.02    9.88  0.955
   1.419  0.355  5.23    0.00 -100.00    0.00    0.00 -100.00 6.503E+00

   5.014 34.729  2.53    3.91    5.30    3.63    0.01    8.94  0.955
   1.419  0.376  5.09    0.00 -100.00    0.00    0.00 -100.00 5.479E+00

   5.014 35.694  2.67    3.71    4.56    3.43    0.01    8.01  0.960
   1.419  0.396  4.95    0.00 -100.00    0.00    0.00 -100.00 4.635E+00

   5.014 36.638  2.81    3.55    3.84    3.26    0.01    7.11  0.961
   1.419  0.417  4.82    0.00 -100.00    0.00    0.00 -100.00 3.917E+00

   5.014 37.561  2.95    3.43    3.37    3.14    0.01    6.51  0.964
   1.419  0.437  4.68    0.00 -100.00    0.00    0.00 -100.00 3.288E+00

   5.014 38.465  3.09    3.31    2.85    3.02    0.01    5.88  0.966
   1.419  0.458  4.54    0.00 -100.00    0.00    0.00 -100.00 2.770E+00

   5.014 39.352  3.23    3.20    2.29    2.90    0.01    5.19  0.965
   1.419  0.478  4.40    0.00 -100.00    0.00    0.00 -100.00 2.341E+00

   5.014 40.222  3.36    3.09    1.62    2.79    0.00    4.41  0.966
   1.419  0.499  4.26    0.00 -100.00    0.00    0.00 -100.00 1.983E+00

   5.014 41.077  3.50    3.03    1.25    2.72    0.00    3.98  0.967
   1.419  0.519  4.12    0.00 -100.00    0.00    0.00 -100.00 1.659E+00

   5.014 41.917  3.64    2.97    0.86    2.66    0.00    3.52  0.967
   1.419  0.540  3.99    0.00 -100.00    0.00    0.00 -100.00 1.392E+00

   5.014 22.715  1.04    9.88   17.21   10.19    0.39   27.79  0.928
   1.334  0.150  6.75    0.00 -100.00    0.00    0.00 -100.00 4.179E+01

   5.014 24.237  1.18    8.84   15.69    9.05    0.27   25.01  0.931
   1.334  0.171  6.61    0.00 -100.00    0.00    0.00 -100.00 3.262E+01

   5.014 25.674  1.32    7.99   14.30    8.06    0.19   22.55  0.927
   1.334  0.191  6.47    0.00 -100.00    0.00    0.00 -100.00 2.592E+01

   5.014 27.040  1.46    7.28   13.04    7.27    0.14   20.45  0.928
   1.334  0.212  6.32    0.00 -100.00    0.00    0.00 -100.00 2.089E+01

   5.014 28.345  1.60    6.68   11.89    6.61    0.10   18.60  0.930
   1.334  0.232  6.18    0.00 -100.00    0.00    0.00 -100.00 1.701E+01

   5.014 29.597  1.75    6.18   10.82    6.08    0.07   16.98  0.936
   1.334  0.253  6.04    0.00 -100.00    0.00    0.00 -100.00 1.397E+01

   5.014 30.802  1.89    5.74    9.84    5.60    0.06   15.49  0.938
   1.334  0.273  5.90    0.00 -100.00    0.00    0.00 -100.00 1.155E+01

   5.014 31.966  2.03    5.37    8.92    5.20    0.04   14.17  0.942
   1.334  0.294  5.76    0.00 -100.00    0.00    0.00 -100.00 9.606E+00

   5.014 33.094  2.17    5.04    8.07    4.85    0.03   12.95  0.945
   1.334  0.314  5.62    0.00 -100.00    0.00    0.00 -100.00 8.020E+00

   5.014 34.188  2.31    4.76    7.28    4.54    0.03   11.84  0.947
   1.334  0.335  5.47    0.00 -100.00    0.00    0.00 -100.00 6.718E+00

   5.014 35.253  2.45    4.51    6.54    4.28    0.02   10.84  0.952
   1.334  0.355  5.33    0.00 -100.00    0.00    0.00 -100.00 5.642E+00

   5.014 36.290  2.59    4.29    5.84    4.04    0.02    9.89  0.955
   1.334  0.376  5.19    0.00 -100.00    0.00    0.00 -100.00 4.751E+00

   5.014 37.303  2.74    4.08    5.12    3.82    0.01    8.95  0.957
   1.334  0.396  5.05    0.00 -100.00    0.00    0.00 -100.00 4.014E+00

   5.014 38.292  2.88    3.89    4.34    3.62    0.01    7.97  0.958
   1.334  0.417  4.91    0.00 -100.00    0.00    0.00 -100.00 3.400E+00

   5.014 39.260  3.02    3.75    3.81    3.48    0.01    7.30  0.961
   1.334  0.437  4.77    0.00 -100.00    0.00    0.00 -100.00 2.856E+00

   5.014 40.208  3.16    3.63    3.31    3.34    0.01    6.66  0.962
   1.334  0.458  4.63    0.00 -100.00    0.00    0.00 -100.00 2.402E+00

   5.014 41.139  3.30    3.51    2.77    3.21    0.01    5.98  0.963
   1.334  0.478  4.48    0.00 -100.00    0.00    0.00 -100.00 2.027E+00

   5.014 42.052  3.44    3.38    2.10    3.09    0.00    5.19  0.964
   1.334  0.499  4.34    0.00 -100.00    0.00    0.00 -100.00 1.716E+00

   5.014 42.950  3.59    3.31    1.65    3.01    0.00    4.66  0.964
   1.334  0.519  4.20    0.00 -100.00    0.00    0.00 -100.00 1.438E+00

   5.014 43.832  3.73    3.24    1.27    2.94    0.00    4.21  0.965
   1.334  0.540  4.06    0.00 -100.00    0.00    0.00 -100.00 1.204E+00

   5.014 23.695  1.06   10.74   18.05   11.23    0.45   29.72  0.926
   1.254  0.150  6.88    0.00 -100.00    0.00    0.00 -100.00 3.639E+01

   5.014 25.285  1.20    9.62   16.53    9.95    0.31   26.78  0.925
   1.254  0.171  6.73    0.00 -100.00    0.00    0.00 -100.00 2.842E+01

   5.014 26.787  1.35    8.71   15.08    8.91    0.22   24.21  0.926
   1.254  0.191  6.59    0.00 -100.00    0.00    0.00 -100.00 2.259E+01

   5.014 28.214  1.49    7.95   13.78    8.05    0.15   21.99  0.926
   1.254  0.212  6.44    0.00 -100.00    0.00    0.00 -100.00 1.821E+01

   5.014 29.578  1.64    7.30   12.60    7.34    0.11   20.05  0.929
   1.254  0.232  6.30    0.00 -100.00    0.00    0.00 -100.00 1.483E+01

   5.014 30.887  1.78    6.76   11.50    6.75    0.08   18.33  0.933
   1.254  0.253  6.15    0.00 -100.00    0.00    0.00 -100.00 1.219E+01

   5.014 32.147  1.93    6.29   10.49    6.22    0.06   16.78  0.935
   1.254  0.273  6.01    0.00 -100.00    0.00    0.00 -100.00 1.008E+01

   5.014 33.366  2.07    5.88    9.55    5.78    0.05   15.38  0.938
   1.254  0.294  5.86    0.00 -100.00    0.00    0.00 -100.00 8.384E+00

   5.014 34.545  2.22    5.53    8.66    5.40    0.04   14.09  0.943
   1.254  0.314  5.72    0.00 -100.00    0.00    0.00 -100.00 7.002E+00

   5.014 35.691  2.36    5.22    7.86    5.06    0.03   12.95  0.945
   1.254  0.335  5.57    0.00 -100.00    0.00    0.00 -100.00 5.866E+00

   5.014 36.806  2.51    4.95    7.10    4.77    0.02   11.90  0.950
   1.254  0.355  5.43    0.00 -100.00    0.00    0.00 -100.00 4.927E+00

   5.014 37.892  2.65    4.71    6.39    4.51    0.02   10.92  0.953
   1.254  0.376  5.29    0.00 -100.00    0.00    0.00 -100.00 4.147E+00

   5.014 38.952  2.80    4.49    5.67    4.27    0.01    9.95  0.955
   1.254  0.396  5.14    0.00 -100.00    0.00    0.00 -100.00 3.500E+00

   5.014 39.989  2.94    4.28    4.90    4.04    0.01    8.95  0.956
   1.254  0.417  5.00    0.00 -100.00    0.00    0.00 -100.00 2.965E+00

   5.014 41.004  3.09    4.12    4.27    3.87    0.01    8.15  0.959
   1.254  0.437  4.85    0.00 -100.00    0.00    0.00 -100.00 2.498E+00

   5.014 41.999  3.23    3.99    3.78    3.73    0.01    7.51  0.961
   1.254  0.458  4.71    0.00 -100.00    0.00    0.00 -100.00 2.098E+00

   5.014 42.974  3.37    3.85    3.24    3.59    0.01    6.83  0.962
   1.254  0.478  4.56    0.00 -100.00    0.00    0.00 -100.00 1.767E+00

   5.014 43.933  3.52    3.72    2.61    3.45    0.01    6.07  0.963
   1.254  0.499  4.42    0.00 -100.00    0.00    0.00 -100.00 1.494E+00

   5.014 44.875  3.66    3.62    2.06    3.34    0.00    5.41  0.962
   1.254  0.519  4.27    0.00 -100.00    0.00    0.00 -100.00 1.256E+00

   5.014 45.801  3.81    3.55    1.69    3.26    0.00    4.95  0.961
   1.254  0.540  4.13    0.00 -100.00    0.00    0.00 -100.00 1.050E+00

   5.014 24.695  1.08   11.67   18.91   12.38    0.51   31.80  0.926
   1.179  0.150  7.00    0.00 -100.00    0.00    0.00 -100.00 3.188E+01

   5.014 26.354  1.23   10.47   17.33   10.98    0.35   28.66  0.924
   1.179  0.171  6.85    0.00 -100.00    0.00    0.00 -100.00 2.491E+01

   5.014 27.922  1.38    9.49   15.88    9.87    0.24   26.00  0.925
   1.179  0.191  6.70    0.00 -100.00    0.00    0.00 -100.00 1.981E+01

   5.014 29.412  1.52    8.68   14.55    8.92    0.17   23.65  0.924
   1.179  0.212  6.55    0.00 -100.00    0.00    0.00 -100.00 1.597E+01

   5.014 30.837  1.67    7.99   13.33    8.14    0.13   21.60  0.926
   1.179  0.232  6.41    0.00 -100.00    0.00    0.00 -100.00 1.302E+01

   5.014 32.204  1.82    7.40   12.21    7.48    0.09   19.78  0.928
   1.179  0.253  6.26    0.00 -100.00    0.00    0.00 -100.00 1.070E+01

   5.014 33.522  1.97    6.90   11.17    6.92    0.07   18.16  0.931
   1.179  0.273  6.11    0.00 -100.00    0.00    0.00 -100.00 8.850E+00

   5.014 34.795  2.11    6.46   10.18    6.44    0.05   16.67  0.935
   1.179  0.294  5.96    0.00 -100.00    0.00    0.00 -100.00 7.362E+00

   5.014 36.029  2.26    6.07    9.31    6.01    0.04   15.36  0.938
   1.179  0.314  5.82    0.00 -100.00    0.00    0.00 -100.00 6.150E+00

   5.014 37.227  2.41    5.74    8.45    5.65    0.03   14.13  0.942
   1.179  0.335  5.67    0.00 -100.00    0.00    0.00 -100.00 5.154E+00

   5.014 38.394  2.56    5.44    7.68    5.33    0.03   13.04  0.947
   1.179  0.355  5.52    0.00 -100.00    0.00    0.00 -100.00 4.329E+00

   5.014 39.531  2.70    5.18    6.94    5.04    0.02   12.00  0.949
   1.179  0.376  5.37    0.00 -100.00    0.00    0.00 -100.00 3.644E+00

   5.014 40.641  2.85    4.95    6.23    4.77    0.02   11.02  0.951
   1.179  0.396  5.23    0.00 -100.00    0.00    0.00 -100.00 3.073E+00

   5.014 41.727  3.00    4.72    5.47    4.54    0.01   10.02  0.955
   1.179  0.417  5.08    0.00 -100.00    0.00    0.00 -100.00 2.601E+00

   5.014 42.790  3.15    4.53    4.74    4.32    0.01    9.07  0.955
   1.179  0.437  4.93    0.00 -100.00    0.00    0.00 -100.00 2.198E+00

   5.014 43.832  3.29    4.39    4.26    4.17    0.01    8.44  0.959
   1.179  0.458  4.78    0.00 -100.00    0.00    0.00 -100.00 1.844E+00

   5.014 44.855  3.44    4.25    3.72    4.01    0.01    7.74  0.959
   1.179  0.478  4.64    0.00 -100.00    0.00    0.00 -100.00 1.552E+00

   5.014 45.860  3.59    4.11    3.12    3.86    0.01    6.98  0.959
   1.179  0.499  4.49    0.00 -100.00    0.00    0.00 -100.00 1.310E+00

   5.014 46.848  3.74    3.98    2.49    3.74    0.01    6.23  0.961
   1.179  0.519  4.34    0.00 -100.00    0.00    0.00 -100.00 1.104E+00

   5.014 47.820  3.88    3.91    2.11    3.65    0.00    5.77  0.961
   1.179  0.540  4.19    0.00 -100.00    0.00    0.00 -100.00 9.212E-01

   5.014 25.711  1.10   12.67   19.78   13.65    0.58   34.02  0.926
   1.109  0.150  7.11    0.00 -100.00    0.00    0.00 -100.00 2.810E+01

   5.014 27.441  1.25   11.39   18.17   12.12    0.40   30.69  0.922
   1.109  0.171  6.96    0.00 -100.00    0.00    0.00 -100.00 2.197E+01

   5.014 29.075  1.40   10.35   16.70   10.93    0.28   27.91  0.924
   1.109  0.191  6.81    0.00 -100.00    0.00    0.00 -100.00 1.748E+01

   5.014 30.630  1.55    9.47   15.34    9.89    0.20   25.43  0.922
   1.109  0.212  6.66    0.00 -100.00    0.00    0.00 -100.00 1.410E+01

   5.014 32.117  1.70    8.74   14.09    9.03    0.14   23.26  0.923
   1.109  0.232  6.51    0.00 -100.00    0.00    0.00 -100.00 1.149E+01

   5.014 33.544  1.85    8.10   12.93    8.32    0.11   21.36  0.925
   1.109  0.253  6.36    0.00 -100.00    0.00    0.00 -100.00 9.447E+00

   5.014 34.920  2.00    7.56   11.87    7.71    0.08   19.66  0.929
   1.109  0.273  6.21    0.00 -100.00    0.00    0.00 -100.00 7.818E+00

   5.014 36.250  2.15    7.09   10.88    7.18    0.06   18.11  0.932
   1.109  0.294  6.06    0.00 -100.00    0.00    0.00 -100.00 6.505E+00

   5.014 37.539  2.30    6.67    9.95    6.71    0.05   16.71  0.935
   1.109  0.314  5.91    0.00 -100.00    0.00    0.00 -100.00 5.435E+00

   5.014 38.792  2.45    6.31    9.09    6.31    0.04   15.43  0.939
   1.109  0.335  5.76    0.00 -100.00    0.00    0.00 -100.00 4.556E+00

   5.014 40.011  2.60    5.99    8.28    5.95    0.03   14.26  0.942
   1.109  0.355  5.61    0.00 -100.00    0.00    0.00 -100.00 3.827E+00

   5.014 41.200  2.75    5.71    7.52    5.64    0.02   13.18  0.946
   1.109  0.376  5.45    0.00 -100.00    0.00    0.00 -100.00 3.222E+00

   5.014 42.362  2.90    5.45    6.80    5.36    0.02   12.17  0.949
   1.109  0.396  5.30    0.00 -100.00    0.00    0.00 -100.00 2.716E+00

   5.014 43.498  3.05    5.21    6.06    5.09    0.01   11.17  0.951
   1.109  0.417  5.15    0.00 -100.00    0.00    0.00 -100.00 2.296E+00

   5.014 44.611  3.20    4.99    5.26    4.85    0.01   10.12  0.953
   1.109  0.437  5.00    0.00 -100.00    0.00    0.00 -100.00 1.945E+00

   5.014 45.703  3.35    4.84    4.74    4.68    0.01    9.43  0.955
   1.109  0.458  4.85    0.00 -100.00    0.00    0.00 -100.00 1.632E+00

   5.014 46.775  3.50    4.69    4.21    4.51    0.01    8.73  0.958
   1.109  0.478  4.70    0.00 -100.00    0.00    0.00 -100.00 1.372E+00

   5.014 47.828  3.65    4.54    3.62    4.35    0.01    7.97  0.958
   1.109  0.499  4.55    0.00 -100.00    0.00    0.00 -100.00 1.156E+00

   5.014 48.863  3.81    4.40    2.95    4.19    0.01    7.15  0.959
   1.109  0.519  4.40    0.00 -100.00    0.00    0.00 -100.00 9.759E-01

   5.014 49.883  3.96    4.31    2.56    4.10    0.01    6.67  0.961
   1.109  0.540  4.25    0.00 -100.00    0.00    0.00 -100.00 8.140E-01

   5.014 26.819  1.12   13.82   20.71   15.17    0.67   36.55  0.927
   1.039  0.150  7.22    0.00 -100.00    0.00    0.00 -100.00 2.469E+01

   5.014 28.627  1.27   12.46   19.10   13.46    0.46   33.02  0.920
   1.039  0.171  7.07    0.00 -100.00    0.00    0.00 -100.00 1.931E+01

   5.014 30.336  1.43   11.34   17.60   12.13    0.32   30.05  0.920
   1.039  0.191  6.91    0.00 -100.00    0.00    0.00 -100.00 1.537E+01

   5.014 31.962  1.58   10.40   16.23   11.05    0.23   27.50  0.921
   1.039  0.212  6.76    0.00 -100.00    0.00    0.00 -100.00 1.240E+01

   5.014 33.516  1.73    9.61   14.92   10.13    0.17   25.21  0.923
   1.039  0.232  6.61    0.00 -100.00    0.00    0.00 -100.00 1.012E+01

   5.014 35.010  1.89    8.93   13.74    9.32    0.12   23.18  0.923
   1.039  0.253  6.45    0.00 -100.00    0.00    0.00 -100.00 8.319E+00

   5.014 36.450  2.04    8.34   12.64    8.64    0.09   21.37  0.925
   1.039  0.273  6.30    0.00 -100.00    0.00    0.00 -100.00 6.887E+00

   5.014 37.843  2.19    7.83   11.62    8.06    0.07   19.75  0.928
   1.039  0.294  6.15    0.00 -100.00    0.00    0.00 -100.00 5.731E+00

   5.014 39.193  2.34    7.39   10.66    7.56    0.05   18.27  0.932
   1.039  0.314  6.00    0.00 -100.00    0.00    0.00 -100.00 4.790E+00

   5.014 40.505  2.50    6.99    9.78    7.11    0.04   16.93  0.935
   1.039  0.335  5.84    0.00 -100.00    0.00    0.00 -100.00 4.016E+00

   5.014 41.783  2.65    6.65    8.94    6.72    0.03   15.69  0.939
   1.039  0.355  5.69    0.00 -100.00    0.00    0.00 -100.00 3.374E+00

   5.014 43.030  2.80    6.34    8.15    6.38    0.03   14.56  0.942
   1.039  0.376  5.54    0.00 -100.00    0.00    0.00 -100.00 2.840E+00

   5.014 44.249  2.96    6.06    7.42    6.07    0.02   13.51  0.946
   1.039  0.396  5.38    0.00 -100.00    0.00    0.00 -100.00 2.395E+00

   5.014 45.441  3.11    5.80    6.68    5.78    0.02   12.48  0.949
   1.039  0.417  5.23    0.00 -100.00    0.00    0.00 -100.00 2.023E+00

   5.014 46.610  3.26    5.56    5.87    5.51    0.01   11.39  0.951
   1.039  0.437  5.08    0.00 -100.00    0.00    0.00 -100.00 1.714E+00

   5.014 47.756  3.41    5.38    5.27    5.29    0.01   10.58  0.951
   1.039  0.458  4.93    0.00 -100.00    0.00    0.00 -100.00 1.441E+00

   5.014 48.882  3.57    5.22    4.75    5.13    0.01    9.89  0.957
   1.039  0.478  4.77    0.00 -100.00    0.00    0.00 -100.00 1.210E+00

   5.014 49.989  3.72    5.06    4.18    4.95    0.01    9.14  0.957
   1.039  0.499  4.62    0.00 -100.00    0.00    0.00 -100.00 1.019E+00

   5.014 51.078  3.87    4.89    3.48    4.76    0.01    8.25  0.957
   1.039  0.519  4.47    0.00 -100.00    0.00    0.00 -100.00 8.597E-01

   5.014 52.151  4.03    4.79    3.04    4.65    0.01    7.70  0.959
   1.039  0.540  4.31    0.00 -100.00    0.00    0.00 -100.00 7.175E-01

   5.014 27.947  1.14   15.06   21.64   16.82    0.77   39.23  0.927
   0.974  0.150  7.32    0.00 -100.00    0.00    0.00 -100.00 2.183E+01

   5.014 29.834  1.29   13.61   20.05   14.93    0.53   35.51  0.919
   0.974  0.171  7.17    0.00 -100.00    0.00    0.00 -100.00 1.708E+01

   5.014 31.619  1.45   12.41   18.52   13.48    0.37   32.37  0.917
   0.974  0.191  7.01    0.00 -100.00    0.00    0.00 -100.00 1.360E+01

   5.014 33.317  1.61   11.41   17.11   12.31    0.26   29.69  0.919
   0.974  0.212  6.86    0.00 -100.00    0.00    0.00 -100.00 1.098E+01

   5.014 34.942  1.76   10.56   15.78   11.28    0.19   27.25  0.918
   0.974  0.232  6.70    0.00 -100.00    0.00    0.00 -100.00 8.958E+00

   5.014 36.504  1.92    9.83   14.56   10.41    0.14   25.11  0.919
   0.974  0.253  6.55    0.00 -100.00    0.00    0.00 -100.00 7.369E+00

   5.014 38.010  2.07    9.20   13.43    9.69    0.11   23.23  0.922
   0.974  0.273  6.39    0.00 -100.00    0.00    0.00 -100.00 6.102E+00

   5.014 39.467  2.23    8.65   12.38    9.06    0.08   21.53  0.926
   0.974  0.294  6.23    0.00 -100.00    0.00    0.00 -100.00 5.080E+00

   5.014 40.880  2.38    8.17   11.40    8.49    0.06   19.96  0.927
   0.974  0.314  6.08    0.00 -100.00    0.00    0.00 -100.00 4.246E+00

   5.014 42.254  2.54    7.75   10.49    8.02    0.05   18.56  0.932
   0.974  0.335  5.92    0.00 -100.00    0.00    0.00 -100.00 3.560E+00

   5.014 43.593  2.69    7.37    9.63    7.59    0.04   17.26  0.935
   0.974  0.355  5.77    0.00 -100.00    0.00    0.00 -100.00 2.992E+00

   5.014 44.899  2.85    7.04    8.83    7.21    0.03   16.06  0.938
   0.974  0.376  5.61    0.00 -100.00    0.00    0.00 -100.00 2.519E+00

   5.014 46.177  3.00    6.74    8.07    6.88    0.02   14.96  0.943
   0.974  0.396  5.46    0.00 -100.00    0.00    0.00 -100.00 2.124E+00

   5.014 47.427  3.16    6.46    7.32    6.53    0.02   13.87  0.941
   0.974  0.417  5.30    0.00 -100.00    0.00    0.00 -100.00 1.793E+00

   5.014 48.653  3.31    6.19    6.51    6.26    0.02   12.79  0.947
   0.974  0.437  5.15    0.00 -100.00    0.00    0.00 -100.00 1.519E+00

   5.014 49.857  3.47    5.98    5.83    6.02    0.01   11.86  0.951
   0.974  0.458  4.99    0.00 -100.00    0.00    0.00 -100.00 1.280E+00

   5.014 51.039  3.63    5.81    5.31    5.82    0.01   11.14  0.951
   0.974  0.478  4.84    0.00 -100.00    0.00    0.00 -100.00 1.073E+00

   5.014 52.202  3.78    5.64    4.73    5.64    0.01   10.38  0.955
   0.974  0.499  4.68    0.00 -100.00    0.00    0.00 -100.00 9.029E-01

   5.014 53.347  3.94    5.46    4.05    5.44    0.01    9.50  0.957
   0.974  0.519  4.53    0.00 -100.00    0.00    0.00 -100.00 7.615E-01

   5.014 54.475  4.09    5.34    3.54    5.31    0.01    8.86  0.958
   0.974  0.540  4.37    0.00 -100.00    0.00    0.00 -100.00 6.365E-01

   5.014 28.989  1.15   16.26   22.45   18.42    0.88   41.75  0.927
   0.919  0.150  7.41    0.00 -100.00    0.00    0.00 -100.00 1.961E+01

   5.014 30.949  1.31   14.73   20.92   16.42    0.60   37.95  0.920
   0.919  0.171  7.25    0.00 -100.00    0.00    0.00 -100.00 1.535E+01

   5.014 32.804  1.47   13.46   19.36   14.80    0.42   34.58  0.914
   0.919  0.191  7.10    0.00 -100.00    0.00    0.00 -100.00 1.223E+01

   5.014 34.570  1.63   12.39   17.92   13.58    0.30   31.80  0.918
   0.919  0.212  6.94    0.00 -100.00    0.00    0.00 -100.00 9.877E+00

   5.014 36.260  1.78   11.49   16.60   12.44    0.22   29.26  0.915
   0.919  0.232  6.78    0.00 -100.00    0.00    0.00 -100.00 8.060E+00

   5.014 37.885  1.94   10.72   15.33   11.58    0.16   27.07  0.921
   0.919  0.253  6.62    0.00 -100.00    0.00    0.00 -100.00 6.632E+00

   5.014 39.452  2.10   10.05   14.17   10.73    0.12   25.03  0.919
   0.919  0.273  6.47    0.00 -100.00    0.00    0.00 -100.00 5.493E+00

   5.014 40.969  2.26    9.46   13.10   10.06    0.09   23.25  0.922
   0.919  0.294  6.31    0.00 -100.00    0.00    0.00 -100.00 4.574E+00

   5.014 42.442  2.41    8.95   12.09    9.47    0.07   21.63  0.926
   0.919  0.314  6.15    0.00 -100.00    0.00    0.00 -100.00 3.824E+00

   5.014 43.873  2.57    8.50   11.15    8.93    0.05   20.14  0.928
   0.919  0.335  5.99    0.00 -100.00    0.00    0.00 -100.00 3.207E+00

   5.014 45.269  2.73    8.09   10.27    8.47    0.04   18.79  0.932
   0.919  0.355  5.83    0.00 -100.00    0.00    0.00 -100.00 2.696E+00

   5.014 46.632  2.89    7.74    9.45    8.05    0.03   17.53  0.934
   0.919  0.376  5.68    0.00 -100.00    0.00    0.00 -100.00 2.270E+00

   5.014 47.965  3.04    7.41    8.67    7.69    0.03   16.38  0.938
   0.919  0.396  5.52    0.00 -100.00    0.00    0.00 -100.00 1.914E+00

   5.014 49.270  3.20    7.12    7.91    7.36    0.02   15.30  0.943
   0.919  0.417  5.36    0.00 -100.00    0.00    0.00 -100.00 1.615E+00

   5.014 50.550  3.36    6.84    7.12    7.04    0.02   14.18  0.946
   0.919  0.437  5.20    0.00 -100.00    0.00    0.00 -100.00 1.367E+00

   5.014 51.807  3.52    6.59    6.35    6.76    0.01   13.13  0.948
   0.919  0.458  5.05    0.00 -100.00    0.00    0.00 -100.00 1.154E+00

   5.014 53.043  3.68    6.41    5.83    6.56    0.01   12.40  0.951
   0.919  0.478  4.89    0.00 -100.00    0.00    0.00 -100.00 9.676E-01

   5.014 54.259  3.83    6.23    5.25    6.34    0.01   11.59  0.950
   0.919  0.499  4.73    0.00 -100.00    0.00    0.00 -100.00 8.134E-01

   5.014 55.457  3.99    6.04    4.58    6.14    0.01   10.72  0.954
   0.919  0.519  4.57    0.00 -100.00    0.00    0.00 -100.00 6.854E-01

   5.014 56.637  4.15    5.90    4.01    5.98    0.01   10.00  0.956
   0.919  0.540  4.42    0.00 -100.00    0.00    0.00 -100.00 5.737E-01

   5.014 30.123  1.17   17.63   23.31   20.25    1.00   44.56  0.926
   0.864  0.150  7.50    0.00 -100.00    0.00    0.00 -100.00 1.756E+01

   5.014 32.164  1.33   16.00   21.87   18.14    0.69   40.70  0.920
   0.864  0.171  7.34    0.00 -100.00    0.00    0.00 -100.00 1.376E+01

   5.014 34.096  1.49   14.65   20.29   16.37    0.48   37.14  0.913
   0.864  0.191  7.18    0.00 -100.00    0.00    0.00 -100.00 1.096E+01

   5.014 35.936  1.65   13.52   18.82   15.02    0.34   34.19  0.915
   0.864  0.212  7.02    0.00 -100.00    0.00    0.00 -100.00 8.857E+00

   5.014 37.698  1.81   12.56   17.47   13.85    0.25   31.56  0.915
   0.864  0.232  6.86    0.00 -100.00    0.00    0.00 -100.00 7.231E+00

   5.014 39.392  1.97   11.74   16.17   12.83    0.18   29.19  0.914
   0.864  0.253  6.70    0.00 -100.00    0.00    0.00 -100.00 5.951E+00

   5.014 41.028  2.13   11.03   14.99   11.98    0.14   27.11  0.916
   0.864  0.273  6.54    0.00 -100.00    0.00    0.00 -100.00 4.931E+00

   5.014 42.611  2.29   10.40   13.89   11.24    0.10   25.23  0.919
   0.864  0.294  6.38    0.00 -100.00    0.00    0.00 -100.00 4.106E+00

   5.014 44.148  2.45    9.86   12.86   10.57    0.08   23.50  0.919
   0.864  0.314  6.22    0.00 -100.00    0.00    0.00 -100.00 3.434E+00

   5.014 45.644  2.61    9.37   11.89   10.00    0.06   21.96  0.923
   0.864  0.335  6.06    0.00 -100.00    0.00    0.00 -100.00 2.880E+00

   5.014 47.102  2.77    8.94   10.99    9.53    0.05   20.56  0.928
   0.864  0.355  5.90    0.00 -100.00    0.00    0.00 -100.00 2.422E+00

   5.014 48.527  2.93    8.56   10.14    9.07    0.04   19.25  0.931
   0.864  0.376  5.74    0.00 -100.00    0.00    0.00 -100.00 2.039E+00

   5.014 49.921  3.09    8.21    9.33    8.67    0.03   18.03  0.934
   0.864  0.396  5.58    0.00 -100.00    0.00    0.00 -100.00 1.719E+00

   5.014 51.287  3.25    7.90    8.56    8.32    0.02   16.91  0.939
   0.864  0.417  5.42    0.00 -100.00    0.00    0.00 -100.00 1.451E+00

   5.014 52.628  3.41    7.60    7.77    8.00    0.02   15.78  0.944
   0.864  0.437  5.26    0.00 -100.00    0.00    0.00 -100.00 1.227E+00

   5.014 53.945  3.56    7.32    6.94    7.68    0.02   14.64  0.947
   0.864  0.458  5.10    0.00 -100.00    0.00    0.00 -100.00 1.038E+00

   5.014 55.240  3.72    7.13    6.40    7.44    0.01   13.86  0.947
   0.864  0.478  4.94    0.00 -100.00    0.00    0.00 -100.00 8.699E-01

   5.014 56.516  3.88    6.94    5.82    7.22    0.01   13.05  0.949
   0.864  0.499  4.78    0.00 -100.00    0.00    0.00 -100.00 7.307E-01

   5.014 57.772  4.04    6.74    5.16    6.99    0.01   12.17  0.952
   0.864  0.519  4.62    0.00 -100.00    0.00    0.00 -100.00 6.151E-01

   5.014 59.012  4.20    6.57    4.53    6.81    0.01   11.36  0.955
   0.864  0.540  4.46    0.00 -100.00    0.00    0.00 -100.00 5.157E-01

   5.014 31.605  1.19   19.49   24.39   22.78    1.18   48.36  0.924
   0.799  0.150  7.60    0.00 -100.00    0.00    0.00 -100.00 1.535E+01

   5.014 33.753  1.35   17.74   23.06   20.55    0.82   44.43  0.921
   0.799  0.171  7.44    0.00 -100.00    0.00    0.00 -100.00 1.203E+01

   5.014 35.786  1.51   16.30   21.50   18.63    0.58   40.71  0.915
   0.799  0.191  7.28    0.00 -100.00    0.00    0.00 -100.00 9.592E+00

   5.014 37.724  1.67   15.08   20.00   17.05    0.41   37.47  0.911
   0.799  0.212  7.12    0.00 -100.00    0.00    0.00 -100.00 7.752E+00

   5.014 39.581  1.84   14.05   18.60   15.83    0.30   34.73  0.914
   0.799  0.232  6.95    0.00 -100.00    0.00    0.00 -100.00 6.331E+00

   5.014 41.367  2.00   13.16   17.32   14.68    0.22   32.23  0.912
   0.799  0.253  6.79    0.00 -100.00    0.00    0.00 -100.00 5.213E+00

   5.014 43.092  2.16   12.40   16.07   13.73    0.16   29.97  0.912
   0.799  0.273  6.63    0.00 -100.00    0.00    0.00 -100.00 4.320E+00

   5.014 44.764  2.32   11.73   14.94   12.94    0.12   28.00  0.915
   0.799  0.294  6.47    0.00 -100.00    0.00    0.00 -100.00 3.599E+00

   5.014 46.387  2.49   11.14   13.87   12.21    0.10   26.18  0.916
   0.799  0.314  6.30    0.00 -100.00    0.00    0.00 -100.00 3.010E+00

   5.014 47.968  2.65   10.61   12.87   11.60    0.07   24.55  0.920
   0.799  0.335  6.14    0.00 -100.00    0.00    0.00 -100.00 2.526E+00

   5.014 49.511  2.81   10.15   11.94   11.05    0.06   23.04  0.924
   0.799  0.355  5.98    0.00 -100.00    0.00    0.00 -100.00 2.124E+00

   5.014 51.019  2.97    9.73   11.05   10.55    0.05   21.65  0.926
   0.799  0.376  5.82    0.00 -100.00    0.00    0.00 -100.00 1.789E+00

   5.014 52.495  3.13    9.36   10.22   10.11    0.04   20.37  0.930
   0.799  0.396  5.66    0.00 -100.00    0.00    0.00 -100.00 1.508E+00

   5.014 53.943  3.30    9.02    9.43    9.71    0.03   19.17  0.932
   0.799  0.417  5.49    0.00 -100.00    0.00    0.00 -100.00 1.273E+00

   5.014 55.364  3.46    8.70    8.63    9.36    0.02   18.01  0.938
   0.799  0.437  5.33    0.00 -100.00    0.00    0.00 -100.00 1.076E+00

   5.014 56.762  3.62    8.38    7.76    9.00    0.02   16.78  0.941
   0.799  0.458  5.17    0.00 -100.00    0.00    0.00 -100.00 9.109E-01

   5.014 58.137  3.78    8.17    7.17    8.77    0.02   15.95  0.945
   0.799  0.478  5.01    0.00 -100.00    0.00    0.00 -100.00 7.639E-01

   5.014 59.493  3.94    7.97    6.57    8.52    0.01   15.11  0.947
   0.799  0.499  4.85    0.00 -100.00    0.00    0.00 -100.00 6.411E-01

   5.014 60.830  4.11    7.75    5.92    8.27    0.01   14.20  0.948
   0.799  0.519  4.68    0.00 -100.00    0.00    0.00 -100.00 5.391E-01

   5.014 62.149  4.27    7.55    5.23    8.06    0.01   13.31  0.953
   0.799  0.540  4.52    0.00 -100.00    0.00    0.00 -100.00 4.527E-01

  0.000 0.000  0.000 .000  0.00  0.00  0.00  0.00  0.00  0.00 0.000
                           0.00  0.00  0.00  0.00  0.00  0.00 0.000E+00

