EXTERNAL/TSAI:  VERSION OF 8/8/96

RUNPLAN for CLAS hadronization experiment                               
 inclusive:                                                             
                                                                        
CLAS LEAD                                                               
                                                                        

----*----1----*----2----*----3----*----4----*----5----*----6----*----7--
                                                                        

TARGET (iZ,iA) = ( 82,208);   avgA = 208.000; amuM=207.964; avgM=193.719
 targ= ordina; ttarg(rl)=0.01561; twall=0.00000; tbeam=0.00000; tspec=0.00761
         Nseg  =   2
 MODELS: P elastc(ikk)=14; deut elastic=13; inelastc=206; Pauli Supresion= 1
 NUCLEAR METHOD= 1;   NUCLEAR_MODEL= 1

    E1    TH    Q2 COS_K         SMR     NUC          INT-SMR
    EP     X    W2 QE-PK  INELA  Q-ELA  ELAST   TOTAL  MODEL

   5.014 15.757  1.01    2.28    4.23    1.77    0.00    6.00  0.801
   2.689  0.232  4.23    0.00 -100.00    0.00    0.00 -100.00 2.080E+04

   5.014 16.442  1.10    2.13    3.31    1.65    0.00    4.96  0.803
   2.689  0.253  4.14    0.00 -100.00    0.00    0.00 -100.00 1.704E+04

   5.014 17.101  1.19    2.01    2.45    1.55    0.00    4.00  0.804
   2.689  0.273  4.05    0.00 -100.00    0.00    0.00 -100.00 1.405E+04

   5.014 17.736  1.28    1.91    1.64    1.47    0.00    3.11  0.808
   2.689  0.294  3.96    0.00 -100.00    0.00    0.00 -100.00 1.164E+04

   5.014 18.349  1.37    1.82    0.88    1.42    0.00    2.30  0.819
   2.689  0.314  3.87    0.00 -100.00    0.00    0.00 -100.00 9.673E+03

   5.014 18.944  1.46    1.76    0.17    1.38    0.00    1.55  0.830
   2.689  0.335  3.78    0.00 -100.00    0.00    0.00 -100.00 8.058E+03

   5.014 19.521  1.55    1.71   -0.50    1.35    0.00    0.85  0.840
   2.689  0.355  3.69    0.00 -100.00    0.00    0.00 -100.00 6.724E+03

   5.014 20.082  1.64    1.67   -1.13    1.33    0.00    0.20  0.851
   2.689  0.376  3.60    0.00 -100.00    0.00    0.00 -100.00 5.619E+03

   5.014 20.628  1.73    1.64   -1.74    1.32    0.00   -0.42  0.860
   2.689  0.396  3.51    0.00 -100.00    0.00    0.00 -100.00 4.701E+03

   5.014 21.161  1.82    1.63   -2.33    1.33    0.00   -1.01  0.875
   2.689  0.417  3.43    0.00 -100.00    0.00    0.00 -100.00 3.937E+03

   5.014 21.681  1.91    1.62   -2.92    1.37    0.00   -1.55  0.907
   2.689  0.437  3.34    0.00 -100.00    0.00    0.00 -100.00 3.300E+03

   5.014 22.190  2.00    1.62   -3.49    1.43    0.00   -2.06  0.948
   2.689  0.458  3.25    0.00 -100.00    0.00    0.00 -100.00 2.767E+03

   5.014 22.688  2.09    1.63   -4.08    1.51    0.00   -2.56  0.999
   2.689  0.478  3.16    0.00 -100.00    0.00    0.00 -100.00 2.322E+03

   5.014 23.176  2.18    1.65   -4.66    1.63    0.00   -3.04  1.060
   2.689  0.499  3.07    0.00 -100.00    0.00    0.00 -100.00 1.948E+03

   5.014 23.654  2.27    1.68   -5.27    1.77    0.00   -3.50  1.132
   2.689  0.519  2.98    0.00 -100.00    0.00    0.00 -100.00 1.635E+03

   5.014 24.123  2.35    1.71   -5.88    1.94    0.00   -3.93  1.214
   2.689  0.540  2.89    0.00 -100.00    0.00    0.00 -100.00 1.370E+03

   5.014 16.498  1.02    2.61    6.45    2.01    0.00    8.46  0.784
   2.459  0.212  4.66    0.00 -100.00    0.00    0.00 -100.00 1.677E+04

   5.014 17.284  1.11    2.42    5.45    1.86    0.00    7.31  0.790
   2.459  0.232  4.56    0.00 -100.00    0.00    0.00 -100.00 1.358E+04

   5.014 18.037  1.21    2.26    4.50    1.73    0.00    6.23  0.795
   2.459  0.253  4.46    0.00 -100.00    0.00    0.00 -100.00 1.110E+04

   5.014 18.761  1.31    2.12    3.62    1.62    0.00    5.24  0.799
   2.459  0.273  4.36    0.00 -100.00    0.00    0.00 -100.00 9.127E+03

   5.014 19.458  1.41    2.01    2.79    1.53    0.00    4.32  0.802
   2.459  0.294  4.27    0.00 -100.00    0.00    0.00 -100.00 7.542E+03

   5.014 20.133  1.51    1.92    2.01    1.47    0.00    3.48  0.813
   2.459  0.314  4.17    0.00 -100.00    0.00    0.00 -100.00 6.253E+03

   5.014 20.786  1.60    1.85    1.28    1.42    0.00    2.70  0.823
   2.459  0.335  4.07    0.00 -100.00    0.00    0.00 -100.00 5.197E+03

   5.014 21.420  1.70    1.79    0.59    1.39    0.00    1.98  0.832
   2.459  0.355  3.97    0.00 -100.00    0.00    0.00 -100.00 4.328E+03

   5.014 22.037  1.80    1.75   -0.05    1.36    0.00    1.31  0.842
   2.459  0.376  3.87    0.00 -100.00    0.00    0.00 -100.00 3.608E+03

   5.014 22.638  1.90    1.71   -0.66    1.34    0.00    0.68  0.850
   2.459  0.396  3.78    0.00 -100.00    0.00    0.00 -100.00 3.012E+03

   5.014 23.224  2.00    1.69   -1.25    1.33    0.00    0.08  0.858
   2.459  0.417  3.68    0.00 -100.00    0.00    0.00 -100.00 2.517E+03

   5.014 23.797  2.10    1.67   -1.84    1.35    0.00   -0.48  0.882
   2.459  0.437  3.58    0.00 -100.00    0.00    0.00 -100.00 2.105E+03

   5.014 24.357  2.19    1.66   -2.40    1.39    0.00   -1.01  0.913
   2.459  0.458  3.48    0.00 -100.00    0.00    0.00 -100.00 1.762E+03

   5.014 24.904  2.29    1.66   -2.98    1.45    0.00   -1.53  0.952
   2.459  0.478  3.38    0.00 -100.00    0.00    0.00 -100.00 1.476E+03

   5.014 25.441  2.39    1.67   -3.56    1.53    0.00   -2.03  0.999
   2.459  0.499  3.28    0.00 -100.00    0.00    0.00 -100.00 1.236E+03

   5.014 25.968  2.49    1.69   -4.13    1.63    0.00   -2.50  1.055
   2.459  0.519  3.19    0.00 -100.00    0.00    0.00 -100.00 1.035E+03

   5.014 26.485  2.59    1.71   -4.73    1.77    0.00   -2.97  1.122
   2.459  0.540  3.09    0.00 -100.00    0.00    0.00 -100.00 8.667E+02

   5.014 17.776  1.09    2.81    7.47    2.14    0.00    9.62  0.773
   2.274  0.212  4.93    0.00 -100.00    0.00    0.00 -100.00 1.206E+04

   5.014 18.624  1.19    2.60    6.44    1.98    0.00    8.43  0.781
   2.274  0.232  4.83    0.00 -100.00    0.00    0.00 -100.00 9.749E+03

   5.014 19.437  1.30    2.43    5.48    1.84    0.00    7.32  0.787
   2.274  0.253  4.72    0.00 -100.00    0.00    0.00 -100.00 7.950E+03

   5.014 20.217  1.40    2.28    4.57    1.73    0.00    6.30  0.793
   2.274  0.273  4.62    0.00 -100.00    0.00    0.00 -100.00 6.526E+03

   5.014 20.970  1.51    2.16    3.72    1.63    0.00    5.35  0.798
   2.274  0.294  4.51    0.00 -100.00    0.00    0.00 -100.00 5.384E+03

   5.014 21.698  1.62    2.06    2.91    1.56    0.00    4.48  0.807
   2.274  0.314  4.41    0.00 -100.00    0.00    0.00 -100.00 4.457E+03

   5.014 22.404  1.72    1.98    2.17    1.51    0.00    3.68  0.817
   2.274  0.335  4.30    0.00 -100.00    0.00    0.00 -100.00 3.699E+03

   5.014 23.089  1.83    1.91    1.46    1.47    0.00    2.93  0.826
   2.274  0.355  4.20    0.00 -100.00    0.00    0.00 -100.00 3.075E+03

   5.014 23.755  1.93    1.86    0.81    1.43    0.00    2.24  0.836
   2.274  0.376  4.09    0.00 -100.00    0.00    0.00 -100.00 2.560E+03

   5.014 24.404  2.04    1.82    0.19    1.41    0.00    1.59  0.843
   2.274  0.396  3.98    0.00 -100.00    0.00    0.00 -100.00 2.134E+03

   5.014 25.037  2.14    1.79   -0.40    1.39    0.00    0.98  0.850
   2.274  0.417  3.88    0.00 -100.00    0.00    0.00 -100.00 1.780E+03

   5.014 25.656  2.25    1.76   -0.99    1.39    0.00    0.41  0.867
   2.274  0.437  3.77    0.00 -100.00    0.00    0.00 -100.00 1.487E+03

   5.014 26.261  2.35    1.75   -1.55    1.42    0.00   -0.14  0.891
   2.274  0.458  3.67    0.00 -100.00    0.00    0.00 -100.00 1.243E+03

   5.014 26.853  2.46    1.74   -2.12    1.46    0.00   -0.67  0.922
   2.274  0.478  3.56    0.00 -100.00    0.00    0.00 -100.00 1.039E+03

   5.014 27.434  2.56    1.74   -2.69    1.52    0.00   -1.17  0.959
   2.274  0.499  3.46    0.00 -100.00    0.00    0.00 -100.00 8.690E+02

   5.014 28.003  2.67    1.75   -3.26    1.60    0.00   -1.66  1.005
   2.274  0.519  3.35    0.00 -100.00    0.00    0.00 -100.00 7.267E+02

   5.014 28.562  2.78    1.77   -3.84    1.70    0.00   -2.13  1.059
   2.274  0.540  3.25    0.00 -100.00    0.00    0.00 -100.00 6.073E+02

   5.014 17.954  1.04    3.30    9.47    2.49    0.01   11.97  0.753
   2.124  0.191  5.27    0.00 -100.00    0.00    0.00 -100.00 1.163E+04

   5.014 18.900  1.15    3.03    8.34    2.29    0.00   10.64  0.764
   2.124  0.212  5.16    0.00 -100.00    0.00    0.00 -100.00 9.281E+03

   5.014 19.803  1.26    2.80    7.28    2.13    0.00    9.41  0.773
   2.124  0.232  5.04    0.00 -100.00    0.00    0.00 -100.00 7.493E+03

   5.014 20.667  1.37    2.62    6.29    1.98    0.00    8.27  0.781
   2.124  0.253  4.93    0.00 -100.00    0.00    0.00 -100.00 6.102E+03

   5.014 21.499  1.48    2.46    5.36    1.86    0.00    7.22  0.787
   2.124  0.273  4.82    0.00 -100.00    0.00    0.00 -100.00 5.003E+03

   5.014 22.301  1.59    2.33    4.48    1.76    0.00    6.24  0.793
   2.124  0.294  4.71    0.00 -100.00    0.00    0.00 -100.00 4.123E+03

   5.014 23.076  1.70    2.22    3.67    1.68    0.00    5.34  0.802
   2.124  0.314  4.60    0.00 -100.00    0.00    0.00 -100.00 3.409E+03

   5.014 23.827  1.82    2.13    2.90    1.62    0.00    4.51  0.812
   2.124  0.335  4.49    0.00 -100.00    0.00    0.00 -100.00 2.826E+03

   5.014 24.557  1.93    2.06    2.18    1.57    0.00    3.75  0.822
   2.124  0.355  4.38    0.00 -100.00    0.00    0.00 -100.00 2.347E+03

   5.014 25.267  2.04    2.00    1.51    1.53    0.00    3.04  0.831
   2.124  0.376  4.27    0.00 -100.00    0.00    0.00 -100.00 1.952E+03

   5.014 25.959  2.15    1.95    0.88    1.49    0.00    2.38  0.839
   2.124  0.396  4.15    0.00 -100.00    0.00    0.00 -100.00 1.625E+03

   5.014 26.634  2.26    1.91    0.28    1.47    0.00    1.75  0.845
   2.124  0.417  4.04    0.00 -100.00    0.00    0.00 -100.00 1.355E+03

   5.014 27.294  2.37    1.88   -0.30    1.46    0.00    1.16  0.857
   2.124  0.437  3.93    0.00 -100.00    0.00    0.00 -100.00 1.130E+03

   5.014 27.939  2.48    1.86   -0.87    1.47    0.00    0.60  0.877
   2.124  0.458  3.82    0.00 -100.00    0.00    0.00 -100.00 9.435E+02

   5.014 28.570  2.59    1.84   -1.44    1.50    0.00    0.06  0.902
   2.124  0.478  3.71    0.00 -100.00    0.00    0.00 -100.00 7.879E+02

   5.014 29.190  2.70    1.84   -2.00    1.55    0.00   -0.45  0.933
   2.124  0.499  3.60    0.00 -100.00    0.00    0.00 -100.00 6.582E+02

   5.014 29.797  2.82    1.84   -2.56    1.61    0.00   -0.95  0.971
   2.124  0.519  3.49    0.00 -100.00    0.00    0.00 -100.00 5.496E+02

   5.014 30.393  2.93    1.85   -3.13    1.70    0.00   -1.43  1.016
   2.124  0.540  3.38    0.00 -100.00    0.00    0.00 -100.00 4.587E+02

   5.014 18.636  1.07    3.47   10.04    2.62    0.01   12.66  0.747
   2.034  0.191  5.40    0.00 -100.00    0.00    0.00 -100.00 9.959E+03

   5.014 19.619  1.18    3.19    8.88    2.41    0.00   11.30  0.758
   2.034  0.212  5.29    0.00 -100.00    0.00    0.00 -100.00 7.944E+03

   5.014 20.557  1.30    2.95    7.80    2.24    0.00   10.04  0.768
   2.034  0.232  5.17    0.00 -100.00    0.00    0.00 -100.00 6.410E+03

   5.014 21.455  1.41    2.76    6.79    2.09    0.00    8.88  0.776
   2.034  0.253  5.06    0.00 -100.00    0.00    0.00 -100.00 5.217E+03

   5.014 22.319  1.53    2.59    5.84    1.96    0.00    7.80  0.784
   2.034  0.273  4.94    0.00 -100.00    0.00    0.00 -100.00 4.275E+03

   5.014 23.152  1.64    2.46    4.96    1.85    0.00    6.81  0.790
   2.034  0.294  4.83    0.00 -100.00    0.00    0.00 -100.00 3.520E+03

   5.014 23.958  1.76    2.34    4.12    1.77    0.00    5.89  0.799
   2.034  0.314  4.72    0.00 -100.00    0.00    0.00 -100.00 2.910E+03

   5.014 24.739  1.87    2.24    3.35    1.70    0.00    5.05  0.809
   2.034  0.335  4.60    0.00 -100.00    0.00    0.00 -100.00 2.411E+03

   5.014 25.498  1.99    2.16    2.62    1.64    0.00    4.27  0.819
   2.034  0.355  4.49    0.00 -100.00    0.00    0.00 -100.00 2.001E+03

   5.014 26.236  2.10    2.10    1.95    1.60    0.00    3.55  0.828
   2.034  0.376  4.37    0.00 -100.00    0.00    0.00 -100.00 1.663E+03

   5.014 26.955  2.22    2.04    1.31    1.56    0.00    2.87  0.836
   2.034  0.396  4.26    0.00 -100.00    0.00    0.00 -100.00 1.384E+03

   5.014 27.657  2.33    2.00    0.70    1.54    0.00    2.24  0.842
   2.034  0.417  4.14    0.00 -100.00    0.00    0.00 -100.00 1.153E+03

   5.014 28.343  2.45    1.97    0.12    1.52    0.00    1.64  0.853
   2.034  0.437  4.03    0.00 -100.00    0.00    0.00 -100.00 9.611E+02

   5.014 29.014  2.56    1.94   -0.46    1.53    0.00    1.07  0.870
   2.034  0.458  3.91    0.00 -100.00    0.00    0.00 -100.00 8.018E+02

   5.014 29.671  2.67    1.92   -1.03    1.55    0.00    0.52  0.892
   2.034  0.478  3.80    0.00 -100.00    0.00    0.00 -100.00 6.693E+02

   5.014 30.315  2.79    1.91   -1.58    1.59    0.00    0.00  0.920
   2.034  0.499  3.68    0.00 -100.00    0.00    0.00 -100.00 5.586E+02

   5.014 30.947  2.90    1.91   -2.15    1.64    0.00   -0.51  0.953
   2.034  0.519  3.57    0.00 -100.00    0.00    0.00 -100.00 4.663E+02

   5.014 31.568  3.02    1.92   -2.71    1.72    0.00   -1.00  0.993
   2.034  0.540  3.45    0.00 -100.00    0.00    0.00 -100.00 3.889E+02

   5.014 19.479  1.11    3.71   10.73    2.79    0.01   13.54  0.740
   1.929  0.191  5.56    0.00 -100.00    0.00    0.00 -100.00 8.321E+03

   5.014 20.507  1.23    3.41    9.55    2.58    0.01   12.13  0.752
   1.929  0.212  5.44    0.00 -100.00    0.00    0.00 -100.00 6.633E+03

   5.014 21.488  1.34    3.16    8.44    2.39    0.00   10.84  0.762
   1.929  0.232  5.33    0.00 -100.00    0.00    0.00 -100.00 5.349E+03

   5.014 22.428  1.46    2.95    7.41    2.23    0.00    9.64  0.771
   1.929  0.253  5.21    0.00 -100.00    0.00    0.00 -100.00 4.351E+03

   5.014 23.332  1.58    2.78    6.44    2.10    0.00    8.53  0.779
   1.929  0.273  5.09    0.00 -100.00    0.00    0.00 -100.00 3.563E+03

   5.014 24.204  1.70    2.63    5.53    1.98    0.00    7.51  0.786
   1.929  0.294  4.97    0.00 -100.00    0.00    0.00 -100.00 2.933E+03

   5.014 25.048  1.82    2.50    4.68    1.89    0.00    6.57  0.795
   1.929  0.314  4.85    0.00 -100.00    0.00    0.00 -100.00 2.422E+03

   5.014 25.866  1.94    2.40    3.89    1.82    0.00    5.71  0.806
   1.929  0.335  4.73    0.00 -100.00    0.00    0.00 -100.00 2.006E+03

   5.014 26.660  2.06    2.31    3.15    1.76    0.00    4.91  0.815
   1.929  0.355  4.61    0.00 -100.00    0.00    0.00 -100.00 1.664E+03

   5.014 27.433  2.18    2.24    2.46    1.71    0.00    4.17  0.825
   1.929  0.376  4.49    0.00 -100.00    0.00    0.00 -100.00 1.383E+03

   5.014 28.187  2.29    2.18    1.82    1.67    0.00    3.48  0.833
   1.929  0.396  4.38    0.00 -100.00    0.00    0.00 -100.00 1.150E+03

   5.014 28.922  2.41    2.13    1.20    1.63    0.00    2.84  0.839
   1.929  0.417  4.26    0.00 -100.00    0.00    0.00 -100.00 9.571E+02

   5.014 29.641  2.53    2.09    0.61    1.61    0.00    2.22  0.849
   1.929  0.437  4.14    0.00 -100.00    0.00    0.00 -100.00 7.974E+02

   5.014 30.344  2.65    2.06    0.03    1.61    0.00    1.64  0.864
   1.929  0.458  4.02    0.00 -100.00    0.00    0.00 -100.00 6.649E+02

   5.014 31.033  2.77    2.04   -0.54    1.62    0.00    1.09  0.883
   1.929  0.478  3.90    0.00 -100.00    0.00    0.00 -100.00 5.545E+02

   5.014 31.708  2.89    2.03   -1.10    1.65    0.00    0.56  0.906
   1.929  0.499  3.78    0.00 -100.00    0.00    0.00 -100.00 4.625E+02

   5.014 32.371  3.01    2.02   -1.66    1.70    0.00    0.04  0.935
   1.929  0.519  3.66    0.00 -100.00    0.00    0.00 -100.00 3.857E+02

   5.014 33.021  3.12    2.02   -2.22    1.76    0.00   -0.45  0.970
   1.929  0.540  3.54    0.00 -100.00    0.00    0.00 -100.00 3.214E+02

   5.014 19.499  1.03    4.47   13.01    3.35    0.03   16.39  0.717
   1.794  0.171  5.89    0.00 -100.00    0.00    0.00 -100.00 8.413E+03

   5.014 20.648  1.16    4.08   11.69    3.08    0.01   14.79  0.730
   1.794  0.191  5.77    0.00 -100.00    0.00    0.00 -100.00 6.607E+03

   5.014 21.739  1.28    3.76   10.47    2.84    0.01   13.32  0.743
   1.794  0.212  5.64    0.00 -100.00    0.00    0.00 -100.00 5.265E+03

   5.014 22.781  1.40    3.49    9.33    2.64    0.00   11.97  0.753
   1.794  0.232  5.52    0.00 -100.00    0.00    0.00 -100.00 4.243E+03

   5.014 23.779  1.53    3.26    8.26    2.47    0.00   10.73  0.763
   1.794  0.253  5.40    0.00 -100.00    0.00    0.00 -100.00 3.450E+03

   5.014 24.739  1.65    3.07    7.25    2.32    0.00    9.57  0.772
   1.794  0.273  5.27    0.00 -100.00    0.00    0.00 -100.00 2.824E+03

   5.014 25.666  1.77    2.90    6.32    2.19    0.00    8.51  0.781
   1.794  0.294  5.15    0.00 -100.00    0.00    0.00 -100.00 2.323E+03

   5.014 26.562  1.90    2.77    5.44    2.09    0.00    7.53  0.790
   1.794  0.314  5.02    0.00 -100.00    0.00    0.00 -100.00 1.918E+03

   5.014 27.431  2.02    2.65    4.62    2.01    0.00    6.63  0.800
   1.794  0.335  4.90    0.00 -100.00    0.00    0.00 -100.00 1.587E+03

   5.014 28.275  2.15    2.55    3.87    1.94    0.00    5.81  0.810
   1.794  0.355  4.78    0.00 -100.00    0.00    0.00 -100.00 1.316E+03

   5.014 29.097  2.27    2.47    3.16    1.88    0.00    5.04  0.820
   1.794  0.376  4.65    0.00 -100.00    0.00    0.00 -100.00 1.093E+03

   5.014 29.899  2.39    2.40    2.50    1.84    0.00    4.33  0.829
   1.794  0.396  4.53    0.00 -100.00    0.00    0.00 -100.00 9.081E+02

   5.014 30.681  2.52    2.35    1.87    1.80    0.00    3.67  0.837
   1.794  0.417  4.40    0.00 -100.00    0.00    0.00 -100.00 7.553E+02

   5.014 31.445  2.64    2.30    1.27    1.77    0.00    3.04  0.845
   1.794  0.437  4.28    0.00 -100.00    0.00    0.00 -100.00 6.289E+02

   5.014 32.194  2.77    2.26    0.68    1.76    0.00    2.44  0.857
   1.794  0.458  4.16    0.00 -100.00    0.00    0.00 -100.00 5.239E+02

   5.014 32.927  2.89    2.23    0.11    1.76    0.00    1.87  0.873
   1.794  0.478  4.03    0.00 -100.00    0.00    0.00 -100.00 4.365E+02

   5.014 33.645  3.01    2.21   -0.45    1.78    0.00    1.33  0.892
   1.794  0.499  3.91    0.00 -100.00    0.00    0.00 -100.00 3.637E+02

   5.014 34.351  3.14    2.20   -1.01    1.81    0.00    0.80  0.916
   1.794  0.519  3.79    0.00 -100.00    0.00    0.00 -100.00 3.030E+02

   5.014 35.044  3.26    2.19   -1.57    1.86    0.00    0.30  0.945
   1.794  0.540  3.66    0.00 -100.00    0.00    0.00 -100.00 2.522E+02

   5.014 20.384  1.06    4.83   13.83    3.63    0.03   17.49  0.709
   1.694  0.171  6.05    0.00 -100.00    0.00    0.00 -100.00 7.091E+03

   5.014 21.587  1.19    4.42   12.47    3.34    0.01   15.83  0.723
   1.694  0.191  5.92    0.00 -100.00    0.00    0.00 -100.00 5.568E+03

   5.014 22.729  1.32    4.07   11.22    3.09    0.01   14.31  0.736
   1.694  0.212  5.79    0.00 -100.00    0.00    0.00 -100.00 4.436E+03

   5.014 23.819  1.45    3.78   10.04    2.87    0.00   12.92  0.747
   1.694  0.232  5.66    0.00 -100.00    0.00    0.00 -100.00 3.575E+03

   5.014 24.865  1.57    3.54    8.94    2.69    0.00   11.63  0.757
   1.694  0.253  5.54    0.00 -100.00    0.00    0.00 -100.00 2.906E+03

   5.014 25.870  1.70    3.33    7.91    2.53    0.00   10.44  0.767
   1.694  0.273  5.41    0.00 -100.00    0.00    0.00 -100.00 2.378E+03

   5.014 26.840  1.83    3.15    6.94    2.39    0.00    9.34  0.776
   1.694  0.294  5.28    0.00 -100.00    0.00    0.00 -100.00 1.956E+03

   5.014 27.779  1.96    3.00    6.04    2.28    0.00    8.33  0.786
   1.694  0.314  5.15    0.00 -100.00    0.00    0.00 -100.00 1.614E+03

   5.014 28.690  2.09    2.88    5.21    2.19    0.00    7.40  0.796
   1.694  0.335  5.03    0.00 -100.00    0.00    0.00 -100.00 1.335E+03

   5.014 29.575  2.21    2.77    4.43    2.11    0.00    6.55  0.807
   1.694  0.355  4.90    0.00 -100.00    0.00    0.00 -100.00 1.107E+03

   5.014 30.436  2.34    2.68    3.71    2.05    0.00    5.76  0.816
   1.694  0.376  4.77    0.00 -100.00    0.00    0.00 -100.00 9.187E+02

   5.014 31.276  2.47    2.60    3.04    2.00    0.00    5.04  0.826
   1.694  0.396  4.64    0.00 -100.00    0.00    0.00 -100.00 7.632E+02

   5.014 32.096  2.60    2.54    2.40    1.96    0.00    4.36  0.835
   1.694  0.417  4.51    0.00 -100.00    0.00    0.00 -100.00 6.346E+02

   5.014 32.898  2.72    2.49    1.79    1.92    0.00    3.71  0.842
   1.694  0.437  4.39    0.00 -100.00    0.00    0.00 -100.00 5.280E+02

   5.014 33.683  2.85    2.44    1.19    1.91    0.00    3.10  0.854
   1.694  0.458  4.26    0.00 -100.00    0.00    0.00 -100.00 4.396E+02

   5.014 34.452  2.98    2.39    0.62    1.90    0.00    2.52  0.868
   1.694  0.478  4.13    0.00 -100.00    0.00    0.00 -100.00 3.661E+02

   5.014 35.206  3.11    2.38    0.05    1.91    0.00    1.96  0.885
   1.694  0.499  4.00    0.00 -100.00    0.00    0.00 -100.00 3.049E+02

   5.014 35.946  3.23    2.36   -0.51    1.93    0.00    1.42  0.905
   1.694  0.519  3.88    0.00 -100.00    0.00    0.00 -100.00 2.538E+02

   5.014 36.674  3.36    2.35   -1.07    1.98    0.00    0.91  0.930
   1.694  0.540  3.75    0.00 -100.00    0.00    0.00 -100.00 2.111E+02

   5.014 21.289  1.09    5.24   14.68    3.95    0.04   18.66  0.702
   1.599  0.171  6.19    0.00 -100.00    0.00    0.00 -100.00 6.022E+03

   5.014 22.547  1.23    4.80   13.29    3.63    0.02   16.94  0.716
   1.599  0.191  6.06    0.00 -100.00    0.00    0.00 -100.00 4.729E+03

   5.014 23.741  1.36    4.43   11.99    3.37    0.01   15.36  0.729
   1.599  0.212  5.93    0.00 -100.00    0.00    0.00 -100.00 3.768E+03

   5.014 24.882  1.49    4.12   10.78    3.13    0.00   13.92  0.740
   1.599  0.232  5.80    0.00 -100.00    0.00    0.00 -100.00 3.036E+03

   5.014 25.975  1.62    3.85    9.64    2.94    0.00   12.58  0.751
   1.599  0.253  5.67    0.00 -100.00    0.00    0.00 -100.00 2.468E+03

   5.014 27.027  1.75    3.63    8.58    2.76    0.00   11.34  0.761
   1.599  0.273  5.54    0.00 -100.00    0.00    0.00 -100.00 2.020E+03

   5.014 28.042  1.88    3.43    7.59    2.62    0.00   10.21  0.771
   1.599  0.294  5.41    0.00 -100.00    0.00    0.00 -100.00 1.661E+03

   5.014 29.025  2.01    3.27    6.67    2.50    0.00    9.17  0.781
   1.599  0.314  5.27    0.00 -100.00    0.00    0.00 -100.00 1.370E+03

   5.014 29.978  2.15    3.13    5.81    2.40    0.00    8.21  0.792
   1.599  0.335  5.14    0.00 -100.00    0.00    0.00 -100.00 1.133E+03

   5.014 30.905  2.28    3.02    5.01    2.31    0.00    7.33  0.802
   1.599  0.355  5.01    0.00 -100.00    0.00    0.00 -100.00 9.393E+02

   5.014 31.807  2.41    2.92    4.28    2.25    0.00    6.52  0.812
   1.599  0.376  4.88    0.00 -100.00    0.00    0.00 -100.00 7.793E+02

   5.014 32.687  2.54    2.84    3.58    2.19    0.00    5.77  0.822
   1.599  0.396  4.75    0.00 -100.00    0.00    0.00 -100.00 6.472E+02

   5.014 33.546  2.67    2.76    2.93    2.14    0.00    5.07  0.831
   1.599  0.417  4.62    0.00 -100.00    0.00    0.00 -100.00 5.380E+02

   5.014 34.386  2.80    2.70    2.31    2.11    0.00    4.41  0.841
   1.599  0.437  4.49    0.00 -100.00    0.00    0.00 -100.00 4.475E+02

   5.014 35.209  2.93    2.65    1.71    2.08    0.00    3.79  0.852
   1.599  0.458  4.36    0.00 -100.00    0.00    0.00 -100.00 3.724E+02

   5.014 36.015  3.06    2.61    1.12    2.07    0.00    3.19  0.864
   1.599  0.478  4.22    0.00 -100.00    0.00    0.00 -100.00 3.100E+02

   5.014 36.806  3.20    2.58    0.55    2.07    0.00    2.62  0.879
   1.599  0.499  4.09    0.00 -100.00    0.00    0.00 -100.00 2.580E+02

   5.014 37.582  3.33    2.55   -0.02    2.09    0.00    2.07  0.897
   1.599  0.519  3.96    0.00 -100.00    0.00    0.00 -100.00 2.146E+02

   5.014 38.345  3.46    2.54   -0.57    2.12    0.00    1.55  0.919
   1.599  0.540  3.83    0.00 -100.00    0.00    0.00 -100.00 1.783E+02

   5.014 22.213  1.12    5.69   15.55    4.31    0.04   19.90  0.695
   1.509  0.171  6.33    0.00 -100.00    0.00    0.00 -100.00 5.152E+03

   5.014 23.527  1.26    5.22   14.12    3.97    0.02   18.11  0.709
   1.509  0.191  6.20    0.00 -100.00    0.00    0.00 -100.00 4.046E+03

   5.014 24.775  1.39    4.82   12.79    3.68    0.01   16.48  0.722
   1.509  0.212  6.06    0.00 -100.00    0.00    0.00 -100.00 3.224E+03

   5.014 25.966  1.53    4.49   11.54    3.43    0.00   14.98  0.734
   1.509  0.232  5.93    0.00 -100.00    0.00    0.00 -100.00 2.598E+03

   5.014 27.109  1.66    4.20   10.37    3.22    0.00   13.59  0.745
   1.509  0.253  5.80    0.00 -100.00    0.00    0.00 -100.00 2.112E+03

   5.014 28.209  1.80    3.96    9.28    3.03    0.00   12.31  0.756
   1.509  0.273  5.66    0.00 -100.00    0.00    0.00 -100.00 1.729E+03

   5.014 29.271  1.93    3.75    8.26    2.88    0.00   11.13  0.766
   1.509  0.294  5.53    0.00 -100.00    0.00    0.00 -100.00 1.421E+03

   5.014 30.298  2.07    3.58    7.31    2.74    0.00   10.05  0.776
   1.509  0.314  5.39    0.00 -100.00    0.00    0.00 -100.00 1.173E+03

   5.014 31.295  2.20    3.43    6.43    2.64    0.00    9.07  0.787
   1.509  0.335  5.26    0.00 -100.00    0.00    0.00 -100.00 9.699E+02

   5.014 32.265  2.34    3.30    5.61    2.55    0.00    8.16  0.798
   1.509  0.355  5.12    0.00 -100.00    0.00    0.00 -100.00 8.036E+02

   5.014 33.209  2.47    3.19    4.85    2.47    0.00    7.32  0.808
   1.509  0.376  4.99    0.00 -100.00    0.00    0.00 -100.00 6.667E+02

   5.014 34.130  2.61    3.10    4.14    2.41    0.00    6.55  0.818
   1.509  0.396  4.85    0.00 -100.00    0.00    0.00 -100.00 5.535E+02

   5.014 35.029  2.74    3.02    3.47    2.35    0.00    5.83  0.828
   1.509  0.417  4.72    0.00 -100.00    0.00    0.00 -100.00 4.600E+02

   5.014 35.909  2.88    2.95    2.84    2.31    0.00    5.15  0.839
   1.509  0.437  4.58    0.00 -100.00    0.00    0.00 -100.00 3.825E+02

   5.014 36.771  3.01    2.89    2.22    2.29    0.00    4.51  0.851
   1.509  0.458  4.45    0.00 -100.00    0.00    0.00 -100.00 3.182E+02

   5.014 37.615  3.15    2.84    1.63    2.27    0.00    3.90  0.862
   1.509  0.478  4.31    0.00 -100.00    0.00    0.00 -100.00 2.647E+02

   5.014 38.444  3.28    2.81    1.05    2.26    0.00    3.32  0.876
   1.509  0.499  4.18    0.00 -100.00    0.00    0.00 -100.00 2.202E+02

   5.014 39.258  3.42    2.77    0.48    2.27    0.00    2.75  0.892
   1.509  0.519  4.04    0.00 -100.00    0.00    0.00 -100.00 1.831E+02

   5.014 40.058  3.55    2.75   -0.08    2.30    0.00    2.22  0.911
   1.509  0.540  3.91    0.00 -100.00    0.00    0.00 -100.00 1.521E+02

   5.014 21.756  1.01    6.85   18.12    5.17    0.11   23.39  0.673
   1.419  0.150  6.61    0.00 -100.00    0.00    0.00 -100.00 5.700E+03

   5.014 23.212  1.15    6.23   16.52    4.73    0.05   21.29  0.688
   1.419  0.171  6.47    0.00 -100.00    0.00    0.00 -100.00 4.399E+03

   5.014 24.587  1.29    5.72   15.05    4.36    0.02   19.43  0.702
   1.419  0.191  6.34    0.00 -100.00    0.00    0.00 -100.00 3.456E+03

   5.014 25.893  1.43    5.29   13.67    4.05    0.01   17.73  0.715
   1.419  0.212  6.20    0.00 -100.00    0.00    0.00 -100.00 2.755E+03

   5.014 27.140  1.57    4.93   12.38    3.79    0.00   16.17  0.727
   1.419  0.232  6.06    0.00 -100.00    0.00    0.00 -100.00 2.221E+03

   5.014 28.337  1.71    4.62   11.18    3.56    0.00   14.74  0.738
   1.419  0.253  5.92    0.00 -100.00    0.00    0.00 -100.00 1.806E+03

   5.014 29.488  1.84    4.35   10.05    3.36    0.00   13.40  0.749
   1.419  0.273  5.78    0.00 -100.00    0.00    0.00 -100.00 1.478E+03

   5.014 30.601  1.98    4.13    9.00    3.19    0.00   12.18  0.760
   1.419  0.294  5.64    0.00 -100.00    0.00    0.00 -100.00 1.215E+03

   5.014 31.677  2.12    3.94    8.02    3.04    0.00   11.06  0.771
   1.419  0.314  5.51    0.00 -100.00    0.00    0.00 -100.00 1.002E+03

   5.014 32.722  2.26    3.77    7.11    2.93    0.00   10.03  0.782
   1.419  0.335  5.37    0.00 -100.00    0.00    0.00 -100.00 8.291E+02

   5.014 33.739  2.40    3.63    6.26    2.83    0.00    9.09  0.793
   1.419  0.355  5.23    0.00 -100.00    0.00    0.00 -100.00 6.869E+02

   5.014 34.729  2.53    3.52    5.48    2.74    0.00    8.22  0.804
   1.419  0.376  5.09    0.00 -100.00    0.00    0.00 -100.00 5.698E+02

   5.014 35.694  2.67    3.41    4.75    2.67    0.00    7.42  0.814
   1.419  0.396  4.95    0.00 -100.00    0.00    0.00 -100.00 4.730E+02

   5.014 36.638  2.81    3.32    4.07    2.62    0.00    6.68  0.824
   1.419  0.417  4.82    0.00 -100.00    0.00    0.00 -100.00 3.930E+02

   5.014 37.561  2.95    3.25    3.41    2.57    0.00    5.98  0.835
   1.419  0.437  4.68    0.00 -100.00    0.00    0.00 -100.00 3.267E+02

   5.014 38.465  3.09    3.18    2.79    2.54    0.00    5.33  0.849
   1.419  0.458  4.54    0.00 -100.00    0.00    0.00 -100.00 2.717E+02

   5.014 39.352  3.23    3.13    2.18    2.52    0.00    4.70  0.861
   1.419  0.478  4.40    0.00 -100.00    0.00    0.00 -100.00 2.259E+02

   5.014 40.222  3.36    3.08    1.59    2.51    0.00    4.10  0.874
   1.419  0.499  4.26    0.00 -100.00    0.00    0.00 -100.00 1.879E+02

   5.014 41.077  3.50    3.04    1.01    2.51    0.00    3.53  0.888
   1.419  0.519  4.12    0.00 -100.00    0.00    0.00 -100.00 1.561E+02

   5.014 41.917  3.64    3.02    0.45    2.53    0.00    2.98  0.905
   1.419  0.540  3.99    0.00 -100.00    0.00    0.00 -100.00 1.296E+02

   5.014 22.715  1.04    7.49   19.17    5.67    0.12   24.96  0.666
   1.334  0.150  6.75    0.00 -100.00    0.00    0.00 -100.00 4.897E+03

   5.014 24.237  1.18    6.82   17.52    5.20    0.05   22.78  0.681
   1.334  0.171  6.61    0.00 -100.00    0.00    0.00 -100.00 3.781E+03

   5.014 25.674  1.32    6.27   16.01    4.81    0.02   20.84  0.695
   1.334  0.191  6.47    0.00 -100.00    0.00    0.00 -100.00 2.972E+03

   5.014 27.040  1.46    5.81   14.59    4.48    0.01   19.08  0.707
   1.334  0.212  6.32    0.00 -100.00    0.00    0.00 -100.00 2.370E+03

   5.014 28.345  1.60    5.42   13.26    4.19    0.00   17.45  0.720
   1.334  0.232  6.18    0.00 -100.00    0.00    0.00 -100.00 1.911E+03

   5.014 29.597  1.75    5.08   12.02    3.94    0.00   15.96  0.731
   1.334  0.253  6.04    0.00 -100.00    0.00    0.00 -100.00 1.554E+03

   5.014 30.802  1.89    4.80   10.85    3.73    0.00   14.58  0.743
   1.334  0.273  5.90    0.00 -100.00    0.00    0.00 -100.00 1.272E+03

   5.014 31.966  2.03    4.55    9.77    3.54    0.00   13.31  0.754
   1.334  0.294  5.76    0.00 -100.00    0.00    0.00 -100.00 1.046E+03

   5.014 33.094  2.17    4.35    8.76    3.39    0.00   12.15  0.765
   1.334  0.314  5.62    0.00 -100.00    0.00    0.00 -100.00 8.632E+02

   5.014 34.188  2.31    4.17    7.82    3.26    0.00   11.08  0.777
   1.334  0.335  5.47    0.00 -100.00    0.00    0.00 -100.00 7.140E+02

   5.014 35.253  2.45    4.02    6.95    3.15    0.00   10.10  0.788
   1.334  0.355  5.33    0.00 -100.00    0.00    0.00 -100.00 5.915E+02

   5.014 36.290  2.59    3.88    6.14    3.06    0.00    9.20  0.799
   1.334  0.376  5.19    0.00 -100.00    0.00    0.00 -100.00 4.906E+02

   5.014 37.303  2.74    3.77    5.39    2.98    0.00    8.37  0.810
   1.334  0.396  5.05    0.00 -100.00    0.00    0.00 -100.00 4.073E+02

   5.014 38.292  2.88    3.67    4.69    2.92    0.00    7.61  0.821
   1.334  0.417  4.91    0.00 -100.00    0.00    0.00 -100.00 3.383E+02

   5.014 39.260  3.02    3.59    4.01    2.87    0.00    6.88  0.831
   1.334  0.437  4.77    0.00 -100.00    0.00    0.00 -100.00 2.811E+02

   5.014 40.208  3.16    3.51    3.37    2.84    0.00    6.21  0.845
   1.334  0.458  4.63    0.00 -100.00    0.00    0.00 -100.00 2.338E+02

   5.014 41.139  3.30    3.45    2.75    2.82    0.00    5.57  0.860
   1.334  0.478  4.48    0.00 -100.00    0.00    0.00 -100.00 1.943E+02

   5.014 42.052  3.44    3.40    2.15    2.81    0.00    4.95  0.873
   1.334  0.499  4.34    0.00 -100.00    0.00    0.00 -100.00 1.615E+02

   5.014 42.950  3.59    3.35    1.56    2.80    0.00    4.36  0.887
   1.334  0.519  4.20    0.00 -100.00    0.00    0.00 -100.00 1.342E+02

   5.014 43.832  3.73    3.32    0.99    2.81    0.00    3.80  0.902
   1.334  0.540  4.06    0.00 -100.00    0.00    0.00 -100.00 1.113E+02

   5.014 23.695  1.06    8.18   20.25    6.24    0.13   26.62  0.659
   1.254  0.150  6.88    0.00 -100.00    0.00    0.00 -100.00 4.235E+03

   5.014 25.285  1.20    7.47   18.56    5.73    0.06   24.35  0.674
   1.254  0.171  6.73    0.00 -100.00    0.00    0.00 -100.00 3.272E+03

   5.014 26.787  1.35    6.88   17.01    5.31    0.03   22.34  0.687
   1.254  0.191  6.59    0.00 -100.00    0.00    0.00 -100.00 2.573E+03

   5.014 28.214  1.49    6.38   15.55    4.95    0.01   20.51  0.700
   1.254  0.212  6.44    0.00 -100.00    0.00    0.00 -100.00 2.052E+03

   5.014 29.578  1.64    5.96   14.18    4.64    0.01   18.82  0.713
   1.254  0.232  6.30    0.00 -100.00    0.00    0.00 -100.00 1.655E+03

   5.014 30.887  1.78    5.60   12.90    4.37    0.00   17.27  0.725
   1.254  0.253  6.15    0.00 -100.00    0.00    0.00 -100.00 1.347E+03

   5.014 32.147  1.93    5.29   11.70    4.14    0.00   15.84  0.736
   1.254  0.273  6.01    0.00 -100.00    0.00    0.00 -100.00 1.103E+03

   5.014 33.366  2.07    5.02   10.58    3.94    0.00   14.52  0.748
   1.254  0.294  5.86    0.00 -100.00    0.00    0.00 -100.00 9.070E+02

   5.014 34.545  2.22    4.80    9.54    3.78    0.00   13.31  0.759
   1.254  0.314  5.72    0.00 -100.00    0.00    0.00 -100.00 7.485E+02

   5.014 35.691  2.36    4.60    8.56    3.64    0.00   12.20  0.771
   1.254  0.335  5.57    0.00 -100.00    0.00    0.00 -100.00 6.191E+02

   5.014 36.806  2.51    4.44    7.67    3.52    0.00   11.19  0.783
   1.254  0.355  5.43    0.00 -100.00    0.00    0.00 -100.00 5.129E+02

   5.014 37.892  2.65    4.30    6.83    3.42    0.00   10.25  0.794
   1.254  0.376  5.29    0.00 -100.00    0.00    0.00 -100.00 4.255E+02

   5.014 38.952  2.80    4.17    6.05    3.34    0.00    9.40  0.805
   1.254  0.396  5.14    0.00 -100.00    0.00    0.00 -100.00 3.532E+02

   5.014 39.989  2.94    4.07    5.33    3.27    0.00    8.60  0.816
   1.254  0.417  5.00    0.00 -100.00    0.00    0.00 -100.00 2.933E+02

   5.014 41.004  3.09    3.97    4.64    3.22    0.00    7.86  0.828
   1.254  0.437  4.85    0.00 -100.00    0.00    0.00 -100.00 2.437E+02

   5.014 41.999  3.23    3.89    3.97    3.18    0.00    7.15  0.841
   1.254  0.458  4.71    0.00 -100.00    0.00    0.00 -100.00 2.026E+02

   5.014 42.974  3.37    3.82    3.34    3.16    0.00    6.50  0.856
   1.254  0.478  4.56    0.00 -100.00    0.00    0.00 -100.00 1.684E+02

   5.014 43.933  3.52    3.76    2.72    3.15    0.00    5.88  0.873
   1.254  0.499  4.42    0.00 -100.00    0.00    0.00 -100.00 1.399E+02

   5.014 44.875  3.66    3.70    2.12    3.15    0.00    5.27  0.887
   1.254  0.519  4.27    0.00 -100.00    0.00    0.00 -100.00 1.162E+02

   5.014 45.801  3.81    3.66    1.54    3.15    0.00    4.69  0.902
   1.254  0.540  4.13    0.00 -100.00    0.00    0.00 -100.00 9.633E+01

   5.014 24.695  1.08    8.94   21.34    6.85    0.15   28.34  0.653
   1.179  0.150  7.00    0.00 -100.00    0.00    0.00 -100.00 3.686E+03

   5.014 26.354  1.23    8.17   19.64    6.31    0.06   26.02  0.667
   1.179  0.171  6.85    0.00 -100.00    0.00    0.00 -100.00 2.849E+03

   5.014 27.922  1.38    7.54   18.04    5.86    0.03   23.93  0.680
   1.179  0.191  6.70    0.00 -100.00    0.00    0.00 -100.00 2.241E+03

   5.014 29.412  1.52    7.01   16.55    5.47    0.01   22.03  0.693
   1.179  0.212  6.55    0.00 -100.00    0.00    0.00 -100.00 1.789E+03

   5.014 30.837  1.67    6.55   15.14    5.14    0.01   20.29  0.706
   1.179  0.232  6.41    0.00 -100.00    0.00    0.00 -100.00 1.443E+03

   5.014 32.204  1.82    6.16   13.82    4.85    0.00   18.67  0.718
   1.179  0.253  6.26    0.00 -100.00    0.00    0.00 -100.00 1.175E+03

   5.014 33.522  1.97    5.83   12.58    4.61    0.00   17.19  0.729
   1.179  0.273  6.11    0.00 -100.00    0.00    0.00 -100.00 9.622E+02

   5.014 34.795  2.11    5.55   11.43    4.39    0.00   15.82  0.741
   1.179  0.294  5.96    0.00 -100.00    0.00    0.00 -100.00 7.917E+02

   5.014 36.029  2.26    5.30   10.36    4.22    0.00   14.57  0.753
   1.179  0.314  5.82    0.00 -100.00    0.00    0.00 -100.00 6.534E+02

   5.014 37.227  2.41    5.09    9.36    4.07    0.00   13.42  0.765
   1.179  0.335  5.67    0.00 -100.00    0.00    0.00 -100.00 5.406E+02

   5.014 38.394  2.56    4.91    8.42    3.94    0.00   12.37  0.777
   1.179  0.355  5.52    0.00 -100.00    0.00    0.00 -100.00 4.479E+02

   5.014 39.531  2.70    4.76    7.56    3.84    0.00   11.40  0.789
   1.179  0.376  5.37    0.00 -100.00    0.00    0.00 -100.00 3.715E+02

   5.014 40.641  2.85    4.62    6.76    3.75    0.00   10.51  0.800
   1.179  0.396  5.23    0.00 -100.00    0.00    0.00 -100.00 3.084E+02

   5.014 41.727  3.00    4.50    6.01    3.68    0.00    9.68  0.812
   1.179  0.417  5.08    0.00 -100.00    0.00    0.00 -100.00 2.561E+02

   5.014 42.790  3.15    4.40    5.30    3.62    0.00    8.91  0.824
   1.179  0.437  4.93    0.00 -100.00    0.00    0.00 -100.00 2.128E+02

   5.014 43.832  3.29    4.31    4.61    3.58    0.00    8.19  0.838
   1.179  0.458  4.78    0.00 -100.00    0.00    0.00 -100.00 1.769E+02

   5.014 44.855  3.44    4.23    3.95    3.55    0.00    7.51  0.852
   1.179  0.478  4.64    0.00 -100.00    0.00    0.00 -100.00 1.470E+02

   5.014 45.860  3.59    4.17    3.32    3.54    0.00    6.86  0.869
   1.179  0.499  4.49    0.00 -100.00    0.00    0.00 -100.00 1.221E+02

   5.014 46.848  3.74    4.10    2.71    3.55    0.00    6.26  0.887
   1.179  0.519  4.34    0.00 -100.00    0.00    0.00 -100.00 1.013E+02

   5.014 47.820  3.88    4.06    2.12    3.56    0.00    5.67  0.903
   1.179  0.540  4.19    0.00 -100.00    0.00    0.00 -100.00 8.399E+01

   5.014 25.711  1.10    9.76   22.43    7.53    0.16   30.12  0.646
   1.109  0.150  7.11    0.00 -100.00    0.00    0.00 -100.00 3.229E+03

   5.014 27.441  1.25    8.94   20.75    6.95    0.07   27.77  0.660
   1.109  0.171  6.96    0.00 -100.00    0.00    0.00 -100.00 2.497E+03

   5.014 29.075  1.40    8.26   19.12    6.46    0.03   25.61  0.673
   1.109  0.191  6.81    0.00 -100.00    0.00    0.00 -100.00 1.966E+03

   5.014 30.630  1.55    7.69   17.58    6.05    0.01   23.65  0.686
   1.109  0.212  6.66    0.00 -100.00    0.00    0.00 -100.00 1.569E+03

   5.014 32.117  1.70    7.21   16.14    5.70    0.01   21.84  0.699
   1.109  0.232  6.51    0.00 -100.00    0.00    0.00 -100.00 1.267E+03

   5.014 33.544  1.85    6.79   14.78    5.39    0.00   20.17  0.711
   1.109  0.253  6.36    0.00 -100.00    0.00    0.00 -100.00 1.032E+03

   5.014 34.920  2.00    6.43   13.50    5.12    0.00   18.63  0.723
   1.109  0.273  6.21    0.00 -100.00    0.00    0.00 -100.00 8.452E+02

   5.014 36.250  2.15    6.12   12.31    4.90    0.00   17.21  0.734
   1.109  0.294  6.06    0.00 -100.00    0.00    0.00 -100.00 6.956E+02

   5.014 37.539  2.30    5.86   11.21    4.71    0.00   15.91  0.746
   1.109  0.314  5.91    0.00 -100.00    0.00    0.00 -100.00 5.743E+02

   5.014 38.792  2.45    5.63   10.18    4.55    0.00   14.73  0.759
   1.109  0.335  5.76    0.00 -100.00    0.00    0.00 -100.00 4.752E+02

   5.014 40.011  2.60    5.44    9.22    4.41    0.00   13.63  0.771
   1.109  0.355  5.61    0.00 -100.00    0.00    0.00 -100.00 3.938E+02

   5.014 41.200  2.75    5.27    8.33    4.30    0.00   12.63  0.783
   1.109  0.376  5.45    0.00 -100.00    0.00    0.00 -100.00 3.266E+02

   5.014 42.362  2.90    5.12    7.50    4.21    0.00   11.71  0.795
   1.109  0.396  5.30    0.00 -100.00    0.00    0.00 -100.00 2.712E+02

   5.014 43.498  3.05    4.99    6.72    4.13    0.00   10.85  0.807
   1.109  0.417  5.15    0.00 -100.00    0.00    0.00 -100.00 2.252E+02

   5.014 44.611  3.20    4.88    5.99    4.07    0.00   10.06  0.819
   1.109  0.437  5.00    0.00 -100.00    0.00    0.00 -100.00 1.871E+02

   5.014 45.703  3.35    4.78    5.28    4.03    0.00    9.31  0.833
   1.109  0.458  4.85    0.00 -100.00    0.00    0.00 -100.00 1.555E+02

   5.014 46.775  3.50    4.70    4.60    4.00    0.00    8.60  0.848
   1.109  0.478  4.70    0.00 -100.00    0.00    0.00 -100.00 1.292E+02

   5.014 47.828  3.65    4.62    3.95    3.99    0.00    7.94  0.865
   1.109  0.499  4.55    0.00 -100.00    0.00    0.00 -100.00 1.073E+02

   5.014 48.863  3.81    4.56    3.32    4.00    0.00    7.32  0.883
   1.109  0.519  4.40    0.00 -100.00    0.00    0.00 -100.00 8.902E+01

   5.014 49.883  3.96    4.51    2.71    4.02    0.00    6.73  0.903
   1.109  0.540  4.25    0.00 -100.00    0.00    0.00 -100.00 7.376E+01

   5.014 26.819  1.12   10.71   23.59    8.32    0.18   32.09  0.639
   1.039  0.150  7.22    0.00 -100.00    0.00    0.00 -100.00 2.820E+03

   5.014 28.627  1.27    9.83   21.98    7.69    0.08   29.75  0.653
   1.039  0.171  7.07    0.00 -100.00    0.00    0.00 -100.00 2.182E+03

   5.014 30.336  1.43    9.11   20.30    7.17    0.03   27.51  0.666
   1.039  0.191  6.91    0.00 -100.00    0.00    0.00 -100.00 1.719E+03

   5.014 31.962  1.58    8.49   18.73    6.73    0.02   25.47  0.679
   1.039  0.212  6.76    0.00 -100.00    0.00    0.00 -100.00 1.373E+03

   5.014 33.516  1.73    7.97   17.25    6.35    0.01   23.60  0.691
   1.039  0.232  6.61    0.00 -100.00    0.00    0.00 -100.00 1.109E+03

   5.014 35.010  1.89    7.52   15.85    6.02    0.00   21.87  0.703
   1.039  0.253  6.45    0.00 -100.00    0.00    0.00 -100.00 9.033E+02

   5.014 36.450  2.04    7.13   14.54    5.74    0.00   20.28  0.715
   1.039  0.273  6.30    0.00 -100.00    0.00    0.00 -100.00 7.403E+02

   5.014 37.843  2.19    6.80   13.31    5.50    0.00   18.81  0.727
   1.039  0.294  6.15    0.00 -100.00    0.00    0.00 -100.00 6.095E+02

   5.014 39.193  2.34    6.52   12.17    5.29    0.00   17.47  0.739
   1.039  0.314  6.00    0.00 -100.00    0.00    0.00 -100.00 5.033E+02

   5.014 40.505  2.50    6.27   11.11    5.13    0.00   16.24  0.752
   1.039  0.335  5.84    0.00 -100.00    0.00    0.00 -100.00 4.166E+02

   5.014 41.783  2.65    6.06   10.13    4.99    0.00   15.11  0.764
   1.039  0.355  5.69    0.00 -100.00    0.00    0.00 -100.00 3.452E+02

   5.014 43.030  2.80    5.88    9.20    4.87    0.00   14.07  0.777
   1.039  0.376  5.54    0.00 -100.00    0.00    0.00 -100.00 2.864E+02

   5.014 44.249  2.96    5.72    8.34    4.77    0.00   13.11  0.789
   1.039  0.396  5.38    0.00 -100.00    0.00    0.00 -100.00 2.378E+02

   5.014 45.441  3.11    5.58    7.53    4.69    0.00   12.22  0.802
   1.039  0.417  5.23    0.00 -100.00    0.00    0.00 -100.00 1.975E+02

   5.014 46.610  3.26    5.46    6.77    4.63    0.00   11.40  0.814
   1.039  0.437  5.08    0.00 -100.00    0.00    0.00 -100.00 1.641E+02

   5.014 47.756  3.41    5.35    6.04    4.58    0.00   10.63  0.829
   1.039  0.458  4.93    0.00 -100.00    0.00    0.00 -100.00 1.363E+02

   5.014 48.882  3.57    5.26    5.35    4.56    0.00    9.91  0.844
   1.039  0.478  4.77    0.00 -100.00    0.00    0.00 -100.00 1.133E+02

   5.014 49.989  3.72    5.18    4.67    4.55    0.00    9.21  0.860
   1.039  0.499  4.62    0.00 -100.00    0.00    0.00 -100.00 9.403E+01

   5.014 51.078  3.87    5.10    4.01    4.56    0.00    8.57  0.879
   1.039  0.519  4.47    0.00 -100.00    0.00    0.00 -100.00 7.800E+01

   5.014 52.151  4.03    5.04    3.39    4.59    0.00    7.97  0.899
   1.039  0.540  4.31    0.00 -100.00    0.00    0.00 -100.00 6.461E+01

   5.014 27.947  1.14   11.73   24.75    9.17    0.20   34.12  0.633
   0.974  0.150  7.32    0.00 -100.00    0.00    0.00 -100.00 2.478E+03

   5.014 29.834  1.29   10.79   23.21    8.51    0.09   31.80  0.646
   0.974  0.171  7.17    0.00 -100.00    0.00    0.00 -100.00 1.919E+03

   5.014 31.619  1.45   10.02   21.52    7.95    0.04   29.51  0.659
   0.974  0.191  7.01    0.00 -100.00    0.00    0.00 -100.00 1.512E+03

   5.014 33.317  1.61    9.36   19.91    7.48    0.02   27.41  0.672
   0.974  0.212  6.86    0.00 -100.00    0.00    0.00 -100.00 1.209E+03

   5.014 34.942  1.76    8.80   18.39    7.07    0.01   25.47  0.684
   0.974  0.232  6.70    0.00 -100.00    0.00    0.00 -100.00 9.768E+02

   5.014 36.504  1.92    8.32   16.96    6.72    0.00   23.69  0.696
   0.974  0.253  6.55    0.00 -100.00    0.00    0.00 -100.00 7.960E+02

   5.014 38.010  2.07    7.90   15.62    6.42    0.00   22.04  0.708
   0.974  0.273  6.39    0.00 -100.00    0.00    0.00 -100.00 6.526E+02

   5.014 39.467  2.23    7.55   14.36    6.17    0.00   20.53  0.720
   0.974  0.294  6.23    0.00 -100.00    0.00    0.00 -100.00 5.375E+02

   5.014 40.880  2.38    7.24   13.19    5.95    0.00   19.14  0.732
   0.974  0.314  6.08    0.00 -100.00    0.00    0.00 -100.00 4.440E+02

   5.014 42.254  2.54    6.98   12.10    5.77    0.00   17.87  0.745
   0.974  0.335  5.92    0.00 -100.00    0.00    0.00 -100.00 3.675E+02

   5.014 43.593  2.69    6.76   11.08    5.63    0.00   16.70  0.757
   0.974  0.355  5.77    0.00 -100.00    0.00    0.00 -100.00 3.046E+02

   5.014 44.899  2.85    6.56   10.13    5.51    0.00   15.64  0.770
   0.974  0.376  5.61    0.00 -100.00    0.00    0.00 -100.00 2.528E+02

   5.014 46.177  3.00    6.39    9.24    5.41    0.00   14.64  0.783
   0.974  0.396  5.46    0.00 -100.00    0.00    0.00 -100.00 2.099E+02

   5.014 47.427  3.16    6.24    8.40    5.33    0.00   13.73  0.796
   0.974  0.417  5.30    0.00 -100.00    0.00    0.00 -100.00 1.743E+02

   5.014 48.653  3.31    6.11    7.61    5.26    0.00   12.87  0.809
   0.974  0.437  5.15    0.00 -100.00    0.00    0.00 -100.00 1.448E+02

   5.014 49.857  3.47    5.99    6.85    5.22    0.00   12.07  0.823
   0.974  0.458  4.99    0.00 -100.00    0.00    0.00 -100.00 1.203E+02

   5.014 51.039  3.63    5.89    6.13    5.20    0.00   11.32  0.839
   0.974  0.478  4.84    0.00 -100.00    0.00    0.00 -100.00 9.995E+01

   5.014 52.202  3.78    5.80    5.44    5.19    0.00   10.63  0.856
   0.974  0.499  4.68    0.00 -100.00    0.00    0.00 -100.00 8.298E+01

   5.014 53.347  3.94    5.72    4.75    5.20    0.00    9.95  0.874
   0.974  0.519  4.53    0.00 -100.00    0.00    0.00 -100.00 6.881E+01

   5.014 54.475  4.09    5.65    4.10    5.24    0.00    9.34  0.895
   0.974  0.540  4.37    0.00 -100.00    0.00    0.00 -100.00 5.698E+01

   5.014 28.989  1.15   12.71   25.79   10.00    0.22   36.01  0.626
   0.919  0.150  7.41    0.00 -100.00    0.00    0.00 -100.00 2.215E+03

   5.014 30.949  1.31   11.73   24.32    9.30    0.10   33.72  0.640
   0.919  0.171  7.25    0.00 -100.00    0.00    0.00 -100.00 1.716E+03

   5.014 32.804  1.47   10.91   22.66    8.71    0.04   31.42  0.653
   0.919  0.191  7.10    0.00 -100.00    0.00    0.00 -100.00 1.353E+03

   5.014 34.570  1.63   10.21   21.02    8.21    0.02   29.26  0.665
   0.919  0.212  6.94    0.00 -100.00    0.00    0.00 -100.00 1.082E+03

   5.014 36.260  1.78    9.62   19.47    7.79    0.01   27.26  0.677
   0.919  0.232  6.78    0.00 -100.00    0.00    0.00 -100.00 8.749E+02

   5.014 37.885  1.94    9.11   18.01    7.42    0.00   25.43  0.690
   0.919  0.253  6.62    0.00 -100.00    0.00    0.00 -100.00 7.132E+02

   5.014 39.452  2.10    8.67   16.64    7.10    0.00   23.74  0.702
   0.919  0.273  6.47    0.00 -100.00    0.00    0.00 -100.00 5.850E+02

   5.014 40.969  2.26    8.29   15.35    6.83    0.00   22.19  0.714
   0.919  0.294  6.31    0.00 -100.00    0.00    0.00 -100.00 4.819E+02

   5.014 42.442  2.41    7.97   14.15    6.61    0.00   20.76  0.726
   0.919  0.314  6.15    0.00 -100.00    0.00    0.00 -100.00 3.982E+02

   5.014 43.873  2.57    7.69   13.03    6.43    0.00   19.46  0.738
   0.919  0.335  5.99    0.00 -100.00    0.00    0.00 -100.00 3.297E+02

   5.014 45.269  2.73    7.45   11.99    6.28    0.00   18.27  0.751
   0.919  0.355  5.83    0.00 -100.00    0.00    0.00 -100.00 2.733E+02

   5.014 46.632  2.89    7.24   11.02    6.15    0.00   17.17  0.764
   0.919  0.376  5.68    0.00 -100.00    0.00    0.00 -100.00 2.268E+02

   5.014 47.965  3.04    7.06   10.10    6.05    0.00   16.16  0.777
   0.919  0.396  5.52    0.00 -100.00    0.00    0.00 -100.00 1.883E+02

   5.014 49.270  3.20    6.91    9.24    5.97    0.00   15.21  0.790
   0.919  0.417  5.36    0.00 -100.00    0.00    0.00 -100.00 1.564E+02

   5.014 50.550  3.36    6.77    8.42    5.91    0.00   14.34  0.804
   0.919  0.437  5.20    0.00 -100.00    0.00    0.00 -100.00 1.300E+02

   5.014 51.807  3.52    6.64    7.64    5.87    0.00   13.52  0.818
   0.919  0.458  5.05    0.00 -100.00    0.00    0.00 -100.00 1.080E+02

   5.014 53.043  3.68    6.53    6.89    5.85    0.00   12.74  0.834
   0.919  0.478  4.89    0.00 -100.00    0.00    0.00 -100.00 8.970E+01

   5.014 54.259  3.83    6.43    6.16    5.85    0.00   12.02  0.851
   0.919  0.499  4.73    0.00 -100.00    0.00    0.00 -100.00 7.446E+01

   5.014 55.457  3.99    6.35    5.46    5.87    0.00   11.34  0.870
   0.919  0.519  4.57    0.00 -100.00    0.00    0.00 -100.00 6.174E+01

   5.014 56.637  4.15    6.27    4.79    5.92    0.00   10.71  0.891
   0.919  0.540  4.42    0.00 -100.00    0.00    0.00 -100.00 5.111E+01

   5.014 30.123  1.17   13.83   26.90   10.96    0.25   38.10  0.620
   0.864  0.150  7.50    0.00 -100.00    0.00    0.00 -100.00 1.973E+03

   5.014 32.164  1.33   12.80   25.50   10.22    0.11   35.82  0.634
   0.864  0.171  7.34    0.00 -100.00    0.00    0.00 -100.00 1.530E+03

   5.014 34.096  1.49   11.93   23.90    9.60    0.05   33.54  0.646
   0.864  0.191  7.18    0.00 -100.00    0.00    0.00 -100.00 1.207E+03

   5.014 35.936  1.65   11.19   22.24    9.07    0.02   31.33  0.659
   0.864  0.212  7.02    0.00 -100.00    0.00    0.00 -100.00 9.658E+02

   5.014 37.698  1.81   10.56   20.66    8.61    0.01   29.29  0.671
   0.864  0.232  6.86    0.00 -100.00    0.00    0.00 -100.00 7.813E+02

   5.014 39.392  1.97   10.02   19.17    8.23    0.00   27.40  0.683
   0.864  0.253  6.70    0.00 -100.00    0.00    0.00 -100.00 6.372E+02

   5.014 41.028  2.13    9.55   17.77    7.90    0.00   25.67  0.695
   0.864  0.273  6.54    0.00 -100.00    0.00    0.00 -100.00 5.228E+02

   5.014 42.611  2.29    9.15   16.46    7.62    0.00   24.08  0.707
   0.864  0.294  6.38    0.00 -100.00    0.00    0.00 -100.00 4.308E+02

   5.014 44.148  2.45    8.81   15.24    7.39    0.00   22.62  0.719
   0.864  0.314  6.22    0.00 -100.00    0.00    0.00 -100.00 3.561E+02

   5.014 45.644  2.61    8.52   14.09    7.20    0.00   21.29  0.731
   0.864  0.335  6.06    0.00 -100.00    0.00    0.00 -100.00 2.949E+02

   5.014 47.102  2.77    8.27   13.03    7.04    0.00   20.07  0.744
   0.864  0.355  5.90    0.00 -100.00    0.00    0.00 -100.00 2.445E+02

   5.014 48.527  2.93    8.05   12.03    6.92    0.00   18.95  0.757
   0.864  0.376  5.74    0.00 -100.00    0.00    0.00 -100.00 2.030E+02

   5.014 49.921  3.09    7.86   11.09    6.82    0.00   17.91  0.770
   0.864  0.396  5.58    0.00 -100.00    0.00    0.00 -100.00 1.686E+02

   5.014 51.287  3.25    7.69   10.20    6.75    0.00   16.95  0.784
   0.864  0.417  5.42    0.00 -100.00    0.00    0.00 -100.00 1.400E+02

   5.014 52.628  3.41    7.54    9.36    6.69    0.00   16.05  0.797
   0.864  0.437  5.26    0.00 -100.00    0.00    0.00 -100.00 1.163E+02

   5.014 53.945  3.56    7.41    8.55    6.66    0.00   15.21  0.813
   0.864  0.458  5.10    0.00 -100.00    0.00    0.00 -100.00 9.665E+01

   5.014 55.240  3.72    7.30    7.77    6.65    0.00   14.42  0.829
   0.864  0.478  4.94    0.00 -100.00    0.00    0.00 -100.00 8.028E+01

   5.014 56.516  3.88    7.19    7.01    6.66    0.00   13.67  0.846
   0.864  0.499  4.78    0.00 -100.00    0.00    0.00 -100.00 6.663E+01

   5.014 57.772  4.04    7.10    6.29    6.69    0.00   12.98  0.865
   0.864  0.519  4.62    0.00 -100.00    0.00    0.00 -100.00 5.524E+01

   5.014 59.012  4.20    7.02    5.59    6.75    0.00   12.34  0.886
   0.864  0.540  4.46    0.00 -100.00    0.00    0.00 -100.00 4.572E+01

   5.014 31.605  1.19   15.35   28.31   12.26    0.28   40.85  0.613
   0.799  0.150  7.60    0.00 -100.00    0.00    0.00 -100.00 1.713E+03

   5.014 33.753  1.35   14.27   26.99   11.48    0.12   38.60  0.626
   0.799  0.171  7.44    0.00 -100.00    0.00    0.00 -100.00 1.329E+03

   5.014 35.786  1.51   13.34   25.51   10.82    0.05   36.38  0.638
   0.799  0.191  7.28    0.00 -100.00    0.00    0.00 -100.00 1.050E+03

   5.014 37.724  1.67   12.55   23.85   10.26    0.02   34.13  0.650
   0.799  0.212  7.12    0.00 -100.00    0.00    0.00 -100.00 8.406E+02

   5.014 39.581  1.84   11.87   22.24    9.78    0.01   32.03  0.662
   0.799  0.232  6.95    0.00 -100.00    0.00    0.00 -100.00 6.804E+02

   5.014 41.367  2.00   11.29   20.72    9.37    0.00   30.09  0.674
   0.799  0.253  6.79    0.00 -100.00    0.00    0.00 -100.00 5.552E+02

   5.014 43.092  2.16   10.79   19.29    9.02    0.00   28.31  0.686
   0.799  0.273  6.63    0.00 -100.00    0.00    0.00 -100.00 4.558E+02

   5.014 44.764  2.32   10.36   17.95    8.73    0.00   26.68  0.698
   0.799  0.294  6.47    0.00 -100.00    0.00    0.00 -100.00 3.757E+02

   5.014 46.387  2.49   10.00   16.70    8.49    0.00   25.19  0.710
   0.799  0.314  6.30    0.00 -100.00    0.00    0.00 -100.00 3.107E+02

   5.014 47.968  2.65    9.69   15.53    8.30    0.00   23.83  0.722
   0.799  0.335  6.14    0.00 -100.00    0.00    0.00 -100.00 2.574E+02

   5.014 49.511  2.81    9.42   14.43    8.15    0.00   22.58  0.735
   0.799  0.355  5.98    0.00 -100.00    0.00    0.00 -100.00 2.135E+02

   5.014 51.019  2.97    9.19   13.40    8.03    0.00   21.43  0.748
   0.799  0.376  5.82    0.00 -100.00    0.00    0.00 -100.00 1.772E+02

   5.014 52.495  3.13    8.99   12.44    7.94    0.00   20.38  0.761
   0.799  0.396  5.66    0.00 -100.00    0.00    0.00 -100.00 1.472E+02

   5.014 53.943  3.30    8.82   11.53    7.88    0.00   19.41  0.775
   0.799  0.417  5.49    0.00 -100.00    0.00    0.00 -100.00 1.223E+02

   5.014 55.364  3.46    8.67   10.66    7.84    0.00   18.49  0.789
   0.799  0.437  5.33    0.00 -100.00    0.00    0.00 -100.00 1.016E+02

   5.014 56.762  3.62    8.53    9.81    7.82    0.00   17.63  0.805
   0.799  0.458  5.17    0.00 -100.00    0.00    0.00 -100.00 8.441E+01

   5.014 58.137  3.78    8.41    8.99    7.82    0.00   16.82  0.821
   0.799  0.478  5.01    0.00 -100.00    0.00    0.00 -100.00 7.011E+01

   5.014 59.493  3.94    8.30    8.21    7.85    0.00   16.06  0.839
   0.799  0.499  4.85    0.00 -100.00    0.00    0.00 -100.00 5.818E+01

   5.014 60.830  4.11    8.20    7.44    7.91    0.00   15.35  0.858
   0.799  0.519  4.68    0.00 -100.00    0.00    0.00 -100.00 4.823E+01

   5.014 62.149  4.27    8.12    6.71    7.99    0.00   14.70  0.879
   0.799  0.540  4.52    0.00 -100.00    0.00    0.00 -100.00 3.991E+01

  0.000 0.000  0.000 .000  0.00  0.00  0.00  0.00  0.00  0.00 0.000
                           0.00  0.00  0.00  0.00  0.00  0.00 0.000E+00

